VERB	6588 74.9
VERB 5734 87.0	NOUN 509 7.7	ADJ 208 3.2	ADV 75 1.1	PRON 32 0.5	PROPN 21 0.3	NUM 5 0.1	SCONJ 2 0.0	PART 1 0.0	SYM 1 0.0
----------------------------------------
ADV	942 10.7
VERB 609 64.6	NOUN 175 18.6	ADJ 71 7.5	ADV 41 4.4	PROPN 27 2.9	PRON 16 1.7	NUM 3 0.3
----------------------------------------
ADJ	713 8.1
VERB 572 80.2	NOUN 67 9.4	ADJ 53 7.4	ADV 10 1.4	NUM 5 0.7	PRON 3 0.4	PROPN 3 0.4
----------------------------------------
NOUN	229 2.6
VERB 182 79.5	NOUN 21 9.2	ADJ 11 4.8	ADV 8 3.5	PROPN 3 1.3	PRON 3 1.3	SYM 1 0.4
----------------------------------------
PRON	213 2.4
VERB 205 96.2	NOUN 4 1.9	ADJ 2 0.9	PRON 1 0.5	PROPN 1 0.5
----------------------------------------
NUM	54 0.6
NOUN 25 46.3	VERB 12 22.2	PROPN 7 13.0	ADJ 6 11.1	ADV 2 3.7	NUM 1 1.9	X 1 1.9
----------------------------------------
DET	35 0.4
VERB 19 54.3	NOUN 13 37.1	PROPN 2 5.7	ADJ 1 2.9
----------------------------------------
PROPN	15 0.2
VERB 11 73.3	ADJ 2 13.3	PRON 1 6.7	ADV 1 6.7
----------------------------------------
PART	7 0.1
VERB 6 85.7	ADV 1 14.3
----------------------------------------
CCONJ	2 0.0
VERB 2 100.0
----------------------------------------
ADP	1 0.0
VERB 1 100.0
----------------------------------------

VERB_Voice	6588 100.0	3432 59.9
VERB_Act	4202 63.8
Other: 
VERB_Mid	1264 19.2
Other: 
NOUN_Act	322 4.9
Other: 
VERB_Pass	268 4.1
Other: 
ADJ_Act	143 2.2
Other: 
NOUN_Pass	106 1.6
Other: 
NOUN_Mid	81 1.2
Other: 
ADV_Act	49 0.7
Other: 
ADJ_Mid	47 0.7
Other: 
PRON_Act	28 0.4
Other: 
ADJ_Pass	18 0.3
Other: 
ADV_Mid	17 0.3
Other: 
PROPN_Act	13 0.2
Other: 
ADV_Pass	9 0.1
Other: 
PROPN_Mid	7 0.1
Other: 
NUM_Act	3 0.0
Other: 
SCONJ_Act	2 0.0
Other: 
PRON_Mid	2 0.0
Other: 
PRON_Pass	2 0.0
Other: 
NUM_Pass	2 0.0
Other: 
PART_Act	1 0.0
Other: 
SYM_Act	1 0.0
Other: 
PROPN_Pass	1 0.0
Other: 
----------------------------------------
VERB_Aspect	6587 100.0	3855 67.2
VERB_Imp	3181 48.3
Other: 
VERB_Perf	2552 38.7
Other: 
NOUN_Imp	359 5.5
Other: 
NOUN_Perf	150 2.3
Other: 
ADJ_Imp	128 1.9
Other: 
ADJ_Perf	80 1.2
Other: 
ADV_Imp	48 0.7
Other: 
ADV_Perf	27 0.4
Other: 
PRON_Imp	26 0.4
Other: 
PROPN_Imp	14 0.2
Other: 
PROPN_Perf	7 0.1
Other: 
PRON_Perf	6 0.1
Other: 
NUM_Imp	4 0.1
Other: 
SCONJ_Imp	2 0.0
Other: 
PART_Perf	1 0.0
Other: 
SYM_Perf	1 0.0
Other: 
NUM_Perf	1 0.0
Other: 
----------------------------------------
VERB_VerbForm	6587 100.0	2114 36.9
VERB_Fin	4691 71.2
Other: 
VERB_Inf	855 13.0
Other: 
NOUN_Fin	381 5.8
Other: 
VERB_Part	172 2.6
Other: 
ADJ_Fin	168 2.6
Other: 
NOUN_Inf	70 1.1
Other: 
ADV_Fin	57 0.9
Other: 
NOUN_Part	49 0.7
Other: 
ADJ_Inf	26 0.4
Other: 
PRON_Fin	24 0.4
Other: 
PROPN_Fin	19 0.3
Other: 
VERB_Conv	15 0.2
Other: 
ADJ_Part	13 0.2
Other: 
ADV_Inf	9 0.1
Other: 
NOUN_Conv	9 0.1
Other: 
ADV_Part	9 0.1
Other: 
PRON_Inf	8 0.1
Other: 
NUM_Fin	4 0.1
Other: 
PROPN_Inf	2 0.0
Other: 
ADJ_Conv	1 0.0
Other: 
SCONJ_Fin	1 0.0
Other: 
PART_Fin	1 0.0
Other: 
SCONJ_Inf	1 0.0
Other: 
SYM_Fin	1 0.0
Other: 
NUM_Part	1 0.0
Other: 
----------------------------------------
VERB_Number	5591 84.9	1910 66.7
VERB_Sing	3254 58.2
Other: 
VERB_Plur	1609 28.8
Other: 
NOUN_Sing	272 4.9
Other: 
NOUN_Plur	158 2.8
Other: 
ADJ_Sing	103 1.8
Other: 
ADJ_Plur	78 1.4
Other: 
ADV_Sing	48 0.9
Other: 
ADV_Plur	18 0.3
Other: 
PRON_Sing	16 0.3
Other: 
PROPN_Sing	13 0.2
Other: 
PRON_Plur	8 0.1
Other: 
PROPN_Plur	6 0.1
Other: 
NUM_Sing	4 0.1
Other: 
SCONJ_Plur	1 0.0
Other: 
PART_Sing	1 0.0
Other: 
NUM_Plur	1 0.0
Other: 
SYM_Plur	1 0.0
Other: 
----------------------------------------
VERB_Tense	5559 84.4	2826 65.1
VERB_Past	2708 48.7
Other: 
VERB_Pres	1655 29.8
Other: 
VERB_Fut	467 8.4
Other: 
NOUN_Past	217 3.9
Other: 
NOUN_Pres	199 3.6
Other: 
ADJ_Pres	87 1.6
Other: 
ADJ_Past	63 1.1
Other: 
ADV_Pres	34 0.6
Other: 
ADV_Past	28 0.5
Other: 
ADJ_Fut	25 0.4
Other: 
NOUN_Fut	22 0.4
Other: 
PRON_Pres	13 0.2
Other: 
PRON_Past	9 0.2
Other: 
PROPN_Past	8 0.1
Other: 
PROPN_Pres	8 0.1
Other: 
ADV_Fut	4 0.1
Other: 
NUM_Pres	3 0.1
Other: 
PROPN_Fut	3 0.1
Other: 
NUM_Past	2 0.0
Other: 
SCONJ_Pres	1 0.0
Other: 
PART_Fut	1 0.0
Other: 
SYM_Past	1 0.0
Other: 
PRON_Fut	1 0.0
Other: 
----------------------------------------
VERB_Mood	5347 81.2	1896 96.8
VERB_Ind	4643 86.8
Other: 
NOUN_Ind	380 7.1
Other: 
ADJ_Ind	161 3.0
Other: 
ADV_Ind	57 1.1
Other: 
VERB_Imp	48 0.9
Other: 
PRON_Ind	23 0.4
Other: 
PROPN_Ind	19 0.4
Other: 
ADJ_Imp	7 0.1
Other: 
NUM_Ind	4 0.1
Other: 
SCONJ_Ind	1 0.0
Other: 
PART_Ind	1 0.0
Other: 
NOUN_Imp	1 0.0
Other: 
PRON_Imp	1 0.0
Other: 
SYM_Ind	1 0.0
Other: 
----------------------------------------
VERB_Person	2539 38.5	754 84.2
VERB_3	1861 73.3
Other: 
NOUN_3	189 7.4
Other: 
VERB_1	173 6.8
Other: 
VERB_2	116 4.6
Other: 
ADJ_3	93 3.7
Other: 
ADV_3	31 1.2
Other: 
NOUN_1	14 0.6
Other: 
PRON_3	13 0.5
Other: 
ADJ_2	11 0.4
Other: 
ADJ_1	11 0.4
Other: 
PROPN_3	11 0.4
Other: 
ADV_1	6 0.2
Other: 
NOUN_2	3 0.1
Other: 
NUM_3	2 0.1
Other: 
SCONJ_1	1 0.0
Other: 
PART_3	1 0.0
Other: 
PRON_2	1 0.0
Other: 
NUM_1	1 0.0
Other: 
PRON_1	1 0.0
Other: 
----------------------------------------
VERB_Gender	2132 32.4	325 50.2
VERB_Masc	1231 57.7
Other: 
VERB_Fem	406 19.0
Other: 
VERB_Neut	273 12.8
Other: 
NOUN_Masc	75 3.5
Other: 
NOUN_Fem	34 1.6
Other: 
NOUN_Neut	33 1.5
Other: 
ADJ_Masc	19 0.9
Other: 
ADJ_Fem	13 0.6
Other: 
ADV_Masc	11 0.5
Other: 
ADJ_Neut	9 0.4
Other: 
ADV_Fem	8 0.4
Other: 
PRON_Neut	4 0.2
Other: 
PRON_Masc	4 0.2
Other: 
PROPN_Masc	4 0.2
Other: 
ADV_Neut	3 0.1
Other: 
PROPN_Neut	2 0.1
Other: 
PROPN_Fem	1 0.0
Other: 
NUM_Masc	1 0.0
Other: 
NUM_Neut	1 0.0
Other: 
----------------------------------------
ADV_Degree	942 100.0	86 76.8
VERB_Pos	570 60.5
Other: 
NOUN_Cmp	108 11.5
Other: 
NOUN_Pos	67 7.1
Other: 
ADJ_Pos	55 5.8
Other: 
VERB_Cmp	39 4.1
Other: 
ADV_Pos	28 3.0
Other: 
ADJ_Cmp	16 1.7
Other: 
PROPN_Cmp	15 1.6
Other: 
ADV_Cmp	13 1.4
Other: 
PROPN_Pos	12 1.3
Other: 
PRON_Pos	10 1.1
Other: 
PRON_Cmp	6 0.6
Other: 
NUM_Cmp	2 0.2
Other: 
NUM_Pos	1 0.1
Other: 
----------------------------------------
ADJ_Degree	713 100.0	55 87.3
VERB_Pos	507 71.1
Other: 
VERB_Cmp	64 9.0
Other: 
NOUN_Pos	49 6.9
Other: 
ADJ_Pos	38 5.3
Other: 
NOUN_Cmp	18 2.5
Other: 
ADJ_Cmp	15 2.1
Other: 
ADV_Pos	9 1.3
Other: 
NUM_Cmp	3 0.4
Other: 
PRON_Cmp	2 0.3
Other: 
NUM_Pos	2 0.3
Other: 
PROPN_Pos	2 0.3
Other: 
VERB_Sup	1 0.1
Other: 
PRON_Pos	1 0.1
Other: 
ADV_Cmp	1 0.1
Other: 
PROPN_Cmp	1 0.1
Other: 
----------------------------------------
ADJ_Number	609 85.4	292 70.2
VERB_Sing	400 65.7
Other: 
VERB_Plur	108 17.7
Other: 
NOUN_Sing	39 6.4
Other: 
ADJ_Sing	28 4.6
Other: 
ADJ_Plur	10 1.6
Other: 
NOUN_Plur	10 1.6
Other: 
ADV_Sing	7 1.1
Other: 
ADV_Plur	2 0.3
Other: 
NUM_Sing	2 0.3
Other: 
PROPN_Sing	2 0.3
Other: 
PRON_Plur	1 0.2
Other: 
----------------------------------------
ADJ_Variant	518 72.7	52 100.0
VERB_Short	446 86.1
Other: 
ADJ_Short	31 6.0
Other: 
NOUN_Short	29 5.6
Other: 
ADV_Short	8 1.5
Other: 
NUM_Short	2 0.4
Other: 
PRON_Short	1 0.2
Other: 
PROPN_Short	1 0.2
Other: 
----------------------------------------
ADJ_Gender	478 67.0	68 48.6
VERB_Neut	235 49.2
Other: 
VERB_Masc	96 20.1
Other: 
VERB_Fem	69 14.4
Other: 
NOUN_Neut	19 4.0
Other: 
ADJ_Neut	12 2.5
Other: 
ADJ_Masc	12 2.5
Other: 
NOUN_Masc	12 2.5
Other: 
NOUN_Fem	8 1.7
Other: 
ADV_Neut	6 1.3
Other: 
ADJ_Fem	4 0.8
Other: 
ADV_Masc	1 0.2
Other: 
NUM_Fem	1 0.2
Other: 
NUM_Masc	1 0.2
Other: 
PROPN_Masc	1 0.2
Other: 
PROPN_Neut	1 0.2
Other: 
----------------------------------------
NOUN_Animacy	229 100.0	19 82.6
VERB_Inan	154 67.2
Other: 
VERB_Anim	28 12.2
Other: 
NOUN_Inan	18 7.9
Other: 
ADJ_Inan	9 3.9
Other: 
ADV_Inan	8 3.5
Other: 
NOUN_Anim	3 1.3
Other: 
PROPN_Inan	3 1.3
Other: 
PRON_Inan	3 1.3
Other: 
ADJ_Anim	2 0.9
Other: 
SYM_Inan	1 0.4
Other: 
----------------------------------------
NOUN_Case	229 100.0	8 29.6
VERB_Nom	113 49.3
Other: 
VERB_Gen	21 9.2
Other: 
VERB_Ins	21 9.2
Other: 
VERB_Loc	16 7.0
Other: 
NOUN_Nom	13 5.7
Other: 
VERB_Acc	8 3.5
Other: 
ADV_Nom	5 2.2
Other: 
ADJ_Nom	4 1.7
Other: 
NOUN_Loc	3 1.3
Other: 
PROPN_Nom	3 1.3
Other: 
ADJ_Loc	3 1.3
Other: 
ADJ_Gen	3 1.3
Other: 
VERB_Dat	3 1.3
Other: 
NOUN_Acc	2 0.9
Other: 
ADV_Ins	2 0.9
Other: 
NOUN_Gen	2 0.9
Other: 
PRON_Acc	1 0.4
Other: 
PRON_Nom	1 0.4
Other: 
SYM_Nom	1 0.4
Other: 
PRON_Loc	1 0.4
Other: 
ADJ_Ins	1 0.4
Other: 
NOUN_Ins	1 0.4
Other: 
ADV_Loc	1 0.4
Other: 
----------------------------------------
NOUN_Gender	229 100.0	35 50.0
VERB_Masc	91 39.7
Other: 
VERB_Fem	61 26.6
Other: 
VERB_Neut	30 13.1
Other: 
NOUN_Masc	9 3.9
Other: 
NOUN_Neut	7 3.1
Other: 
ADJ_Masc	6 2.6
Other: 
NOUN_Fem	5 2.2
Other: 
ADV_Neut	4 1.7
Other: 
PRON_Masc	3 1.3
Other: 
ADJ_Neut	3 1.3
Other: 
ADV_Masc	3 1.3
Other: 
PROPN_Masc	2 0.9
Other: 
ADJ_Fem	2 0.9
Other: 
PROPN_Neut	1 0.4
Other: 
SYM_Neut	1 0.4
Other: 
ADV_Fem	1 0.4
Other: 
----------------------------------------
NOUN_Number	229 100.0	116 65.2
VERB_Sing	154 67.2
Other: 
VERB_Plur	28 12.2
Other: 
NOUN_Sing	18 7.9
Other: 
ADV_Sing	8 3.5
Other: 
ADJ_Sing	7 3.1
Other: 
ADJ_Plur	4 1.7
Other: 
NOUN_Plur	3 1.3
Other: 
PROPN_Sing	3 1.3
Other: 
PRON_Sing	3 1.3
Other: 
SYM_Sing	1 0.4
Other: 
----------------------------------------
PRON_Case	213 100.0	3 42.9
VERB_Gen	113 53.1
Other: 
VERB_Loc	33 15.5
Other: 
VERB_Acc	23 10.8
Other: 
VERB_Dat	15 7.0
Other: 
VERB_Nom	13 6.1
Other: 
VERB_Ins	8 3.8
Other: 
NOUN_Nom	3 1.4
Other: 
PRON_Gen	1 0.5
Other: 
NOUN_Gen	1 0.5
Other: 
ADJ_Gen	1 0.5
Other: 
PROPN_Loc	1 0.5
Other: 
ADJ_Loc	1 0.5
Other: 
PRON_Nom	0 0.0
Other: 
PRON_Loc	0 0.0
Other: 
----------------------------------------
PRON_Number	201 94.4	12 80.0
VERB_Sing	191 95.0
Other: 
NOUN_Sing	4 2.0
Other: 
VERB_Plur	2 1.0
Other: 
ADJ_Sing	2 1.0
Other: 
PRON_Plur	1 0.5
Other: 
PROPN_Sing	1 0.5
Other: 
PRON_Sing	0 0.0
Other: 
----------------------------------------
PRON_Gender	197 92.5	1 16.7
VERB_Neut	190 96.4
Other: 
NOUN_Neut	3 1.5
Other: 
VERB_Masc	1 0.5
Other: 
ADJ_Neut	1 0.5
Other: 
PROPN_Fem	1 0.5
Other: 
ADJ_Fem	1 0.5
Other: 
PRON_Neut	0 0.0
Other: 
PRON_Fem	0 0.0
Other: 
----------------------------------------
PRON_Animacy	194 91.1	2 66.7
VERB_Inan	190 97.9
Other: 
NOUN_Inan	3 1.5
Other: 
ADJ_Inan	1 0.5
Other: 
PRON_Inan	0 0.0
Other: 
----------------------------------------
VERB_Variant	194 2.9	11 100.0
VERB_Short	146 75.3
Other: 
NOUN_Short	30 15.5
Other: 
ADJ_Short	9 4.6
Other: 
ADV_Short	8 4.1
Other: 
NUM_Short	1 0.5
Other: 
----------------------------------------
PRON_Prep	186 87.3	1 100.0
VERB_для	86 46.2
VERB_в	23 12.4
VERB_на	20 10.8
VERB_вместо	16 8.6
VERB_к	13 7.0
VERB_о	6 3.2
VERB_за	5 2.7
VERB_с	5 2.7
VERB_ради	3 1.6
VERB_у	2 1.1
VERB_против	2 1.1
VERB_до	1 0.5
VERB_от	1 0.5
ADJ_для	1 0.5
PROPN_в	1 0.5
ADJ_на	1 0.5
PRON_в	0 0.0
----------------------------------------
ADJ_Case	91 12.8	12 42.9
VERB_Nom	27 29.7
Other: 
VERB_Ins	23 25.3
Other: 
NOUN_Nom	7 7.7
Other: 
NOUN_Gen	5 5.5
Other: 
VERB_Loc	5 5.5
Other: 
VERB_Acc	4 4.4
Other: 
ADJ_Ins	3 3.3
Other: 
ADJ_Nom	3 3.3
Other: 
VERB_Gen	3 3.3
Other: 
NOUN_Acc	3 3.3
Other: 
NOUN_Ins	3 3.3
Other: 
NOUN_Loc	2 2.2
Other: 
ADV_Nom	1 1.1
Other: 
ADJ_Acc	1 1.1
Other: 
PROPN_Gen	1 1.1
Other: 
ADJ_Gen	0 0.0
Other: 
ADJ_Loc	0 0.0
Other: 
----------------------------------------
VERB_Case	50 0.8	15 62.5
VERB_Nom	12 24.0
Other: 
NOUN_Nom	10 20.0
Other: 
VERB_Gen	6 12.0
Other: 
VERB_Ins	4 8.0
Other: 
NOUN_Gen	4 8.0
Other: 
ADJ_Nom	4 8.0
Other: 
NOUN_Loc	2 4.0
Other: 
VERB_Acc	2 4.0
Other: 
VERB_Dat	2 4.0
Other: 
NOUN_Acc	2 4.0
Other: 
ADV_Gen	1 2.0
Other: 
NOUN_Ins	1 2.0
Other: 
VERB_Loc	0 0.0
Other: 
----------------------------------------
DET_Case	35 100.0	2 11.8
NOUN_Gen	6 17.1
Other: 
VERB_Ins	6 17.1
Other: 
VERB_Nom	6 17.1
Other: 
VERB_Acc	4 11.4
Other: 
NOUN_Acc	3 8.6
Other: 
NOUN_Ins	2 5.7
Other: 
VERB_Loc	2 5.7
Other: 
PROPN_Gen	1 2.9
Other: 
NOUN_Nom	1 2.9
Other: 
NOUN_Loc	1 2.9
Other: 
PROPN_Acc	1 2.9
Other: 
ADJ_Acc	1 2.9
Other: 
VERB_Gen	1 2.9
Other: 
DET_Gen	0 0.0
Other: 
DET_Ins	0 0.0
Other: 
DET_Loc	0 0.0
Other: 
DET_Nom	0 0.0
Other: 
DET_Acc	0 0.0
Other: 
----------------------------------------
DET_Number	35 100.0	10 35.7
VERB_Sing	16 45.7
Other: 
NOUN_Plur	9 25.7
Other: 
NOUN_Sing	4 11.4
Other: 
VERB_Plur	3 8.6
Other: 
PROPN_Plur	1 2.9
Other: 
PROPN_Sing	1 2.9
Other: 
ADJ_Plur	1 2.9
Other: 
DET_Plur	0 0.0
Other: 
DET_Sing	0 0.0
Other: 
----------------------------------------
NOUN_Prep	28 12.2	0 0.0
VERB_в	7 25.0
NOUN_в	2 7.1
VERB_на	2 7.1
ADJ_в	2 7.1
VERB_при	1 3.6
NOUN_про	1 3.6
PRON_про	1 3.6
VERB_из	1 3.6
NOUN_вне	1 3.6
ADJ_на	1 3.6
VERB_за	1 3.6
VERB_с	1 3.6
NOUN_от	1 3.6
VERB_после	1 3.6
VERB_до	1 3.6
VERB_без	1 3.6
ADJ_с	1 3.6
ADV_в	1 3.6
VERB_вроде	1 3.6
----------------------------------------
VERB_Prep	24 0.4	0 0.0
VERB_до	8 33.3
VERB_в	4 16.7
VERB_между	2 8.3
NOUN_в	2 8.3
VERB_на	2 8.3
VERB_прежде	2 8.3
PRON_до	1 4.2
PRON_в	1 4.2
NOUN_до	1 4.2
VERB_среди	1 4.2
----------------------------------------
DET_Gender	21 60.0	4 50.0
VERB_Masc	8 38.1
Other: 
VERB_Neut	5 23.8
Other: 
VERB_Fem	3 14.3
Other: 
NOUN_Neut	2 9.5
Other: 
NOUN_Fem	2 9.5
Other: 
PROPN_Fem	1 4.8
Other: 
DET_Neut	0 0.0
Other: 
DET_Fem	0 0.0
Other: 
DET_Masc	0 0.0
Other: 
----------------------------------------
PROPN_Animacy	11 73.3	0 0.0
VERB_Inan	5 45.5
Other: 
VERB_Anim	4 36.4
Other: 
ADJ_Anim	1 9.1
Other: 
ADV_Anim	1 9.1
Other: 
----------------------------------------
PROPN_Case	11 73.3	0 0.0
VERB_Nom	4 36.4
Other: 
VERB_Ins	2 18.2
Other: 
VERB_Loc	2 18.2
Other: 
ADJ_Gen	1 9.1
Other: 
ADV_Nom	1 9.1
Other: 
VERB_Dat	1 9.1
Other: 
----------------------------------------
PROPN_Gender	11 73.3	3 60.0
VERB_Masc	7 63.6
Other: 
VERB_Fem	2 18.2
Other: 
ADJ_Masc	1 9.1
Other: 
ADV_Masc	1 9.1
Other: 
PROPN_Masc	0 0.0
Other: 
PROPN_Fem	0 0.0
Other: 
----------------------------------------
PROPN_Number	11 73.3	8 100.0
VERB_Sing	9 81.8
Other: 
ADJ_Sing	1 9.1
Other: 
ADV_Sing	1 9.1
Other: 
PROPN_Sing	0 0.0
Other: 
----------------------------------------
PRON_Person	7 3.3	2 66.7
VERB_1	1 14.3
Other: 
VERB_3	1 14.3
Other: 
NOUN_2	1 14.3
Other: 
PRON_2	1 14.3
Other: 
VERB_2	1 14.3
Other: 
PROPN_3	1 14.3
Other: 
ADJ_3	1 14.3
Other: 
PRON_3	0 0.0
Other: 
----------------------------------------
ADJ_Prep	5 0.7	0 0.0
VERB_прежде	2 40.0
VERB_в	2 40.0
NOUN_в	1 20.0
ADJ_в	0 0.0
----------------------------------------
ADJ_Animacy	5 0.7	2 100.0
NOUN_Inan	2 40.0
Other: 
VERB_Inan	2 40.0
Other: 
ADJ_Inan	1 20.0
Other: 
----------------------------------------
PROPN_Prep	3 20.0	0 0.0
ADJ_у	1 33.3
VERB_во	1 33.3
VERB_к	1 33.3
----------------------------------------
DET_Degree	2 5.7	0 0.0
VERB_Pos	2 100.0
Other: 
----------------------------------------
PROPN_Foreign	2 13.3	0 0.0
VERB_Yes	2 100.0
Other: 
----------------------------------------
VERB_Animacy	2 0.0	0 0.0
VERB_Inan	2 100.0
Other: 
----------------------------------------
ADV_Prep	1 0.1	0 0.0
VERB_во	1 100.0
----------------------------------------
DET_Prep	1 2.9	0 0.0
NOUN_для	1 100.0
----------------------------------------
