VERB	32532 61.7
ADV 21405 65.8	PART 10425 32.0	ADP 450 1.4	NUM 126 0.4	PRON 70 0.2	SCONJ 47 0.1	DET 5 0.0	NOUN 2 0.0	VERB 1 0.0	PROPN 1 0.0
----------------------------------------
NOUN	5684 10.8
PART 4410 77.6	ADV 1053 18.5	ADP 145 2.6	SCONJ 57 1.0	PRON 17 0.3	NUM 1 0.0	DET 1 0.0
----------------------------------------
ADV	5040 9.6
PART 2565 50.9	ADV 2429 48.2	ADP 18 0.4	SCONJ 12 0.2	NUM 8 0.2	PRON 5 0.1	ADJ 2 0.0	NOUN 1 0.0
----------------------------------------
ADJ	3576 6.8
PART 2178 60.9	ADV 1317 36.8	ADP 52 1.5	PRON 19 0.5	SCONJ 9 0.3	PROPN 1 0.0
----------------------------------------
PRON	1429 2.7
PART 1312 91.8	ADV 94 6.6	ADP 14 1.0	SCONJ 5 0.3	PRON 4 0.3
----------------------------------------
PART	1312 2.5
PART 796 60.7	ADV 515 39.3	SCONJ 1 0.1
----------------------------------------
DET	1254 2.4
PART 1215 96.9	ADV 29 2.3	SCONJ 5 0.4	ADP 4 0.3	PRON 1 0.1
----------------------------------------
NUM	954 1.8
ADV 511 53.6	PART 409 42.9	SCONJ 19 2.0	ADP 15 1.6
----------------------------------------
PROPN	468 0.9
PART 385 82.3	ADV 65 13.9	ADP 14 3.0	SCONJ 4 0.9
----------------------------------------
CCONJ	359 0.7
PART 359 100.0
----------------------------------------
SCONJ	54 0.1
PART 50 92.6	ADV 4 7.4
----------------------------------------
SYM	19 0.0
PART 17 89.5	ADV 1 5.3	SCONJ 1 5.3
----------------------------------------
ADP	9 0.0
PART 8 88.9	ADV 1 11.1
----------------------------------------
X	2 0.0
PART 1 50.0	ADV 1 50.0
----------------------------------------
INTJ	1 0.0
ADV 1 100.0
----------------------------------------

VERB_Voice	32532 100.0	1 100.0
ADV_Act	13871 42.6
Other: 
PART_Act	7654 23.5
Other: 
ADV_Mid	4740 14.6
Other: 
ADV_Pass	2794 8.6
Other: 
PART_Mid	1978 6.1
Other: 
PART_Pass	793 2.4
Other: 
ADP_Act	273 0.8
Other: 
NUM_Act	98 0.3
Other: 
ADP_Mid	93 0.3
Other: 
ADP_Pass	84 0.3
Other: 
PRON_Act	44 0.1
Other: 
SCONJ_Act	30 0.1
Other: 
NUM_Mid	25 0.1
Other: 
PRON_Mid	23 0.1
Other: 
SCONJ_Mid	14 0.0
Other: 
DET_Mid	4 0.0
Other: 
SCONJ_Pass	3 0.0
Other: 
PRON_Pass	3 0.0
Other: 
NUM_Pass	3 0.0
Other: 
NOUN_Act	2 0.0
Other: 
VERB_Act	1 0.0
Other: 
PROPN_Act	1 0.0
Other: 
DET_Pass	1 0.0
Other: 
----------------------------------------
VERB_Aspect	32531 100.0	0 0.0
ADV_Imp	12742 39.2
Other: 
ADV_Perf	8662 26.6
Other: 
PART_Imp	6729 20.7
Other: 
PART_Perf	3696 11.4
Other: 
ADP_Imp	321 1.0
Other: 
ADP_Perf	129 0.4
Other: 
NUM_Imp	95 0.3
Other: 
PRON_Imp	35 0.1
Other: 
PRON_Perf	35 0.1
Other: 
SCONJ_Imp	31 0.1
Other: 
NUM_Perf	31 0.1
Other: 
SCONJ_Perf	16 0.0
Other: 
DET_Imp	3 0.0
Other: 
NOUN_Imp	2 0.0
Other: 
DET_Perf	2 0.0
Other: 
VERB_Perf	1 0.0
Other: 
PROPN_Perf	1 0.0
Other: 
----------------------------------------
VERB_VerbForm	32531 100.0	0 0.0
ADV_Fin	15796 48.6
Other: 
PART_Fin	8280 25.5
Other: 
ADV_Part	2653 8.2
Other: 
ADV_Inf	2567 7.9
Other: 
PART_Inf	1041 3.2
Other: 
PART_Part	766 2.4
Other: 
ADV_Conv	388 1.2
Other: 
PART_Conv	338 1.0
Other: 
ADP_Fin	335 1.0
Other: 
NUM_Fin	101 0.3
Other: 
PRON_Fin	64 0.2
Other: 
ADP_Part	61 0.2
Other: 
ADP_Inf	45 0.1
Other: 
SCONJ_Fin	41 0.1
Other: 
NUM_Inf	24 0.1
Other: 
ADP_Conv	9 0.0
Other: 
PRON_Inf	5 0.0
Other: 
DET_Fin	4 0.0
Other: 
SCONJ_Part	3 0.0
Other: 
SCONJ_Inf	3 0.0
Other: 
PRON_Part	1 0.0
Other: 
NOUN_Fin	1 0.0
Other: 
VERB_Part	1 0.0
Other: 
NUM_Part	1 0.0
Other: 
PROPN_Inf	1 0.0
Other: 
DET_Conv	1 0.0
Other: 
NOUN_Inf	1 0.0
Other: 
----------------------------------------
VERB_Tense	28616 88.0	0 0.0
ADV_Past	9958 34.8
Other: 
ADV_Pres	7626 26.6
Other: 
PART_Past	4348 15.2
Other: 
PART_Pres	4041 14.1
Other: 
ADV_Fut	1147 4.0
Other: 
PART_Fut	880 3.1
Other: 
ADP_Pres	211 0.7
Other: 
ADP_Past	182 0.6
Other: 
NUM_Past	45 0.2
Other: 
NUM_Pres	44 0.2
Other: 
PRON_Past	25 0.1
Other: 
PRON_Pres	22 0.1
Other: 
SCONJ_Pres	21 0.1
Other: 
PRON_Fut	18 0.1
Other: 
SCONJ_Past	17 0.1
Other: 
NUM_Fut	9 0.0
Other: 
ADP_Fut	9 0.0
Other: 
SCONJ_Fut	6 0.0
Other: 
DET_Past	2 0.0
Other: 
DET_Pres	2 0.0
Other: 
NOUN_Past	1 0.0
Other: 
VERB_Past	1 0.0
Other: 
DET_Fut	1 0.0
Other: 
----------------------------------------
VERB_Number	28108 86.4	48 67.6
ADV_Sing	11852 42.2
Other: 
ADV_Plur	6597 23.5
Other: 
PART_Sing	6296 22.4
Other: 
PART_Plur	2750 9.8
Other: 
ADP_Sing	233 0.8
Other: 
ADP_Plur	163 0.6
Other: 
NUM_Sing	66 0.2
Other: 
PRON_Sing	44 0.2
Other: 
NUM_Plur	36 0.1
Other: 
SCONJ_Sing	30 0.1
Other: 
PRON_Plur	21 0.1
Other: 
SCONJ_Plur	14 0.0
Other: 
DET_Sing	3 0.0
Other: 
VERB_Sing	1 0.0
Other: 
NOUN_Plur	1 0.0
Other: 
DET_Plur	1 0.0
Other: 
VERB_Plur	0 0.0
Other: 
----------------------------------------
VERB_Mood	24622 75.7	0 0.0
ADV_Ind	15690 63.7
Other: 
PART_Ind	8165 33.2
Other: 
ADP_Ind	332 1.3
Other: 
PART_Imp	115 0.5
Other: 
ADV_Imp	106 0.4
Other: 
NUM_Ind	97 0.4
Other: 
PRON_Ind	64 0.3
Other: 
SCONJ_Ind	41 0.2
Other: 
NUM_Imp	4 0.0
Other: 
DET_Ind	4 0.0
Other: 
ADP_Imp	3 0.0
Other: 
NOUN_Ind	1 0.0
Other: 
----------------------------------------
VERB_Person	12873 39.6	0 0.0
ADV_3	7018 54.5
Other: 
PART_3	3800 29.5
Other: 
ADV_1	633 4.9
Other: 
PART_1	486 3.8
Other: 
PART_2	313 2.4
Other: 
ADV_2	295 2.3
Other: 
ADP_3	179 1.4
Other: 
NUM_3	45 0.3
Other: 
PRON_3	38 0.3
Other: 
SCONJ_3	24 0.2
Other: 
ADP_1	16 0.1
Other: 
ADP_2	8 0.1
Other: 
NUM_2	7 0.1
Other: 
NUM_1	5 0.0
Other: 
DET_3	2 0.0
Other: 
SCONJ_1	2 0.0
Other: 
PRON_1	1 0.0
Other: 
PRON_2	1 0.0
Other: 
----------------------------------------
VERB_Gender	10374 31.9	6 28.6
ADV_Masc	3540 34.1
Other: 
ADV_Fem	1884 18.2
Other: 
ADV_Neut	1576 15.2
Other: 
PART_Masc	1542 14.9
Other: 
PART_Neut	971 9.4
Other: 
PART_Fem	680 6.6
Other: 
ADP_Masc	49 0.5
Other: 
ADP_Neut	43 0.4
Other: 
ADP_Fem	24 0.2
Other: 
NUM_Masc	13 0.1
Other: 
NUM_Neut	10 0.1
Other: 
PRON_Masc	9 0.1
Other: 
NUM_Fem	8 0.1
Other: 
SCONJ_Masc	6 0.1
Other: 
PRON_Fem	6 0.1
Other: 
SCONJ_Fem	5 0.0
Other: 
PRON_Neut	4 0.0
Other: 
DET_Masc	2 0.0
Other: 
VERB_Fem	1 0.0
Other: 
SCONJ_Neut	1 0.0
Other: 
VERB_Masc	0 0.0
Other: 
VERB_Neut	0 0.0
Other: 
----------------------------------------
NOUN_Animacy	5683 100.0	15 100.0
PART_Inan	3798 66.8
Other: 
ADV_Inan	928 16.3
Other: 
PART_Anim	611 10.8
Other: 
ADP_Inan	127 2.2
Other: 
ADV_Anim	125 2.2
Other: 
SCONJ_Inan	53 0.9
Other: 
ADP_Anim	18 0.3
Other: 
PRON_Inan	17 0.3
Other: 
SCONJ_Anim	4 0.1
Other: 
NUM_Inan	1 0.0
Other: 
DET_Inan	1 0.0
Other: 
NOUN_Inan	0 0.0
Other: 
----------------------------------------
NOUN_Case	5683 100.0	8 44.4
PART_Nom	1474 25.9
Other: 
PART_Loc	825 14.5
Other: 
PART_Gen	782 13.8
Other: 
PART_Acc	697 12.3
Other: 
ADV_Gen	373 6.6
Other: 
PART_Ins	367 6.5
Other: 
ADV_Nom	322 5.7
Other: 
PART_Dat	255 4.5
Other: 
ADV_Loc	114 2.0
Other: 
ADV_Acc	113 2.0
Other: 
ADV_Ins	101 1.8
Other: 
ADP_Gen	39 0.7
Other: 
ADP_Nom	37 0.7
Other: 
ADV_Dat	28 0.5
Other: 
ADP_Loc	27 0.5
Other: 
ADP_Acc	19 0.3
Other: 
SCONJ_Nom	18 0.3
Other: 
ADP_Ins	13 0.2
Other: 
SCONJ_Loc	12 0.2
Other: 
SCONJ_Gen	10 0.2
Other: 
ADP_Dat	10 0.2
Other: 
SCONJ_Acc	9 0.2
Other: 
PART_Par	8 0.1
Other: 
PRON_Nom	7 0.1
Other: 
PRON_Gen	6 0.1
Other: 
SCONJ_Ins	6 0.1
Other: 
PRON_Acc	3 0.1
Other: 
SCONJ_Dat	2 0.0
Other: 
ADV_Par	2 0.0
Other: 
PART_Voc	1 0.0
Other: 
NUM_Gen	1 0.0
Other: 
DET_Ins	1 0.0
Other: 
PRON_Dat	1 0.0
Other: 
NOUN_Acc	0 0.0
Other: 
NOUN_Gen	0 0.0
Other: 
NOUN_Nom	0 0.0
Other: 
NOUN_Ins	0 0.0
Other: 
NOUN_Dat	0 0.0
Other: 
----------------------------------------
NOUN_Number	5683 100.0	9 56.2
PART_Sing	3121 54.9
Other: 
PART_Plur	1288 22.7
Other: 
ADV_Sing	728 12.8
Other: 
ADV_Plur	325 5.7
Other: 
ADP_Sing	94 1.7
Other: 
ADP_Plur	51 0.9
Other: 
SCONJ_Sing	45 0.8
Other: 
SCONJ_Plur	12 0.2
Other: 
PRON_Sing	10 0.2
Other: 
PRON_Plur	7 0.1
Other: 
NUM_Plur	1 0.0
Other: 
DET_Sing	1 0.0
Other: 
NOUN_Sing	0 0.0
Other: 
NOUN_Plur	0 0.0
Other: 
----------------------------------------
NOUN_Gender	5679 99.9	3 18.8
PART_Masc	1940 34.2
Other: 
PART_Fem	1507 26.5
Other: 
PART_Neut	959 16.9
Other: 
ADV_Masc	570 10.0
Other: 
ADV_Fem	302 5.3
Other: 
ADV_Neut	180 3.2
Other: 
ADP_Masc	59 1.0
Other: 
ADP_Fem	57 1.0
Other: 
ADP_Neut	29 0.5
Other: 
SCONJ_Fem	26 0.5
Other: 
SCONJ_Masc	24 0.4
Other: 
PRON_Masc	9 0.2
Other: 
SCONJ_Neut	7 0.1
Other: 
PRON_Fem	6 0.1
Other: 
PRON_Neut	2 0.0
Other: 
NUM_Fem	1 0.0
Other: 
DET_Masc	1 0.0
Other: 
NOUN_Fem	0 0.0
Other: 
NOUN_Masc	0 0.0
Other: 
NOUN_Neut	0 0.0
Other: 
----------------------------------------
ADV_Degree	5040 100.0	1971 81.1
PART_Pos	2219 44.0
Other: 
ADV_Pos	2031 40.3
Other: 
ADV_Cmp	398 7.9
Other: 
PART_Cmp	346 6.9
Other: 
ADP_Pos	17 0.3
Other: 
SCONJ_Pos	11 0.2
Other: 
NUM_Pos	8 0.2
Other: 
PRON_Pos	5 0.1
Other: 
ADJ_Pos	2 0.0
Other: 
ADP_Cmp	1 0.0
Other: 
NOUN_Pos	1 0.0
Other: 
SCONJ_Cmp	1 0.0
Other: 
----------------------------------------
ADJ_Degree	3576 100.0	1112 84.4
PART_Pos	2077 58.1
Other: 
ADV_Pos	1138 31.8
Other: 
ADV_Cmp	179 5.0
Other: 
PART_Cmp	96 2.7
Other: 
ADP_Pos	51 1.4
Other: 
PRON_Pos	17 0.5
Other: 
SCONJ_Pos	9 0.3
Other: 
PART_Sup	5 0.1
Other: 
PRON_Cmp	2 0.1
Other: 
ADP_Cmp	1 0.0
Other: 
PROPN_Pos	1 0.0
Other: 
ADJ_Pos	0 0.0
Other: 
ADJ_Cmp	0 0.0
Other: 
----------------------------------------
ADJ_Number	3296 92.2	15 93.8
PART_Sing	1411 42.8
Other: 
ADV_Sing	854 25.9
Other: 
PART_Plur	669 20.3
Other: 
ADV_Plur	284 8.6
Other: 
ADP_Sing	36 1.1
Other: 
PRON_Sing	16 0.5
Other: 
ADP_Plur	15 0.5
Other: 
SCONJ_Sing	7 0.2
Other: 
SCONJ_Plur	2 0.1
Other: 
PRON_Plur	1 0.0
Other: 
PROPN_Sing	1 0.0
Other: 
ADJ_Sing	0 0.0
Other: 
ADJ_Plur	0 0.0
Other: 
----------------------------------------
ADJ_Gender	2325 65.0	10 66.7
PART_Masc	519 22.3
Other: 
PART_Neut	502 21.6
Other: 
PART_Fem	390 16.8
Other: 
ADV_Neut	385 16.6
Other: 
ADV_Masc	242 10.4
Other: 
ADV_Fem	227 9.8
Other: 
ADP_Neut	14 0.6
Other: 
ADP_Fem	11 0.5
Other: 
ADP_Masc	11 0.5
Other: 
PRON_Neut	10 0.4
Other: 
SCONJ_Masc	5 0.2
Other: 
PRON_Masc	4 0.2
Other: 
PRON_Fem	2 0.1
Other: 
SCONJ_Fem	1 0.0
Other: 
PROPN_Neut	1 0.0
Other: 
SCONJ_Neut	1 0.0
Other: 
ADJ_Fem	0 0.0
Other: 
ADJ_Neut	0 0.0
Other: 
ADJ_Masc	0 0.0
Other: 
----------------------------------------
VERB_Case	1872 5.8	0 0.0
ADV_Nom	520 27.8
Other: 
ADV_Gen	408 21.8
Other: 
ADV_Acc	256 13.7
Other: 
ADV_Ins	155 8.3
Other: 
PART_Nom	142 7.6
Other: 
PART_Gen	93 5.0
Other: 
ADV_Dat	85 4.5
Other: 
ADV_Loc	80 4.3
Other: 
PART_Acc	56 3.0
Other: 
PART_Ins	32 1.7
Other: 
PART_Dat	23 1.2
Other: 
PART_Loc	5 0.3
Other: 
ADP_Gen	5 0.3
Other: 
ADP_Nom	3 0.2
Other: 
ADP_Acc	3 0.2
Other: 
ADP_Dat	2 0.1
Other: 
SCONJ_Acc	1 0.1
Other: 
VERB_Nom	1 0.1
Other: 
SCONJ_Nom	1 0.1
Other: 
ADP_Loc	1 0.1
Other: 
----------------------------------------
ADJ_Case	1689 47.2	6 60.0
PART_Nom	668 39.6
Other: 
PART_Acc	228 13.5
Other: 
PART_Ins	181 10.7
Other: 
PART_Gen	154 9.1
Other: 
ADV_Nom	117 6.9
Other: 
ADV_Ins	74 4.4
Other: 
ADV_Acc	53 3.1
Other: 
PART_Loc	53 3.1
Other: 
ADV_Gen	51 3.0
Other: 
PART_Dat	51 3.0
Other: 
ADV_Loc	18 1.1
Other: 
PRON_Nom	8 0.5
Other: 
ADP_Nom	8 0.5
Other: 
ADV_Dat	6 0.4
Other: 
ADP_Ins	4 0.2
Other: 
ADP_Acc	4 0.2
Other: 
ADP_Gen	4 0.2
Other: 
ADP_Loc	2 0.1
Other: 
SCONJ_Ins	2 0.1
Other: 
PRON_Acc	1 0.1
Other: 
SCONJ_Nom	1 0.1
Other: 
PRON_Gen	1 0.1
Other: 
ADJ_Nom	0 0.0
Other: 
ADJ_Acc	0 0.0
Other: 
ADJ_Gen	0 0.0
Other: 
----------------------------------------
VERB_Variant	1614 5.0	0 0.0
ADV_Short	1149 71.2
Other: 
PART_Short	415 25.7
Other: 
ADP_Short	47 2.9
Other: 
PRON_Short	1 0.1
Other: 
NUM_Short	1 0.1
Other: 
SCONJ_Short	1 0.1
Other: 
----------------------------------------
ADJ_Variant	1607 44.9	0 0.0
ADV_Short	819 51.0
Other: 
PART_Short	745 46.4
Other: 
ADP_Short	29 1.8
Other: 
PRON_Short	7 0.4
Other: 
SCONJ_Short	6 0.4
Other: 
PROPN_Short	1 0.1
Other: 
----------------------------------------
PRON_Case	1423 99.6	1 25.0
PART_Nom	545 38.3
Other: 
PART_Acc	200 14.1
Other: 
PART_Gen	196 13.8
Other: 
PART_Dat	162 11.4
Other: 
PART_Loc	136 9.6
Other: 
PART_Ins	67 4.7
Other: 
ADV_Gen	40 2.8
Other: 
ADV_Loc	24 1.7
Other: 
ADV_Nom	11 0.8
Other: 
ADV_Ins	9 0.6
Other: 
ADV_Acc	6 0.4
Other: 
ADV_Dat	4 0.3
Other: 
ADP_Nom	4 0.3
Other: 
ADP_Ins	3 0.2
Other: 
ADP_Dat	3 0.2
Other: 
PRON_Gen	2 0.1
Other: 
SCONJ_Loc	2 0.1
Other: 
ADP_Gen	2 0.1
Other: 
PRON_Nom	1 0.1
Other: 
SCONJ_Nom	1 0.1
Other: 
ADP_Loc	1 0.1
Other: 
ADP_Acc	1 0.1
Other: 
SCONJ_Gen	1 0.1
Other: 
PRON_Dat	1 0.1
Other: 
SCONJ_Acc	1 0.1
Other: 
----------------------------------------
DET_Case	1231 98.2	1 100.0
PART_Nom	458 37.2
Other: 
PART_Acc	326 26.5
Other: 
PART_Gen	142 11.5
Other: 
PART_Ins	123 10.0
Other: 
PART_Loc	84 6.8
Other: 
PART_Dat	60 4.9
Other: 
ADV_Nom	20 1.6
Other: 
ADV_Ins	4 0.3
Other: 
ADP_Gen	3 0.2
Other: 
ADV_Gen	2 0.2
Other: 
SCONJ_Nom	2 0.2
Other: 
ADV_Acc	2 0.2
Other: 
SCONJ_Gen	1 0.1
Other: 
PRON_Nom	1 0.1
Other: 
SCONJ_Acc	1 0.1
Other: 
SCONJ_Dat	1 0.1
Other: 
ADP_Ins	1 0.1
Other: 
DET_Nom	0 0.0
Other: 
----------------------------------------
DET_Number	1231 98.2	0 0.0
PART_Sing	853 69.3
Other: 
PART_Plur	340 27.6
Other: 
ADV_Sing	19 1.5
Other: 
ADV_Plur	9 0.7
Other: 
ADP_Plur	4 0.3
Other: 
SCONJ_Plur	3 0.2
Other: 
SCONJ_Sing	2 0.2
Other: 
PRON_Plur	1 0.1
Other: 
DET_Plur	0 0.0
Other: 
----------------------------------------
PRON_Number	1010 70.7	1 100.0
PART_Sing	753 74.6
Other: 
PART_Plur	187 18.5
Other: 
ADV_Sing	28 2.8
Other: 
ADV_Plur	25 2.5
Other: 
ADP_Sing	7 0.7
Other: 
SCONJ_Sing	5 0.5
Other: 
ADP_Plur	4 0.4
Other: 
PRON_Sing	1 0.1
Other: 
----------------------------------------
DET_Gender	874 69.7	0 0.0
PART_Masc	350 40.0
Other: 
PART_Fem	257 29.4
Other: 
PART_Neut	246 28.1
Other: 
ADV_Fem	7 0.8
Other: 
ADV_Masc	6 0.7
Other: 
ADV_Neut	6 0.7
Other: 
SCONJ_Fem	2 0.2
Other: 
----------------------------------------
PRON_Gender	718 50.2	1 100.0
PART_Neut	521 72.6
Other: 
PART_Masc	110 15.3
Other: 
PART_Fem	50 7.0
Other: 
ADV_Neut	14 1.9
Other: 
ADV_Masc	7 1.0
Other: 
ADP_Neut	5 0.7
Other: 
ADV_Fem	5 0.7
Other: 
SCONJ_Neut	3 0.4
Other: 
PRON_Neut	1 0.1
Other: 
SCONJ_Masc	1 0.1
Other: 
ADP_Fem	1 0.1
Other: 
----------------------------------------
NUM_Case	574 60.2	0 0.0
ADV_Nom	141 24.6
Other: 
PART_Nom	113 19.7
Other: 
ADV_Acc	104 18.1
Other: 
PART_Acc	70 12.2
Other: 
PART_Gen	54 9.4
Other: 
ADV_Gen	22 3.8
Other: 
ADV_Ins	18 3.1
Other: 
PART_Ins	12 2.1
Other: 
PART_Dat	12 2.1
Other: 
SCONJ_Acc	7 1.2
Other: 
PART_Loc	5 0.9
Other: 
ADP_Nom	5 0.9
Other: 
SCONJ_Nom	3 0.5
Other: 
SCONJ_Gen	3 0.5
Other: 
ADV_Loc	2 0.3
Other: 
SCONJ_Ins	1 0.2
Other: 
ADP_Ins	1 0.2
Other: 
ADV_Dat	1 0.2
Other: 
----------------------------------------
PRON_Animacy	574 40.2	1 100.0
PART_Inan	513 89.4
Other: 
PART_Anim	33 5.7
Other: 
ADV_Inan	13 2.3
Other: 
ADP_Inan	5 0.9
Other: 
ADV_Anim	5 0.9
Other: 
ADP_Anim	2 0.3
Other: 
SCONJ_Inan	2 0.3
Other: 
PRON_Inan	1 0.2
Other: 
----------------------------------------
PROPN_Animacy	442 94.4	0 0.0
PART_Inan	236 53.4
Other: 
PART_Anim	133 30.1
Other: 
ADV_Inan	37 8.4
Other: 
ADV_Anim	20 4.5
Other: 
ADP_Inan	11 2.5
Other: 
SCONJ_Anim	3 0.7
Other: 
SCONJ_Inan	1 0.2
Other: 
ADP_Anim	1 0.2
Other: 
----------------------------------------
PROPN_Case	442 94.4	0 0.0
PART_Nom	150 33.9
Other: 
PART_Loc	103 23.3
Other: 
PART_Gen	39 8.8
Other: 
PART_Acc	33 7.5
Other: 
PART_Dat	23 5.2
Other: 
PART_Ins	21 4.8
Other: 
ADV_Nom	20 4.5
Other: 
ADV_Gen	17 3.8
Other: 
ADV_Loc	16 3.6
Other: 
ADP_Loc	4 0.9
Other: 
ADP_Nom	4 0.9
Other: 
SCONJ_Nom	4 0.9
Other: 
ADV_Acc	3 0.7
Other: 
ADP_Dat	2 0.5
Other: 
ADP_Acc	1 0.2
Other: 
ADP_Gen	1 0.2
Other: 
ADV_Dat	1 0.2
Other: 
----------------------------------------
PROPN_Number	442 94.4	0 0.0
PART_Sing	347 78.5
Other: 
ADV_Sing	56 12.7
Other: 
PART_Plur	22 5.0
Other: 
ADP_Sing	11 2.5
Other: 
SCONJ_Sing	4 0.9
Other: 
ADP_Plur	1 0.2
Other: 
ADV_Plur	1 0.2
Other: 
----------------------------------------
PRON_Person	436 30.5	0 0.0
PART_3	236 54.1
Other: 
PART_1	126 28.9
Other: 
PART_2	32 7.3
Other: 
ADV_3	22 5.0
Other: 
ADV_1	9 2.1
Other: 
ADV_2	4 0.9
Other: 
SCONJ_3	2 0.5
Other: 
ADP_3	2 0.5
Other: 
SCONJ_1	1 0.2
Other: 
ADP_1	1 0.2
Other: 
ADP_2	1 0.2
Other: 
----------------------------------------
PROPN_Gender	434 92.7	0 0.0
PART_Masc	207 47.7
Other: 
PART_Fem	143 32.9
Other: 
ADV_Masc	30 6.9
Other: 
ADV_Fem	26 6.0
Other: 
PART_Neut	12 2.8
Other: 
ADP_Fem	8 1.8
Other: 
SCONJ_Masc	3 0.7
Other: 
ADP_Masc	3 0.7
Other: 
ADV_Neut	1 0.2
Other: 
SCONJ_Fem	1 0.2
Other: 
----------------------------------------
NUM_Gender	388 40.7	0 0.0
ADV_Masc	103 26.5
Other: 
PART_Masc	97 25.0
Other: 
PART_Fem	68 17.5
Other: 
ADV_Fem	47 12.1
Other: 
PART_Neut	34 8.8
Other: 
ADV_Neut	30 7.7
Other: 
SCONJ_Masc	3 0.8
Other: 
ADP_Masc	3 0.8
Other: 
SCONJ_Fem	2 0.5
Other: 
ADP_Fem	1 0.3
Other: 
----------------------------------------
NOUN_Prep	208 3.7	0 0.0
ADV_на	28 13.5
PART_в	28 13.5
ADV_в	27 13.0
ADV_с	14 6.7
ADP_за	12 5.8
ADV_к	9 4.3
ADV_для	9 4.3
PART_на	8 3.8
ADV_по	8 3.8
ADV_около	7 3.4
ADP_прежде	4 1.9
ADP_в	4 1.9
PART_к	4 1.9
PART_по	3 1.4
ADP_по	3 1.4
ADV_о	3 1.4
ADV_от	3 1.4
PART_у	3 1.4
ADV_при	2 1.0
ADV_из	2 1.0
ADV_без	2 1.0
ADV_про	2 1.0
PART_во	2 1.0
ADV_у	1 0.5
ADV_за	1 0.5
PRON_около	1 0.5
ADV_посреди	1 0.5
ADV_со	1 0.5
ADV_перед	1 0.5
PART_при	1 0.5
ADP_до	1 0.5
PART_до	1 0.5
ADV_против	1 0.5
ADV_во	1 0.5
ADV_до	1 0.5
PART_за	1 0.5
PART_от	1 0.5
PRON_к	1 0.5
PART_без	1 0.5
PART_под	1 0.5
ADV_вместо	1 0.5
ADV_свыше	1 0.5
ADV_об	1 0.5
PART_для	1 0.5
NOUN_с	0 0.0
NOUN_в	0 0.0
----------------------------------------
VERB_Animacy	192 0.6	0 0.0
ADV_Inan	133 69.3
Other: 
PART_Inan	27 14.1
Other: 
ADV_Anim	24 12.5
Other: 
PART_Anim	6 3.1
Other: 
ADP_Inan	1 0.5
Other: 
ADP_Anim	1 0.5
Other: 
----------------------------------------
ADJ_Animacy	170 4.8	0 0.0
PART_Inan	125 73.5
Other: 
ADV_Inan	25 14.7
Other: 
PART_Anim	16 9.4
Other: 
ADP_Inan	4 2.4
Other: 
----------------------------------------
PRON_Prep	165 11.5	0 0.0
PART_к	84 50.9
PART_у	13 7.9
PART_в	12 7.3
ADV_у	6 3.6
PART_до	5 3.0
ADP_в	5 3.0
PART_о	5 3.0
ADV_в	5 3.0
ADV_при	4 2.4
PART_с	4 2.4
PART_для	4 2.4
PART_об	3 1.8
PART_на	3 1.8
PART_из	2 1.2
ADV_с	1 0.6
PART_среди	1 0.6
SCONJ_в	1 0.6
ADV_на	1 0.6
ADV_об	1 0.6
PART_за	1 0.6
PART_из-за	1 0.6
PART_без	1 0.6
PART_про	1 0.6
ADV_во	1 0.6
----------------------------------------
VERB_Prep	156 0.5	0 0.0
ADP_в	83 53.2
ADP_до	22 14.1
ADP_прежде	13 8.3
ADP_на	7 4.5
ADP_за	6 3.8
ADP_по	5 3.2
ADV_в	4 2.6
ADV_с	3 1.9
ADV_до	3 1.9
PART_в	2 1.3
ADV_среди	1 0.6
ADP_без	1 0.6
ADV_для	1 0.6
PART_насчет	1 0.6
ADV_прежде	1 0.6
ADV_при	1 0.6
ADV_на	1 0.6
ADV_от	1 0.6
VERB_среди	0 0.0
----------------------------------------
NUM_Animacy	118 12.4	0 0.0
ADV_Inan	68 57.6
Other: 
PART_Inan	40 33.9
Other: 
SCONJ_Inan	3 2.5
Other: 
ADV_Anim	3 2.5
Other: 
SCONJ_Anim	2 1.7
Other: 
PART_Anim	2 1.7
Other: 
----------------------------------------
DET_Degree	40 3.2	4 100.0
PART_Pos	36 90.0
Other: 
ADV_Pos	4 10.0
Other: 
DET_Pos	0 0.0
Other: 
----------------------------------------
PROPN_Prep	26 5.6	0 0.0
PART_в	13 50.0
ADP_за	3 11.5
ADV_в	3 11.5
PART_для	2 7.7
ADV_на	1 3.8
ADP_в	1 3.8
ADV_к	1 3.8
PART_на	1 3.8
ADV_у	1 3.8
----------------------------------------
PROPN_Foreign	13 2.8	0 0.0
ADV_Yes	6 46.2
Other: 
PART_Yes	5 38.5
Other: 
ADP_Yes	2 15.4
Other: 
----------------------------------------
ADJ_Prep	9 0.3	0 0.0
ADP_прежде	5 55.6
ADP_за	2 22.2
PART_в	1 11.1
ADP_в	1 11.1
----------------------------------------
PART_Mood	4 0.3	0 0.0
PART_Cnd	3 75.0
Other: 
ADV_Cnd	1 25.0
Other: 
----------------------------------------
DET_Prep	4 0.3	0 0.0
PART_к	2 50.0
PART_среди	1 25.0
PART_из	1 25.0
----------------------------------------
DET_Animacy	4 0.3	0 0.0
PART_Inan	4 100.0
Other: 
----------------------------------------
ADV_Prep	2 0.0	0 0.0
ADP_в	1 50.0
ADP_за	1 50.0
----------------------------------------
NUM_Prep	2 0.2	0 0.0
ADV_на	1 50.0
ADV_для	1 50.0
----------------------------------------
X_Foreign	2 100.0	0 0.0
PART_Yes	1 50.0
Other: 
ADV_Yes	1 50.0
Other: 
----------------------------------------
PART_Polarity	1 0.1	0 0.0
ADV_Neg	1 100.0
Other: 
----------------------------------------
