NOUN	5627 80.3
PROPN 3516 62.5	NOUN 1930 34.3	VERB 94 1.7	ADJ 41 0.7	ADV 15 0.3	X 11 0.2	PART 8 0.1	PRON 6 0.1	SYM 5 0.1	DET 1 0.0
----------------------------------------
PROPN	1054 15.0
PROPN 552 52.4	NOUN 441 41.8	PART 34 3.2	X 15 1.4	ADJ 6 0.6	VERB 3 0.3	ADP 2 0.2	PRON 1 0.1
----------------------------------------
PRON	123 1.8
NOUN 98 79.7	PROPN 13 10.6	ADJ 5 4.1	VERB 4 3.3	PRON 3 2.4
----------------------------------------
ADJ	60 0.9
ADJ 46 76.7	PROPN 7 11.7	NOUN 6 10.0	ADP 1 1.7
----------------------------------------
NUM	40 0.6
NOUN 23 57.5	PROPN 16 40.0	SYM 1 2.5
----------------------------------------
X	33 0.5
X 28 84.8	PROPN 3 9.1	NOUN 2 6.1
----------------------------------------
VERB	32 0.5
VERB 22 68.8	PROPN 5 15.6	NOUN 3 9.4	PRON 1 3.1	SYM 1 3.1
----------------------------------------
DET	14 0.2
VERB 4 28.6	NOUN 4 28.6	PROPN 2 14.3	ADJ 2 14.3	PRON 1 7.1	ADV 1 7.1
----------------------------------------
ADV	14 0.2
ADV 9 64.3	NOUN 3 21.4	VERB 1 7.1	X 1 7.1
----------------------------------------
PART	4 0.1
PART 3 75.0	NOUN 1 25.0
----------------------------------------
CCONJ	3 0.0
CCONJ 2 66.7	X 1 33.3
----------------------------------------
SYM	2 0.0
PROPN 1 50.0	SYM 1 50.0
----------------------------------------
ADP	1 0.0
NOUN 1 100.0
----------------------------------------

NOUN_Animacy	5627 100.0	4861 94.0
PROPN_Anim	2515 44.7
Other: 
NOUN_Inan	1259 22.4
Other: 
PROPN_Inan	1001 17.8
Other: 
NOUN_Anim	671 11.9
Other: 
VERB_Inan	94 1.7
Other: 
ADJ_Inan	41 0.7
Other: 
ADV_Inan	15 0.3
Other: 
X_Inan	10 0.2
Other: 
PART_Inan	5 0.1
Other: 
SYM_Inan	5 0.1
Other: 
PRON_Inan	4 0.1
Other: 
PART_Anim	3 0.1
Other: 
PRON_Anim	2 0.0
Other: 
DET_Inan	1 0.0
Other: 
X_Anim	1 0.0
Other: 
----------------------------------------
NOUN_Case	5627 100.0	4137 79.4
PROPN_Nom	1889 33.6
Other: 
PROPN_Gen	842 15.0
Other: 
NOUN_Nom	759 13.5
Other: 
NOUN_Gen	548 9.7
Other: 
NOUN_Acc	243 4.3
Other: 
PROPN_Acc	233 4.1
Other: 
PROPN_Ins	228 4.1
Other: 
PROPN_Loc	191 3.4
Other: 
NOUN_Loc	161 2.9
Other: 
PROPN_Dat	133 2.4
Other: 
NOUN_Ins	113 2.0
Other: 
NOUN_Dat	106 1.9
Other: 
VERB_Nom	44 0.8
Other: 
ADJ_Gen	13 0.2
Other: 
VERB_Gen	13 0.2
Other: 
VERB_Acc	12 0.2
Other: 
VERB_Ins	11 0.2
Other: 
ADJ_Nom	10 0.2
Other: 
VERB_Dat	9 0.2
Other: 
ADJ_Acc	6 0.1
Other: 
ADJ_Loc	5 0.1
Other: 
VERB_Loc	5 0.1
Other: 
ADV_Dat	5 0.1
Other: 
ADJ_Dat	5 0.1
Other: 
X_Gen	4 0.1
Other: 
PRON_Nom	4 0.1
Other: 
X_Nom	4 0.1
Other: 
SYM_Gen	4 0.1
Other: 
ADV_Nom	3 0.1
Other: 
PART_Gen	3 0.1
Other: 
ADV_Acc	3 0.1
Other: 
PART_Nom	3 0.1
Other: 
ADV_Gen	2 0.0
Other: 
X_Loc	2 0.0
Other: 
PART_Acc	2 0.0
Other: 
ADJ_Ins	2 0.0
Other: 
ADV_Ins	2 0.0
Other: 
X_Ins	1 0.0
Other: 
PRON_Gen	1 0.0
Other: 
PRON_Acc	1 0.0
Other: 
DET_Acc	1 0.0
Other: 
SYM_Nom	1 0.0
Other: 
----------------------------------------
NOUN_Number	5627 100.0	4956 93.4
PROPN_Sing	3377 60.0
Other: 
NOUN_Sing	1470 26.1
Other: 
NOUN_Plur	460 8.2
Other: 
PROPN_Plur	139 2.5
Other: 
VERB_Sing	87 1.5
Other: 
ADJ_Sing	39 0.7
Other: 
ADV_Sing	14 0.2
Other: 
X_Sing	10 0.2
Other: 
PART_Sing	7 0.1
Other: 
VERB_Plur	7 0.1
Other: 
PRON_Sing	4 0.1
Other: 
SYM_Sing	4 0.1
Other: 
ADJ_Plur	2 0.0
Other: 
PRON_Plur	2 0.0
Other: 
PART_Plur	1 0.0
Other: 
SYM_Plur	1 0.0
Other: 
X_Plur	1 0.0
Other: 
DET_Plur	1 0.0
Other: 
ADV_Plur	1 0.0
Other: 
----------------------------------------
NOUN_Gender	5626 100.0	4029 77.2
PROPN_Masc	2826 50.2
Other: 
NOUN_Masc	1135 20.2
Other: 
NOUN_Fem	602 10.7
Other: 
PROPN_Fem	572 10.2
Other: 
NOUN_Neut	193 3.4
Other: 
PROPN_Neut	117 2.1
Other: 
VERB_Masc	61 1.1
Other: 
VERB_Fem	21 0.4
Other: 
ADJ_Neut	18 0.3
Other: 
ADJ_Masc	15 0.3
Other: 
VERB_Neut	12 0.2
Other: 
ADJ_Fem	8 0.1
Other: 
X_Masc	7 0.1
Other: 
ADV_Fem	7 0.1
Other: 
ADV_Masc	6 0.1
Other: 
PRON_Masc	4 0.1
Other: 
PART_Masc	4 0.1
Other: 
X_Neut	3 0.1
Other: 
SYM_Masc	3 0.1
Other: 
PART_Neut	2 0.0
Other: 
PART_Fem	2 0.0
Other: 
ADV_Neut	2 0.0
Other: 
SYM_Fem	2 0.0
Other: 
PRON_Fem	1 0.0
Other: 
X_Fem	1 0.0
Other: 
DET_Masc	1 0.0
Other: 
PRON_Neut	1 0.0
Other: 
----------------------------------------
NOUN_Prep	1036 18.4	3 12.0
PROPN_в	163 15.7
NOUN_в	144 13.9
PROPN_с	106 10.2
PROPN_на	74 7.1
NOUN_на	61 5.9
NOUN_с	45 4.3
NOUN_по	38 3.7
PROPN_от	27 2.6
NOUN_из	26 2.5
PROPN_по	25 2.4
PROPN_из	24 2.3
NOUN_к	22 2.1
PROPN_у	15 1.4
NOUN_для	14 1.4
PROPN_к	14 1.4
PROPN_со	14 1.4
NOUN_от	12 1.2
PROPN_за	9 0.9
PROPN_между	9 0.9
NOUN_со	9 0.9
NOUN_под	8 0.8
NOUN_у	8 0.8
PROPN_для	7 0.7
NOUN_за	7 0.7
PROPN_о	6 0.6
NOUN_во	6 0.6
VERB_с	6 0.6
PROPN_во	6 0.6
VERB_в	6 0.6
ADJ_в	5 0.5
NOUN_о	5 0.5
VERB_на	5 0.5
VERB_по	5 0.5
PROPN_до	4 0.4
NOUN_об	4 0.4
PROPN_при	4 0.4
PROPN_близ	4 0.4
PROPN_около	3 0.3
NOUN_перед	3 0.3
NOUN_до	3 0.3
PROPN_над	3 0.3
PROPN_против	3 0.3
NOUN_среди	3 0.3
ADV_на	3 0.3
NOUN_между	3 0.3
PROPN_через	3 0.3
NOUN_через	3 0.3
ADV_по	3 0.3
ADJ_по	3 0.3
VERB_к	3 0.3
NOUN_против	2 0.2
PROPN_вокруг	2 0.2
PROPN_под	2 0.2
NOUN_вокруг	2 0.2
X_на	2 0.2
PROPN_про	2 0.2
ADV_к	2 0.2
NOUN_после	2 0.2
ADJ_кроме	1 0.1
ADJ_до	1 0.1
NOUN_плюс	1 0.1
PROPN_вдоль	1 0.1
ADV_от	1 0.1
PROPN_наподобие	1 0.1
NOUN_вблизи	1 0.1
VERB_до	1 0.1
PRON_из	1 0.1
PROPN_подобно	1 0.1
NOUN_кроме	1 0.1
NOUN_вместо	1 0.1
SYM_на	1 0.1
PRON_на	1 0.1
NOUN_прежде	1 0.1
NOUN_вроде	1 0.1
X_после	1 0.1
NOUN_около	1 0.1
NOUN_над	1 0.1
PROPN_вроде	1 0.1
NOUN_благодаря	1 0.1
NOUN_при	1 0.1
NOUN_подобно	1 0.1
X_от	1 0.1
PROPN_благодаря	1 0.1
VERB_под	1 0.1
NOUN_без	1 0.1
ADJ_к	1 0.1
NOUN_мимо	1 0.1
ADJ_близ	1 0.1
ADJ_на	1 0.1
PROPN_вблизи	1 0.1
NOUN_сквозь	1 0.1
PROPN_кроме	1 0.1
----------------------------------------
PROPN_Animacy	982 93.2	851 95.2
PROPN_Anim	402 40.9
Other: 
NOUN_Anim	263 26.8
Other: 
NOUN_Inan	162 16.5
Other: 
PROPN_Inan	109 11.1
Other: 
PART_Anim	34 3.5
Other: 
ADJ_Anim	3 0.3
Other: 
ADP_Anim	2 0.2
Other: 
VERB_Inan	2 0.2
Other: 
ADJ_Inan	2 0.2
Other: 
X_Inan	1 0.1
Other: 
PRON_Anim	1 0.1
Other: 
VERB_Anim	1 0.1
Other: 
----------------------------------------
PROPN_Case	982 93.2	791 88.0
PROPN_Nom	407 41.4
Other: 
NOUN_Nom	266 27.1
Other: 
NOUN_Gen	97 9.9
Other: 
PROPN_Gen	65 6.6
Other: 
NOUN_Acc	23 2.3
Other: 
PART_Nom	17 1.7
Other: 
NOUN_Dat	16 1.6
Other: 
NOUN_Loc	14 1.4
Other: 
PROPN_Dat	11 1.1
Other: 
PROPN_Acc	10 1.0
Other: 
PART_Gen	9 0.9
Other: 
PROPN_Loc	9 0.9
Other: 
PROPN_Ins	9 0.9
Other: 
NOUN_Ins	9 0.9
Other: 
ADJ_Nom	5 0.5
Other: 
PART_Acc	3 0.3
Other: 
VERB_Gen	3 0.3
Other: 
PART_Ins	3 0.3
Other: 
ADP_Gen	2 0.2
Other: 
PART_Dat	2 0.2
Other: 
X_Nom	1 0.1
Other: 
PRON_Nom	1 0.1
Other: 
----------------------------------------
PROPN_Number	982 93.2	832 92.4
PROPN_Sing	510 51.9
Other: 
NOUN_Sing	422 43.0
Other: 
PART_Sing	33 3.4
Other: 
ADJ_Sing	5 0.5
Other: 
NOUN_Plur	3 0.3
Other: 
VERB_Sing	3 0.3
Other: 
ADP_Sing	2 0.2
Other: 
PART_Plur	1 0.1
Other: 
PROPN_Plur	1 0.1
Other: 
X_Sing	1 0.1
Other: 
PRON_Sing	1 0.1
Other: 
----------------------------------------
PROPN_Gender	981 93.1	738 82.3
PROPN_Masc	394 40.2
Other: 
NOUN_Masc	268 27.3
Other: 
PROPN_Fem	100 10.2
Other: 
NOUN_Neut	86 8.8
Other: 
NOUN_Fem	70 7.1
Other: 
PART_Masc	30 3.1
Other: 
PROPN_Neut	17 1.7
Other: 
ADJ_Masc	5 0.5
Other: 
PART_Fem	4 0.4
Other: 
ADP_Masc	2 0.2
Other: 
VERB_Fem	2 0.2
Other: 
X_Neut	1 0.1
Other: 
PRON_Masc	1 0.1
Other: 
VERB_Masc	1 0.1
Other: 
----------------------------------------
PRON_Case	123 100.0	114 96.6
NOUN_Nom	78 63.4
Other: 
NOUN_Dat	8 6.5
Other: 
PROPN_Nom	6 4.9
Other: 
NOUN_Gen	5 4.1
Other: 
PROPN_Dat	4 3.3
Other: 
ADJ_Nom	4 3.3
Other: 
VERB_Nom	4 3.3
Other: 
NOUN_Acc	3 2.4
Other: 
PRON_Nom	2 1.6
Other: 
NOUN_Loc	2 1.6
Other: 
NOUN_Ins	2 1.6
Other: 
PROPN_Acc	2 1.6
Other: 
PRON_Gen	1 0.8
Other: 
ADJ_Acc	1 0.8
Other: 
PROPN_Loc	1 0.8
Other: 
PRON_Dat	0 0.0
Other: 
PRON_Acc	0 0.0
Other: 
PRON_Loc	0 0.0
Other: 
PRON_Ins	0 0.0
Other: 
----------------------------------------
PRON_Number	116 94.3	107 92.2
NOUN_Sing	57 49.1
Other: 
NOUN_Plur	35 30.2
Other: 
PROPN_Sing	13 11.2
Other: 
ADJ_Sing	4 3.4
Other: 
VERB_Sing	4 3.4
Other: 
PRON_Sing	1 0.9
Other: 
PRON_Plur	1 0.9
Other: 
ADJ_Plur	1 0.9
Other: 
----------------------------------------
PRON_Person	105 85.4	0 0.0
NOUN_3	56 53.3
Other: 
NOUN_1	28 26.7
Other: 
PROPN_3	13 12.4
Other: 
NOUN_2	4 3.8
Other: 
PRON_3	2 1.9
Other: 
ADJ_3	2 1.9
Other: 
----------------------------------------
PRON_Gender	67 54.5	61 93.8
NOUN_Masc	25 37.3
Other: 
NOUN_Fem	12 17.9
Other: 
PROPN_Masc	10 14.9
Other: 
NOUN_Neut	8 11.9
Other: 
VERB_Neut	4 6.0
Other: 
PROPN_Fem	3 4.5
Other: 
ADJ_Neut	3 4.5
Other: 
PRON_Neut	1 1.5
Other: 
ADJ_Masc	1 1.5
Other: 
PRON_Masc	0 0.0
Other: 
PRON_Fem	0 0.0
Other: 
----------------------------------------
ADJ_Degree	58 96.7	46 100.0
ADJ_Pos	46 79.3
Other: 
NOUN_Pos	6 10.3
Other: 
PROPN_Pos	5 8.6
Other: 
ADP_Pos	1 1.7
Other: 
----------------------------------------
ADJ_Number	58 96.7	56 98.2
ADJ_Sing	34 58.6
Other: 
ADJ_Plur	12 20.7
Other: 
NOUN_Sing	6 10.3
Other: 
PROPN_Sing	5 8.6
Other: 
ADP_Plur	1 1.7
Other: 
----------------------------------------
ADJ_Case	56 93.3	52 94.5
ADJ_Nom	12 21.4
Other: 
ADJ_Acc	12 21.4
Other: 
ADJ_Gen	11 19.6
Other: 
NOUN_Nom	6 10.7
Other: 
ADJ_Ins	6 10.7
Other: 
PROPN_Nom	3 5.4
Other: 
ADJ_Loc	2 3.6
Other: 
PROPN_Acc	2 3.6
Other: 
ADP_Nom	1 1.8
Other: 
ADJ_Dat	1 1.8
Other: 
----------------------------------------
PROPN_Prep	54 5.1	2 25.0
NOUN_в	13 24.1
PROPN_в	9 16.7
NOUN_на	4 7.4
NOUN_с	3 5.6
PROPN_из	3 5.6
PROPN_с	3 5.6
PROPN_за	3 5.6
ADP_да	2 3.7
X_через	2 3.7
PART_с	2 3.7
NOUN_о	1 1.9
NOUN_прежде	1 1.9
NOUN_для	1 1.9
PROPN_о	1 1.9
PROPN_вроде	1 1.9
NOUN_по	1 1.9
NOUN_к	1 1.9
NOUN_из	1 1.9
PROPN_к	1 1.9
NOUN_от	1 1.9
----------------------------------------
PROPN_Foreign	47 4.5	31 100.0
PROPN_Yes	26 55.3
Other: 
X_Yes	14 29.8
Other: 
NOUN_Yes	7 14.9
Other: 
----------------------------------------
ADJ_Gender	45 75.0	43 95.6
ADJ_Fem	17 37.8
Other: 
ADJ_Neut	9 20.0
Other: 
ADJ_Masc	8 17.8
Other: 
NOUN_Masc	3 6.7
Other: 
PROPN_Fem	3 6.7
Other: 
NOUN_Fem	2 4.4
Other: 
PROPN_Masc	2 4.4
Other: 
NOUN_Neut	1 2.2
Other: 
----------------------------------------
NUM_Case	35 87.5	33 97.1
NOUN_Nom	14 40.0
Other: 
PROPN_Nom	10 28.6
Other: 
NOUN_Acc	4 11.4
Other: 
PROPN_Gen	3 8.6
Other: 
NOUN_Gen	3 8.6
Other: 
PROPN_Dat	1 2.9
Other: 
NUM_Nom	0 0.0
Other: 
NUM_Acc	0 0.0
Other: 
NUM_Gen	0 0.0
Other: 
NUM_Dat	0 0.0
Other: 
----------------------------------------
NUM_Gender	35 87.5	32 94.1
NOUN_Masc	18 51.4
Other: 
PROPN_Masc	13 37.1
Other: 
NOUN_Fem	3 8.6
Other: 
PROPN_Fem	1 2.9
Other: 
NUM_Masc	0 0.0
Other: 
NUM_Fem	0 0.0
Other: 
----------------------------------------
X_Foreign	33 100.0	29 100.0
X_Yes	28 84.8
Other: 
PROPN_Yes	3 9.1
Other: 
NOUN_Yes	2 6.1
Other: 
----------------------------------------
VERB_Aspect	31 96.9	22 100.0
VERB_Imp	12 38.7
Other: 
VERB_Perf	10 32.3
Other: 
PROPN_Imp	4 12.9
Other: 
NOUN_Perf	2 6.5
Other: 
PRON_Imp	1 3.2
Other: 
NOUN_Imp	1 3.2
Other: 
SYM_Imp	1 3.2
Other: 
----------------------------------------
VERB_VerbForm	31 96.9	22 100.0
VERB_Fin	14 45.2
Other: 
VERB_Inf	6 19.4
Other: 
PROPN_Part	3 9.7
Other: 
VERB_Part	2 6.5
Other: 
PRON_Fin	1 3.2
Other: 
NOUN_Fin	1 3.2
Other: 
NOUN_Part	1 3.2
Other: 
NOUN_Inf	1 3.2
Other: 
SYM_Fin	1 3.2
Other: 
PROPN_Fin	1 3.2
Other: 
----------------------------------------
VERB_Voice	31 96.9	18 81.8
VERB_Act	13 41.9
Other: 
VERB_Mid	6 19.4
Other: 
PROPN_Act	4 12.9
Other: 
VERB_Pass	3 9.7
Other: 
NOUN_Act	2 6.5
Other: 
PRON_Act	1 3.2
Other: 
NOUN_Pass	1 3.2
Other: 
SYM_Act	1 3.2
Other: 
----------------------------------------
VERB_Number	24 75.0	23 100.0
VERB_Sing	11 45.8
Other: 
VERB_Plur	5 20.8
Other: 
PROPN_Sing	4 16.7
Other: 
PRON_Sing	1 4.2
Other: 
NOUN_Plur	1 4.2
Other: 
NOUN_Sing	1 4.2
Other: 
SYM_Sing	1 4.2
Other: 
----------------------------------------
VERB_Tense	23 71.9	15 100.0
VERB_Pres	7 30.4
Other: 
VERB_Past	5 21.7
Other: 
PROPN_Pres	4 17.4
Other: 
VERB_Fut	3 13.0
Other: 
NOUN_Past	2 8.7
Other: 
PRON_Past	1 4.3
Other: 
SYM_Pres	1 4.3
Other: 
----------------------------------------
VERB_Mood	18 56.2	14 100.0
VERB_Ind	13 72.2
Other: 
PRON_Ind	1 5.6
Other: 
NOUN_Ind	1 5.6
Other: 
VERB_Imp	1 5.6
Other: 
SYM_Ind	1 5.6
Other: 
PROPN_Ind	1 5.6
Other: 
----------------------------------------
ADV_Degree	14 100.0	9 100.0
ADV_Pos	9 64.3
Other: 
NOUN_Pos	3 21.4
Other: 
VERB_Pos	1 7.1
Other: 
X_Pos	1 7.1
Other: 
----------------------------------------
VERB_Person	13 40.6	11 100.0
VERB_3	10 76.9
Other: 
VERB_2	1 7.7
Other: 
SYM_3	1 7.7
Other: 
PROPN_3	1 7.7
Other: 
----------------------------------------
DET_Number	12 85.7	10 90.9
VERB_Sing	4 33.3
Other: 
NOUN_Plur	2 16.7
Other: 
NOUN_Sing	2 16.7
Other: 
PROPN_Sing	1 8.3
Other: 
PRON_Sing	1 8.3
Other: 
ADV_Plur	1 8.3
Other: 
ADJ_Sing	1 8.3
Other: 
DET_Sing	0 0.0
Other: 
DET_Plur	0 0.0
Other: 
----------------------------------------
DET_Case	12 85.7	5 71.4
VERB_Nom	3 25.0
Other: 
NOUN_Nom	3 25.0
Other: 
PROPN_Gen	1 8.3
Other: 
PRON_Gen	1 8.3
Other: 
ADV_Nom	1 8.3
Other: 
VERB_Gen	1 8.3
Other: 
ADJ_Acc	1 8.3
Other: 
NOUN_Ins	1 8.3
Other: 
DET_Gen	0 0.0
Other: 
DET_Nom	0 0.0
Other: 
DET_Acc	0 0.0
Other: 
DET_Ins	0 0.0
Other: 
----------------------------------------
PRON_Animacy	11 8.9	4 100.0
NOUN_Inan	4 36.4
Other: 
VERB_Inan	4 36.4
Other: 
ADJ_Inan	3 27.3
Other: 
PRON_Inan	0 0.0
Other: 
----------------------------------------
PRON_Prep	10 8.1	0 0.0
NOUN_к	2 20.0
NOUN_для	2 20.0
NOUN_от	1 10.0
NOUN_с	1 10.0
NOUN_кроме	1 10.0
PROPN_при	1 10.0
PROPN_к	1 10.0
NOUN_в	1 10.0
----------------------------------------
DET_Gender	9 64.3	5 100.0
VERB_Masc	4 44.4
Other: 
NOUN_Fem	2 22.2
Other: 
PROPN_Masc	1 11.1
Other: 
PRON_Neut	1 11.1
Other: 
ADJ_Fem	1 11.1
Other: 
DET_Masc	0 0.0
Other: 
DET_Fem	0 0.0
Other: 
----------------------------------------
VERB_Gender	8 25.0	6 75.0
VERB_Masc	3 37.5
Other: 
PROPN_Masc	3 37.5
Other: 
PRON_Fem	1 12.5
Other: 
NOUN_Masc	1 12.5
Other: 
VERB_Fem	0 0.0
Other: 
----------------------------------------
ADJ_Animacy	6 10.0	6 100.0
ADJ_Inan	5 83.3
Other: 
NOUN_Inan	1 16.7
Other: 
----------------------------------------
VERB_Case	4 12.5	4 100.0
PROPN_Nom	2 50.0
Other: 
VERB_Nom	1 25.0
Other: 
PROPN_Gen	1 25.0
Other: 
VERB_Gen	0 0.0
Other: 
----------------------------------------
ADJ_Prep	3 5.0	0 0.0
ADJ_на	1 33.3
ADJ_в	1 33.3
ADJ_к	1 33.3
----------------------------------------
NUM_Animacy	2 5.0	2 100.0
NOUN_Inan	1 50.0
Other: 
NOUN_Anim	1 50.0
Other: 
NUM_Inan	0 0.0
Other: 
NUM_Anim	0 0.0
Other: 
----------------------------------------
VERB_Variant	2 6.2	1 100.0
NOUN_Short	1 50.0
Other: 
VERB_Short	1 50.0
Other: 
----------------------------------------
ADJ_Variant	2 3.3	2 100.0
ADJ_Short	2 100.0
Other: 
----------------------------------------
SYM_Prep	1 50.0	0 0.0
PROPN_до	1 100.0
----------------------------------------
X_Prep	1 3.0	0 0.0
X_в	1 100.0
----------------------------------------
NUM_Prep	1 2.5	0 0.0
NOUN_на	1 100.0
----------------------------------------
