VERB	1720 86.7
PART 943 54.8	AUX 777 45.2
----------------------------------------
ADJ	141 7.1
PART 141 100.0
----------------------------------------
ADV	65 3.3
PART 65 100.0
----------------------------------------
NOUN	42 2.1
PART 42 100.0
----------------------------------------
PRON	7 0.4
PART 7 100.0
----------------------------------------
PART	3 0.2
PART 3 100.0
----------------------------------------
DET	3 0.2
PART 3 100.0
----------------------------------------
PROPN	2 0.1
PART 2 100.0
----------------------------------------
NUM	1 0.1
NOUN 1 100.0
----------------------------------------

VERB_Aspect	1720 100.0	777 100.0
AUX_Imp	777 45.2
Other: 
PART_Imp	480 27.9
Other: 
PART_Perf	463 26.9
Other: 
VERB_Imp	0 0.0
Other: 
----------------------------------------
VERB_VerbForm	1720 100.0	0 0.0
PART_Fin	856 49.8
Other: 
AUX_Inf	777 45.2
Other: 
PART_Inf	65 3.8
Other: 
PART_Part	21 1.2
Other: 
PART_Conv	1 0.1
Other: 
VERB_Inf	0 0.0
Other: 
----------------------------------------
VERB_Voice	1720 100.0	589 75.8
PART_Act	696 40.5
Other: 
AUX_Act	589 34.2
Other: 
PART_Mid	215 12.5
Other: 
AUX_Mid	188 10.9
Other: 
PART_Pass	32 1.9
Other: 
VERB_Act	0 0.0
Other: 
VERB_Mid	0 0.0
Other: 
----------------------------------------
VERB_Tense	878 51.0	0 0.0
PART_Past	873 99.4
Other: 
PART_Pres	5 0.6
Other: 
----------------------------------------
VERB_Number	877 51.0	0 0.0
PART_Sing	636 72.5
Other: 
PART_Plur	241 27.5
Other: 
----------------------------------------
VERB_Mood	856 49.8	0 0.0
PART_Ind	856 100.0
Other: 
VERB_Ind	0 0.0
Other: 
----------------------------------------
VERB_Gender	633 36.8	0 0.0
PART_Masc	308 48.7
Other: 
PART_Neut	209 33.0
Other: 
PART_Fem	116 18.3
Other: 
----------------------------------------
ADJ_Degree	141 100.0	0 0.0
PART_Pos	117 83.0
Other: 
PART_Cmp	24 17.0
Other: 
----------------------------------------
ADJ_Number	117 83.0	0 0.0
PART_Sing	96 82.1
Other: 
PART_Plur	21 17.9
Other: 
----------------------------------------
ADJ_Gender	96 68.1	0 0.0
PART_Neut	57 59.4
Other: 
PART_Masc	30 31.2
Other: 
PART_Fem	9 9.4
Other: 
----------------------------------------
ADJ_Variant	92 65.2	0 0.0
PART_Short	92 100.0
Other: 
----------------------------------------
ADV_Degree	65 100.0	0 0.0
PART_Pos	65 100.0
Other: 
----------------------------------------
NOUN_Animacy	42 100.0	0 0.0
PART_Inan	35 83.3
Other: 
PART_Anim	7 16.7
Other: 
----------------------------------------
NOUN_Case	42 100.0	0 0.0
PART_Ins	23 54.8
Other: 
PART_Nom	7 16.7
Other: 
PART_Loc	4 9.5
Other: 
PART_Acc	3 7.1
Other: 
PART_Gen	2 4.8
Other: 
PART_Dat	2 4.8
Other: 
PART_Par	1 2.4
Other: 
----------------------------------------
NOUN_Gender	42 100.0	0 0.0
PART_Masc	15 35.7
Other: 
PART_Fem	15 35.7
Other: 
PART_Neut	12 28.6
Other: 
----------------------------------------
NOUN_Number	42 100.0	0 0.0
PART_Sing	33 78.6
Other: 
PART_Plur	9 21.4
Other: 
----------------------------------------
ADJ_Case	25 17.7	0 0.0
PART_Ins	23 92.0
Other: 
PART_Dat	1 4.0
Other: 
PART_Nom	1 4.0
Other: 
----------------------------------------
VERB_Variant	19 1.1	0 0.0
PART_Short	19 100.0
Other: 
----------------------------------------
PRON_Case	7 100.0	0 0.0
PART_Ins	3 42.9
Other: 
PART_Nom	2 28.6
Other: 
PART_Loc	1 14.3
Other: 
PART_Gen	1 14.3
Other: 
----------------------------------------
VERB_Prep	6 0.3	0 0.0
PART_в	3 50.0
PART_прежде	1 16.7
AUX_в	1 16.7
PART_между	1 16.7
----------------------------------------
PRON_Gender	4 57.1	0 0.0
PART_Masc	3 75.0
Other: 
PART_Neut	1 25.0
Other: 
----------------------------------------
PRON_Number	4 57.1	0 0.0
PART_Sing	4 100.0
Other: 
----------------------------------------
VERB_Person	4 0.2	0 0.0
PART_3	4 100.0
Other: 
----------------------------------------
PRON_Person	3 42.9	0 0.0
PART_3	3 100.0
Other: 
----------------------------------------
DET_Case	3 100.0	0 0.0
PART_Ins	2 66.7
Other: 
PART_Gen	1 33.3
Other: 
----------------------------------------
DET_Gender	3 100.0	0 0.0
PART_Fem	3 100.0
Other: 
----------------------------------------
DET_Number	3 100.0	0 0.0
PART_Sing	3 100.0
Other: 
----------------------------------------
PRON_Prep	2 28.6	0 0.0
PART_о	1 50.0
PART_с	1 50.0
----------------------------------------
PROPN_Animacy	2 100.0	0 0.0
PART_Inan	1 50.0
Other: 
PART_Anim	1 50.0
Other: 
----------------------------------------
PROPN_Case	2 100.0	0 0.0
PART_Ins	1 50.0
Other: 
PART_Nom	1 50.0
Other: 
----------------------------------------
PROPN_Gender	2 100.0	0 0.0
PART_Masc	2 100.0
Other: 
----------------------------------------
PROPN_Number	2 100.0	0 0.0
PART_Sing	2 100.0
Other: 
----------------------------------------
VERB_Case	2 0.1	0 0.0
PART_Acc	1 50.0
Other: 
PART_Nom	1 50.0
Other: 
----------------------------------------
PRON_Animacy	1 14.3	0 0.0
PART_Inan	1 100.0
Other: 
----------------------------------------
NOUN_Prep	1 2.4	0 0.0
PART_без	1 100.0
----------------------------------------
