VERB	3987 86.6
VERB 3062 76.8	ADJ 467 11.7	NOUN 282 7.1	ADV 113 2.8	PRON 34 0.9	PROPN 12 0.3	NUM 8 0.2	PART 4 0.1	SCONJ 2 0.1	DET 2 0.1	SYM 1 0.0
----------------------------------------
ADJ	466 10.1
VERB 354 76.0	ADJ 62 13.3	NOUN 31 6.7	ADV 14 3.0	NUM 2 0.4	PROPN 2 0.4	SCONJ 1 0.2
----------------------------------------
NOUN	66 1.4
VERB 50 75.8	ADJ 9 13.6	ADV 3 4.5	NOUN 2 3.0	PRON 1 1.5	PROPN 1 1.5
----------------------------------------
DET	51 1.1
VERB 43 84.3	ADJ 5 9.8	NOUN 1 2.0	ADV 1 2.0	PROPN 1 2.0
----------------------------------------
ADV	35 0.8
VERB 30 85.7	NOUN 3 8.6	SCONJ 1 2.9	ADJ 1 2.9
----------------------------------------
X	1 0.0
ADJ 1 100.0
----------------------------------------

VERB_Aspect	3987 100.0	1533 50.1
VERB_Imp	1618 40.6
Other: 
VERB_Perf	1444 36.2
Other: 
ADJ_Imp	262 6.6
Other: 
ADJ_Perf	205 5.1
Other: 
NOUN_Imp	158 4.0
Other: 
NOUN_Perf	124 3.1
Other: 
ADV_Imp	66 1.7
Other: 
ADV_Perf	47 1.2
Other: 
PRON_Imp	19 0.5
Other: 
PRON_Perf	15 0.4
Other: 
PROPN_Perf	7 0.2
Other: 
NUM_Imp	6 0.2
Other: 
PROPN_Imp	5 0.1
Other: 
PART_Imp	4 0.1
Other: 
NUM_Perf	2 0.1
Other: 
DET_Imp	2 0.1
Other: 
SCONJ_Perf	1 0.0
Other: 
SCONJ_Imp	1 0.0
Other: 
SYM_Imp	1 0.0
Other: 
----------------------------------------
VERB_VerbForm	3987 100.0	2040 66.6
VERB_Fin	2272 57.0
Other: 
VERB_Inf	611 15.3
Other: 
ADJ_Fin	376 9.4
Other: 
NOUN_Fin	218 5.5
Other: 
VERB_Conv	99 2.5
Other: 
ADV_Fin	95 2.4
Other: 
VERB_Part	80 2.0
Other: 
ADJ_Inf	62 1.6
Other: 
NOUN_Inf	50 1.3
Other: 
PRON_Fin	28 0.7
Other: 
ADJ_Part	15 0.4
Other: 
ADJ_Conv	14 0.4
Other: 
ADV_Inf	10 0.3
Other: 
PROPN_Fin	8 0.2
Other: 
NOUN_Conv	8 0.2
Other: 
NOUN_Part	6 0.2
Other: 
ADV_Conv	5 0.1
Other: 
NUM_Fin	5 0.1
Other: 
PRON_Inf	4 0.1
Other: 
PART_Fin	4 0.1
Other: 
ADV_Part	3 0.1
Other: 
PROPN_Inf	2 0.1
Other: 
NUM_Conv	2 0.1
Other: 
NUM_Inf	1 0.0
Other: 
SCONJ_Inf	1 0.0
Other: 
SCONJ_Fin	1 0.0
Other: 
PRON_Part	1 0.0
Other: 
SYM_Fin	1 0.0
Other: 
PROPN_Part	1 0.0
Other: 
DET_Fin	1 0.0
Other: 
PROPN_Conv	1 0.0
Other: 
PRON_Conv	1 0.0
Other: 
DET_Inf	1 0.0
Other: 
----------------------------------------
VERB_Voice	3987 100.0	1807 59.0
VERB_Act	2530 63.5
Other: 
VERB_Mid	401 10.1
Other: 
ADJ_Act	383 9.6
Other: 
NOUN_Act	229 5.7
Other: 
VERB_Pass	131 3.3
Other: 
ADV_Act	98 2.5
Other: 
ADJ_Mid	60 1.5
Other: 
NOUN_Mid	44 1.1
Other: 
PRON_Act	30 0.8
Other: 
ADJ_Pass	24 0.6
Other: 
ADV_Mid	12 0.3
Other: 
PROPN_Act	11 0.3
Other: 
NOUN_Pass	9 0.2
Other: 
NUM_Act	6 0.2
Other: 
PRON_Mid	4 0.1
Other: 
ADV_Pass	3 0.1
Other: 
SCONJ_Act	2 0.1
Other: 
PART_Mid	2 0.1
Other: 
DET_Act	2 0.1
Other: 
PART_Act	2 0.1
Other: 
NUM_Mid	1 0.0
Other: 
SYM_Act	1 0.0
Other: 
NUM_Pass	1 0.0
Other: 
PROPN_Mid	1 0.0
Other: 
----------------------------------------
VERB_Tense	3214 80.6	1027 43.7
VERB_Past	1237 38.5
Other: 
VERB_Pres	1040 32.4
Other: 
ADJ_Pres	201 6.3
Other: 
ADJ_Past	194 6.0
Other: 
VERB_Fut	149 4.6
Other: 
NOUN_Pres	111 3.5
Other: 
NOUN_Past	107 3.3
Other: 
ADV_Past	57 1.8
Other: 
ADV_Pres	41 1.3
Other: 
PRON_Past	17 0.5
Other: 
NOUN_Fut	11 0.3
Other: 
PRON_Pres	10 0.3
Other: 
ADJ_Fut	8 0.2
Other: 
PROPN_Pres	5 0.2
Other: 
ADV_Fut	5 0.2
Other: 
PROPN_Past	5 0.2
Other: 
NUM_Pres	4 0.1
Other: 
PRON_Fut	3 0.1
Other: 
NUM_Past	3 0.1
Other: 
PART_Pres	3 0.1
Other: 
SCONJ_Pres	1 0.0
Other: 
SYM_Pres	1 0.0
Other: 
PART_Past	1 0.0
Other: 
----------------------------------------
VERB_Number	3115 78.1	1802 62.1
VERB_Sing	1665 53.5
Other: 
VERB_Plur	687 22.1
Other: 
ADJ_Sing	293 9.4
Other: 
NOUN_Sing	152 4.9
Other: 
ADJ_Plur	98 3.1
Other: 
NOUN_Plur	72 2.3
Other: 
ADV_Sing	65 2.1
Other: 
ADV_Plur	33 1.1
Other: 
PRON_Sing	21 0.7
Other: 
PRON_Plur	8 0.3
Other: 
PROPN_Sing	6 0.2
Other: 
NUM_Sing	4 0.1
Other: 
PART_Sing	3 0.1
Other: 
PROPN_Plur	3 0.1
Other: 
NUM_Plur	1 0.0
Other: 
SCONJ_Sing	1 0.0
Other: 
SYM_Plur	1 0.0
Other: 
DET_Plur	1 0.0
Other: 
PART_Plur	1 0.0
Other: 
----------------------------------------
VERB_Mood	3009 75.5	1989 98.9
VERB_Ind	2247 74.7
Other: 
ADJ_Ind	374 12.4
Other: 
NOUN_Ind	215 7.1
Other: 
ADV_Ind	95 3.2
Other: 
PRON_Ind	28 0.9
Other: 
VERB_Imp	25 0.8
Other: 
PROPN_Ind	8 0.3
Other: 
NUM_Ind	5 0.2
Other: 
PART_Ind	4 0.1
Other: 
NOUN_Imp	3 0.1
Other: 
ADJ_Imp	2 0.1
Other: 
SCONJ_Ind	1 0.0
Other: 
SYM_Ind	1 0.0
Other: 
DET_Imp	1 0.0
Other: 
----------------------------------------
VERB_Person	1541 38.7	486 68.9
VERB_3	763 49.5
Other: 
VERB_1	305 19.8
Other: 
ADJ_3	152 9.9
Other: 
VERB_2	83 5.4
Other: 
NOUN_3	77 5.0
Other: 
ADJ_1	45 2.9
Other: 
NOUN_1	35 2.3
Other: 
ADV_3	31 2.0
Other: 
NOUN_2	9 0.6
Other: 
ADJ_2	7 0.5
Other: 
ADV_1	7 0.5
Other: 
PRON_3	5 0.3
Other: 
PRON_1	4 0.3
Other: 
ADV_2	3 0.2
Other: 
PROPN_3	3 0.2
Other: 
NUM_3	2 0.1
Other: 
PRON_2	2 0.1
Other: 
PART_1	2 0.1
Other: 
PROPN_1	1 0.1
Other: 
NUM_1	1 0.1
Other: 
SCONJ_3	1 0.1
Other: 
PART_3	1 0.1
Other: 
SYM_1	1 0.1
Other: 
DET_2	1 0.1
Other: 
----------------------------------------
VERB_Gender	1237 31.0	215 44.1
VERB_Masc	577 46.6
Other: 
VERB_Neut	262 21.2
Other: 
VERB_Fem	103 8.3
Other: 
ADJ_Masc	82 6.6
Other: 
NOUN_Masc	45 3.6
Other: 
ADJ_Neut	45 3.6
Other: 
NOUN_Neut	28 2.3
Other: 
ADV_Masc	28 2.3
Other: 
ADJ_Fem	23 1.9
Other: 
ADV_Neut	11 0.9
Other: 
PRON_Masc	9 0.7
Other: 
NOUN_Fem	8 0.6
Other: 
ADV_Fem	5 0.4
Other: 
PRON_Neut	4 0.3
Other: 
NUM_Neut	2 0.2
Other: 
PROPN_Masc	2 0.2
Other: 
PRON_Fem	1 0.1
Other: 
PROPN_Neut	1 0.1
Other: 
PART_Masc	1 0.1
Other: 
----------------------------------------
ADJ_Degree	466 100.0	70 92.1
VERB_Pos	347 74.5
Other: 
ADJ_Pos	61 13.1
Other: 
NOUN_Pos	31 6.7
Other: 
ADV_Pos	14 3.0
Other: 
VERB_Cmp	7 1.5
Other: 
NUM_Pos	2 0.4
Other: 
PROPN_Pos	2 0.4
Other: 
SCONJ_Cmp	1 0.2
Other: 
ADJ_Cmp	1 0.2
Other: 
----------------------------------------
ADJ_Number	457 98.1	273 63.9
VERB_Sing	322 70.5
Other: 
ADJ_Sing	48 10.5
Other: 
NOUN_Sing	27 5.9
Other: 
VERB_Plur	25 5.5
Other: 
ADJ_Plur	13 2.8
Other: 
ADV_Sing	12 2.6
Other: 
NOUN_Plur	4 0.9
Other: 
NUM_Sing	2 0.4
Other: 
ADV_Plur	2 0.4
Other: 
PROPN_Sing	2 0.4
Other: 
----------------------------------------
ADJ_Variant	439 94.2	63 100.0
VERB_Short	330 75.2
Other: 
ADJ_Short	60 13.7
Other: 
NOUN_Short	31 7.1
Other: 
ADV_Short	14 3.2
Other: 
NUM_Short	2 0.5
Other: 
PROPN_Short	2 0.5
Other: 
----------------------------------------
ADJ_Gender	413 88.6	50 33.1
VERB_Neut	264 63.9
Other: 
ADJ_Neut	40 9.7
Other: 
VERB_Masc	39 9.4
Other: 
NOUN_Neut	22 5.3
Other: 
VERB_Fem	19 4.6
Other: 
ADV_Neut	8 1.9
Other: 
ADJ_Masc	6 1.5
Other: 
NOUN_Masc	5 1.2
Other: 
ADV_Masc	3 0.7
Other: 
ADJ_Fem	2 0.5
Other: 
NUM_Neut	2 0.5
Other: 
PROPN_Masc	1 0.2
Other: 
ADV_Fem	1 0.2
Other: 
PROPN_Neut	1 0.2
Other: 
----------------------------------------
VERB_Variant	83 2.1	16 100.0
VERB_Short	68 81.9
Other: 
ADJ_Short	10 12.0
Other: 
NOUN_Short	4 4.8
Other: 
ADV_Short	1 1.2
Other: 
----------------------------------------
NOUN_Number	66 100.0	37 58.7
VERB_Sing	50 75.8
Other: 
ADJ_Sing	9 13.6
Other: 
ADV_Sing	3 4.5
Other: 
NOUN_Sing	2 3.0
Other: 
PRON_Sing	1 1.5
Other: 
PROPN_Sing	1 1.5
Other: 
----------------------------------------
NOUN_Animacy	66 100.0	1 33.3
VERB_Inan	50 75.8
Other: 
ADJ_Inan	9 13.6
Other: 
ADV_Inan	3 4.5
Other: 
NOUN_Inan	2 3.0
Other: 
PRON_Inan	1 1.5
Other: 
PROPN_Inan	1 1.5
Other: 
----------------------------------------
NOUN_Case	66 100.0	2 33.3
VERB_Nom	46 69.7
Other: 
ADJ_Nom	9 13.6
Other: 
ADV_Nom	3 4.5
Other: 
NOUN_Nom	2 3.0
Other: 
VERB_Ins	2 3.0
Other: 
PRON_Nom	1 1.5
Other: 
VERB_Acc	1 1.5
Other: 
VERB_Dat	1 1.5
Other: 
PROPN_Nom	1 1.5
Other: 
----------------------------------------
NOUN_Gender	66 100.0	7 35.0
VERB_Neut	20 30.3
Other: 
VERB_Masc	16 24.2
Other: 
VERB_Fem	14 21.2
Other: 
ADJ_Neut	8 12.1
Other: 
ADV_Neut	3 4.5
Other: 
NOUN_Masc	1 1.5
Other: 
PRON_Neut	1 1.5
Other: 
NOUN_Neut	1 1.5
Other: 
ADJ_Masc	1 1.5
Other: 
PROPN_Fem	1 1.5
Other: 
NOUN_Fem	0 0.0
Other: 
----------------------------------------
DET_Number	51 100.0	25 50.0
VERB_Sing	31 60.8
Other: 
VERB_Plur	12 23.5
Other: 
ADJ_Sing	5 9.8
Other: 
NOUN_Sing	1 2.0
Other: 
ADV_Sing	1 2.0
Other: 
PROPN_Sing	1 2.0
Other: 
DET_Sing	0 0.0
Other: 
DET_Plur	0 0.0
Other: 
----------------------------------------
DET_Case	51 100.0	0 0.0
VERB_Ins	16 31.4
Other: 
VERB_Nom	11 21.6
Other: 
VERB_Acc	8 15.7
Other: 
VERB_Gen	7 13.7
Other: 
ADJ_Ins	3 5.9
Other: 
ADJ_Nom	1 2.0
Other: 
VERB_Dat	1 2.0
Other: 
ADJ_Gen	1 2.0
Other: 
NOUN_Gen	1 2.0
Other: 
ADV_Ins	1 2.0
Other: 
PROPN_Ins	1 2.0
Other: 
DET_Gen	0 0.0
Other: 
DET_Ins	0 0.0
Other: 
----------------------------------------
DET_Gender	39 76.5	5 26.3
VERB_Masc	14 35.9
Other: 
VERB_Fem	12 30.8
Other: 
VERB_Neut	5 12.8
Other: 
ADJ_Fem	3 7.7
Other: 
ADJ_Masc	2 5.1
Other: 
NOUN_Neut	1 2.6
Other: 
ADV_Neut	1 2.6
Other: 
PROPN_Fem	1 2.6
Other: 
DET_Masc	0 0.0
Other: 
DET_Fem	0 0.0
Other: 
DET_Neut	0 0.0
Other: 
----------------------------------------
ADV_Degree	35 100.0	1 100.0
VERB_Pos	30 85.7
Other: 
NOUN_Pos	3 8.6
Other: 
SCONJ_Cmp	1 2.9
Other: 
ADJ_Pos	1 2.9
Other: 
ADV_Pos	0 0.0
Other: 
----------------------------------------
VERB_Prep	29 0.7	0 0.0
VERB_в	19 65.5
ADJ_в	4 13.8
VERB_до	2 6.9
ADJ_прежде	1 3.4
VERB_прежде	1 3.4
DET_в	1 3.4
ADJ_до	1 3.4
----------------------------------------
VERB_Case	23 0.6	0 0.0
VERB_Nom	5 21.7
Other: 
VERB_Gen	5 21.7
Other: 
ADJ_Nom	3 13.0
Other: 
ADJ_Gen	2 8.7
Other: 
PRON_Nom	1 4.3
Other: 
PROPN_Gen	1 4.3
Other: 
VERB_Ins	1 4.3
Other: 
ADV_Acc	1 4.3
Other: 
NOUN_Loc	1 4.3
Other: 
ADV_Nom	1 4.3
Other: 
VERB_Acc	1 4.3
Other: 
NOUN_Gen	1 4.3
Other: 
VERB_Loc	0 0.0
Other: 
----------------------------------------
ADJ_Case	18 3.9	0 0.0
VERB_Nom	14 77.8
Other: 
VERB_Ins	3 16.7
Other: 
ADJ_Nom	1 5.6
Other: 
----------------------------------------
VERB_Animacy	2 0.1	0 0.0
ADV_Inan	1 50.0
Other: 
VERB_Inan	1 50.0
Other: 
----------------------------------------
X_Foreign	1 100.0	0 0.0
ADJ_Yes	1 100.0
Other: 
----------------------------------------
X_Prep	1 100.0	0 0.0
ADJ_на	1 100.0
----------------------------------------
NOUN_Prep	1 1.5	0 0.0
VERB_по	1 100.0
----------------------------------------
ADJ_Prep	1 0.2	0 0.0
VERB_за	1 100.0
----------------------------------------
