ADJ	1713 42.6
AUX 1688 98.5	PRON 25 1.5
----------------------------------------
NOUN	1609 40.0
AUX 1191 74.0	PRON 414 25.7	PART 3 0.2	SYM 1 0.1
----------------------------------------
ADV	392 9.7
AUX 388 99.0	PRON 4 1.0
----------------------------------------
PRON	116 2.9
AUX 91 78.4	PRON 25 21.6
----------------------------------------
PROPN	72 1.8
AUX 63 87.5	PRON 8 11.1	SYM 1 1.4
----------------------------------------
DET	57 1.4
AUX 51 89.5	PRON 6 10.5
----------------------------------------
VERB	48 1.2
PRON 30 62.5	AUX 18 37.5
----------------------------------------
NUM	7 0.2
AUX 6 85.7	PRON 1 14.3
----------------------------------------
SYM	6 0.1
AUX 5 83.3	PRON 1 16.7
----------------------------------------
PART	1 0.0
AUX 1 100.0
----------------------------------------

ADJ_Degree	1713 100.0	0 0.0
AUX_Pos	1534 89.6
Other: 
AUX_Cmp	154 9.0
Other: 
PRON_Pos	25 1.5
Other: 
----------------------------------------
NOUN_Number	1606 99.8	878 84.2
AUX_Sing	972 60.5
Other: 
PRON_Sing	348 21.7
Other: 
AUX_Plur	217 13.5
Other: 
PRON_Plur	66 4.1
Other: 
PART_Sing	2 0.1
Other: 
PART_Plur	1 0.1
Other: 
NOUN_Sing	0 0.0
Other: 
NOUN_Plur	0 0.0
Other: 
----------------------------------------
NOUN_Animacy	1606 99.8	0 0.0
AUX_Inan	883 55.0
Other: 
PRON_Inan	386 24.0
Other: 
AUX_Anim	306 19.1
Other: 
PRON_Anim	28 1.7
Other: 
PART_Inan	3 0.2
Other: 
----------------------------------------
NOUN_Case	1606 99.8	0 0.0
AUX_Ins	565 35.2
Other: 
PRON_Nom	401 25.0
Other: 
AUX_Nom	323 20.1
Other: 
AUX_Loc	194 12.1
Other: 
AUX_Gen	82 5.1
Other: 
AUX_Acc	14 0.9
Other: 
AUX_Dat	10 0.6
Other: 
PRON_Gen	10 0.6
Other: 
PRON_Acc	2 0.1
Other: 
PART_Nom	2 0.1
Other: 
PRON_Loc	1 0.1
Other: 
AUX_Par	1 0.1
Other: 
PART_Gen	1 0.1
Other: 
NOUN_Ins	0 0.0
Other: 
----------------------------------------
NOUN_Gender	1605 99.8	394 61.9
AUX_Masc	600 37.4
Other: 
AUX_Fem	404 25.2
Other: 
AUX_Neut	184 11.5
Other: 
PRON_Masc	175 10.9
Other: 
PRON_Fem	160 10.0
Other: 
PRON_Neut	79 4.9
Other: 
PART_Fem	1 0.1
Other: 
PART_Neut	1 0.1
Other: 
PART_Masc	1 0.1
Other: 
NOUN_Masc	0 0.0
Other: 
NOUN_Neut	0 0.0
Other: 
NOUN_Fem	0 0.0
Other: 
----------------------------------------
ADJ_Number	1559 91.0	1364 99.7
AUX_Sing	1166 74.8
Other: 
AUX_Plur	368 23.6
Other: 
PRON_Sing	25 1.6
Other: 
ADJ_Sing	0 0.0
Other: 
ADJ_Plur	0 0.0
Other: 
----------------------------------------
ADJ_Gender	1191 69.5	920 98.9
AUX_Neut	482 40.5
Other: 
AUX_Masc	439 36.9
Other: 
AUX_Fem	245 20.6
Other: 
PRON_Neut	24 2.0
Other: 
PRON_Masc	1 0.1
Other: 
ADJ_Neut	0 0.0
Other: 
ADJ_Fem	0 0.0
Other: 
ADJ_Masc	0 0.0
Other: 
----------------------------------------
ADJ_Variant	1082 63.2	0 0.0
AUX_Short	1061 98.1
Other: 
PRON_Short	21 1.9
Other: 
----------------------------------------
ADJ_Case	477 27.8	0 0.0
AUX_Ins	354 74.2
Other: 
AUX_Nom	114 23.9
Other: 
PRON_Nom	4 0.8
Other: 
AUX_Loc	2 0.4
Other: 
AUX_Dat	2 0.4
Other: 
AUX_Acc	1 0.2
Other: 
----------------------------------------
ADV_Degree	392 100.0	0 0.0
AUX_Pos	377 96.2
Other: 
AUX_Cmp	11 2.8
Other: 
PRON_Pos	2 0.5
Other: 
PRON_Cmp	2 0.5
Other: 
----------------------------------------
PRON_Case	116 100.0	0 0.0
PRON_Nom	25 21.6
Other: 
AUX_Gen	23 19.8
Other: 
AUX_Ins	21 18.1
Other: 
AUX_Loc	21 18.1
Other: 
AUX_Nom	21 18.1
Other: 
AUX_Dat	3 2.6
Other: 
AUX_Acc	2 1.7
Other: 
----------------------------------------
NOUN_Prep	94 5.8	0 0.0
AUX_в	55 58.5
AUX_на	15 16.0
AUX_среди	8 8.5
AUX_во	4 4.3
AUX_при	3 3.2
AUX_за	2 2.1
AUX_до	2 2.1
AUX_после	2 2.1
AUX_перед	1 1.1
AUX_без	1 1.1
AUX_под	1 1.1
----------------------------------------
PRON_Number	74 63.8	41 77.4
AUX_Sing	43 58.1
Other: 
PRON_Sing	17 23.0
Other: 
AUX_Plur	13 17.6
Other: 
PRON_Plur	1 1.4
Other: 
----------------------------------------
PROPN_Number	66 91.7	46 83.6
AUX_Sing	55 83.3
Other: 
PRON_Sing	8 12.1
Other: 
AUX_Plur	3 4.5
Other: 
PROPN_Sing	0 0.0
Other: 
PROPN_Plur	0 0.0
Other: 
----------------------------------------
PROPN_Animacy	66 91.7	0 0.0
AUX_Inan	44 66.7
Other: 
AUX_Anim	14 21.2
Other: 
PRON_Inan	4 6.1
Other: 
PRON_Anim	4 6.1
Other: 
----------------------------------------
PROPN_Case	66 91.7	0 0.0
AUX_Loc	33 50.0
Other: 
AUX_Nom	17 25.8
Other: 
PRON_Nom	8 12.1
Other: 
AUX_Ins	6 9.1
Other: 
AUX_Gen	1 1.5
Other: 
AUX_Dat	1 1.5
Other: 
----------------------------------------
PROPN_Gender	64 88.9	15 46.9
AUX_Masc	28 43.8
Other: 
AUX_Fem	28 43.8
Other: 
PRON_Masc	6 9.4
Other: 
PRON_Fem	2 3.1
Other: 
PROPN_Masc	0 0.0
Other: 
PROPN_Fem	0 0.0
Other: 
----------------------------------------
DET_Number	57 100.0	33 91.7
AUX_Sing	40 70.2
Other: 
AUX_Plur	11 19.3
Other: 
PRON_Sing	5 8.8
Other: 
PRON_Plur	1 1.8
Other: 
DET_Sing	0 0.0
Other: 
DET_Plur	0 0.0
Other: 
----------------------------------------
DET_Case	57 100.0	0 0.0
AUX_Ins	31 54.4
Other: 
AUX_Nom	15 26.3
Other: 
PRON_Nom	6 10.5
Other: 
AUX_Gen	3 5.3
Other: 
AUX_Loc	2 3.5
Other: 
----------------------------------------
PRON_Gender	55 47.4	14 51.9
AUX_Neut	25 45.5
Other: 
PRON_Neut	16 29.1
Other: 
AUX_Masc	8 14.5
Other: 
AUX_Fem	6 10.9
Other: 
PRON_Masc	0 0.0
Other: 
PRON_Fem	0 0.0
Other: 
----------------------------------------
VERB_Aspect	48 100.0	6 33.3
PRON_Imp	20 41.7
Other: 
AUX_Perf	12 25.0
Other: 
PRON_Perf	10 20.8
Other: 
AUX_Imp	6 12.5
Other: 
VERB_Perf	0 0.0
Other: 
VERB_Imp	0 0.0
Other: 
----------------------------------------
VERB_VerbForm	48 100.0	1 5.6
PRON_Fin	24 50.0
Other: 
AUX_Part	17 35.4
Other: 
PRON_Inf	5 10.4
Other: 
PRON_Part	1 2.1
Other: 
AUX_Fin	1 2.1
Other: 
VERB_Part	0 0.0
Other: 
VERB_Fin	0 0.0
Other: 
----------------------------------------
VERB_Voice	48 100.0	4 22.2
PRON_Act	19 39.6
Other: 
AUX_Pass	12 25.0
Other: 
PRON_Mid	10 20.8
Other: 
AUX_Act	4 8.3
Other: 
AUX_Mid	2 4.2
Other: 
PRON_Pass	1 2.1
Other: 
VERB_Pass	0 0.0
Other: 
VERB_Act	0 0.0
Other: 
VERB_Mid	0 0.0
Other: 
----------------------------------------
DET_Gender	45 78.9	19 100.0
AUX_Fem	18 40.0
Other: 
AUX_Masc	15 33.3
Other: 
AUX_Neut	7 15.6
Other: 
PRON_Fem	3 6.7
Other: 
PRON_Masc	1 2.2
Other: 
PRON_Neut	1 2.2
Other: 
DET_Fem	0 0.0
Other: 
DET_Neut	0 0.0
Other: 
DET_Masc	0 0.0
Other: 
----------------------------------------
VERB_Number	43 89.6	9 81.8
PRON_Sing	25 58.1
Other: 
AUX_Sing	10 23.3
Other: 
AUX_Plur	8 18.6
Other: 
VERB_Sing	0 0.0
Other: 
VERB_Plur	0 0.0
Other: 
----------------------------------------
VERB_Tense	43 89.6	7 58.3
PRON_Pres	15 34.9
Other: 
AUX_Past	13 30.2
Other: 
PRON_Past	9 20.9
Other: 
AUX_Pres	5 11.6
Other: 
PRON_Fut	1 2.3
Other: 
VERB_Past	0 0.0
Other: 
VERB_Pres	0 0.0
Other: 
----------------------------------------
PRON_Animacy	40 34.5	0 0.0
AUX_Inan	24 60.0
Other: 
PRON_Inan	15 37.5
Other: 
AUX_Anim	1 2.5
Other: 
----------------------------------------
PRON_Prep	35 30.2	0 0.0
AUX_в	14 40.0
AUX_среди	8 22.9
AUX_для	3 8.6
AUX_у	2 5.7
AUX_на	2 5.7
AUX_до	2 5.7
AUX_к	1 2.9
AUX_без	1 2.9
AUX_с	1 2.9
AUX_во	1 2.9
----------------------------------------
PRON_Person	34 29.3	5 55.6
AUX_3	22 64.7
Other: 
AUX_1	8 23.5
Other: 
PRON_3	1 2.9
Other: 
PRON_1	1 2.9
Other: 
PRON_2	1 2.9
Other: 
AUX_2	1 2.9
Other: 
----------------------------------------
VERB_Mood	25 52.1	1 100.0
PRON_Ind	24 96.0
Other: 
AUX_Ind	1 4.0
Other: 
VERB_Ind	0 0.0
Other: 
----------------------------------------
VERB_Gender	19 39.6	5 100.0
PRON_Neut	6 31.6
Other: 
AUX_Masc	6 31.6
Other: 
AUX_Neut	2 10.5
Other: 
AUX_Fem	2 10.5
Other: 
PRON_Fem	2 10.5
Other: 
PRON_Masc	1 5.3
Other: 
VERB_Neut	0 0.0
Other: 
VERB_Fem	0 0.0
Other: 
VERB_Masc	0 0.0
Other: 
----------------------------------------
VERB_Person	16 33.3	0 0.0
PRON_3	16 100.0
Other: 
----------------------------------------
VERB_Case	15 31.2	0 0.0
AUX_Ins	12 80.0
Other: 
AUX_Gen	2 13.3
Other: 
AUX_Nom	1 6.7
Other: 
----------------------------------------
PROPN_Prep	12 16.7	0 0.0
AUX_в	9 75.0
AUX_во	2 16.7
AUX_к	1 8.3
----------------------------------------
DET_Degree	7 12.3	0 0.0
AUX_Pos	6 85.7
Other: 
PRON_Pos	1 14.3
Other: 
----------------------------------------
ADJ_Prep	3 0.2	0 0.0
AUX_в	2 66.7
AUX_до	1 33.3
----------------------------------------
VERB_Variant	3 6.2	0 0.0
AUX_Short	2 66.7
Other: 
PRON_Short	1 33.3
Other: 
----------------------------------------
VERB_Prep	2 4.2	0 0.0
AUX_среди	2 100.0
----------------------------------------
DET_Prep	2 3.5	0 0.0
AUX_в	1 50.0
AUX_среди	1 50.0
----------------------------------------
PART_Polarity	1 100.0	0 0.0
AUX_Neg	1 100.0
Other: 
----------------------------------------
PROPN_Foreign	1 1.4	0 0.0
AUX_Yes	1 100.0
Other: 
----------------------------------------
NUM_Case	1 14.3	0 0.0
PRON_Nom	1 100.0
Other: 
----------------------------------------
NUM_Gender	1 14.3	0 0.0
PRON_Masc	1 100.0
Other: 
----------------------------------------
ADJ_Animacy	1 0.1	0 0.0
AUX_Inan	1 100.0
Other: 
----------------------------------------
