VERB	128 98.5
VERB 127 99.2	ADV 1 0.8
----------------------------------------
ADJ	2 1.5
VERB 2 100.0
----------------------------------------

VERB_Aspect	128 100.0	57 44.9
VERB_Imp	71 55.5
Other: 
VERB_Perf	56 43.8
Other: 
ADV_Perf	1 0.8
Other: 
----------------------------------------
VERB_VerbForm	128 100.0	8 6.3
VERB_Fin	71 55.5
Other: 
VERB_Part	56 43.8
Other: 
ADV_Part	1 0.8
Other: 
----------------------------------------
VERB_Voice	128 100.0	2 1.6
VERB_Pass	127 99.2
Other: 
ADV_Pass	1 0.8
Other: 
----------------------------------------
VERB_Number	128 100.0	2 22.2
VERB_Sing	127 99.2
Other: 
ADV_Sing	1 0.8
Other: 
----------------------------------------
VERB_Tense	128 100.0	4 44.4
VERB_Past	79 61.7
Other: 
VERB_Pres	48 37.5
Other: 
ADV_Past	1 0.8
Other: 
----------------------------------------
VERB_Gender	80 62.5	0 0.0
VERB_Neut	79 98.8
Other: 
ADV_Neut	1 1.2
Other: 
----------------------------------------
VERB_Mood	71 55.5	7 100.0
VERB_Ind	71 100.0
Other: 
----------------------------------------
VERB_Variant	57 44.5	1 100.0
VERB_Short	56 98.2
Other: 
ADV_Short	1 1.8
Other: 
----------------------------------------
VERB_Person	48 37.5	3 100.0
VERB_3	48 100.0
Other: 
----------------------------------------
VERB_Prep	3 2.3	0 0.0
VERB_в	3 100.0
----------------------------------------
ADJ_Degree	2 100.0	0 0.0
VERB_Cmp	1 50.0
Other: 
VERB_Pos	1 50.0
Other: 
----------------------------------------
ADJ_Gender	1 50.0	0 0.0
VERB_Neut	1 100.0
Other: 
ADJ_Neut	0 0.0
Other: 
----------------------------------------
ADJ_Number	1 50.0	1 100.0
VERB_Sing	1 100.0
Other: 
ADJ_Sing	0 0.0
Other: 
----------------------------------------
ADJ_Variant	1 50.0	1 100.0
VERB_Short	1 100.0
Other: 
ADJ_Short	0 0.0
Other: 
----------------------------------------
