VERB	351 41.5
ADP 147 41.9	PRON 89 25.4	ADV 73 20.8	PART 42 12.0
----------------------------------------
NOUN	186 22.0
ADP 96 51.6	PART 56 30.1	ADV 32 17.2	INTJ 1 0.5	PRON 1 0.5
----------------------------------------
ADV	99 11.7
PART 73 73.7	ADV 14 14.1	ADP 5 5.1	PRON 5 5.1	SCONJ 1 1.0	INTJ 1 1.0
----------------------------------------
ADJ	93 11.0
PART 30 32.3	ADV 28 30.1	ADP 23 24.7	PRON 12 12.9
----------------------------------------
PRON	64 7.6
PART 59 92.2	ADP 3 4.7	ADV 2 3.1
----------------------------------------
PROPN	21 2.5
ADP 13 61.9	PART 6 28.6	PRON 1 4.8	ADV 1 4.8
----------------------------------------
PART	19 2.2
PART 19 100.0
----------------------------------------
DET	5 0.6
PART 4 80.0	ADV 1 20.0
----------------------------------------
CCONJ	4 0.5
PART 3 75.0	ADV 1 25.0
----------------------------------------
INTJ	2 0.2
PART 2 100.0
----------------------------------------
NUM	1 0.1
ADP 1 100.0
----------------------------------------

VERB_Aspect	351 100.0	0 0.0
ADP_Imp	79 22.5
Other: 
ADP_Perf	68 19.4
Other: 
PRON_Imp	61 17.4
Other: 
ADV_Imp	48 13.7
Other: 
PRON_Perf	28 8.0
Other: 
PART_Imp	26 7.4
Other: 
ADV_Perf	25 7.1
Other: 
PART_Perf	16 4.6
Other: 
----------------------------------------
VERB_VerbForm	351 100.0	0 0.0
ADP_Fin	119 33.9
Other: 
PRON_Fin	83 23.6
Other: 
ADV_Fin	59 16.8
Other: 
PART_Fin	31 8.8
Other: 
ADP_Part	19 5.4
Other: 
PART_Inf	10 2.8
Other: 
ADP_Inf	9 2.6
Other: 
ADV_Inf	7 2.0
Other: 
ADV_Part	7 2.0
Other: 
PRON_Part	6 1.7
Other: 
PART_Part	1 0.3
Other: 
----------------------------------------
VERB_Voice	351 100.0	0 0.0
ADP_Act	85 24.2
Other: 
PRON_Act	58 16.5
Other: 
ADV_Act	53 15.1
Other: 
ADP_Mid	33 9.4
Other: 
PART_Act	29 8.3
Other: 
ADP_Pass	29 8.3
Other: 
PRON_Mid	22 6.3
Other: 
ADV_Mid	13 3.7
Other: 
PART_Mid	12 3.4
Other: 
PRON_Pass	9 2.6
Other: 
ADV_Pass	7 2.0
Other: 
PART_Pass	1 0.3
Other: 
----------------------------------------
VERB_Number	325 92.6	49 55.1
ADP_Sing	100 30.8
Other: 
PRON_Sing	49 15.1
Other: 
ADV_Sing	46 14.2
Other: 
PRON_Plur	40 12.3
Other: 
ADP_Plur	38 11.7
Other: 
PART_Sing	25 7.7
Other: 
ADV_Plur	20 6.2
Other: 
PART_Plur	7 2.2
Other: 
VERB_Sing	0 0.0
Other: 
VERB_Plur	0 0.0
Other: 
----------------------------------------
VERB_Tense	318 90.6	0 0.0
ADP_Past	70 22.0
Other: 
ADP_Pres	59 18.6
Other: 
PRON_Pres	49 15.4
Other: 
ADV_Pres	36 11.3
Other: 
PRON_Past	36 11.3
Other: 
ADV_Past	21 6.6
Other: 
PART_Past	14 4.4
Other: 
ADP_Fut	9 2.8
Other: 
ADV_Fut	8 2.5
Other: 
PART_Pres	8 2.5
Other: 
PART_Fut	4 1.3
Other: 
PRON_Fut	4 1.3
Other: 
----------------------------------------
VERB_Mood	292 83.2	0 0.0
ADP_Ind	119 40.8
Other: 
PRON_Ind	83 28.4
Other: 
ADV_Ind	58 19.9
Other: 
PART_Ind	25 8.6
Other: 
PART_Imp	6 2.1
Other: 
ADV_Imp	1 0.3
Other: 
----------------------------------------
NOUN_Animacy	186 100.0	1 100.0
ADP_Inan	80 43.0
Other: 
PART_Inan	42 22.6
Other: 
ADV_Inan	27 14.5
Other: 
ADP_Anim	16 8.6
Other: 
PART_Anim	14 7.5
Other: 
ADV_Anim	5 2.7
Other: 
INTJ_Anim	1 0.5
Other: 
PRON_Inan	1 0.5
Other: 
NOUN_Inan	0 0.0
Other: 
----------------------------------------
NOUN_Case	186 100.0	0 0.0
ADP_Nom	28 15.1
Other: 
PART_Nom	26 14.0
Other: 
ADP_Gen	24 12.9
Other: 
ADV_Nom	20 10.8
Other: 
ADP_Acc	14 7.5
Other: 
PART_Acc	13 7.0
Other: 
ADP_Loc	12 6.5
Other: 
ADP_Dat	9 4.8
Other: 
ADP_Ins	9 4.8
Other: 
PART_Gen	7 3.8
Other: 
PART_Ins	4 2.2
Other: 
PART_Loc	4 2.2
Other: 
ADV_Gen	3 1.6
Other: 
ADV_Ins	3 1.6
Other: 
ADV_Loc	3 1.6
Other: 
PART_Dat	2 1.1
Other: 
ADV_Dat	2 1.1
Other: 
INTJ_Nom	1 0.5
Other: 
PRON_Nom	1 0.5
Other: 
ADV_Acc	1 0.5
Other: 
NOUN_Nom	0 0.0
Other: 
----------------------------------------
NOUN_Gender	186 100.0	1 100.0
ADP_Masc	45 24.2
Other: 
PART_Masc	33 17.7
Other: 
ADP_Fem	27 14.5
Other: 
ADP_Neut	24 12.9
Other: 
PART_Fem	18 9.7
Other: 
ADV_Masc	13 7.0
Other: 
ADV_Fem	12 6.5
Other: 
ADV_Neut	7 3.8
Other: 
PART_Neut	5 2.7
Other: 
INTJ_Masc	1 0.5
Other: 
PRON_Neut	1 0.5
Other: 
NOUN_Neut	0 0.0
Other: 
----------------------------------------
NOUN_Number	186 100.0	1 100.0
ADP_Sing	71 38.2
Other: 
PART_Sing	44 23.7
Other: 
ADP_Plur	25 13.4
Other: 
ADV_Sing	24 12.9
Other: 
PART_Plur	12 6.5
Other: 
ADV_Plur	8 4.3
Other: 
INTJ_Plur	1 0.5
Other: 
PRON_Sing	1 0.5
Other: 
NOUN_Sing	0 0.0
Other: 
----------------------------------------
VERB_Person	182 51.9	0 0.0
ADP_3	65 35.7
Other: 
PRON_3	49 26.9
Other: 
ADV_3	41 22.5
Other: 
PART_3	8 4.4
Other: 
PART_2	7 3.8
Other: 
ADV_2	3 1.6
Other: 
PART_1	3 1.6
Other: 
PRON_1	3 1.6
Other: 
ADP_1	2 1.1
Other: 
ADV_1	1 0.5
Other: 
----------------------------------------
ADV_Degree	99 100.0	12 85.7
PART_Pos	70 70.7
Other: 
ADV_Pos	12 12.1
Other: 
ADP_Pos	5 5.1
Other: 
PRON_Pos	5 5.1
Other: 
PART_Cmp	3 3.0
Other: 
ADV_Cmp	2 2.0
Other: 
SCONJ_Pos	1 1.0
Other: 
INTJ_Pos	1 1.0
Other: 
----------------------------------------
VERB_Gender	98 27.9	4 18.2
ADP_Masc	23 23.5
Other: 
ADP_Fem	16 16.3
Other: 
ADP_Neut	12 12.2
Other: 
PRON_Masc	11 11.2
Other: 
ADV_Fem	8 8.2
Other: 
PRON_Fem	7 7.1
Other: 
PART_Masc	5 5.1
Other: 
PRON_Neut	4 4.1
Other: 
PART_Fem	4 4.1
Other: 
ADV_Neut	4 4.1
Other: 
ADV_Masc	3 3.1
Other: 
PART_Neut	1 1.0
Other: 
VERB_Neut	0 0.0
Other: 
VERB_Masc	0 0.0
Other: 
VERB_Fem	0 0.0
Other: 
----------------------------------------
ADJ_Degree	93 100.0	28 100.0
PART_Pos	30 32.3
Other: 
ADV_Pos	28 30.1
Other: 
ADP_Pos	21 22.6
Other: 
PRON_Pos	11 11.8
Other: 
ADP_Cmp	2 2.2
Other: 
PRON_Cmp	1 1.1
Other: 
ADJ_Pos	0 0.0
Other: 
----------------------------------------
ADJ_Number	90 96.8	11 100.0
ADV_Sing	26 28.9
Other: 
PART_Sing	24 26.7
Other: 
ADP_Sing	14 15.6
Other: 
PRON_Sing	11 12.2
Other: 
ADP_Plur	7 7.8
Other: 
PART_Plur	6 6.7
Other: 
ADV_Plur	2 2.2
Other: 
ADJ_Sing	0 0.0
Other: 
----------------------------------------
ADJ_Gender	75 80.6	4 36.4
PART_Neut	17 22.7
Other: 
ADV_Neut	12 16.0
Other: 
ADV_Masc	9 12.0
Other: 
ADP_Masc	6 8.0
Other: 
ADP_Fem	5 6.7
Other: 
ADV_Fem	5 6.7
Other: 
PRON_Masc	5 6.7
Other: 
PRON_Neut	4 5.3
Other: 
PART_Fem	4 5.3
Other: 
ADP_Neut	3 4.0
Other: 
PART_Masc	3 4.0
Other: 
PRON_Fem	2 2.7
Other: 
ADJ_Neut	0 0.0
Other: 
ADJ_Fem	0 0.0
Other: 
ADJ_Masc	0 0.0
Other: 
----------------------------------------
PRON_Case	64 100.0	0 0.0
PART_Nom	29 45.3
Other: 
PART_Acc	13 20.3
Other: 
PART_Gen	13 20.3
Other: 
PART_Dat	3 4.7
Other: 
ADP_Nom	2 3.1
Other: 
ADV_Gen	1 1.6
Other: 
PART_Loc	1 1.6
Other: 
ADV_Nom	1 1.6
Other: 
ADP_Gen	1 1.6
Other: 
----------------------------------------
ADJ_Case	52 55.9	0 0.0
PART_Loc	16 30.8
Other: 
PART_Nom	9 17.3
Other: 
ADP_Gen	4 7.7
Other: 
ADP_Ins	3 5.8
Other: 
ADV_Ins	3 5.8
Other: 
ADV_Nom	3 5.8
Other: 
ADP_Nom	3 5.8
Other: 
PRON_Nom	2 3.8
Other: 
ADP_Dat	2 3.8
Other: 
ADP_Acc	1 1.9
Other: 
PART_Acc	1 1.9
Other: 
ADV_Acc	1 1.9
Other: 
ADP_Loc	1 1.9
Other: 
PART_Gen	1 1.9
Other: 
PART_Dat	1 1.9
Other: 
PART_Ins	1 1.9
Other: 
ADJ_Nom	0 0.0
Other: 
----------------------------------------
ADJ_Variant	38 40.9	0 0.0
ADV_Short	21 55.3
Other: 
PRON_Short	9 23.7
Other: 
ADP_Short	7 18.4
Other: 
PART_Short	1 2.6
Other: 
----------------------------------------
PRON_Number	36 56.2	0 0.0
PART_Sing	21 58.3
Other: 
PART_Plur	13 36.1
Other: 
ADV_Sing	1 2.8
Other: 
ADP_Plur	1 2.8
Other: 
----------------------------------------
PRON_Person	32 50.0	0 0.0
PART_3	15 46.9
Other: 
PART_2	8 25.0
Other: 
PART_1	8 25.0
Other: 
ADP_3	1 3.1
Other: 
----------------------------------------
VERB_Variant	28 8.0	0 0.0
ADP_Short	17 60.7
Other: 
ADV_Short	6 21.4
Other: 
PRON_Short	5 17.9
Other: 
----------------------------------------
PROPN_Animacy	20 95.2	0 0.0
ADP_Inan	11 55.0
Other: 
PART_Anim	4 20.0
Other: 
PART_Inan	2 10.0
Other: 
PRON_Anim	1 5.0
Other: 
ADV_Inan	1 5.0
Other: 
ADP_Anim	1 5.0
Other: 
PROPN_Anim	0 0.0
Other: 
----------------------------------------
PROPN_Case	20 95.2	0 0.0
ADP_Nom	4 20.0
Other: 
ADP_Acc	4 20.0
Other: 
ADP_Loc	3 15.0
Other: 
PART_Nom	3 15.0
Other: 
PART_Loc	2 10.0
Other: 
PART_Acc	1 5.0
Other: 
PRON_Gen	1 5.0
Other: 
ADV_Loc	1 5.0
Other: 
ADP_Ins	1 5.0
Other: 
PROPN_Gen	0 0.0
Other: 
----------------------------------------
PROPN_Gender	20 95.2	0 0.0
ADP_Fem	11 55.0
Other: 
PART_Masc	4 20.0
Other: 
PART_Fem	2 10.0
Other: 
PRON_Masc	1 5.0
Other: 
ADP_Masc	1 5.0
Other: 
ADV_Fem	1 5.0
Other: 
PROPN_Masc	0 0.0
Other: 
----------------------------------------
PROPN_Number	20 95.2	1 100.0
ADP_Sing	12 60.0
Other: 
PART_Sing	6 30.0
Other: 
PRON_Sing	1 5.0
Other: 
ADV_Sing	1 5.0
Other: 
PROPN_Sing	0 0.0
Other: 
----------------------------------------
VERB_Prep	18 5.1	0 0.0
ADP_в	17 94.4
ADP_между	1 5.6
----------------------------------------
ADJ_Prep	14 15.1	0 0.0
PART_в	14 100.0
----------------------------------------
PRON_Gender	13 20.3	0 0.0
PART_Masc	5 38.5
Other: 
PART_Neut	5 38.5
Other: 
PART_Fem	2 15.4
Other: 
ADV_Neut	1 7.7
Other: 
----------------------------------------
PRON_Prep	12 18.8	0 0.0
PART_с	6 50.0
PART_для	2 16.7
PART_о	1 8.3
PART_на	1 8.3
PART_через	1 8.3
ADP_в	1 8.3
----------------------------------------
NOUN_Prep	11 5.9	0 0.0
ADP_в	5 45.5
PART_в	2 18.2
ADP_между	1 9.1
PART_по	1 9.1
PART_за	1 9.1
PART_от	1 9.1
----------------------------------------
VERB_Case	5 1.4	0 0.0
PRON_Nom	1 20.0
Other: 
ADP_Dat	1 20.0
Other: 
ADV_Nom	1 20.0
Other: 
PART_Gen	1 20.0
Other: 
ADP_Gen	1 20.0
Other: 
VERB_Nom	0 0.0
Other: 
----------------------------------------
PRON_Animacy	4 6.2	0 0.0
PART_Inan	3 75.0
Other: 
ADV_Inan	1 25.0
Other: 
----------------------------------------
DET_Case	3 60.0	0 0.0
PART_Loc	1 33.3
Other: 
ADV_Nom	1 33.3
Other: 
PART_Acc	1 33.3
Other: 
----------------------------------------
DET_Number	3 60.0	0 0.0
PART_Sing	1 33.3
Other: 
ADV_Sing	1 33.3
Other: 
PART_Plur	1 33.3
Other: 
----------------------------------------
DET_Gender	2 40.0	0 0.0
PART_Masc	1 50.0
Other: 
ADV_Fem	1 50.0
Other: 
----------------------------------------
ADV_Prep	1 1.0	0 0.0
ADP_в	1 100.0
----------------------------------------
NUM_Prep	1 100.0	0 0.0
ADP_в	1 100.0
----------------------------------------
