ADP	3869 48.5
NOUN 2710 70.0	ADP 370 9.6	ADJ 305 7.9	DET 208 5.4	PRON 203 5.2	SCONJ 73 1.9
----------------------------------------
ADV	1674 21.0
SCONJ 732 43.7	PART 502 30.0	ADP 212 12.7	ADV 155 9.3	PRON 42 2.5	VERB 27 1.6	NOUN 3 0.2	ADJ 1 0.1
----------------------------------------
PRON	859 10.8
VERB 429 49.9	ADJ 149 17.3	ADV 145 16.9	PART 120 14.0	SCONJ 6 0.7	ADP 5 0.6	PRON 4 0.5	NOUN 1 0.1
----------------------------------------
PART	460 5.8
PART 289 62.8	SCONJ 59 12.8	NOUN 31 6.7	PRON 23 5.0	ADP 20 4.3	DET 20 4.3	ADV 10 2.2	VERB 5 1.1	CCONJ 2 0.4	ADJ 1 0.2
----------------------------------------
CCONJ	405 5.1
PART 300 74.1	ADV 68 16.8	PRON 32 7.9	SCONJ 5 1.2
----------------------------------------
SCONJ	269 3.4
NOUN 160 59.5	PART 85 31.6	PRON 8 3.0	VERB 8 3.0	SCONJ 5 1.9	ADV 3 1.1
----------------------------------------
NOUN	221 2.8
NOUN 143 64.7	ADP 71 32.1	ADV 2 0.9	PROPN 2 0.9	PRON 2 0.9	ADJ 1 0.5
----------------------------------------
VERB	108 1.4
PRON 90 83.3	VERB 10 9.3	NOUN 6 5.6	ADV 1 0.9	PROPN 1 0.9
----------------------------------------
DET	69 0.9
PART 16 23.2	ADJ 12 17.4	ADP 11 15.9	VERB 9 13.0	PRON 8 11.6	NOUN 7 10.1	ADV 6 8.7
----------------------------------------
ADJ	23 0.3
PRON 21 91.3	NOUN 2 8.7
----------------------------------------
NUM	7 0.1
ADV 3 42.9	VERB 2 28.6	CCONJ 1 14.3	SYM 1 14.3
----------------------------------------
X	3 0.0
X 2 66.7	PROPN 1 33.3
----------------------------------------
PROPN	3 0.0
VERB 1 33.3	PRON 1 33.3	SCONJ 1 33.3
----------------------------------------
INTJ	1 0.0
NOUN 1 100.0
----------------------------------------

ADV_Degree	1517 90.6	154 98.7
SCONJ_Pos	643 42.4
Other: 
PART_Pos	502 33.1
Other: 
ADV_Pos	153 10.1
Other: 
SCONJ_Cmp	89 5.9
Other: 
ADP_Pos	55 3.6
Other: 
PRON_Pos	42 2.8
Other: 
VERB_Cmp	16 1.1
Other: 
VERB_Pos	11 0.7
Other: 
NOUN_Pos	2 0.1
Other: 
ADV_Cmp	2 0.1
Other: 
NOUN_Cmp	1 0.1
Other: 
ADJ_Cmp	1 0.1
Other: 
----------------------------------------
PRON_Case	858 99.9	0 0.0
VERB_Nom	415 48.4
Other: 
ADV_Ins	117 13.6
Other: 
PART_Ins	112 13.1
Other: 
ADJ_Nom	105 12.2
Other: 
ADJ_Dat	44 5.1
Other: 
ADV_Dat	11 1.3
Other: 
VERB_Ins	9 1.0
Other: 
ADV_Acc	9 1.0
Other: 
PART_Nom	6 0.7
Other: 
SCONJ_Nom	6 0.7
Other: 
ADP_Nom	5 0.6
Other: 
ADV_Nom	5 0.6
Other: 
PART_Dat	2 0.2
Other: 
VERB_Dat	2 0.2
Other: 
VERB_Gen	2 0.2
Other: 
ADV_Gen	2 0.2
Other: 
PRON_Ins	2 0.2
Other: 
VERB_Acc	1 0.1
Other: 
PRON_Dat	1 0.1
Other: 
PRON_Nom	1 0.1
Other: 
NOUN_Loc	1 0.1
Other: 
PRON_Loc	0 0.0
Other: 
----------------------------------------
PRON_Animacy	824 95.9	1 25.0
VERB_Inan	416 50.5
Other: 
ADJ_Inan	149 18.1
Other: 
ADV_Inan	121 14.7
Other: 
PART_Inan	114 13.8
Other: 
PART_Anim	6 0.7
Other: 
SCONJ_Inan	6 0.7
Other: 
ADP_Inan	5 0.6
Other: 
PRON_Anim	3 0.4
Other: 
VERB_Anim	3 0.4
Other: 
NOUN_Inan	1 0.1
Other: 
PRON_Inan	0 0.0
Other: 
----------------------------------------
PRON_Gender	824 95.9	150 96.2
VERB_Neut	416 50.5
Other: 
ADJ_Neut	149 18.1
Other: 
ADV_Neut	120 14.6
Other: 
PART_Neut	114 13.8
Other: 
PART_Masc	6 0.7
Other: 
SCONJ_Neut	6 0.7
Other: 
ADP_Neut	5 0.6
Other: 
PRON_Masc	3 0.4
Other: 
VERB_Masc	3 0.4
Other: 
NOUN_Neut	1 0.1
Other: 
ADV_Fem	1 0.1
Other: 
PRON_Neut	0 0.0
Other: 
----------------------------------------
PRON_Number	824 95.9	572 100.0
VERB_Sing	419 50.8
Other: 
ADJ_Sing	149 18.1
Other: 
ADV_Sing	121 14.7
Other: 
PART_Sing	120 14.6
Other: 
SCONJ_Sing	6 0.7
Other: 
ADP_Sing	5 0.6
Other: 
PRON_Sing	3 0.4
Other: 
NOUN_Sing	1 0.1
Other: 
----------------------------------------
ADP_Prep	748 19.3	0 0.0
NOUN_с	205 27.4
ADP_с	204 27.3
NOUN_от	91 12.2
ADP_от	91 12.2
NOUN_к	68 9.1
ADP_к	68 9.1
NOUN_до	14 1.9
ADP_до	7 0.9
----------------------------------------
NOUN_Animacy	221 100.0	138 94.5
NOUN_Anim	134 60.6
Other: 
ADP_Anim	69 31.2
Other: 
NOUN_Inan	9 4.1
Other: 
ADV_Inan	2 0.9
Other: 
ADP_Inan	2 0.9
Other: 
PROPN_Inan	2 0.9
Other: 
ADJ_Inan	1 0.5
Other: 
PRON_Inan	1 0.5
Other: 
PRON_Anim	1 0.5
Other: 
----------------------------------------
NOUN_Case	221 100.0	3 2.0
NOUN_Nom	140 63.3
Other: 
ADP_Nom	69 31.2
Other: 
ADV_Gen	2 0.9
Other: 
ADP_Acc	2 0.9
Other: 
NOUN_Acc	2 0.9
Other: 
PROPN_Nom	2 0.9
Other: 
PRON_Nom	2 0.9
Other: 
ADJ_Acc	1 0.5
Other: 
NOUN_Par	1 0.5
Other: 
----------------------------------------
NOUN_Gender	221 100.0	138 94.5
NOUN_Masc	138 62.4
Other: 
ADP_Masc	71 32.1
Other: 
NOUN_Fem	5 2.3
Other: 
ADV_Fem	2 0.9
Other: 
PROPN_Fem	2 0.9
Other: 
PRON_Masc	2 0.9
Other: 
ADJ_Masc	1 0.5
Other: 
----------------------------------------
NOUN_Number	221 100.0	146 100.0
NOUN_Sing	143 64.7
Other: 
ADP_Sing	71 32.1
Other: 
ADV_Plur	2 0.9
Other: 
PROPN_Sing	2 0.9
Other: 
PRON_Sing	2 0.9
Other: 
ADJ_Sing	1 0.5
Other: 
----------------------------------------
ADV_Prep	213 12.7	0 0.0
ADP_на	157 73.7
ADP_до	50 23.5
ADP_с	5 2.3
NOUN_во	1 0.5
----------------------------------------
ADV_Polarity	157 9.4	0 0.0
ADP_Neg	157 100.0
Other: 
----------------------------------------
NOUN_Prep	149 67.4	0 0.0
ADP_с	28 18.8
NOUN_с	28 18.8
ADP_от	13 8.7
NOUN_от	13 8.7
ADP_к	5 3.4
NOUN_к	5 3.4
NOUN_на	5 3.4
ADP_о	4 2.7
NOUN_о	4 2.7
ADP_на	4 2.7
NOUN_в	3 2.0
ADP_сквозь	3 2.0
NOUN_сквозь	3 2.0
ADP_за	3 2.0
NOUN_за	3 2.0
ADV_из	2 1.3
ADP_в	2 1.3
NOUN_относительно	2 1.3
ADP_перед	2 1.3
NOUN_перед	2 1.3
ADP_об	1 0.7
NOUN_об	1 0.7
ADP_у	1 0.7
NOUN_у	1 0.7
ADP_против	1 0.7
NOUN_против	1 0.7
ADP_над	1 0.7
NOUN_над	1 0.7
ADP_про	1 0.7
NOUN_про	1 0.7
ADP_без	1 0.7
NOUN_без	1 0.7
NOUN_через	1 0.7
ADP_для	1 0.7
NOUN_для	1 0.7
----------------------------------------
VERB_Aspect	108 100.0	9 90.0
PRON_Imp	90 83.3
Other: 
VERB_Imp	5 4.6
Other: 
VERB_Perf	5 4.6
Other: 
NOUN_Imp	3 2.8
Other: 
NOUN_Perf	3 2.8
Other: 
ADV_Imp	1 0.9
Other: 
PROPN_Perf	1 0.9
Other: 
----------------------------------------
VERB_VerbForm	108 100.0	3 30.0
PRON_Fin	78 72.2
Other: 
PRON_Part	9 8.3
Other: 
VERB_Inf	6 5.6
Other: 
NOUN_Fin	5 4.6
Other: 
VERB_Fin	4 3.7
Other: 
PRON_Inf	3 2.8
Other: 
ADV_Fin	1 0.9
Other: 
NOUN_Inf	1 0.9
Other: 
PROPN_Fin	1 0.9
Other: 
----------------------------------------
VERB_Voice	108 100.0	9 90.0
PRON_Act	90 83.3
Other: 
VERB_Act	9 8.3
Other: 
NOUN_Act	4 3.7
Other: 
VERB_Mid	1 0.9
Other: 
ADV_Act	1 0.9
Other: 
PROPN_Act	1 0.9
Other: 
NOUN_Mid	1 0.9
Other: 
NOUN_Pass	1 0.9
Other: 
----------------------------------------
PART_Polarity	103 22.4	5 100.0
NOUN_Neg	31 30.1
Other: 
ADP_Neg	20 19.4
Other: 
DET_Neg	20 19.4
Other: 
PRON_Neg	12 11.7
Other: 
ADV_Neg	10 9.7
Other: 
PART_Neg	6 5.8
Other: 
SCONJ_Neg	3 2.9
Other: 
CCONJ_Neg	1 1.0
Other: 
----------------------------------------
VERB_Number	98 90.7	8 88.9
PRON_Sing	53 54.1
Other: 
PRON_Plur	34 34.7
Other: 
NOUN_Sing	4 4.1
Other: 
VERB_Sing	3 3.1
Other: 
VERB_Plur	1 1.0
Other: 
NOUN_Plur	1 1.0
Other: 
ADV_Sing	1 1.0
Other: 
PROPN_Sing	1 1.0
Other: 
----------------------------------------
VERB_Tense	95 88.0	1 100.0
PRON_Pres	68 71.6
Other: 
PRON_Past	19 20.0
Other: 
NOUN_Past	3 3.2
Other: 
VERB_Past	2 2.1
Other: 
NOUN_Pres	1 1.1
Other: 
ADV_Pres	1 1.1
Other: 
NOUN_Fut	1 1.1
Other: 
----------------------------------------
VERB_Mood	89 82.4	2 66.7
PRON_Ind	78 87.6
Other: 
NOUN_Ind	5 5.6
Other: 
VERB_Ind	2 2.2
Other: 
VERB_Imp	2 2.2
Other: 
ADV_Ind	1 1.1
Other: 
PROPN_Imp	1 1.1
Other: 
----------------------------------------
DET_Case	69 100.0	7 26.9
ADP_Nom	11 15.9
Other: 
ADJ_Nom	11 15.9
Other: 
PART_Gen	10 14.5
Other: 
NOUN_Ins	6 8.7
Other: 
PART_Acc	6 8.7
Other: 
PRON_Gen	5 7.2
Other: 
VERB_Gen	5 7.2
Other: 
VERB_Acc	4 5.8
Other: 
ADV_Acc	3 4.3
Other: 
PRON_Acc	3 4.3
Other: 
ADV_Nom	2 2.9
Other: 
ADV_Gen	1 1.4
Other: 
ADJ_Acc	1 1.4
Other: 
NOUN_Gen	1 1.4
Other: 
DET_Nom	0 0.0
Other: 
DET_Ins	0 0.0
Other: 
DET_Acc	0 0.0
Other: 
DET_Gen	0 0.0
Other: 
----------------------------------------
DET_Number	69 100.0	28 77.8
ADJ_Sing	12 17.4
Other: 
ADP_Sing	11 15.9
Other: 
PART_Sing	8 11.6
Other: 
PART_Plur	8 11.6
Other: 
NOUN_Sing	7 10.1
Other: 
VERB_Sing	5 7.2
Other: 
ADV_Plur	4 5.8
Other: 
PRON_Sing	4 5.8
Other: 
PRON_Plur	4 5.8
Other: 
VERB_Plur	4 5.8
Other: 
ADV_Sing	2 2.9
Other: 
DET_Sing	0 0.0
Other: 
DET_Plur	0 0.0
Other: 
----------------------------------------
VERB_Person	65 60.2	1 50.0
PRON_3	59 90.8
Other: 
NOUN_3	2 3.1
Other: 
VERB_2	2 3.1
Other: 
ADV_3	1 1.5
Other: 
PROPN_2	1 1.5
Other: 
----------------------------------------
PART_Prep	62 13.5	0 0.0
ADP_в	20 32.3
DET_в	20 32.3
NOUN_в	20 32.3
PRON_в	1 1.6
PRON_перед	1 1.6
----------------------------------------
DET_Gender	49 71.0	23 85.2
ADP_Fem	6 12.2
Other: 
ADJ_Fem	6 12.2
Other: 
NOUN_Masc	6 12.2
Other: 
PART_Masc	4 8.2
Other: 
PART_Neut	4 8.2
Other: 
ADJ_Neut	3 6.1
Other: 
ADP_Masc	3 6.1
Other: 
ADJ_Masc	3 6.1
Other: 
ADP_Neut	2 4.1
Other: 
PRON_Masc	2 4.1
Other: 
VERB_Masc	2 4.1
Other: 
PRON_Neut	2 4.1
Other: 
VERB_Neut	2 4.1
Other: 
ADV_Masc	1 2.0
Other: 
ADV_Fem	1 2.0
Other: 
VERB_Fem	1 2.0
Other: 
NOUN_Fem	1 2.0
Other: 
DET_Neut	0 0.0
Other: 
DET_Fem	0 0.0
Other: 
DET_Masc	0 0.0
Other: 
----------------------------------------
DET_Degree	26 37.7	11 100.0
ADP_Pos	11 42.3
Other: 
ADJ_Pos	11 42.3
Other: 
PART_Pos	2 7.7
Other: 
PRON_Pos	1 3.8
Other: 
VERB_Pos	1 3.8
Other: 
DET_Pos	0 0.0
Other: 
----------------------------------------
ADJ_Case	23 100.0	1 4.3
PRON_Nom	20 87.0
Other: 
NOUN_Nom	1 4.3
Other: 
NOUN_Loc	1 4.3
Other: 
PRON_Acc	1 4.3
Other: 
ADJ_Nom	0 0.0
Other: 
ADJ_Loc	0 0.0
Other: 
ADJ_Acc	0 0.0
Other: 
----------------------------------------
ADJ_Degree	23 100.0	0 0.0
PRON_Pos	21 91.3
Other: 
NOUN_Pos	2 8.7
Other: 
----------------------------------------
ADJ_Number	23 100.0	1 50.0
PRON_Sing	18 78.3
Other: 
PRON_Plur	3 13.0
Other: 
NOUN_Plur	1 4.3
Other: 
NOUN_Sing	1 4.3
Other: 
ADJ_Plur	0 0.0
Other: 
ADJ_Sing	0 0.0
Other: 
----------------------------------------
PRON_Prep	23 2.7	0 0.0
PART_на	5 21.7
ADP_на	5 21.7
VERB_на	5 21.7
PART_у	2 8.7
ADV_от	1 4.3
PRON_у	1 4.3
VERB_у	1 4.3
ADV_над	1 4.3
PRON_в	1 4.3
NOUN_на	1 4.3
----------------------------------------
DET_Prep	23 33.3	0 0.0
ADP_за	5 21.7
ADJ_за	5 21.7
ADP_на	4 17.4
ADJ_на	4 17.4
ADP_к	1 4.3
ADJ_к	1 4.3
ADP_от	1 4.3
ADJ_от	1 4.3
NOUN_до	1 4.3
----------------------------------------
ADJ_Gender	19 82.6	1 100.0
PRON_Fem	6 31.6
Other: 
PRON_Masc	6 31.6
Other: 
PRON_Neut	6 31.6
Other: 
NOUN_Masc	1 5.3
Other: 
ADJ_Masc	0 0.0
Other: 
----------------------------------------
VERB_Gender	18 16.7	1 25.0
PRON_Masc	7 38.9
Other: 
PRON_Neut	4 22.2
Other: 
PRON_Fem	3 16.7
Other: 
NOUN_Neut	2 11.1
Other: 
NOUN_Masc	1 5.6
Other: 
VERB_Neut	1 5.6
Other: 
VERB_Masc	0 0.0
Other: 
----------------------------------------
VERB_Case	9 8.3	0 0.0
PRON_Nom	5 55.6
Other: 
PRON_Gen	3 33.3
Other: 
PRON_Acc	1 11.1
Other: 
VERB_Gen	0 0.0
Other: 
VERB_Nom	0 0.0
Other: 
VERB_Acc	0 0.0
Other: 
----------------------------------------
VERB_Prep	6 5.6	0 0.0
NOUN_в	4 66.7
PRON_прежде	1 16.7
NOUN_на	1 16.7
----------------------------------------
X_Foreign	3 100.0	2 100.0
X_Yes	2 66.7
Other: 
PROPN_Yes	1 33.3
Other: 
----------------------------------------
ADJ_Prep	2 8.7	0 0.0
NOUN_а-ля	1 50.0
PRON_по	1 50.0
----------------------------------------
DET_Animacy	1 1.4	0 0.0
NOUN_Inan	1 100.0
Other: 
----------------------------------------
