NUM	537 81.4
NOUN 533 99.3	PROPN 4 0.7
----------------------------------------
PROPN	78 11.8
PROPN 77 98.7	NOUN 1 1.3
----------------------------------------
VERB	10 1.5
VERB 10 100.0
----------------------------------------
ADV	9 1.4
ADV 9 100.0
----------------------------------------
ADJ	8 1.2
ADJ 8 100.0
----------------------------------------
NOUN	8 1.2
NOUN 6 75.0	PROPN 1 12.5	INTJ 1 12.5
----------------------------------------
PART	4 0.6
PART 4 100.0
----------------------------------------
ADP	3 0.5
PROPN 2 66.7	NOUN 1 33.3
----------------------------------------
PRON	3 0.5
NUM 1 33.3	NOUN 1 33.3	PRON 1 33.3
----------------------------------------

NUM_Prep	165 30.7	0 0.0
NOUN_с	47 28.5
NOUN_по	24 14.5
NOUN_на	22 13.3
NOUN_от	19 11.5
NOUN_до	17 10.3
NOUN_после	15 9.1
NOUN_за	5 3.0
NOUN_к	4 2.4
NOUN_в	3 1.8
NOUN_во	1 0.6
NOUN_для	1 0.6
NOUN_между	1 0.6
NOUN_перед	1 0.6
NOUN_без	1 0.6
NOUN_ко	1 0.6
PROPN_по	1 0.6
NOUN_около	1 0.6
PROPN_до	1 0.6
----------------------------------------
PROPN_Animacy	33 42.3	32 100.0
PROPN_Anim	24 72.7
Other: 
PROPN_Inan	9 27.3
Other: 
----------------------------------------
PROPN_Case	33 42.3	32 100.0
PROPN_Nom	16 48.5
Other: 
PROPN_Gen	8 24.2
Other: 
PROPN_Acc	4 12.1
Other: 
PROPN_Dat	3 9.1
Other: 
PROPN_Ins	2 6.1
Other: 
----------------------------------------
PROPN_Gender	33 42.3	29 90.6
PROPN_Masc	32 97.0
Other: 
PROPN_Fem	1 3.0
Other: 
----------------------------------------
PROPN_Number	33 42.3	32 100.0
PROPN_Sing	32 97.0
Other: 
PROPN_Plur	1 3.0
Other: 
----------------------------------------
PROPN_Foreign	11 14.1	11 100.0
PROPN_Yes	11 100.0
Other: 
----------------------------------------
VERB_Aspect	10 100.0	10 100.0
VERB_Imp	9 90.0
Other: 
VERB_Perf	1 10.0
Other: 
----------------------------------------
VERB_Mood	10 100.0	10 100.0
VERB_Ind	9 90.0
Other: 
VERB_Imp	1 10.0
Other: 
----------------------------------------
VERB_Number	10 100.0	10 100.0
VERB_Sing	8 80.0
Other: 
VERB_Plur	2 20.0
Other: 
----------------------------------------
VERB_VerbForm	10 100.0	10 100.0
VERB_Fin	10 100.0
Other: 
----------------------------------------
VERB_Voice	10 100.0	10 100.0
VERB_Act	9 90.0
Other: 
VERB_Mid	1 10.0
Other: 
----------------------------------------
VERB_Tense	9 90.0	9 100.0
VERB_Past	6 66.7
Other: 
VERB_Pres	3 33.3
Other: 
----------------------------------------
ADV_Degree	9 100.0	9 100.0
ADV_Pos	9 100.0
Other: 
----------------------------------------
ADJ_Degree	8 100.0	8 100.0
ADJ_Pos	8 100.0
Other: 
----------------------------------------
ADJ_Number	8 100.0	8 100.0
ADJ_Sing	5 62.5
Other: 
ADJ_Plur	3 37.5
Other: 
----------------------------------------
NOUN_Animacy	8 100.0	7 100.0
NOUN_Inan	5 62.5
Other: 
NOUN_Anim	1 12.5
Other: 
PROPN_Inan	1 12.5
Other: 
INTJ_Inan	1 12.5
Other: 
----------------------------------------
NOUN_Case	8 100.0	6 85.7
NOUN_Nom	5 62.5
Other: 
PROPN_Acc	1 12.5
Other: 
NOUN_Gen	1 12.5
Other: 
INTJ_Acc	1 12.5
Other: 
NOUN_Acc	0 0.0
Other: 
----------------------------------------
NOUN_Gender	8 100.0	7 100.0
NOUN_Fem	3 37.5
Other: 
NOUN_Neut	2 25.0
Other: 
PROPN_Fem	1 12.5
Other: 
NOUN_Masc	1 12.5
Other: 
INTJ_Masc	1 12.5
Other: 
----------------------------------------
NOUN_Number	8 100.0	7 100.0
NOUN_Sing	5 62.5
Other: 
NOUN_Plur	1 12.5
Other: 
PROPN_Sing	1 12.5
Other: 
INTJ_Sing	1 12.5
Other: 
----------------------------------------
PROPN_Prep	8 10.3	0 0.0
PROPN_в	3 37.5
PROPN_с	1 12.5
PROPN_для	1 12.5
PROPN_по	1 12.5
PROPN_из	1 12.5
PROPN_кроме	1 12.5
----------------------------------------
ADJ_Case	7 87.5	7 100.0
ADJ_Nom	7 100.0
Other: 
----------------------------------------
VERB_Gender	5 50.0	5 100.0
VERB_Masc	5 100.0
Other: 
----------------------------------------
ADJ_Gender	5 62.5	5 100.0
ADJ_Neut	3 60.0
Other: 
ADJ_Masc	1 20.0
Other: 
ADJ_Fem	1 20.0
Other: 
----------------------------------------
VERB_Person	4 40.0	4 100.0
VERB_1	2 50.0
Other: 
VERB_3	1 25.0
Other: 
VERB_2	1 25.0
Other: 
----------------------------------------
PRON_Case	3 100.0	1 50.0
NUM_Gen	1 33.3
Other: 
NOUN_Gen	1 33.3
Other: 
PRON_Acc	1 33.3
Other: 
PRON_Gen	0 0.0
Other: 
----------------------------------------
PRON_Number	2 66.7	0 0.0
NUM_Plur	1 50.0
Other: 
NOUN_Plur	1 50.0
Other: 
PRON_Plur	0 0.0
Other: 
----------------------------------------
PRON_Person	2 66.7	0 0.0
NUM_3	1 50.0
Other: 
NOUN_3	1 50.0
Other: 
----------------------------------------
PRON_Prep	2 66.7	0 0.0
NUM_в	1 50.0
NOUN_в	1 50.0
----------------------------------------
ADJ_Variant	1 12.5	1 100.0
ADJ_Short	1 100.0
Other: 
----------------------------------------
VERB_Prep	1 10.0	0 0.0
VERB_насчет	1 100.0
----------------------------------------
