PROPN	4075 96.9
PROPN 4071 99.9	PRON 2 0.0	X 1 0.0	NOUN 1 0.0
----------------------------------------
PART	66 1.6
PROPN 55 83.3	SCONJ 6 9.1	PART 3 4.5	PRON 2 3.0
----------------------------------------
NOUN	27 0.6
PROPN 18 66.7	NOUN 8 29.6	PRON 1 3.7
----------------------------------------
ADV	25 0.6
PART 22 88.0	SCONJ 2 8.0	ADV 1 4.0
----------------------------------------
PRON	5 0.1
PART 2 40.0	PRON 1 20.0	PROPN 1 20.0	ADJ 1 20.0
----------------------------------------
VERB	3 0.1
VERB 2 66.7	ADV 1 33.3
----------------------------------------
NUM	2 0.0
ADV 2 100.0
----------------------------------------
ADJ	1 0.0
PART 1 100.0
----------------------------------------
INTJ	1 0.0
PRON 1 100.0
----------------------------------------
SCONJ	1 0.0
ADV 1 100.0
----------------------------------------

PROPN_Animacy	4050 99.4	4043 99.9
PROPN_Anim	4047 99.9
Other: 
PRON_Anim	2 0.0
Other: 
NOUN_Anim	1 0.0
Other: 
----------------------------------------
PROPN_Case	4050 99.4	4038 99.8
PROPN_Nom	2477 61.2
Other: 
PROPN_Gen	996 24.6
Other: 
PROPN_Ins	250 6.2
Other: 
PROPN_Acc	168 4.1
Other: 
PROPN_Dat	143 3.5
Other: 
PROPN_Loc	13 0.3
Other: 
PRON_Nom	2 0.0
Other: 
NOUN_Nom	1 0.0
Other: 
----------------------------------------
PROPN_Gender	4050 99.4	4026 99.5
PROPN_Masc	3588 88.6
Other: 
PROPN_Fem	459 11.3
Other: 
PRON_Masc	2 0.0
Other: 
NOUN_Masc	1 0.0
Other: 
----------------------------------------
PROPN_Number	4050 99.4	4044 99.9
PROPN_Sing	4043 99.8
Other: 
PROPN_Plur	4 0.1
Other: 
PRON_Sing	2 0.0
Other: 
NOUN_Sing	1 0.0
Other: 
----------------------------------------
PROPN_Prep	140 3.4	0 0.0
PROPN_с	55 39.3
PROPN_у	21 15.0
PROPN_к	10 7.1
PROPN_на	9 6.4
PROPN_для	7 5.0
PROPN_в	5 3.6
PROPN_за	5 3.6
PROPN_против	4 2.9
PROPN_о	3 2.1
PROPN_про	3 2.1
PROPN_от	3 2.1
PROPN_об	2 1.4
PROPN_между	2 1.4
PROPN_при	2 1.4
PROPN_возле	1 0.7
PROPN_кроме	1 0.7
PROPN_вместо	1 0.7
PROPN_вроде	1 0.7
PROPN_над	1 0.7
PROPN_по	1 0.7
PRON_с	1 0.7
PROPN_помимо	1 0.7
PROPN_относительно	1 0.7
----------------------------------------
NOUN_Animacy	27 100.0	21 80.8
PROPN_Anim	17 63.0
Other: 
NOUN_Inan	8 29.6
Other: 
PRON_Inan	1 3.7
Other: 
PROPN_Inan	1 3.7
Other: 
NOUN_Anim	0 0.0
Other: 
----------------------------------------
NOUN_Case	27 100.0	18 66.7
PROPN_Nom	14 51.9
Other: 
NOUN_Nom	8 29.6
Other: 
PROPN_Acc	2 7.4
Other: 
PROPN_Gen	2 7.4
Other: 
PRON_Nom	1 3.7
Other: 
NOUN_Acc	0 0.0
Other: 
NOUN_Gen	0 0.0
Other: 
----------------------------------------
NOUN_Gender	27 100.0	16 61.5
PROPN_Masc	14 51.9
Other: 
NOUN_Fem	8 29.6
Other: 
PROPN_Fem	4 14.8
Other: 
PRON_Masc	1 3.7
Other: 
NOUN_Masc	0 0.0
Other: 
----------------------------------------
NOUN_Number	27 100.0	26 96.3
PROPN_Sing	18 66.7
Other: 
NOUN_Sing	7 25.9
Other: 
PRON_Sing	1 3.7
Other: 
NOUN_Plur	1 3.7
Other: 
----------------------------------------
ADV_Degree	25 100.0	1 100.0
PART_Pos	22 88.0
Other: 
SCONJ_Pos	2 8.0
Other: 
ADV_Pos	1 4.0
Other: 
----------------------------------------
PRON_Case	5 100.0	3 100.0
PART_Acc	2 40.0
Other: 
PRON_Nom	1 20.0
Other: 
PROPN_Gen	1 20.0
Other: 
ADJ_Ins	1 20.0
Other: 
PRON_Gen	0 0.0
Other: 
PRON_Ins	0 0.0
Other: 
----------------------------------------
VERB_Aspect	3 100.0	2 100.0
VERB_Imp	1 33.3
Other: 
VERB_Perf	1 33.3
Other: 
ADV_Imp	1 33.3
Other: 
----------------------------------------
VERB_Mood	3 100.0	2 100.0
VERB_Imp	1 33.3
Other: 
VERB_Ind	1 33.3
Other: 
ADV_Imp	1 33.3
Other: 
----------------------------------------
VERB_Number	3 100.0	2 100.0
VERB_Sing	2 66.7
Other: 
ADV_Plur	1 33.3
Other: 
----------------------------------------
VERB_Person	3 100.0	2 100.0
VERB_2	1 33.3
Other: 
VERB_3	1 33.3
Other: 
ADV_2	1 33.3
Other: 
----------------------------------------
VERB_VerbForm	3 100.0	2 100.0
VERB_Fin	2 66.7
Other: 
ADV_Fin	1 33.3
Other: 
----------------------------------------
VERB_Voice	3 100.0	2 100.0
VERB_Act	2 66.7
Other: 
ADV_Act	1 33.3
Other: 
----------------------------------------
PRON_Number	2 40.0	2 100.0
PROPN_Sing	1 50.0
Other: 
ADJ_Sing	1 50.0
Other: 
PRON_Sing	0 0.0
Other: 
----------------------------------------
ADJ_Degree	1 100.0	0 0.0
PART_Pos	1 100.0
Other: 
----------------------------------------
ADJ_Gender	1 100.0	0 0.0
PART_Neut	1 100.0
Other: 
----------------------------------------
ADJ_Number	1 100.0	0 0.0
PART_Sing	1 100.0
Other: 
----------------------------------------
ADJ_Variant	1 100.0	0 0.0
PART_Short	1 100.0
Other: 
----------------------------------------
PROPN_Foreign	1 0.0	1 100.0
X_Yes	1 100.0
Other: 
PROPN_Yes	0 0.0
Other: 
----------------------------------------
VERB_Tense	1 33.3	1 100.0
VERB_Fut	1 100.0
Other: 
----------------------------------------
PRON_Person	1 20.0	0 0.0
PROPN_1	1 100.0
Other: 
----------------------------------------
PRON_Gender	1 20.0	1 100.0
ADJ_Neut	1 100.0
Other: 
PRON_Neut	0 0.0
Other: 
----------------------------------------
PRON_Animacy	1 20.0	0 0.0
ADJ_Inan	1 100.0
Other: 
----------------------------------------
