VERB	4768 74.2
NOUN 2437 51.1	PRON 1871 39.2	PROPN 383 8.0	ADJ 60 1.3	NUM 9 0.2	DET 4 0.1	VERB 2 0.0	PART 1 0.0	ADV 1 0.0
----------------------------------------
ADJ	841 13.1
NOUN 411 48.9	PRON 358 42.6	PROPN 54 6.4	ADJ 13 1.5	ADV 2 0.2	SYM 2 0.2	NUM 1 0.1
----------------------------------------
NOUN	578 9.0
NOUN 399 69.0	PRON 104 18.0	PROPN 59 10.2	ADJ 11 1.9	NUM 3 0.5	SYM 1 0.2	VERB 1 0.2
----------------------------------------
ADV	189 2.9
PRON 99 52.4	NOUN 77 40.7	PROPN 10 5.3	ADJ 2 1.1	NUM 1 0.5
----------------------------------------
PRON	24 0.4
PRON 13 54.2	NOUN 9 37.5	PROPN 2 8.3
----------------------------------------
PART	16 0.2
PRON 13 81.2	NOUN 3 18.8
----------------------------------------
PROPN	5 0.1
NOUN 3 60.0	PROPN 2 40.0
----------------------------------------
NUM	3 0.0
PRON 3 100.0
----------------------------------------
ADP	2 0.0
PRON 1 50.0	NOUN 1 50.0
----------------------------------------
DET	1 0.0
NOUN 1 100.0
----------------------------------------

VERB_Voice	4768 100.0	2 100.0
NOUN_Act	1741 36.5
Other: 
PRON_Act	1246 26.1
Other: 
PRON_Mid	520 10.9
Other: 
NOUN_Mid	396 8.3
Other: 
NOUN_Pass	300 6.3
Other: 
PROPN_Act	278 5.8
Other: 
PRON_Pass	105 2.2
Other: 
PROPN_Mid	72 1.5
Other: 
ADJ_Act	49 1.0
Other: 
PROPN_Pass	33 0.7
Other: 
ADJ_Mid	10 0.2
Other: 
NUM_Mid	7 0.1
Other: 
DET_Act	3 0.1
Other: 
NUM_Act	2 0.0
Other: 
VERB_Act	2 0.0
Other: 
PART_Act	1 0.0
Other: 
ADJ_Pass	1 0.0
Other: 
ADV_Mid	1 0.0
Other: 
DET_Mid	1 0.0
Other: 
----------------------------------------
VERB_Aspect	4767 100.0	2 100.0
NOUN_Imp	1302 27.3
Other: 
NOUN_Perf	1134 23.8
Other: 
PRON_Perf	944 19.8
Other: 
PRON_Imp	927 19.4
Other: 
PROPN_Perf	251 5.3
Other: 
PROPN_Imp	132 2.8
Other: 
ADJ_Imp	37 0.8
Other: 
ADJ_Perf	23 0.5
Other: 
NUM_Imp	6 0.1
Other: 
NUM_Perf	3 0.1
Other: 
DET_Perf	2 0.0
Other: 
VERB_Imp	2 0.0
Other: 
DET_Imp	2 0.0
Other: 
PART_Imp	1 0.0
Other: 
ADV_Perf	1 0.0
Other: 
----------------------------------------
VERB_VerbForm	4767 100.0	0 0.0
NOUN_Fin	1512 31.7
Other: 
PRON_Fin	1431 30.0
Other: 
NOUN_Inf	500 10.5
Other: 
NOUN_Part	354 7.4
Other: 
PRON_Inf	301 6.3
Other: 
PROPN_Fin	271 5.7
Other: 
PRON_Part	119 2.5
Other: 
NOUN_Conv	70 1.5
Other: 
PROPN_Inf	66 1.4
Other: 
ADJ_Fin	40 0.8
Other: 
PROPN_Part	40 0.8
Other: 
PRON_Conv	20 0.4
Other: 
ADJ_Inf	14 0.3
Other: 
NUM_Fin	8 0.2
Other: 
PROPN_Conv	6 0.1
Other: 
ADJ_Part	5 0.1
Other: 
DET_Fin	2 0.0
Other: 
DET_Inf	2 0.0
Other: 
VERB_Fin	2 0.0
Other: 
PART_Fin	1 0.0
Other: 
ADV_Fin	1 0.0
Other: 
NUM_Part	1 0.0
Other: 
ADJ_Conv	1 0.0
Other: 
----------------------------------------
VERB_Tense	3838 80.5	2 100.0
NOUN_Past	1022 26.6
Other: 
PRON_Past	923 24.0
Other: 
NOUN_Pres	773 20.1
Other: 
PRON_Pres	456 11.9
Other: 
PROPN_Past	233 6.1
Other: 
PRON_Fut	157 4.1
Other: 
NOUN_Fut	133 3.5
Other: 
PROPN_Pres	64 1.7
Other: 
ADJ_Pres	23 0.6
Other: 
ADJ_Past	18 0.5
Other: 
PROPN_Fut	18 0.5
Other: 
NUM_Past	5 0.1
Other: 
ADJ_Fut	3 0.1
Other: 
NUM_Pres	3 0.1
Other: 
VERB_Pres	2 0.1
Other: 
DET_Past	1 0.0
Other: 
NUM_Fut	1 0.0
Other: 
PART_Pres	1 0.0
Other: 
ADV_Fut	1 0.0
Other: 
DET_Pres	1 0.0
Other: 
----------------------------------------
VERB_Number	3787 79.4	2044 57.5
NOUN_Sing	1299 34.3
Other: 
PRON_Sing	1148 30.3
Other: 
NOUN_Plur	567 15.0
Other: 
PRON_Plur	402 10.6
Other: 
PROPN_Sing	243 6.4
Other: 
PROPN_Plur	68 1.8
Other: 
ADJ_Sing	30 0.8
Other: 
ADJ_Plur	15 0.4
Other: 
NUM_Sing	7 0.2
Other: 
VERB_Sing	2 0.1
Other: 
NUM_Plur	2 0.1
Other: 
DET_Plur	1 0.0
Other: 
PART_Plur	1 0.0
Other: 
ADV_Sing	1 0.0
Other: 
DET_Sing	1 0.0
Other: 
VERB_Plur	0 0.0
Other: 
----------------------------------------
VERB_Mood	3268 68.5	0 0.0
NOUN_Ind	1504 46.0
Other: 
PRON_Ind	1397 42.7
Other: 
PROPN_Ind	269 8.2
Other: 
ADJ_Ind	38 1.2
Other: 
PRON_Imp	34 1.0
Other: 
NOUN_Imp	8 0.2
Other: 
NUM_Ind	8 0.2
Other: 
PROPN_Imp	2 0.1
Other: 
DET_Ind	2 0.1
Other: 
ADJ_Imp	2 0.1
Other: 
VERB_Ind	2 0.1
Other: 
PART_Ind	1 0.0
Other: 
ADV_Ind	1 0.0
Other: 
----------------------------------------
VERB_Gender	1651 34.6	423 35.8
NOUN_Masc	358 21.7
Other: 
PRON_Neut	290 17.6
Other: 
NOUN_Neut	272 16.5
Other: 
PRON_Masc	231 14.0
Other: 
PRON_Fem	149 9.0
Other: 
NOUN_Fem	149 9.0
Other: 
PROPN_Masc	77 4.7
Other: 
PROPN_Neut	63 3.8
Other: 
PROPN_Fem	44 2.7
Other: 
ADJ_Masc	10 0.6
Other: 
NUM_Neut	4 0.2
Other: 
ADJ_Neut	2 0.1
Other: 
ADJ_Fem	1 0.1
Other: 
NUM_Fem	1 0.1
Other: 
VERB_Neut	0 0.0
Other: 
VERB_Masc	0 0.0
Other: 
VERB_Fem	0 0.0
Other: 
----------------------------------------
VERB_Person	1486 31.2	189 36.2
NOUN_3	720 48.5
Other: 
PRON_3	533 35.9
Other: 
PROPN_3	70 4.7
Other: 
PRON_1	44 3.0
Other: 
PRON_2	41 2.8
Other: 
NOUN_1	25 1.7
Other: 
ADJ_3	21 1.4
Other: 
NOUN_2	18 1.2
Other: 
NUM_3	3 0.2
Other: 
VERB_3	2 0.1
Other: 
PROPN_2	2 0.1
Other: 
ADJ_2	2 0.1
Other: 
PROPN_1	2 0.1
Other: 
PART_3	1 0.1
Other: 
ADV_3	1 0.1
Other: 
DET_3	1 0.1
Other: 
VERB_1	0 0.0
Other: 
VERB_2	0 0.0
Other: 
----------------------------------------
ADJ_Degree	841 100.0	13 86.7
NOUN_Pos	395 47.0
Other: 
PRON_Pos	333 39.6
Other: 
PROPN_Pos	52 6.2
Other: 
PRON_Cmp	25 3.0
Other: 
NOUN_Cmp	16 1.9
Other: 
ADJ_Pos	11 1.3
Other: 
ADV_Pos	2 0.2
Other: 
SYM_Pos	2 0.2
Other: 
ADJ_Cmp	2 0.2
Other: 
PROPN_Cmp	2 0.2
Other: 
NUM_Pos	1 0.1
Other: 
----------------------------------------
ADJ_Number	796 94.6	416 55.8
NOUN_Sing	298 37.4
Other: 
PRON_Sing	263 33.0
Other: 
NOUN_Plur	97 12.2
Other: 
PRON_Plur	70 8.8
Other: 
PROPN_Sing	41 5.2
Other: 
PROPN_Plur	11 1.4
Other: 
ADJ_Sing	7 0.9
Other: 
ADJ_Plur	4 0.5
Other: 
ADV_Sing	2 0.3
Other: 
SYM_Sing	1 0.1
Other: 
SYM_Plur	1 0.1
Other: 
NUM_Sing	1 0.1
Other: 
----------------------------------------
ADJ_Gender	613 72.9	106 26.2
PRON_Neut	170 27.7
Other: 
NOUN_Neut	149 24.3
Other: 
NOUN_Masc	81 13.2
Other: 
NOUN_Fem	68 11.1
Other: 
PRON_Masc	49 8.0
Other: 
PRON_Fem	44 7.2
Other: 
PROPN_Neut	21 3.4
Other: 
PROPN_Masc	12 2.0
Other: 
PROPN_Fem	8 1.3
Other: 
ADJ_Neut	4 0.7
Other: 
ADJ_Masc	2 0.3
Other: 
ADV_Fem	2 0.3
Other: 
ADJ_Fem	1 0.2
Other: 
SYM_Masc	1 0.2
Other: 
NUM_Fem	1 0.2
Other: 
----------------------------------------
ADJ_Variant	597 71.0	0 0.0
NOUN_Short	291 48.7
Other: 
PRON_Short	257 43.0
Other: 
PROPN_Short	40 6.7
Other: 
ADJ_Short	5 0.8
Other: 
SYM_Short	2 0.3
Other: 
ADV_Short	1 0.2
Other: 
NUM_Short	1 0.2
Other: 
----------------------------------------
NOUN_Animacy	578 100.0	312 65.1
NOUN_Inan	388 67.1
Other: 
PRON_Inan	97 16.8
Other: 
PROPN_Inan	57 9.9
Other: 
NOUN_Anim	11 1.9
Other: 
ADJ_Inan	11 1.9
Other: 
PRON_Anim	7 1.2
Other: 
NUM_Inan	3 0.5
Other: 
PROPN_Anim	2 0.3
Other: 
SYM_Inan	1 0.2
Other: 
VERB_Inan	1 0.2
Other: 
----------------------------------------
NOUN_Case	578 100.0	41 7.2
NOUN_Acc	122 21.1
Other: 
NOUN_Gen	120 20.8
Other: 
NOUN_Nom	62 10.7
Other: 
NOUN_Loc	51 8.8
Other: 
PRON_Gen	34 5.9
Other: 
NOUN_Ins	29 5.0
Other: 
PROPN_Acc	24 4.2
Other: 
PRON_Nom	23 4.0
Other: 
PRON_Acc	19 3.3
Other: 
NOUN_Dat	15 2.6
Other: 
PROPN_Gen	14 2.4
Other: 
PRON_Dat	13 2.2
Other: 
PRON_Ins	12 2.1
Other: 
PROPN_Loc	9 1.6
Other: 
PROPN_Dat	5 0.9
Other: 
ADJ_Acc	5 0.9
Other: 
PROPN_Nom	4 0.7
Other: 
PROPN_Ins	3 0.5
Other: 
PRON_Loc	3 0.5
Other: 
ADJ_Nom	3 0.5
Other: 
ADJ_Gen	2 0.3
Other: 
NUM_Dat	2 0.3
Other: 
NUM_Gen	1 0.2
Other: 
ADJ_Loc	1 0.2
Other: 
SYM_Dat	1 0.2
Other: 
VERB_Acc	1 0.2
Other: 
----------------------------------------
NOUN_Gender	578 100.0	156 31.0
NOUN_Neut	162 28.0
Other: 
NOUN_Fem	155 26.8
Other: 
NOUN_Masc	82 14.2
Other: 
PRON_Masc	42 7.3
Other: 
PRON_Fem	32 5.5
Other: 
PRON_Neut	30 5.2
Other: 
PROPN_Fem	23 4.0
Other: 
PROPN_Neut	19 3.3
Other: 
PROPN_Masc	17 2.9
Other: 
ADJ_Fem	6 1.0
Other: 
ADJ_Masc	3 0.5
Other: 
NUM_Masc	2 0.3
Other: 
ADJ_Neut	2 0.3
Other: 
NUM_Fem	1 0.2
Other: 
SYM_Fem	1 0.2
Other: 
VERB_Fem	1 0.2
Other: 
----------------------------------------
NOUN_Number	578 100.0	350 62.1
NOUN_Sing	346 59.9
Other: 
PRON_Sing	76 13.1
Other: 
PROPN_Sing	53 9.2
Other: 
NOUN_Plur	53 9.2
Other: 
PRON_Plur	28 4.8
Other: 
ADJ_Sing	10 1.7
Other: 
PROPN_Plur	6 1.0
Other: 
NUM_Sing	3 0.5
Other: 
ADJ_Plur	1 0.2
Other: 
SYM_Sing	1 0.2
Other: 
VERB_Sing	1 0.2
Other: 
----------------------------------------
VERB_Case	288 6.0	13 4.5
NOUN_Gen	62 21.5
Other: 
NOUN_Nom	57 19.8
Other: 
NOUN_Acc	43 14.9
Other: 
NOUN_Loc	19 6.6
Other: 
PRON_Nom	18 6.2
Other: 
PRON_Acc	16 5.6
Other: 
PRON_Gen	15 5.2
Other: 
NOUN_Ins	15 5.2
Other: 
PRON_Ins	7 2.4
Other: 
NOUN_Dat	6 2.1
Other: 
PROPN_Nom	5 1.7
Other: 
PROPN_Gen	5 1.7
Other: 
PROPN_Acc	4 1.4
Other: 
PRON_Loc	4 1.4
Other: 
PROPN_Loc	2 0.7
Other: 
PROPN_Dat	2 0.7
Other: 
PRON_Dat	2 0.7
Other: 
ADJ_Acc	2 0.7
Other: 
ADJ_Nom	1 0.3
Other: 
ADJ_Loc	1 0.3
Other: 
ADJ_Gen	1 0.3
Other: 
NUM_Nom	1 0.3
Other: 
VERB_Nom	0 0.0
Other: 
VERB_Ins	0 0.0
Other: 
VERB_Gen	0 0.0
Other: 
VERB_Dat	0 0.0
Other: 
VERB_Loc	0 0.0
Other: 
VERB_Acc	0 0.0
Other: 
----------------------------------------
VERB_Variant	231 4.8	0 0.0
NOUN_Short	152 65.8
Other: 
PRON_Short	57 24.7
Other: 
PROPN_Short	22 9.5
Other: 
----------------------------------------
ADJ_Case	199 23.7	2 1.0
NOUN_Gen	28 14.1
Other: 
NOUN_Acc	24 12.1
Other: 
NOUN_Ins	22 11.1
Other: 
PRON_Acc	22 11.1
Other: 
NOUN_Nom	22 11.1
Other: 
PRON_Gen	20 10.1
Other: 
PRON_Nom	17 8.5
Other: 
PRON_Ins	13 6.5
Other: 
NOUN_Loc	8 4.0
Other: 
ADJ_Nom	3 1.5
Other: 
PROPN_Gen	3 1.5
Other: 
PROPN_Acc	3 1.5
Other: 
PROPN_Nom	3 1.5
Other: 
PRON_Loc	3 1.5
Other: 
PROPN_Ins	2 1.0
Other: 
ADJ_Gen	2 1.0
Other: 
ADJ_Acc	1 0.5
Other: 
ADV_Nom	1 0.5
Other: 
PROPN_Dat	1 0.5
Other: 
PRON_Dat	1 0.5
Other: 
ADJ_Ins	0 0.0
Other: 
ADJ_Dat	0 0.0
Other: 
ADJ_Loc	0 0.0
Other: 
----------------------------------------
ADV_Degree	189 100.0	2 100.0
PRON_Pos	95 50.3
Other: 
NOUN_Pos	75 39.7
Other: 
PROPN_Pos	9 4.8
Other: 
PRON_Cmp	4 2.1
Other: 
ADJ_Pos	2 1.1
Other: 
NOUN_Cmp	2 1.1
Other: 
NUM_Pos	1 0.5
Other: 
PROPN_Cmp	1 0.5
Other: 
ADV_Pos	0 0.0
Other: 
----------------------------------------
NOUN_Prep	168 29.1	0 0.0
NOUN_в	52 31.0
NOUN_на	23 13.7
NOUN_о	12 7.1
PROPN_в	11 6.5
NOUN_для	6 3.6
NOUN_с	5 3.0
NOUN_по	5 3.0
NOUN_за	5 3.0
NOUN_от	4 2.4
PRON_в	4 2.4
ADJ_в	3 1.8
NOUN_к	3 1.8
PRON_на	3 1.8
NOUN_из	2 1.2
NOUN_после	2 1.2
PROPN_по	2 1.2
PROPN_о	2 1.2
NOUN_над	1 0.6
ADJ_помимо	1 0.6
NOUN_прежде	1 0.6
PRON_до	1 0.6
NOUN_об	1 0.6
PRON_о	1 0.6
NOUN_накануне	1 0.6
NOUN_без	1 0.6
NOUN_при	1 0.6
NOUN_под	1 0.6
NOUN_перед	1 0.6
NOUN_до	1 0.6
PROPN_к	1 0.6
PRON_для	1 0.6
PRON_из	1 0.6
PROPN_для	1 0.6
NOUN_выше	1 0.6
NOUN_среди	1 0.6
PRON_после	1 0.6
PROPN_вокруг	1 0.6
SYM_по	1 0.6
ADJ_на	1 0.6
VERB_на	1 0.6
PRON_под	1 0.6
----------------------------------------
VERB_Animacy	37 0.8	19 73.1
NOUN_Inan	24 64.9
Other: 
PRON_Inan	6 16.2
Other: 
PRON_Anim	3 8.1
Other: 
PROPN_Anim	1 2.7
Other: 
ADJ_Inan	1 2.7
Other: 
ADJ_Anim	1 2.7
Other: 
NOUN_Anim	1 2.7
Other: 
VERB_Inan	0 0.0
Other: 
VERB_Anim	0 0.0
Other: 
----------------------------------------
PRON_Case	24 100.0	6 25.0
PRON_Nom	7 29.2
Other: 
NOUN_Dat	4 16.7
Other: 
PRON_Gen	3 12.5
Other: 
NOUN_Nom	3 12.5
Other: 
PROPN_Gen	2 8.3
Other: 
PRON_Dat	2 8.3
Other: 
PRON_Ins	1 4.2
Other: 
NOUN_Loc	1 4.2
Other: 
NOUN_Gen	1 4.2
Other: 
PRON_Loc	0 0.0
Other: 
----------------------------------------
ADJ_Animacy	22 2.6	5 38.5
NOUN_Inan	9 40.9
Other: 
PRON_Inan	7 31.8
Other: 
NOUN_Anim	3 13.6
Other: 
PRON_Anim	2 9.1
Other: 
PROPN_Inan	1 4.5
Other: 
ADJ_Anim	0 0.0
Other: 
ADJ_Inan	0 0.0
Other: 
----------------------------------------
VERB_Prep	19 0.4	0 0.0
NOUN_в	8 42.1
PROPN_в	3 15.8
PRON_до	2 10.5
PRON_прежде	1 5.3
NOUN_с	1 5.3
PRON_в	1 5.3
NOUN_до	1 5.3
PROPN_с	1 5.3
PRON_под	1 5.3
----------------------------------------
PRON_Gender	10 41.7	0 0.0
PRON_Neut	6 60.0
Other: 
NOUN_Neut	4 40.0
Other: 
----------------------------------------
PRON_Number	10 41.7	6 66.7
PRON_Sing	6 60.0
Other: 
NOUN_Sing	4 40.0
Other: 
----------------------------------------
PRON_Animacy	10 41.7	1 25.0
PRON_Inan	6 60.0
Other: 
NOUN_Inan	4 40.0
Other: 
----------------------------------------
PROPN_Animacy	5 100.0	4 80.0
NOUN_Inan	3 60.0
Other: 
PROPN_Inan	2 40.0
Other: 
----------------------------------------
PROPN_Case	5 100.0	0 0.0
PROPN_Loc	1 20.0
Other: 
NOUN_Loc	1 20.0
Other: 
PROPN_Gen	1 20.0
Other: 
NOUN_Gen	1 20.0
Other: 
NOUN_Nom	1 20.0
Other: 
PROPN_Nom	0 0.0
Other: 
----------------------------------------
PROPN_Gender	5 100.0	2 40.0
NOUN_Neut	2 40.0
Other: 
PROPN_Masc	2 40.0
Other: 
NOUN_Masc	1 20.0
Other: 
PROPN_Neut	0 0.0
Other: 
----------------------------------------
PROPN_Number	5 100.0	5 100.0
PROPN_Sing	2 40.0
Other: 
NOUN_Sing	2 40.0
Other: 
NOUN_Plur	1 20.0
Other: 
PROPN_Plur	0 0.0
Other: 
----------------------------------------
ADJ_Prep	4 0.5	0 0.0
NOUN_до	1 25.0
NOUN_по	1 25.0
PRON_за	1 25.0
ADJ_в	1 25.0
----------------------------------------
NUM_Case	2 66.7	0 0.0
PRON_Acc	2 100.0
Other: 
NUM_Acc	0 0.0
Other: 
----------------------------------------
PROPN_Prep	2 40.0	0 0.0
NOUN_в	1 50.0
PROPN_в	1 50.0
----------------------------------------
DET_Case	1 100.0	0 0.0
NOUN_Gen	1 100.0
Other: 
DET_Gen	0 0.0
Other: 
----------------------------------------
DET_Number	1 100.0	0 0.0
NOUN_Plur	1 100.0
Other: 
DET_Plur	0 0.0
Other: 
----------------------------------------
