VERB	11056 67.6
SCONJ 10226 92.5	ADV 459 4.2	PRON 175 1.6	ADP 167 1.5	PART 19 0.2	NUM 5 0.0	CCONJ 3 0.0	PROPN 2 0.0
----------------------------------------
NOUN	2681 16.4
SCONJ 2397 89.4	PRON 167 6.2	ADV 79 2.9	NUM 36 1.3	PART 2 0.1
----------------------------------------
ADJ	1585 9.7
SCONJ 1475 93.1	ADV 87 5.5	PRON 21 1.3	NUM 1 0.1	ADP 1 0.1
----------------------------------------
ADV	546 3.3
SCONJ 488 89.4	ADV 35 6.4	PRON 21 3.8	PART 2 0.4
----------------------------------------
PROPN	205 1.3
SCONJ 198 96.6	ADV 6 2.9	PRON 1 0.5
----------------------------------------
PRON	146 0.9
SCONJ 128 87.7	ADV 10 6.8	PRON 8 5.5
----------------------------------------
DET	56 0.3
SCONJ 39 69.6	PRON 12 21.4	ADV 4 7.1	PART 1 1.8
----------------------------------------
NUM	37 0.2
SCONJ 34 91.9	ADV 2 5.4	PRON 1 2.7
----------------------------------------
PART	18 0.1
SCONJ 18 100.0
----------------------------------------
SYM	5 0.0
SCONJ 3 60.0	PRON 2 40.0
----------------------------------------
SCONJ	4 0.0
SCONJ 4 100.0
----------------------------------------
X	3 0.0
SCONJ 2 66.7	PRON 1 33.3
----------------------------------------
CCONJ	2 0.0
SCONJ 2 100.0
----------------------------------------
ADP	1 0.0
SCONJ 1 100.0
----------------------------------------

VERB_Voice	11056 100.0	0 0.0
SCONJ_Act	7135 64.5
Other: 
SCONJ_Mid	2190 19.8
Other: 
SCONJ_Pass	901 8.1
Other: 
ADV_Act	329 3.0
Other: 
PRON_Act	129 1.2
Other: 
ADV_Mid	88 0.8
Other: 
ADP_Act	83 0.8
Other: 
ADP_Pass	52 0.5
Other: 
ADV_Pass	42 0.4
Other: 
ADP_Mid	32 0.3
Other: 
PRON_Mid	29 0.3
Other: 
PRON_Pass	17 0.2
Other: 
PART_Act	9 0.1
Other: 
PART_Pass	5 0.0
Other: 
PART_Mid	5 0.0
Other: 
NUM_Act	2 0.0
Other: 
PROPN_Act	2 0.0
Other: 
CCONJ_Act	2 0.0
Other: 
NUM_Mid	2 0.0
Other: 
CCONJ_Mid	1 0.0
Other: 
NUM_Pass	1 0.0
Other: 
----------------------------------------
VERB_Aspect	11055 100.0	0 0.0
SCONJ_Imp	5849 52.9
Other: 
SCONJ_Perf	4376 39.6
Other: 
ADV_Imp	316 2.9
Other: 
ADV_Perf	143 1.3
Other: 
PRON_Imp	113 1.0
Other: 
ADP_Perf	97 0.9
Other: 
ADP_Imp	70 0.6
Other: 
PRON_Perf	62 0.6
Other: 
PART_Perf	13 0.1
Other: 
PART_Imp	6 0.1
Other: 
NUM_Imp	5 0.0
Other: 
CCONJ_Perf	3 0.0
Other: 
PROPN_Imp	2 0.0
Other: 
----------------------------------------
VERB_VerbForm	11055 100.0	0 0.0
SCONJ_Fin	8349 75.5
Other: 
SCONJ_Inf	1286 11.6
Other: 
SCONJ_Part	582 5.3
Other: 
ADV_Fin	402 3.6
Other: 
PRON_Fin	134 1.2
Other: 
ADP_Part	123 1.1
Other: 
ADP_Fin	41 0.4
Other: 
ADV_Part	29 0.3
Other: 
ADV_Inf	28 0.3
Other: 
PRON_Inf	25 0.2
Other: 
PRON_Part	14 0.1
Other: 
PART_Fin	11 0.1
Other: 
SCONJ_Conv	8 0.1
Other: 
PART_Part	5 0.0
Other: 
NUM_Fin	4 0.0
Other: 
CCONJ_Fin	3 0.0
Other: 
ADP_Inf	3 0.0
Other: 
PART_Conv	2 0.0
Other: 
PRON_Conv	2 0.0
Other: 
PROPN_Fin	2 0.0
Other: 
PART_Inf	1 0.0
Other: 
NUM_Part	1 0.0
Other: 
----------------------------------------
VERB_Number	9700 87.7	92 62.2
SCONJ_Sing	5916 61.0
Other: 
SCONJ_Plur	3015 31.1
Other: 
ADV_Sing	267 2.8
Other: 
ADV_Plur	164 1.7
Other: 
PRON_Sing	92 0.9
Other: 
ADP_Sing	83 0.9
Other: 
ADP_Plur	81 0.8
Other: 
PRON_Plur	56 0.6
Other: 
PART_Sing	10 0.1
Other: 
PART_Plur	6 0.1
Other: 
NUM_Plur	3 0.0
Other: 
CCONJ_Sing	3 0.0
Other: 
PROPN_Sing	2 0.0
Other: 
NUM_Sing	2 0.0
Other: 
VERB_Sing	0 0.0
Other: 
VERB_Plur	0 0.0
Other: 
----------------------------------------
VERB_Tense	9700 87.7	0 0.0
SCONJ_Past	4087 42.1
Other: 
SCONJ_Pres	3773 38.9
Other: 
SCONJ_Fut	1072 11.1
Other: 
ADV_Pres	209 2.2
Other: 
ADV_Past	181 1.9
Other: 
ADP_Past	100 1.0
Other: 
PRON_Pres	84 0.9
Other: 
PRON_Past	56 0.6
Other: 
ADP_Pres	55 0.6
Other: 
ADV_Fut	37 0.4
Other: 
PART_Past	14 0.1
Other: 
PRON_Fut	10 0.1
Other: 
ADP_Fut	8 0.1
Other: 
CCONJ_Past	3 0.0
Other: 
NUM_Pres	3 0.0
Other: 
NUM_Past	2 0.0
Other: 
PART_Pres	2 0.0
Other: 
PROPN_Pres	2 0.0
Other: 
PART_Fut	2 0.0
Other: 
----------------------------------------
VERB_Mood	8946 80.9	0 0.0
SCONJ_Ind	8342 93.2
Other: 
ADV_Ind	398 4.4
Other: 
PRON_Ind	134 1.5
Other: 
ADP_Ind	40 0.4
Other: 
PART_Ind	11 0.1
Other: 
SCONJ_Imp	7 0.1
Other: 
ADV_Imp	4 0.0
Other: 
NUM_Ind	4 0.0
Other: 
CCONJ_Ind	3 0.0
Other: 
PROPN_Ind	2 0.0
Other: 
ADP_Imp	1 0.0
Other: 
VERB_Ind	0 0.0
Other: 
----------------------------------------
VERB_Person	5200 47.0	0 0.0
SCONJ_3	4401 84.6
Other: 
SCONJ_1	266 5.1
Other: 
ADV_3	227 4.4
Other: 
SCONJ_2	166 3.2
Other: 
PRON_3	77 1.5
Other: 
ADP_3	21 0.4
Other: 
ADV_1	12 0.2
Other: 
ADV_2	10 0.2
Other: 
PRON_1	8 0.2
Other: 
PART_3	3 0.1
Other: 
PRON_2	3 0.1
Other: 
ADP_2	2 0.0
Other: 
PROPN_3	2 0.0
Other: 
NUM_3	2 0.0
Other: 
----------------------------------------
VERB_Gender	2934 26.5	8 23.5
SCONJ_Masc	1328 45.3
Other: 
SCONJ_Neut	712 24.3
Other: 
SCONJ_Fem	662 22.6
Other: 
ADV_Masc	59 2.0
Other: 
ADP_Masc	43 1.5
Other: 
ADV_Neut	32 1.1
Other: 
ADV_Fem	29 1.0
Other: 
ADP_Neut	16 0.5
Other: 
PRON_Masc	15 0.5
Other: 
PRON_Fem	11 0.4
Other: 
ADP_Fem	8 0.3
Other: 
PRON_Neut	8 0.3
Other: 
PART_Masc	6 0.2
Other: 
CCONJ_Fem	2 0.1
Other: 
PART_Fem	2 0.1
Other: 
CCONJ_Masc	1 0.0
Other: 
VERB_Fem	0 0.0
Other: 
VERB_Masc	0 0.0
Other: 
VERB_Neut	0 0.0
Other: 
----------------------------------------
NOUN_Animacy	2681 100.0	154 92.2
SCONJ_Inan	1943 72.5
Other: 
SCONJ_Anim	454 16.9
Other: 
PRON_Inan	154 5.7
Other: 
ADV_Inan	69 2.6
Other: 
NUM_Inan	32 1.2
Other: 
PRON_Anim	13 0.5
Other: 
ADV_Anim	10 0.4
Other: 
NUM_Anim	4 0.1
Other: 
PART_Inan	2 0.1
Other: 
NOUN_Inan	0 0.0
Other: 
NOUN_Anim	0 0.0
Other: 
----------------------------------------
NOUN_Case	2681 100.0	49 29.3
SCONJ_Nom	1432 53.4
Other: 
SCONJ_Gen	267 10.0
Other: 
SCONJ_Loc	261 9.7
Other: 
SCONJ_Acc	233 8.7
Other: 
SCONJ_Ins	140 5.2
Other: 
SCONJ_Dat	64 2.4
Other: 
PRON_Nom	49 1.8
Other: 
PRON_Gen	44 1.6
Other: 
ADV_Nom	38 1.4
Other: 
PRON_Acc	26 1.0
Other: 
PRON_Ins	19 0.7
Other: 
PRON_Loc	18 0.7
Other: 
ADV_Ins	14 0.5
Other: 
ADV_Gen	14 0.5
Other: 
PRON_Dat	11 0.4
Other: 
ADV_Loc	10 0.4
Other: 
NUM_Ins	10 0.4
Other: 
NUM_Nom	8 0.3
Other: 
NUM_Loc	7 0.3
Other: 
NUM_Acc	5 0.2
Other: 
NUM_Gen	4 0.1
Other: 
ADV_Acc	2 0.1
Other: 
NUM_Dat	2 0.1
Other: 
ADV_Dat	1 0.0
Other: 
PART_Acc	1 0.0
Other: 
PART_Gen	1 0.0
Other: 
NOUN_Loc	0 0.0
Other: 
NOUN_Nom	0 0.0
Other: 
NOUN_Gen	0 0.0
Other: 
NOUN_Ins	0 0.0
Other: 
NOUN_Dat	0 0.0
Other: 
NOUN_Acc	0 0.0
Other: 
----------------------------------------
NOUN_Number	2681 100.0	117 70.1
SCONJ_Sing	1866 69.6
Other: 
SCONJ_Plur	531 19.8
Other: 
PRON_Sing	117 4.4
Other: 
ADV_Sing	59 2.2
Other: 
PRON_Plur	50 1.9
Other: 
NUM_Sing	26 1.0
Other: 
ADV_Plur	20 0.7
Other: 
NUM_Plur	10 0.4
Other: 
PART_Sing	2 0.1
Other: 
NOUN_Sing	0 0.0
Other: 
NOUN_Plur	0 0.0
Other: 
----------------------------------------
NOUN_Gender	2680 100.0	52 31.1
SCONJ_Masc	1106 41.3
Other: 
SCONJ_Fem	743 27.7
Other: 
SCONJ_Neut	547 20.4
Other: 
PRON_Fem	59 2.2
Other: 
PRON_Masc	56 2.1
Other: 
PRON_Neut	52 1.9
Other: 
ADV_Masc	35 1.3
Other: 
ADV_Fem	26 1.0
Other: 
ADV_Neut	18 0.7
Other: 
NUM_Fem	14 0.5
Other: 
NUM_Masc	11 0.4
Other: 
NUM_Neut	11 0.4
Other: 
PART_Masc	2 0.1
Other: 
NOUN_Masc	0 0.0
Other: 
NOUN_Neut	0 0.0
Other: 
NOUN_Fem	0 0.0
Other: 
----------------------------------------
ADJ_Degree	1585 100.0	81 93.1
SCONJ_Pos	1341 84.6
Other: 
SCONJ_Cmp	132 8.3
Other: 
ADV_Pos	81 5.1
Other: 
PRON_Pos	19 1.2
Other: 
ADV_Cmp	6 0.4
Other: 
PRON_Cmp	2 0.1
Other: 
SCONJ_Sup	2 0.1
Other: 
NUM_Pos	1 0.1
Other: 
ADP_Pos	1 0.1
Other: 
ADJ_Pos	0 0.0
Other: 
ADJ_Cmp	0 0.0
Other: 
----------------------------------------
ADJ_Number	1445 91.2	14 73.7
SCONJ_Sing	992 68.7
Other: 
SCONJ_Plur	351 24.3
Other: 
ADV_Sing	72 5.0
Other: 
PRON_Sing	14 1.0
Other: 
ADV_Plur	9 0.6
Other: 
PRON_Plur	5 0.3
Other: 
NUM_Sing	1 0.1
Other: 
ADP_Plur	1 0.1
Other: 
ADJ_Plur	0 0.0
Other: 
ADJ_Sing	0 0.0
Other: 
----------------------------------------
ADJ_Variant	1097 69.2	0 0.0
SCONJ_Short	1018 92.8
Other: 
ADV_Short	69 6.3
Other: 
PRON_Short	9 0.8
Other: 
ADP_Short	1 0.1
Other: 
----------------------------------------
ADJ_Gender	1079 68.1	4 28.6
SCONJ_Neut	479 44.4
Other: 
SCONJ_Masc	304 28.2
Other: 
SCONJ_Fem	209 19.4
Other: 
ADV_Neut	37 3.4
Other: 
ADV_Masc	23 2.1
Other: 
ADV_Fem	12 1.1
Other: 
PRON_Fem	6 0.6
Other: 
PRON_Masc	4 0.4
Other: 
PRON_Neut	4 0.4
Other: 
NUM_Fem	1 0.1
Other: 
ADJ_Fem	0 0.0
Other: 
ADJ_Masc	0 0.0
Other: 
ADJ_Neut	0 0.0
Other: 
----------------------------------------
VERB_Variant	588 5.3	0 0.0
SCONJ_Short	547 93.0
Other: 
ADV_Short	28 4.8
Other: 
PRON_Short	6 1.0
Other: 
ADP_Short	4 0.7
Other: 
PART_Short	3 0.5
Other: 
----------------------------------------
ADV_Degree	546 100.0	34 97.1
SCONJ_Pos	442 81.0
Other: 
SCONJ_Cmp	46 8.4
Other: 
ADV_Pos	34 6.2
Other: 
PRON_Pos	15 2.7
Other: 
PRON_Cmp	6 1.1
Other: 
PART_Pos	2 0.4
Other: 
ADV_Cmp	1 0.2
Other: 
----------------------------------------
ADJ_Case	348 22.0	1 10.0
SCONJ_Nom	156 44.8
Other: 
SCONJ_Ins	65 18.7
Other: 
SCONJ_Gen	42 12.1
Other: 
SCONJ_Acc	35 10.1
Other: 
SCONJ_Loc	16 4.6
Other: 
SCONJ_Dat	11 3.2
Other: 
ADV_Nom	10 2.9
Other: 
PRON_Ins	4 1.1
Other: 
PRON_Gen	3 0.9
Other: 
PRON_Acc	2 0.6
Other: 
ADV_Gen	1 0.3
Other: 
NUM_Gen	1 0.3
Other: 
PRON_Nom	1 0.3
Other: 
ADV_Ins	1 0.3
Other: 
ADJ_Gen	0 0.0
Other: 
ADJ_Ins	0 0.0
Other: 
ADJ_Nom	0 0.0
Other: 
ADJ_Acc	0 0.0
Other: 
----------------------------------------
PROPN_Animacy	197 96.1	1 100.0
SCONJ_Inan	124 62.9
Other: 
SCONJ_Anim	67 34.0
Other: 
ADV_Inan	4 2.0
Other: 
PRON_Inan	1 0.5
Other: 
ADV_Anim	1 0.5
Other: 
PROPN_Inan	0 0.0
Other: 
----------------------------------------
PROPN_Case	197 96.1	1 100.0
SCONJ_Nom	93 47.2
Other: 
SCONJ_Loc	66 33.5
Other: 
SCONJ_Gen	20 10.2
Other: 
SCONJ_Acc	5 2.5
Other: 
ADV_Loc	4 2.0
Other: 
SCONJ_Ins	4 2.0
Other: 
SCONJ_Dat	3 1.5
Other: 
PRON_Nom	1 0.5
Other: 
ADV_Acc	1 0.5
Other: 
PROPN_Nom	0 0.0
Other: 
----------------------------------------
PROPN_Number	197 96.1	1 100.0
SCONJ_Sing	181 91.9
Other: 
SCONJ_Plur	10 5.1
Other: 
ADV_Sing	5 2.5
Other: 
PRON_Sing	1 0.5
Other: 
PROPN_Sing	0 0.0
Other: 
----------------------------------------
PROPN_Gender	190 92.7	0 0.0
SCONJ_Masc	110 57.9
Other: 
SCONJ_Fem	71 37.4
Other: 
ADV_Fem	3 1.6
Other: 
SCONJ_Neut	3 1.6
Other: 
ADV_Masc	2 1.1
Other: 
PRON_Masc	1 0.5
Other: 
PROPN_Masc	0 0.0
Other: 
----------------------------------------
VERB_Case	166 1.5	4 50.0
ADP_Gen	66 39.8
Other: 
ADP_Loc	18 10.8
Other: 
ADP_Ins	18 10.8
Other: 
SCONJ_Nom	17 10.2
Other: 
ADP_Acc	10 6.0
Other: 
SCONJ_Ins	8 4.8
Other: 
ADP_Dat	7 4.2
Other: 
SCONJ_Acc	4 2.4
Other: 
SCONJ_Gen	4 2.4
Other: 
PRON_Nom	4 2.4
Other: 
PRON_Ins	3 1.8
Other: 
PART_Acc	2 1.2
Other: 
PRON_Acc	1 0.6
Other: 
SCONJ_Loc	1 0.6
Other: 
SCONJ_Dat	1 0.6
Other: 
ADV_Gen	1 0.6
Other: 
NUM_Gen	1 0.6
Other: 
VERB_Acc	0 0.0
Other: 
VERB_Ins	0 0.0
Other: 
VERB_Nom	0 0.0
Other: 
----------------------------------------
PRON_Case	145 99.3	4 50.0
SCONJ_Nom	51 35.2
Other: 
SCONJ_Gen	40 27.6
Other: 
SCONJ_Loc	13 9.0
Other: 
SCONJ_Ins	12 8.3
Other: 
SCONJ_Acc	11 7.6
Other: 
PRON_Nom	4 2.8
Other: 
ADV_Loc	3 2.1
Other: 
ADV_Gen	3 2.1
Other: 
ADV_Nom	3 2.1
Other: 
PRON_Dat	2 1.4
Other: 
PRON_Gen	1 0.7
Other: 
PRON_Ins	1 0.7
Other: 
ADV_Ins	1 0.7
Other: 
----------------------------------------
PRON_Number	117 80.1	6 75.0
SCONJ_Sing	57 48.7
Other: 
SCONJ_Plur	46 39.3
Other: 
ADV_Sing	6 5.1
Other: 
PRON_Sing	6 5.1
Other: 
PRON_Plur	2 1.7
Other: 
----------------------------------------
PRON_Person	74 50.7	0 0.0
SCONJ_3	32 43.2
Other: 
SCONJ_1	28 37.8
Other: 
SCONJ_2	9 12.2
Other: 
PRON_1	3 4.1
Other: 
ADV_3	2 2.7
Other: 
----------------------------------------
PRON_Gender	58 39.7	4 100.0
SCONJ_Neut	24 41.4
Other: 
SCONJ_Masc	16 27.6
Other: 
SCONJ_Fem	8 13.8
Other: 
ADV_Neut	4 6.9
Other: 
PRON_Neut	4 6.9
Other: 
ADV_Fem	1 1.7
Other: 
ADV_Masc	1 1.7
Other: 
----------------------------------------
DET_Case	56 100.0	6 50.0
SCONJ_Nom	22 39.3
Other: 
SCONJ_Gen	6 10.7
Other: 
PRON_Nom	6 10.7
Other: 
SCONJ_Acc	5 8.9
Other: 
ADV_Nom	4 7.1
Other: 
SCONJ_Ins	4 7.1
Other: 
PRON_Ins	4 7.1
Other: 
SCONJ_Loc	1 1.8
Other: 
PRON_Loc	1 1.8
Other: 
PRON_Acc	1 1.8
Other: 
PART_Ins	1 1.8
Other: 
SCONJ_Dat	1 1.8
Other: 
DET_Nom	0 0.0
Other: 
DET_Loc	0 0.0
Other: 
DET_Ins	0 0.0
Other: 
DET_Acc	0 0.0
Other: 
----------------------------------------
DET_Number	56 100.0	5 41.7
SCONJ_Sing	27 48.2
Other: 
SCONJ_Plur	12 21.4
Other: 
PRON_Plur	7 12.5
Other: 
PRON_Sing	5 8.9
Other: 
ADV_Sing	2 3.6
Other: 
ADV_Plur	2 3.6
Other: 
PART_Sing	1 1.8
Other: 
DET_Sing	0 0.0
Other: 
DET_Plur	0 0.0
Other: 
----------------------------------------
PRON_Animacy	43 29.5	4 80.0
SCONJ_Inan	23 53.5
Other: 
SCONJ_Anim	11 25.6
Other: 
ADV_Inan	4 9.3
Other: 
PRON_Inan	4 9.3
Other: 
PRON_Anim	1 2.3
Other: 
----------------------------------------
DET_Gender	35 62.5	1 20.0
SCONJ_Fem	14 40.0
Other: 
SCONJ_Masc	9 25.7
Other: 
SCONJ_Neut	4 11.4
Other: 
PRON_Masc	2 5.7
Other: 
PRON_Fem	2 5.7
Other: 
ADV_Masc	1 2.9
Other: 
PART_Masc	1 2.9
Other: 
PRON_Neut	1 2.9
Other: 
ADV_Fem	1 2.9
Other: 
DET_Masc	0 0.0
Other: 
DET_Fem	0 0.0
Other: 
DET_Neut	0 0.0
Other: 
----------------------------------------
NUM_Case	23 62.2	0 0.0
SCONJ_Nom	17 73.9
Other: 
SCONJ_Acc	3 13.0
Other: 
SCONJ_Gen	2 8.7
Other: 
ADV_Nom	1 4.3
Other: 
----------------------------------------
NUM_Gender	22 59.5	0 0.0
SCONJ_Masc	12 54.5
Other: 
SCONJ_Fem	6 27.3
Other: 
SCONJ_Neut	3 13.6
Other: 
ADV_Masc	1 4.5
Other: 
----------------------------------------
ADJ_Animacy	21 1.3	0 0.0
SCONJ_Inan	17 81.0
Other: 
SCONJ_Anim	3 14.3
Other: 
PRON_Anim	1 4.8
Other: 
ADJ_Anim	0 0.0
Other: 
----------------------------------------
VERB_Animacy	10 0.1	1 100.0
ADP_Anim	3 30.0
Other: 
PART_Inan	2 20.0
Other: 
ADP_Inan	2 20.0
Other: 
SCONJ_Inan	2 20.0
Other: 
PRON_Inan	1 10.0
Other: 
VERB_Inan	0 0.0
Other: 
----------------------------------------
DET_Degree	8 14.3	1 100.0
SCONJ_Pos	7 87.5
Other: 
ADV_Pos	1 12.5
Other: 
DET_Pos	0 0.0
Other: 
----------------------------------------
NOUN_Prep	4 0.1	0 0.0
SCONJ_с	1 25.0
SCONJ_в	1 25.0
SCONJ_посредством	1 25.0
PRON_во	1 25.0
----------------------------------------
X_Foreign	3 100.0	0 0.0
SCONJ_Yes	2 66.7
Other: 
PRON_Yes	1 33.3
Other: 
----------------------------------------
PROPN_Foreign	3 1.5	0 0.0
SCONJ_Yes	2 66.7
Other: 
ADV_Yes	1 33.3
Other: 
----------------------------------------
NUM_Animacy	2 5.4	0 0.0
SCONJ_Inan	2 100.0
Other: 
----------------------------------------
VERB_Prep	2 0.0	0 0.0
ADP_в	1 50.0
SCONJ_по	1 50.0
----------------------------------------
PART_Polarity	1 5.6	0 0.0
SCONJ_Neg	1 100.0
Other: 
----------------------------------------
ADV_Prep	1 0.2	0 0.0
SCONJ_на	1 100.0
----------------------------------------
