NOUN	71792 94.2
NOUN 60707 84.6	PROPN 8249 11.5	PRON 2331 3.2	ADJ 197 0.3	SYM 156 0.2	VERB 121 0.2	X 13 0.0	PART 5 0.0	NUM 5 0.0	DET 4 0.0	ADP 3 0.0	CCONJ 1 0.0
----------------------------------------
PROPN	1777 2.3
NOUN 942 53.0	PROPN 826 46.5	PRON 7 0.4	ADJ 2 0.1
----------------------------------------
NUM	979 1.3
NOUN 842 86.0	PRON 93 9.5	ADJ 28 2.9	VERB 9 0.9	PROPN 5 0.5	X 1 0.1	NUM 1 0.1
----------------------------------------
ADJ	863 1.1
NOUN 668 77.4	PRON 132 15.3	PROPN 47 5.4	ADJ 14 1.6	VERB 2 0.2
----------------------------------------
SYM	332 0.4
NOUN 268 80.7	PROPN 37 11.1	SYM 8 2.4	ADJ 8 2.4	VERB 8 2.4	PRON 3 0.9
----------------------------------------
PRON	267 0.4
NOUN 185 69.3	PRON 43 16.1	PROPN 32 12.0	ADJ 3 1.1	VERB 3 1.1	ADP 1 0.4
----------------------------------------
DET	187 0.2
NOUN 95 50.8	PRON 83 44.4	VERB 3 1.6	PROPN 3 1.6	ADJ 3 1.6
----------------------------------------
VERB	5 0.0
NOUN 5 100.0
----------------------------------------
ADV	3 0.0
NOUN 1 33.3	PRON 1 33.3	ADV 1 33.3
----------------------------------------
X	3 0.0
NOUN 2 66.7	PRON 1 33.3
----------------------------------------

NOUN_Animacy	71791 100.0	55325 79.8
NOUN_Inan	55783 77.7
Other: 
PROPN_Inan	6576 9.2
Other: 
NOUN_Anim	4923 6.9
Other: 
PRON_Inan	1894 2.6
Other: 
PROPN_Anim	1673 2.3
Other: 
PRON_Anim	437 0.6
Other: 
ADJ_Inan	196 0.3
Other: 
SYM_Inan	156 0.2
Other: 
VERB_Inan	121 0.2
Other: 
X_Inan	12 0.0
Other: 
PART_Inan	5 0.0
Other: 
NUM_Inan	5 0.0
Other: 
DET_Inan	4 0.0
Other: 
ADP_Inan	3 0.0
Other: 
X_Anim	1 0.0
Other: 
CCONJ_Inan	1 0.0
Other: 
ADJ_Anim	1 0.0
Other: 
----------------------------------------
NOUN_Case	71791 100.0	17265 24.2
NOUN_Gen	17202 24.0
Other: 
NOUN_Nom	16678 23.2
Other: 
NOUN_Acc	11563 16.1
Other: 
NOUN_Loc	6881 9.6
Other: 
NOUN_Ins	5025 7.0
Other: 
NOUN_Dat	3355 4.7
Other: 
PROPN_Gen	2634 3.7
Other: 
PROPN_Nom	2439 3.4
Other: 
PROPN_Loc	1098 1.5
Other: 
PROPN_Acc	999 1.4
Other: 
PRON_Nom	853 1.2
Other: 
PROPN_Ins	576 0.8
Other: 
PRON_Gen	545 0.8
Other: 
PROPN_Dat	503 0.7
Other: 
PRON_Acc	373 0.5
Other: 
PRON_Loc	241 0.3
Other: 
PRON_Ins	209 0.3
Other: 
PRON_Dat	106 0.1
Other: 
SYM_Gen	82 0.1
Other: 
ADJ_Loc	51 0.1
Other: 
ADJ_Acc	50 0.1
Other: 
VERB_Nom	41 0.1
Other: 
ADJ_Nom	39 0.1
Other: 
ADJ_Gen	38 0.1
Other: 
VERB_Gen	31 0.0
Other: 
SYM_Loc	25 0.0
Other: 
VERB_Acc	24 0.0
Other: 
SYM_Acc	21 0.0
Other: 
SYM_Nom	14 0.0
Other: 
VERB_Loc	13 0.0
Other: 
ADJ_Dat	12 0.0
Other: 
SYM_Dat	9 0.0
Other: 
VERB_Dat	7 0.0
Other: 
ADJ_Ins	7 0.0
Other: 
VERB_Ins	5 0.0
Other: 
SYM_Ins	5 0.0
Other: 
PRON_Par	4 0.0
Other: 
X_Loc	4 0.0
Other: 
X_Nom	4 0.0
Other: 
NOUN_Par	2 0.0
Other: 
NUM_Acc	2 0.0
Other: 
PART_Nom	2 0.0
Other: 
X_Acc	2 0.0
Other: 
X_Gen	2 0.0
Other: 
NUM_Dat	2 0.0
Other: 
PART_Acc	1 0.0
Other: 
ADP_Gen	1 0.0
Other: 
DET_Nom	1 0.0
Other: 
NUM_Ins	1 0.0
Other: 
DET_Acc	1 0.0
Other: 
DET_Gen	1 0.0
Other: 
CCONJ_Nom	1 0.0
Other: 
ADP_Ins	1 0.0
Other: 
X_Dat	1 0.0
Other: 
ADP_Acc	1 0.0
Other: 
DET_Loc	1 0.0
Other: 
PART_Loc	1 0.0
Other: 
PART_Dat	1 0.0
Other: 
----------------------------------------
NOUN_Number	71791 100.0	43917 62.0
NOUN_Sing	44683 62.2
Other: 
NOUN_Plur	16023 22.3
Other: 
PROPN_Sing	6099 8.5
Other: 
PROPN_Plur	2150 3.0
Other: 
PRON_Sing	1717 2.4
Other: 
PRON_Plur	614 0.9
Other: 
ADJ_Sing	172 0.2
Other: 
VERB_Sing	95 0.1
Other: 
SYM_Sing	84 0.1
Other: 
SYM_Plur	72 0.1
Other: 
VERB_Plur	26 0.0
Other: 
ADJ_Plur	25 0.0
Other: 
X_Sing	12 0.0
Other: 
PART_Sing	4 0.0
Other: 
DET_Sing	4 0.0
Other: 
NUM_Sing	4 0.0
Other: 
ADP_Plur	3 0.0
Other: 
NUM_Plur	1 0.0
Other: 
CCONJ_Sing	1 0.0
Other: 
X_Plur	1 0.0
Other: 
PART_Plur	1 0.0
Other: 
----------------------------------------
NOUN_Gender	71617 99.8	23049 33.1
NOUN_Masc	22974 32.1
Other: 
NOUN_Fem	20161 28.2
Other: 
NOUN_Neut	17427 24.3
Other: 
PROPN_Masc	3700 5.2
Other: 
PROPN_Fem	2546 3.6
Other: 
PROPN_Neut	1978 2.8
Other: 
PRON_Masc	921 1.3
Other: 
PRON_Neut	737 1.0
Other: 
PRON_Fem	668 0.9
Other: 
SYM_Masc	100 0.1
Other: 
ADJ_Masc	70 0.1
Other: 
ADJ_Fem	64 0.1
Other: 
ADJ_Neut	63 0.1
Other: 
VERB_Fem	46 0.1
Other: 
VERB_Neut	43 0.1
Other: 
SYM_Fem	36 0.1
Other: 
VERB_Masc	32 0.0
Other: 
SYM_Neut	20 0.0
Other: 
X_Neut	7 0.0
Other: 
NUM_Fem	3 0.0
Other: 
X_Fem	3 0.0
Other: 
X_Masc	3 0.0
Other: 
PART_Neut	2 0.0
Other: 
PART_Fem	2 0.0
Other: 
DET_Neut	2 0.0
Other: 
DET_Fem	2 0.0
Other: 
NUM_Neut	2 0.0
Other: 
ADP_Masc	1 0.0
Other: 
CCONJ_Neut	1 0.0
Other: 
ADP_Fem	1 0.0
Other: 
ADP_Neut	1 0.0
Other: 
PART_Masc	1 0.0
Other: 
----------------------------------------
NOUN_Prep	21628 30.1	189 4.2
NOUN_в	4850 22.4
NOUN_на	2706 12.5
NOUN_по	1543 7.1
NOUN_с	1484 6.9
NOUN_о	1027 4.7
NOUN_для	957 4.4
NOUN_к	898 4.2
PROPN_в	678 3.1
NOUN_от	611 2.8
NOUN_из	604 2.8
NOUN_за	603 2.8
NOUN_при	533 2.5
PROPN_на	444 2.1
NOUN_до	304 1.4
NOUN_после	288 1.3
PROPN_по	277 1.3
NOUN_об	219 1.0
NOUN_под	216 1.0
NOUN_во	177 0.8
PROPN_с	172 0.8
NOUN_со	156 0.7
PROPN_о	154 0.7
NOUN_без	138 0.6
PRON_в	138 0.6
PROPN_из	134 0.6
NOUN_у	120 0.6
NOUN_из-за	102 0.5
NOUN_через	97 0.4
NOUN_около	92 0.4
PROPN_после	90 0.4
NOUN_между	86 0.4
PROPN_к	74 0.3
PROPN_за	72 0.3
NOUN_против	71 0.3
ADJ_в	61 0.3
PROPN_от	60 0.3
NOUN_над	59 0.3
PROPN_во	55 0.3
PROPN_при	55 0.3
NOUN_перед	46 0.2
NOUN_благодаря	43 0.2
NOUN_среди	41 0.2
PROPN_об	41 0.2
PROPN_для	40 0.2
NOUN_путем	40 0.2
PRON_на	39 0.2
PROPN_под	38 0.2
NOUN_согласно	37 0.2
NOUN_относительно	31 0.1
NOUN_про	30 0.1
PROPN_у	30 0.1
NOUN_кроме	26 0.1
PROPN_со	24 0.1
PRON_о	21 0.1
PRON_с	21 0.1
PRON_по	19 0.1
PROPN_против	18 0.1
NOUN_вокруг	17 0.1
NOUN_вне	17 0.1
PRON_к	17 0.1
PROPN_до	17 0.1
PRON_для	16 0.1
PRON_за	15 0.1
NOUN_прежде	15 0.1
PROPN_перед	14 0.1
NOUN_вместо	14 0.1
NOUN_ради	14 0.1
NOUN_порядка	14 0.1
NOUN_сквозь	13 0.1
NOUN_вроде	13 0.1
ADJ_на	12 0.1
PRON_от	12 0.1
NOUN_плюс	11 0.1
SYM_на	11 0.1
NOUN_свыше	11 0.1
SYM_в	11 0.1
PRON_при	10 0.0
NOUN_накануне	10 0.0
NOUN_помимо	10 0.0
VERB_на	10 0.0
ADJ_с	10 0.0
PROPN_согласно	10 0.0
VERB_в	9 0.0
NOUN_ко	9 0.0
PRON_из	8 0.0
NOUN_вследствие	8 0.0
ADJ_к	8 0.0
NOUN_насчет	8 0.0
NOUN_посредством	7 0.0
PRON_после	7 0.0
PRON_под	7 0.0
SYM_по	7 0.0
PROPN_без	7 0.0
NOUN_спустя	7 0.0
PROPN_между	7 0.0
PRON_вне	7 0.0
PROPN_из-за	7 0.0
PROPN_около	6 0.0
PROPN_среди	6 0.0
NOUN_подобно	5 0.0
NOUN_вдоль	5 0.0
SYM_при	5 0.0
PROPN_через	5 0.0
NOUN_вопреки	5 0.0
PROPN_благодаря	5 0.0
VERB_по	4 0.0
PROPN_накануне	4 0.0
PRON_без	4 0.0
VERB_из	4 0.0
PROPN_вроде	4 0.0
NOUN_возле	4 0.0
ADJ_по	3 0.0
ADJ_до	3 0.0
ADJ_через	3 0.0
PROPN_про	3 0.0
PROPN_над	3 0.0
NOUN_вблизи	3 0.0
PROPN_вокруг	3 0.0
ADJ_из	3 0.0
NOUN_ниже	3 0.0
NOUN_близ	3 0.0
PRON_путем	2 0.0
PRON_из-за	2 0.0
PROPN_путем	2 0.0
X_в	2 0.0
PROPN_помимо	2 0.0
VERB_к	2 0.0
PRON_среди	2 0.0
PROPN_кроме	2 0.0
PROPN_вопреки	2 0.0
PROPN_плюс	2 0.0
DET_в	2 0.0
NOUN_посреди	2 0.0
NOUN_выше	2 0.0
ADJ_за	2 0.0
SYM_о	2 0.0
NUM_к	2 0.0
VERB_за	2 0.0
PRON_через	2 0.0
NOUN_мимо	2 0.0
ADP_вроде	2 0.0
PROPN_мимо	2 0.0
NOUN_изо	2 0.0
VERB_от	2 0.0
PRON_до	2 0.0
PROPN_вдоль	2 0.0
VERB_над	1 0.0
PART_под	1 0.0
NOUN_наподобие	1 0.0
SYM_из	1 0.0
VERB_у	1 0.0
PROPN_минус	1 0.0
PROPN_вместо	1 0.0
VERB_во	1 0.0
ADP_над	1 0.0
ADJ_при	1 0.0
NOUN_взамен	1 0.0
NOUN_c	1 0.0
PROPN_ниже	1 0.0
DET_от	1 0.0
PROPN_свыше	1 0.0
PROPN_прежде	1 0.0
VERB_с	1 0.0
PRON_во	1 0.0
PROPN_ко	1 0.0
PRON_об	1 0.0
VERB_свыше	1 0.0
SYM_со	1 0.0
VERB_для	1 0.0
PROPN_вне	1 0.0
SYM_к	1 0.0
SYM_для	1 0.0
ADJ_из-за	1 0.0
PROPN_ради	1 0.0
X_благодаря	1 0.0
PROPN_подобно	1 0.0
PRON_у	1 0.0
SYM_от	1 0.0
SYM_за	1 0.0
PRON_путём	1 0.0
NOUN_сообразно	1 0.0
PRON_ради	1 0.0
PRON_подобно	1 0.0
PRON_вопреки	1 0.0
PRON_благодаря	1 0.0
ADJ_под	1 0.0
SYM_с	1 0.0
PART_об	1 0.0
PROPN_вблизи	1 0.0
PRON_со	1 0.0
NOUN_минус	1 0.0
PROPN_относительно	1 0.0
NOUN_из-под	1 0.0
NOUN_путём	1 0.0
PART_по	1 0.0
ADJ_около	1 0.0
PRON_перед	1 0.0
ADJ_от	1 0.0
NOUN_ввиду	1 0.0
VERB_при	1 0.0
NOUN_поверх	1 0.0
----------------------------------------
PROPN_Animacy	1747 98.3	1451 83.5
NOUN_Inan	848 48.5
Other: 
PROPN_Inan	717 41.0
Other: 
PROPN_Anim	92 5.3
Other: 
NOUN_Anim	81 4.6
Other: 
PRON_Anim	5 0.3
Other: 
PRON_Inan	2 0.1
Other: 
ADJ_Inan	2 0.1
Other: 
----------------------------------------
PROPN_Case	1747 98.3	897 51.4
NOUN_Gen	462 26.4
Other: 
PROPN_Gen	447 25.6
Other: 
NOUN_Nom	209 12.0
Other: 
PROPN_Nom	187 10.7
Other: 
NOUN_Loc	118 6.8
Other: 
PROPN_Loc	84 4.8
Other: 
NOUN_Acc	77 4.4
Other: 
PROPN_Ins	38 2.2
Other: 
NOUN_Ins	37 2.1
Other: 
PROPN_Acc	37 2.1
Other: 
NOUN_Dat	26 1.5
Other: 
PROPN_Dat	16 0.9
Other: 
PRON_Nom	5 0.3
Other: 
PRON_Loc	2 0.1
Other: 
ADJ_Nom	1 0.1
Other: 
ADJ_Acc	1 0.1
Other: 
----------------------------------------
PROPN_Number	1747 98.3	1343 77.0
NOUN_Sing	891 51.0
Other: 
PROPN_Sing	730 41.8
Other: 
PROPN_Plur	79 4.5
Other: 
NOUN_Plur	38 2.2
Other: 
PRON_Sing	7 0.4
Other: 
ADJ_Sing	2 0.1
Other: 
----------------------------------------
PROPN_Gender	1741 98.0	643 37.5
NOUN_Masc	530 30.4
Other: 
PROPN_Masc	515 29.6
Other: 
NOUN_Fem	276 15.9
Other: 
PROPN_Fem	187 10.7
Other: 
NOUN_Neut	117 6.7
Other: 
PROPN_Neut	107 6.1
Other: 
PRON_Masc	5 0.3
Other: 
PRON_Fem	2 0.1
Other: 
ADJ_Neut	1 0.1
Other: 
ADJ_Masc	1 0.1
Other: 
----------------------------------------
ADJ_Degree	862 99.9	14 100.0
NOUN_Pos	639 74.1
Other: 
PRON_Pos	124 14.4
Other: 
PROPN_Pos	44 5.1
Other: 
NOUN_Sup	16 1.9
Other: 
ADJ_Pos	14 1.6
Other: 
NOUN_Cmp	12 1.4
Other: 
PRON_Cmp	7 0.8
Other: 
VERB_Pos	2 0.2
Other: 
PROPN_Sup	2 0.2
Other: 
PROPN_Cmp	1 0.1
Other: 
PRON_Sup	1 0.1
Other: 
----------------------------------------
ADJ_Number	842 97.6	453 59.2
NOUN_Sing	458 54.4
Other: 
NOUN_Plur	197 23.4
Other: 
PRON_Sing	94 11.2
Other: 
PROPN_Sing	35 4.2
Other: 
PRON_Plur	31 3.7
Other: 
PROPN_Plur	11 1.3
Other: 
ADJ_Sing	9 1.1
Other: 
ADJ_Plur	5 0.6
Other: 
VERB_Sing	2 0.2
Other: 
----------------------------------------
ADJ_Case	711 82.4	78 11.0
NOUN_Nom	186 26.2
Other: 
NOUN_Gen	119 16.7
Other: 
NOUN_Ins	111 15.6
Other: 
NOUN_Acc	92 12.9
Other: 
PRON_Nom	78 11.0
Other: 
PROPN_Nom	22 3.1
Other: 
NOUN_Loc	21 3.0
Other: 
NOUN_Dat	12 1.7
Other: 
PRON_Acc	11 1.5
Other: 
PRON_Ins	10 1.4
Other: 
ADJ_Gen	9 1.3
Other: 
PROPN_Ins	8 1.1
Other: 
PRON_Gen	7 1.0
Other: 
PRON_Dat	5 0.7
Other: 
PROPN_Acc	5 0.7
Other: 
PROPN_Gen	4 0.6
Other: 
ADJ_Nom	3 0.4
Other: 
PROPN_Loc	2 0.3
Other: 
PRON_Loc	2 0.3
Other: 
ADJ_Loc	1 0.1
Other: 
ADJ_Acc	1 0.1
Other: 
VERB_Ins	1 0.1
Other: 
PROPN_Dat	1 0.1
Other: 
ADJ_Ins	0 0.0
Other: 
ADJ_Dat	0 0.0
Other: 
----------------------------------------
NUM_Case	691 70.6	84 12.2
NOUN_Nom	242 35.0
Other: 
NOUN_Ins	111 16.1
Other: 
NOUN_Gen	79 11.4
Other: 
NOUN_Loc	74 10.7
Other: 
NOUN_Acc	70 10.1
Other: 
PRON_Nom	40 5.8
Other: 
NOUN_Dat	24 3.5
Other: 
ADJ_Ins	13 1.9
Other: 
ADJ_Nom	7 1.0
Other: 
VERB_Nom	6 0.9
Other: 
PRON_Gen	5 0.7
Other: 
PRON_Loc	4 0.6
Other: 
PRON_Acc	2 0.3
Other: 
ADJ_Acc	2 0.3
Other: 
ADJ_Gen	2 0.3
Other: 
PRON_Ins	2 0.3
Other: 
ADJ_Loc	2 0.3
Other: 
NUM_Nom	1 0.1
Other: 
PROPN_Nom	1 0.1
Other: 
X_Ins	1 0.1
Other: 
VERB_Ins	1 0.1
Other: 
VERB_Gen	1 0.1
Other: 
PRON_Dat	1 0.1
Other: 
NUM_Ins	0 0.0
Other: 
NUM_Acc	0 0.0
Other: 
NUM_Gen	0 0.0
Other: 
NUM_Loc	0 0.0
Other: 
NUM_Dat	0 0.0
Other: 
----------------------------------------
NUM_Gender	642 65.6	556 98.1
NOUN_Masc	319 49.7
Other: 
NOUN_Fem	182 28.3
Other: 
NOUN_Neut	66 10.3
Other: 
PRON_Masc	21 3.3
Other: 
PRON_Fem	19 3.0
Other: 
ADJ_Fem	12 1.9
Other: 
ADJ_Masc	12 1.9
Other: 
VERB_Masc	4 0.6
Other: 
PRON_Neut	2 0.3
Other: 
ADJ_Neut	2 0.3
Other: 
NUM_Fem	1 0.2
Other: 
VERB_Neut	1 0.2
Other: 
X_Fem	1 0.2
Other: 
NUM_Neut	0 0.0
Other: 
NUM_Masc	0 0.0
Other: 
----------------------------------------
ADJ_Gender	598 69.3	214 41.7
NOUN_Masc	206 34.4
Other: 
NOUN_Fem	138 23.1
Other: 
NOUN_Neut	114 19.1
Other: 
PRON_Masc	36 6.0
Other: 
PRON_Neut	29 4.8
Other: 
PRON_Fem	29 4.8
Other: 
PROPN_Masc	15 2.5
Other: 
PROPN_Fem	14 2.3
Other: 
PROPN_Neut	6 1.0
Other: 
ADJ_Fem	5 0.8
Other: 
ADJ_Masc	4 0.7
Other: 
VERB_Masc	1 0.2
Other: 
VERB_Neut	1 0.2
Other: 
ADJ_Neut	0 0.0
Other: 
----------------------------------------
PROPN_Prep	375 21.1	25 20.7
NOUN_в	111 29.6
PROPN_в	73 19.5
NOUN_на	19 5.1
NOUN_из	19 5.1
PROPN_от	16 4.3
PROPN_на	15 4.0
PROPN_из	14 3.7
NOUN_с	13 3.5
PROPN_с	11 2.9
NOUN_от	9 2.4
NOUN_к	8 2.1
PROPN_при	7 1.9
NOUN_по	6 1.6
NOUN_о	6 1.6
NOUN_во	6 1.6
NOUN_у	4 1.1
PROPN_для	3 0.8
PROPN_о	3 0.8
PROPN_к	3 0.8
PROPN_между	3 0.8
PROPN_у	2 0.5
PROPN_по	2 0.5
NOUN_за	2 0.5
PROPN_после	2 0.5
NOUN_между	2 0.5
PRON_в	1 0.3
NOUN_накануне	1 0.3
PROPN_ко	1 0.3
NOUN_прежде	1 0.3
NOUN_вроде	1 0.3
PROPN_про	1 0.3
PROPN_во	1 0.3
PROPN_согласно	1 0.3
NOUN_согласно	1 0.3
NOUN_про	1 0.3
ADJ_на	1 0.3
NOUN_через	1 0.3
NOUN_со	1 0.3
PROPN_перед	1 0.3
NOUN_при	1 0.3
NOUN_об	1 0.3
PROPN_вроде	0 0.0
PROPN_за	0 0.0
PROPN_через	0 0.0
----------------------------------------
PRON_Case	267 100.0	48 18.2
NOUN_Nom	79 29.6
Other: 
NOUN_Gen	45 16.9
Other: 
NOUN_Acc	29 10.9
Other: 
PRON_Nom	24 9.0
Other: 
NOUN_Ins	14 5.2
Other: 
PROPN_Nom	14 5.2
Other: 
NOUN_Dat	12 4.5
Other: 
PROPN_Gen	11 4.1
Other: 
PRON_Gen	9 3.4
Other: 
NOUN_Loc	6 2.2
Other: 
PRON_Acc	3 1.1
Other: 
PRON_Dat	3 1.1
Other: 
PROPN_Acc	2 0.7
Other: 
PRON_Ins	2 0.7
Other: 
PRON_Loc	2 0.7
Other: 
PROPN_Dat	2 0.7
Other: 
ADJ_Gen	2 0.7
Other: 
PROPN_Ins	2 0.7
Other: 
ADP_Nom	1 0.4
Other: 
ADJ_Nom	1 0.4
Other: 
VERB_Acc	1 0.4
Other: 
PROPN_Loc	1 0.4
Other: 
VERB_Nom	1 0.4
Other: 
VERB_Gen	1 0.4
Other: 
----------------------------------------
NUM_Prep	209 21.3	1 0.7
NOUN_в	74 35.4
NOUN_на	32 15.3
NOUN_с	24 11.5
NOUN_по	16 7.7
NOUN_от	15 7.2
NOUN_до	5 2.4
NOUN_у	4 1.9
NOUN_около	4 1.9
NOUN_после	4 1.9
NOUN_за	3 1.4
NOUN_к	3 1.4
PRON_в	3 1.4
NOUN_согласно	2 1.0
PRON_во	2 1.0
PROPN_от	1 0.5
PROPN_против	1 0.5
PRON_об	1 0.5
NOUN_об	1 0.5
PROPN_в	1 0.5
ADJ_в	1 0.5
NOUN_из	1 0.5
NOUN_ко	1 0.5
PRON_за	1 0.5
PRON_от	1 0.5
NOUN_над	1 0.5
NOUN_через	1 0.5
VERB_у	1 0.5
PRON_по	1 0.5
NOUN_под	1 0.5
PRON_с	1 0.5
PRON_со	1 0.5
ADJ_об	1 0.5
NUM_у	0 0.0
NUM_в	0 0.0
NUM_на	0 0.0
NUM_к	0 0.0
NUM_согласно	0 0.0
NUM_по	0 0.0
NUM_против	0 0.0
NUM_об	0 0.0
NUM_с	0 0.0
NUM_около	0 0.0
NUM_за	0 0.0
NUM_из	0 0.0
NUM_от	0 0.0
NUM_над	0 0.0
NUM_через	0 0.0
NUM_под	0 0.0
NUM_во	0 0.0
NUM_со	0 0.0
----------------------------------------
DET_Case	187 100.0	28 15.1
NOUN_Nom	53 28.3
Other: 
PRON_Nom	47 25.1
Other: 
PRON_Gen	15 8.0
Other: 
NOUN_Gen	13 7.0
Other: 
NOUN_Acc	13 7.0
Other: 
PRON_Acc	10 5.3
Other: 
PRON_Loc	7 3.7
Other: 
NOUN_Dat	7 3.7
Other: 
NOUN_Ins	5 2.7
Other: 
PRON_Dat	4 2.1
Other: 
NOUN_Loc	4 2.1
Other: 
VERB_Nom	2 1.1
Other: 
PROPN_Nom	2 1.1
Other: 
ADJ_Nom	2 1.1
Other: 
VERB_Gen	1 0.5
Other: 
PROPN_Gen	1 0.5
Other: 
ADJ_Ins	1 0.5
Other: 
DET_Nom	0 0.0
Other: 
DET_Gen	0 0.0
Other: 
DET_Dat	0 0.0
Other: 
DET_Acc	0 0.0
Other: 
DET_Loc	0 0.0
Other: 
DET_Ins	0 0.0
Other: 
----------------------------------------
DET_Number	187 100.0	74 43.5
NOUN_Sing	58 31.0
Other: 
PRON_Sing	53 28.3
Other: 
NOUN_Plur	37 19.8
Other: 
PRON_Plur	30 16.0
Other: 
VERB_Sing	2 1.1
Other: 
PROPN_Sing	2 1.1
Other: 
ADJ_Sing	2 1.1
Other: 
ADJ_Plur	1 0.5
Other: 
VERB_Plur	1 0.5
Other: 
PROPN_Plur	1 0.5
Other: 
DET_Sing	0 0.0
Other: 
DET_Plur	0 0.0
Other: 
----------------------------------------
PRON_Number	133 49.8	68 51.9
NOUN_Sing	47 35.3
Other: 
NOUN_Plur	41 30.8
Other: 
PROPN_Plur	19 14.3
Other: 
PRON_Plur	13 9.8
Other: 
PRON_Sing	6 4.5
Other: 
PROPN_Sing	5 3.8
Other: 
ADJ_Sing	1 0.8
Other: 
ADJ_Plur	1 0.8
Other: 
----------------------------------------
ADJ_Variant	131 15.2	0 0.0
NOUN_Short	114 87.0
Other: 
PRON_Short	12 9.2
Other: 
PROPN_Short	4 3.1
Other: 
VERB_Short	1 0.8
Other: 
----------------------------------------
DET_Gender	117 62.6	48 78.7
NOUN_Masc	35 29.9
Other: 
PRON_Masc	27 23.1
Other: 
PRON_Fem	23 19.7
Other: 
NOUN_Fem	18 15.4
Other: 
NOUN_Neut	5 4.3
Other: 
PRON_Neut	3 2.6
Other: 
VERB_Masc	2 1.7
Other: 
PROPN_Masc	2 1.7
Other: 
ADJ_Masc	1 0.9
Other: 
ADJ_Fem	1 0.9
Other: 
DET_Masc	0 0.0
Other: 
DET_Fem	0 0.0
Other: 
DET_Neut	0 0.0
Other: 
----------------------------------------
PRON_Person	88 33.0	2 18.2
NOUN_1	26 29.5
Other: 
NOUN_3	26 29.5
Other: 
PROPN_1	13 14.8
Other: 
PRON_1	9 10.2
Other: 
PROPN_3	4 4.5
Other: 
PRON_3	4 4.5
Other: 
NOUN_2	2 2.3
Other: 
PROPN_2	2 2.3
Other: 
ADJ_3	1 1.1
Other: 
ADJ_2	1 1.1
Other: 
----------------------------------------
SYM_Prep	85 25.6	0 0.0
NOUN_до	19 22.4
NOUN_около	10 11.8
NOUN_в	8 9.4
NOUN_на	7 8.2
NOUN_с	6 7.1
PROPN_до	5 5.9
SYM_от	4 4.7
NOUN_для	4 4.7
NOUN_свыше	3 3.5
NOUN_порядка	3 3.5
NOUN_за	2 2.4
SYM_с	2 2.4
ADJ_под	2 2.4
PROPN_с	1 1.2
NOUN_от	1 1.2
NOUN_у	1 1.2
VERB_у	1 1.2
PROPN_у	1 1.2
PROPN_на	1 1.2
ADJ_до	1 1.2
ADJ_на	1 1.2
PROPN_в	1 1.2
NOUN_из	1 1.2
SYM_за	0 0.0
SYM_до	0 0.0
SYM_на	0 0.0
SYM_в	0 0.0
SYM_свыше	0 0.0
SYM_порядка	0 0.0
----------------------------------------
PRON_Prep	61 22.8	8 14.5
NOUN_у	16 26.2
PROPN_у	7 11.5
NOUN_с	5 8.2
NOUN_на	4 6.6
PRON_у	2 3.3
PRON_в	2 3.3
ADJ_у	2 3.3
PROPN_в	2 3.3
NOUN_от	2 3.3
NOUN_в	2 3.3
NOUN_под	1 1.6
ADP_вроде	1 1.6
NOUN_к	1 1.6
PROPN_к	1 1.6
VERB_в	1 1.6
NOUN_ко	1 1.6
NOUN_за	1 1.6
NOUN_насчет	1 1.6
PRON_о	1 1.6
PRON_с	1 1.6
PROPN_из	1 1.6
PROPN_с	1 1.6
NOUN_без	1 1.6
PROPN_до	1 1.6
NOUN_из	1 1.6
PRON_перед	1 1.6
NOUN_для	1 1.6
PRON_под	0 0.0
PRON_к	0 0.0
PRON_на	0 0.0
PRON_от	0 0.0
PRON_ко	0 0.0
PRON_за	0 0.0
PRON_насчет	0 0.0
PRON_из	0 0.0
PRON_без	0 0.0
PRON_до	0 0.0
PRON_для	0 0.0
----------------------------------------
ADJ_Animacy	55 6.4	38 79.2
NOUN_Inan	36 65.5
Other: 
NOUN_Anim	8 14.5
Other: 
ADJ_Inan	4 7.3
Other: 
PRON_Inan	4 7.3
Other: 
PROPN_Inan	2 3.6
Other: 
PROPN_Anim	1 1.8
Other: 
ADJ_Anim	0 0.0
Other: 
----------------------------------------
PRON_Gender	51 19.1	15 30.0
NOUN_Neut	27 52.9
Other: 
NOUN_Masc	9 17.6
Other: 
NOUN_Fem	4 7.8
Other: 
PRON_Masc	3 5.9
Other: 
PRON_Neut	3 5.9
Other: 
PROPN_Neut	3 5.9
Other: 
ADJ_Masc	1 2.0
Other: 
PROPN_Fem	1 2.0
Other: 
PRON_Fem	0 0.0
Other: 
----------------------------------------
ADJ_Prep	46 5.3	0 0.0
ADJ_от	8 17.4
NOUN_с	7 15.2
NOUN_из	6 13.0
NOUN_на	5 10.9
NOUN_в	5 10.9
ADJ_на	1 2.2
ADJ_с	1 2.2
ADJ_о	1 2.2
NOUN_о	1 2.2
NOUN_до	1 2.2
NOUN_со	1 2.2
NOUN_под	1 2.2
NOUN_выше	1 2.2
NOUN_по	1 2.2
VERB_от	1 2.2
NOUN_к	1 2.2
NOUN_после	1 2.2
PROPN_из	1 2.2
NOUN_между	1 2.2
PRON_по	1 2.2
ADJ_в	0 0.0
ADJ_со	0 0.0
ADJ_из	0 0.0
ADJ_выше	0 0.0
ADJ_к	0 0.0
ADJ_между	0 0.0
ADJ_по	0 0.0
----------------------------------------
PRON_Animacy	45 16.9	35 85.4
NOUN_Inan	27 60.0
Other: 
NOUN_Anim	7 15.6
Other: 
PRON_Inan	3 6.7
Other: 
PROPN_Inan	3 6.7
Other: 
PRON_Anim	3 6.7
Other: 
PROPN_Anim	2 4.4
Other: 
----------------------------------------
NUM_Animacy	39 4.0	36 97.3
NOUN_Inan	32 82.1
Other: 
NOUN_Anim	5 12.8
Other: 
ADJ_Inan	1 2.6
Other: 
PRON_Anim	1 2.6
Other: 
NUM_Inan	0 0.0
Other: 
NUM_Anim	0 0.0
Other: 
----------------------------------------
DET_Prep	32 17.1	0 0.0
PRON_для	5 15.6
PRON_в	5 15.6
NOUN_на	4 12.5
NOUN_к	3 9.4
PRON_по	2 6.2
NOUN_в	2 6.2
PRON_у	2 6.2
PRON_от	1 3.1
PRON_на	1 3.1
NOUN_за	1 3.1
PROPN_для	1 3.1
PRON_о	1 3.1
NOUN_для	1 3.1
NOUN_из	1 3.1
NOUN_у	1 3.1
NOUN_про	1 3.1
DET_для	0 0.0
DET_по	0 0.0
DET_от	0 0.0
DET_в	0 0.0
DET_на	0 0.0
DET_за	0 0.0
DET_о	0 0.0
DET_к	0 0.0
DET_у	0 0.0
DET_про	0 0.0
----------------------------------------
DET_Degree	17 9.1	2 100.0
NOUN_Pos	12 70.6
Other: 
PROPN_Pos	2 11.8
Other: 
ADJ_Pos	2 11.8
Other: 
PRON_Pos	1 5.9
Other: 
DET_Pos	0 0.0
Other: 
----------------------------------------
PROPN_Foreign	10 0.6	0 0.0
NOUN_Yes	6 60.0
Other: 
PROPN_Yes	4 40.0
Other: 
----------------------------------------
VERB_Aspect	4 80.0	0 0.0
NOUN_Imp	3 75.0
Other: 
NOUN_Perf	1 25.0
Other: 
----------------------------------------
VERB_VerbForm	4 80.0	0 0.0
NOUN_Inf	2 50.0
Other: 
NOUN_Fin	2 50.0
Other: 
----------------------------------------
VERB_Voice	4 80.0	0 0.0
NOUN_Act	2 50.0
Other: 
NOUN_Mid	2 50.0
Other: 
----------------------------------------
ADV_Degree	3 100.0	1 100.0
NOUN_Pos	1 33.3
Other: 
PRON_Pos	1 33.3
Other: 
ADV_Pos	1 33.3
Other: 
----------------------------------------
X_Foreign	3 100.0	0 0.0
NOUN_Yes	2 66.7
Other: 
PRON_Yes	1 33.3
Other: 
----------------------------------------
VERB_Prep	3 60.0	0 0.0
NOUN_в	2 66.7
NOUN_от	1 33.3
VERB_в	0 0.0
VERB_от	0 0.0
----------------------------------------
VERB_Number	2 40.0	1 50.0
NOUN_Sing	2 100.0
Other: 
VERB_Sing	0 0.0
Other: 
----------------------------------------
VERB_Mood	2 40.0	0 0.0
NOUN_Ind	2 100.0
Other: 
----------------------------------------
VERB_Person	2 40.0	0 0.0
NOUN_3	2 100.0
Other: 
----------------------------------------
VERB_Tense	2 40.0	0 0.0
NOUN_Pres	2 100.0
Other: 
----------------------------------------
DET_Animacy	1 0.5	1 100.0
NOUN_Inan	1 100.0
Other: 
DET_Inan	0 0.0
Other: 
----------------------------------------
