VERB	5832 98.7
NOUN 4588 78.7	PRON 891 15.3	PROPN 144 2.5	ADV 63 1.1	NUM 51 0.9	ADJ 48 0.8	DET 24 0.4	SYM 14 0.2	VERB 7 0.1	X 2 0.0
----------------------------------------
ADJ	70 1.2
NOUN 59 84.3	PRON 10 14.3	PROPN 1 1.4
----------------------------------------
PROPN	3 0.1
NOUN 3 100.0
----------------------------------------
ADV	2 0.0
NOUN 1 50.0	PRON 1 50.0
----------------------------------------

VERB_Aspect	5832 100.0	4 57.1
NOUN_Perf	2749 47.1
Other: 
NOUN_Imp	1839 31.5
Other: 
PRON_Perf	537 9.2
Other: 
PRON_Imp	354 6.1
Other: 
PROPN_Perf	99 1.7
Other: 
ADV_Perf	46 0.8
Other: 
PROPN_Imp	45 0.8
Other: 
NUM_Perf	41 0.7
Other: 
ADJ_Perf	30 0.5
Other: 
ADJ_Imp	18 0.3
Other: 
ADV_Imp	17 0.3
Other: 
DET_Perf	16 0.3
Other: 
NUM_Imp	10 0.2
Other: 
DET_Imp	8 0.1
Other: 
SYM_Perf	8 0.1
Other: 
VERB_Perf	6 0.1
Other: 
SYM_Imp	6 0.1
Other: 
X_Imp	2 0.0
Other: 
VERB_Imp	1 0.0
Other: 
----------------------------------------
VERB_VerbForm	5832 100.0	6 85.7
NOUN_Part	2745 47.1
Other: 
NOUN_Fin	1783 30.6
Other: 
PRON_Part	530 9.1
Other: 
PRON_Fin	351 6.0
Other: 
PROPN_Part	97 1.7
Other: 
NOUN_Inf	60 1.0
Other: 
ADV_Part	47 0.8
Other: 
PROPN_Fin	45 0.8
Other: 
NUM_Part	43 0.7
Other: 
ADJ_Part	30 0.5
Other: 
ADJ_Fin	18 0.3
Other: 
ADV_Fin	16 0.3
Other: 
DET_Part	15 0.3
Other: 
PRON_Inf	10 0.2
Other: 
DET_Fin	8 0.1
Other: 
NUM_Fin	8 0.1
Other: 
SYM_Part	8 0.1
Other: 
VERB_Part	6 0.1
Other: 
SYM_Fin	6 0.1
Other: 
X_Fin	2 0.0
Other: 
PROPN_Inf	2 0.0
Other: 
DET_Inf	1 0.0
Other: 
VERB_Fin	1 0.0
Other: 
----------------------------------------
VERB_Voice	5832 100.0	1 14.3
NOUN_Pass	4437 76.1
Other: 
PRON_Pass	853 14.6
Other: 
NOUN_Act	134 2.3
Other: 
PROPN_Pass	132 2.3
Other: 
ADV_Pass	62 1.1
Other: 
NUM_Pass	51 0.9
Other: 
ADJ_Pass	46 0.8
Other: 
PRON_Act	35 0.6
Other: 
DET_Pass	23 0.4
Other: 
NOUN_Mid	17 0.3
Other: 
SYM_Pass	13 0.2
Other: 
PROPN_Act	11 0.2
Other: 
VERB_Pass	7 0.1
Other: 
PRON_Mid	3 0.1
Other: 
X_Pass	2 0.0
Other: 
ADJ_Act	2 0.0
Other: 
PROPN_Mid	1 0.0
Other: 
SYM_Act	1 0.0
Other: 
ADV_Act	1 0.0
Other: 
DET_Act	1 0.0
Other: 
----------------------------------------
VERB_Number	5759 98.7	5032 95.7
NOUN_Sing	2922 50.7
Other: 
NOUN_Plur	1606 27.9
Other: 
PRON_Sing	623 10.8
Other: 
PRON_Plur	258 4.5
Other: 
PROPN_Sing	120 2.1
Other: 
ADV_Sing	52 0.9
Other: 
ADJ_Sing	33 0.6
Other: 
NUM_Sing	32 0.6
Other: 
PROPN_Plur	22 0.4
Other: 
NUM_Plur	19 0.3
Other: 
ADJ_Plur	15 0.3
Other: 
DET_Plur	12 0.2
Other: 
ADV_Plur	11 0.2
Other: 
DET_Sing	11 0.2
Other: 
SYM_Sing	8 0.1
Other: 
SYM_Plur	6 0.1
Other: 
VERB_Plur	4 0.1
Other: 
VERB_Sing	3 0.1
Other: 
X_Sing	2 0.0
Other: 
----------------------------------------
VERB_Tense	5759 98.7	4 57.1
NOUN_Past	3269 56.8
Other: 
NOUN_Pres	1257 21.8
Other: 
PRON_Past	654 11.4
Other: 
PRON_Pres	227 3.9
Other: 
PROPN_Past	118 2.0
Other: 
ADV_Past	49 0.9
Other: 
NUM_Past	45 0.8
Other: 
ADJ_Past	35 0.6
Other: 
PROPN_Pres	24 0.4
Other: 
DET_Past	18 0.3
Other: 
ADV_Pres	14 0.2
Other: 
ADJ_Pres	13 0.2
Other: 
SYM_Past	9 0.2
Other: 
VERB_Past	7 0.1
Other: 
NUM_Pres	6 0.1
Other: 
DET_Pres	5 0.1
Other: 
SYM_Pres	5 0.1
Other: 
NOUN_Fut	2 0.0
Other: 
X_Past	1 0.0
Other: 
X_Pres	1 0.0
Other: 
----------------------------------------
VERB_Variant	3514 60.3	2 100.0
NOUN_Short	2742 78.0
Other: 
PRON_Short	528 15.0
Other: 
PROPN_Short	96 2.7
Other: 
ADV_Short	47 1.3
Other: 
NUM_Short	43 1.2
Other: 
ADJ_Short	29 0.8
Other: 
DET_Short	15 0.4
Other: 
SYM_Short	8 0.2
Other: 
VERB_Short	6 0.2
Other: 
----------------------------------------
VERB_Gender	2800 48.0	2447 96.3
NOUN_Masc	836 29.9
Other: 
NOUN_Fem	711 25.4
Other: 
NOUN_Neut	567 20.2
Other: 
PRON_Neut	216 7.7
Other: 
PRON_Masc	165 5.9
Other: 
PRON_Fem	94 3.4
Other: 
PROPN_Masc	73 2.6
Other: 
ADV_Neut	38 1.4
Other: 
PROPN_Fem	25 0.9
Other: 
NUM_Masc	12 0.4
Other: 
NUM_Neut	11 0.4
Other: 
ADJ_Neut	8 0.3
Other: 
ADJ_Masc	8 0.3
Other: 
ADJ_Fem	8 0.3
Other: 
DET_Masc	6 0.2
Other: 
PROPN_Neut	5 0.2
Other: 
NUM_Fem	4 0.1
Other: 
SYM_Neut	4 0.1
Other: 
DET_Neut	3 0.1
Other: 
VERB_Neut	2 0.1
Other: 
VERB_Masc	1 0.0
Other: 
X_Neut	1 0.0
Other: 
SYM_Masc	1 0.0
Other: 
DET_Fem	1 0.0
Other: 
VERB_Fem	0 0.0
Other: 
----------------------------------------
VERB_Mood	2238 38.4	0 0.0
NOUN_Ind	1783 79.7
Other: 
PRON_Ind	351 15.7
Other: 
PROPN_Ind	45 2.0
Other: 
ADJ_Ind	18 0.8
Other: 
ADV_Ind	16 0.7
Other: 
DET_Ind	8 0.4
Other: 
NUM_Ind	8 0.4
Other: 
SYM_Ind	6 0.3
Other: 
X_Ind	2 0.1
Other: 
VERB_Ind	1 0.0
Other: 
----------------------------------------
VERB_Person	1551 26.6	64 100.0
NOUN_3	1258 81.1
Other: 
PRON_3	225 14.5
Other: 
PROPN_3	24 1.5
Other: 
ADV_3	14 0.9
Other: 
ADJ_3	13 0.8
Other: 
NUM_3	6 0.4
Other: 
DET_3	5 0.3
Other: 
SYM_3	5 0.3
Other: 
X_3	1 0.1
Other: 
VERB_3	0 0.0
Other: 
----------------------------------------
ADJ_Number	70 100.0	64 98.5
NOUN_Sing	46 65.7
Other: 
NOUN_Plur	13 18.6
Other: 
PRON_Sing	10 14.3
Other: 
PROPN_Sing	1 1.4
Other: 
ADJ_Sing	0 0.0
Other: 
ADJ_Plur	0 0.0
Other: 
----------------------------------------
ADJ_Degree	70 100.0	0 0.0
NOUN_Pos	59 84.3
Other: 
PRON_Pos	10 14.3
Other: 
PROPN_Pos	1 1.4
Other: 
----------------------------------------
ADJ_Variant	70 100.0	0 0.0
NOUN_Short	59 84.3
Other: 
PRON_Short	10 14.3
Other: 
PROPN_Short	1 1.4
Other: 
----------------------------------------
ADJ_Gender	57 81.4	52 100.0
NOUN_Fem	17 29.8
Other: 
NOUN_Neut	16 28.1
Other: 
NOUN_Masc	13 22.8
Other: 
PRON_Masc	6 10.5
Other: 
PRON_Neut	3 5.3
Other: 
PRON_Fem	1 1.8
Other: 
PROPN_Fem	1 1.8
Other: 
ADJ_Neut	0 0.0
Other: 
ADJ_Masc	0 0.0
Other: 
ADJ_Fem	0 0.0
Other: 
----------------------------------------
VERB_Prep	34 0.6	0 0.0
NOUN_в	20 58.8
NOUN_прежде	4 11.8
NOUN_до	4 11.8
PROPN_в	2 5.9
NOUN_за	1 2.9
ADV_с	1 2.9
NOUN_с	1 2.9
NOUN_среди	1 2.9
VERB_в	0 0.0
----------------------------------------
VERB_Case	7 0.1	5 71.4
PRON_Nom	2 28.6
Other: 
ADJ_Nom	1 14.3
Other: 
NOUN_Nom	1 14.3
Other: 
NOUN_Ins	1 14.3
Other: 
PROPN_Gen	1 14.3
Other: 
NOUN_Gen	1 14.3
Other: 
VERB_Nom	0 0.0
Other: 
VERB_Ins	0 0.0
Other: 
VERB_Gen	0 0.0
Other: 
----------------------------------------
PROPN_Foreign	3 100.0	0 0.0
NOUN_Yes	3 100.0
Other: 
----------------------------------------
PROPN_Prep	3 100.0	0 0.0
NOUN_с	1 33.3
NOUN_на	1 33.3
NOUN_в	1 33.3
----------------------------------------
ADV_Degree	2 100.0	0 0.0
NOUN_Cmp	1 50.0
Other: 
PRON_Cmp	1 50.0
Other: 
----------------------------------------
ADJ_Prep	1 1.4	0 0.0
NOUN_в	1 100.0
----------------------------------------
