NOUN	46 90.2
SYM 26 56.5	NOUN 16 34.8	PROPN 4 8.7
----------------------------------------
PROPN	5 9.8
SYM 5 100.0
----------------------------------------

NOUN_Animacy	46 100.0	13 81.2
SYM_Inan	25 54.3
Other: 
NOUN_Inan	13 28.3
Other: 
PROPN_Inan	3 6.5
Other: 
NOUN_Anim	3 6.5
Other: 
PROPN_Anim	1 2.2
Other: 
SYM_Anim	1 2.2
Other: 
----------------------------------------
NOUN_Case	46 100.0	6 37.5
SYM_Nom	9 19.6
Other: 
SYM_Gen	8 17.4
Other: 
SYM_Acc	5 10.9
Other: 
NOUN_Nom	5 10.9
Other: 
NOUN_Gen	4 8.7
Other: 
NOUN_Dat	3 6.5
Other: 
PROPN_Nom	3 6.5
Other: 
SYM_Ins	3 6.5
Other: 
NOUN_Acc	2 4.3
Other: 
PROPN_Loc	1 2.2
Other: 
NOUN_Ins	1 2.2
Other: 
NOUN_Loc	1 2.2
Other: 
SYM_Loc	1 2.2
Other: 
----------------------------------------
NOUN_Gender	46 100.0	10 62.5
SYM_Masc	13 28.3
Other: 
SYM_Fem	11 23.9
Other: 
NOUN_Masc	10 21.7
Other: 
NOUN_Fem	5 10.9
Other: 
PROPN_Fem	3 6.5
Other: 
SYM_Neut	2 4.3
Other: 
PROPN_Masc	1 2.2
Other: 
NOUN_Neut	1 2.2
Other: 
----------------------------------------
NOUN_Number	46 100.0	15 93.8
SYM_Sing	25 54.3
Other: 
NOUN_Sing	16 34.8
Other: 
PROPN_Sing	4 8.7
Other: 
SYM_Plur	1 2.2
Other: 
----------------------------------------
NOUN_Prep	10 21.7	0 0.0
SYM_в	3 30.0
NOUN_к	1 10.0
NOUN_до	1 10.0
SYM_с	1 10.0
PROPN_в	1 10.0
SYM_меж	1 10.0
SYM_вокруг	1 10.0
NOUN_в	1 10.0
----------------------------------------
PROPN_Animacy	4 80.0	0 0.0
SYM_Inan	4 100.0
Other: 
----------------------------------------
PROPN_Case	4 80.0	0 0.0
SYM_Nom	4 100.0
Other: 
----------------------------------------
PROPN_Gender	4 80.0	0 0.0
SYM_Masc	4 100.0
Other: 
----------------------------------------
PROPN_Number	4 80.0	0 0.0
SYM_Sing	4 100.0
Other: 
----------------------------------------
PROPN_Foreign	1 20.0	0 0.0
SYM_Yes	1 100.0
Other: 
----------------------------------------
