NOUN	3102 85.8
NUM 2641 85.1	ADV 322 10.4	NOUN 139 4.5
----------------------------------------
PRON	158 4.4
ADV 107 67.7	NUM 50 31.6	NOUN 1 0.6
----------------------------------------
VERB	148 4.1
NUM 126 85.1	NOUN 22 14.9
----------------------------------------
NUM	95 2.6
NUM 95 100.0
----------------------------------------
ADJ	57 1.6
NUM 49 86.0	NOUN 8 14.0
----------------------------------------
SYM	34 0.9
ADV 20 58.8	NOUN 12 35.3	NUM 2 5.9
----------------------------------------
PROPN	13 0.4
NUM 10 76.9	ADV 3 23.1
----------------------------------------
ADV	4 0.1
NUM 2 50.0	NOUN 2 50.0
----------------------------------------
DET	2 0.1
NUM 2 100.0
----------------------------------------
ADP	1 0.0
NUM 1 100.0
----------------------------------------

NOUN_Case	3102 100.0	636 23.8
NUM_Gen	2113 68.1
Other: 
ADV_Gen	322 10.4
Other: 
NUM_Nom	307 9.9
Other: 
NUM_Acc	217 7.0
Other: 
NOUN_Gen	136 4.4
Other: 
NOUN_Loc	2 0.1
Other: 
NUM_Dat	2 0.1
Other: 
NOUN_Nom	1 0.0
Other: 
NUM_Loc	1 0.0
Other: 
NUM_Ins	1 0.0
Other: 
NOUN_Acc	0 0.0
Other: 
NOUN_Ins	0 0.0
Other: 
NOUN_Dat	0 0.0
Other: 
----------------------------------------
NOUN_Animacy	3102 100.0	1161 97.8
NUM_Inan	2281 73.5
Other: 
NUM_Anim	360 11.6
Other: 
ADV_Inan	304 9.8
Other: 
NOUN_Inan	121 3.9
Other: 
NOUN_Anim	18 0.6
Other: 
ADV_Anim	18 0.6
Other: 
----------------------------------------
NOUN_Number	3102 100.0	5 3.6
NUM_Sing	1585 51.1
Other: 
NUM_Plur	1056 34.0
Other: 
ADV_Plur	242 7.8
Other: 
NOUN_Plur	134 4.3
Other: 
ADV_Sing	80 2.6
Other: 
NOUN_Sing	5 0.2
Other: 
----------------------------------------
NOUN_Gender	3091 99.6	1270 96.0
NUM_Masc	1713 55.4
Other: 
NUM_Fem	681 22.0
Other: 
NUM_Neut	236 7.6
Other: 
ADV_Masc	208 6.7
Other: 
NOUN_Masc	122 3.9
Other: 
ADV_Fem	74 2.4
Other: 
ADV_Neut	40 1.3
Other: 
NOUN_Fem	13 0.4
Other: 
NOUN_Neut	4 0.1
Other: 
----------------------------------------
PRON_Case	158 100.0	12 75.0
ADV_Gen	107 67.7
Other: 
NUM_Gen	38 24.1
Other: 
NUM_Nom	12 7.6
Other: 
NOUN_Loc	1 0.6
Other: 
PRON_Nom	0 0.0
Other: 
PRON_Gen	0 0.0
Other: 
PRON_Loc	0 0.0
Other: 
----------------------------------------
PRON_Number	150 94.9	1 100.0
ADV_Sing	98 65.3
Other: 
NUM_Sing	35 23.3
Other: 
NUM_Plur	14 9.3
Other: 
ADV_Plur	2 1.3
Other: 
NOUN_Sing	1 0.7
Other: 
PRON_Sing	0 0.0
Other: 
----------------------------------------
VERB_Aspect	148 100.0	0 0.0
NUM_Perf	67 45.3
Other: 
NUM_Imp	59 39.9
Other: 
NOUN_Perf	14 9.5
Other: 
NOUN_Imp	8 5.4
Other: 
----------------------------------------
VERB_VerbForm	148 100.0	0 0.0
NUM_Fin	91 61.5
Other: 
NUM_Inf	23 15.5
Other: 
NOUN_Fin	18 12.2
Other: 
NUM_Part	9 6.1
Other: 
NOUN_Inf	3 2.0
Other: 
NUM_Conv	3 2.0
Other: 
NOUN_Part	1 0.7
Other: 
----------------------------------------
VERB_Voice	148 100.0	0 0.0
NUM_Act	111 75.0
Other: 
NOUN_Act	17 11.5
Other: 
NUM_Mid	13 8.8
Other: 
NOUN_Pass	3 2.0
Other: 
NUM_Pass	2 1.4
Other: 
NOUN_Mid	2 1.4
Other: 
----------------------------------------
PRON_Animacy	137 86.7	0 0.0
ADV_Inan	96 70.1
Other: 
NUM_Inan	35 25.5
Other: 
NUM_Anim	4 2.9
Other: 
ADV_Anim	2 1.5
Other: 
----------------------------------------
PRON_Gender	133 84.2	2 28.6
ADV_Neut	96 72.2
Other: 
NUM_Neut	35 26.3
Other: 
NOUN_Masc	1 0.8
Other: 
ADV_Masc	1 0.8
Other: 
PRON_Neut	0 0.0
Other: 
PRON_Masc	0 0.0
Other: 
----------------------------------------
VERB_Tense	120 81.1	0 0.0
NUM_Past	71 59.2
Other: 
NUM_Pres	25 20.8
Other: 
NOUN_Past	13 10.8
Other: 
NUM_Fut	6 5.0
Other: 
NOUN_Pres	5 4.2
Other: 
----------------------------------------
VERB_Number	119 80.4	9 47.4
NUM_Sing	65 54.6
Other: 
NUM_Plur	35 29.4
Other: 
NOUN_Sing	10 8.4
Other: 
NOUN_Plur	9 7.6
Other: 
VERB_Sing	0 0.0
Other: 
VERB_Plur	0 0.0
Other: 
----------------------------------------
VERB_Mood	109 73.6	0 0.0
NUM_Ind	90 82.6
Other: 
NOUN_Ind	17 15.6
Other: 
NOUN_Imp	1 0.9
Other: 
NUM_Imp	1 0.9
Other: 
----------------------------------------
NUM_Case	94 98.9	92 97.9
NUM_Acc	65 69.1
Other: 
NUM_Nom	28 29.8
Other: 
NUM_Dat	1 1.1
Other: 
----------------------------------------
ADJ_Degree	57 100.0	0 0.0
NUM_Pos	49 86.0
Other: 
NOUN_Pos	8 14.0
Other: 
----------------------------------------
ADJ_Number	57 100.0	8 100.0
NUM_Sing	27 47.4
Other: 
NUM_Plur	22 38.6
Other: 
NOUN_Sing	8 14.0
Other: 
ADJ_Sing	0 0.0
Other: 
----------------------------------------
ADJ_Case	56 98.2	12 21.4
NUM_Gen	23 41.1
Other: 
NUM_Nom	9 16.1
Other: 
NUM_Ins	6 10.7
Other: 
NUM_Loc	5 8.9
Other: 
NUM_Acc	5 8.9
Other: 
NOUN_Gen	4 7.1
Other: 
NOUN_Loc	4 7.1
Other: 
ADJ_Loc	0 0.0
Other: 
ADJ_Nom	0 0.0
Other: 
ADJ_Gen	0 0.0
Other: 
ADJ_Ins	0 0.0
Other: 
ADJ_Acc	0 0.0
Other: 
----------------------------------------
VERB_Gender	52 35.1	17 44.7
NUM_Masc	22 42.3
Other: 
NUM_Neut	15 28.8
Other: 
NUM_Fem	7 13.5
Other: 
NOUN_Neut	4 7.7
Other: 
NOUN_Masc	3 5.8
Other: 
NOUN_Fem	1 1.9
Other: 
VERB_Masc	0 0.0
Other: 
VERB_Fem	0 0.0
Other: 
VERB_Neut	0 0.0
Other: 
----------------------------------------
NOUN_Prep	47 1.5	0 0.0
NUM_через	18 38.3
NUM_на	13 27.7
NUM_в	8 17.0
NUM_по	3 6.4
NOUN_в	2 4.3
NUM_спустя	1 2.1
NUM_у	1 2.1
NUM_за	1 2.1
----------------------------------------
NUM_Gender	43 45.3	14 93.3
NUM_Masc	32 74.4
Other: 
NUM_Fem	9 20.9
Other: 
NUM_Neut	2 4.7
Other: 
----------------------------------------
NUM_Animacy	41 43.2	35 100.0
NUM_Inan	41 100.0
Other: 
----------------------------------------
VERB_Person	36 24.3	0 0.0
NUM_3	24 66.7
Other: 
NUM_1	5 13.9
Other: 
NOUN_3	5 13.9
Other: 
NOUN_2	1 2.8
Other: 
NUM_2	1 2.8
Other: 
----------------------------------------
ADJ_Gender	35 61.4	14 63.6
NUM_Masc	19 54.3
Other: 
NOUN_Masc	8 22.9
Other: 
NUM_Fem	6 17.1
Other: 
NUM_Neut	2 5.7
Other: 
ADJ_Masc	0 0.0
Other: 
ADJ_Fem	0 0.0
Other: 
ADJ_Neut	0 0.0
Other: 
----------------------------------------
PRON_Person	13 8.2	0 0.0
NUM_3	7 53.8
Other: 
NUM_1	3 23.1
Other: 
NOUN_3	1 7.7
Other: 
ADV_1	1 7.7
Other: 
ADV_3	1 7.7
Other: 
----------------------------------------
PROPN_Case	12 92.3	5 50.0
NUM_Gen	4 33.3
Other: 
NUM_Nom	3 25.0
Other: 
ADV_Gen	2 16.7
Other: 
NUM_Acc	2 16.7
Other: 
NUM_Dat	1 8.3
Other: 
PROPN_Gen	0 0.0
Other: 
PROPN_Dat	0 0.0
Other: 
PROPN_Nom	0 0.0
Other: 
PROPN_Acc	0 0.0
Other: 
----------------------------------------
PROPN_Gender	12 92.3	7 77.8
NUM_Masc	8 66.7
Other: 
ADV_Masc	2 16.7
Other: 
NUM_Fem	2 16.7
Other: 
PROPN_Masc	0 0.0
Other: 
PROPN_Fem	0 0.0
Other: 
----------------------------------------
PROPN_Animacy	12 92.3	3 100.0
NUM_Anim	6 50.0
Other: 
NUM_Inan	4 33.3
Other: 
ADV_Inan	2 16.7
Other: 
PROPN_Anim	0 0.0
Other: 
PROPN_Inan	0 0.0
Other: 
----------------------------------------
PROPN_Number	12 92.3	0 0.0
NUM_Sing	9 75.0
Other: 
ADV_Sing	2 16.7
Other: 
NUM_Plur	1 8.3
Other: 
----------------------------------------
VERB_Case	7 4.7	0 0.0
NUM_Gen	7 100.0
Other: 
VERB_Gen	0 0.0
Other: 
----------------------------------------
SYM_Prep	4 11.8	0 0.0
NOUN_за	1 25.0
NOUN_свыше	1 25.0
NOUN_около	1 25.0
NOUN_по	1 25.0
----------------------------------------
PROPN_Prep	4 30.8	0 0.0
NUM_у	2 50.0
NUM_к	1 25.0
NUM_в	1 25.0
----------------------------------------
ADV_Degree	4 100.0	0 0.0
NUM_Pos	2 50.0
Other: 
NOUN_Cmp	2 50.0
Other: 
----------------------------------------
NUM_Prep	3 3.2	0 0.0
NUM_за	1 33.3
NUM_по	1 33.3
NUM_на	1 33.3
----------------------------------------
ADJ_Animacy	3 5.3	2 100.0
NUM_Inan	2 66.7
Other: 
NUM_Anim	1 33.3
Other: 
ADJ_Anim	0 0.0
Other: 
ADJ_Inan	0 0.0
Other: 
----------------------------------------
VERB_Variant	3 2.0	0 0.0
NUM_Short	2 66.7
Other: 
NOUN_Short	1 33.3
Other: 
----------------------------------------
DET_Case	2 100.0	1 50.0
NUM_Gen	1 50.0
Other: 
NUM_Acc	1 50.0
Other: 
DET_Gen	0 0.0
Other: 
DET_Acc	0 0.0
Other: 
----------------------------------------
DET_Number	2 100.0	0 0.0
NUM_Plur	1 50.0
Other: 
NUM_Sing	1 50.0
Other: 
----------------------------------------
PRON_Prep	1 0.6	0 0.0
NOUN_в	1 100.0
----------------------------------------
DET_Gender	1 50.0	1 100.0
NUM_Masc	1 100.0
Other: 
DET_Masc	0 0.0
Other: 
----------------------------------------
ADV_Prep	1 25.0	0 0.0
NOUN_на	1 100.0
----------------------------------------
ADJ_Variant	1 1.8	0 0.0
NUM_Short	1 100.0
Other: 
----------------------------------------
