NOUN	429 48.6
NOUN 176 41.0	ADV 89 20.7	ADJ 43 10.0	VERB 28 6.5	PRON 26 6.1	PART 21 4.9	NUM 16 3.7	PROPN 15 3.5	DET 6 1.4	SYM 6 1.4	ADP 3 0.7
----------------------------------------
PRON	155 17.6
NOUN 51 32.9	PRON 28 18.1	ADV 27 17.4	PART 16 10.3	VERB 14 9.0	ADJ 8 5.2	PROPN 8 5.2	AUX 2 1.3	NUM 1 0.6
----------------------------------------
ADJ	93 10.5
NOUN 39 41.9	ADJ 15 16.1	ADV 15 16.1	VERB 8 8.6	PROPN 6 6.5	PART 4 4.3	X 2 2.2	PRON 1 1.1	NUM 1 1.1	SYM 1 1.1	DET 1 1.1
----------------------------------------
PROPN	84 9.5
NOUN 23 27.4	ADV 22 26.2	NUM 13 15.5	PROPN 10 11.9	ADJ 6 7.1	PRON 5 6.0	PART 3 3.6	SYM 2 2.4
----------------------------------------
ADV	40 4.5
VERB 12 30.0	ADV 11 27.5	PART 7 17.5	NOUN 5 12.5	DET 3 7.5	ADJ 1 2.5	PROPN 1 2.5
----------------------------------------
NUM	26 2.9
NOUN 10 38.5	PROPN 5 19.2	ADJ 3 11.5	ADV 3 11.5	NUM 1 3.8	VERB 1 3.8	PRON 1 3.8	ADP 1 3.8	PART 1 3.8
----------------------------------------
DET	20 2.3
ADJ 5 25.0	NOUN 5 25.0	ADV 3 15.0	DET 2 10.0	PROPN 2 10.0	VERB 2 10.0	PART 1 5.0
----------------------------------------
SYM	18 2.0
NOUN 7 38.9	PROPN 3 16.7	ADJ 2 11.1	VERB 2 11.1	NUM 1 5.6	ADP 1 5.6	PRON 1 5.6	ADV 1 5.6
----------------------------------------
VERB	9 1.0
PART 3 33.3	NOUN 3 33.3	ADV 1 11.1	VERB 1 11.1	ADP 1 11.1
----------------------------------------
PART	4 0.5
PART 3 75.0	NOUN 1 25.0
----------------------------------------
SCONJ	2 0.2
PART 2 100.0
----------------------------------------
X	2 0.2
ADV 1 50.0	NOUN 1 50.0
----------------------------------------

NOUN_Animacy	429 100.0	157 78.5
NOUN_Inan	136 31.7
Other: 
ADV_Inan	78 18.2
Other: 
NOUN_Anim	40 9.3
Other: 
ADJ_Inan	34 7.9
Other: 
VERB_Inan	24 5.6
Other: 
PRON_Inan	20 4.7
Other: 
PART_Inan	16 3.7
Other: 
NUM_Inan	14 3.3
Other: 
ADV_Anim	11 2.6
Other: 
PROPN_Inan	11 2.6
Other: 
ADJ_Anim	9 2.1
Other: 
PRON_Anim	6 1.4
Other: 
PART_Anim	5 1.2
Other: 
DET_Inan	5 1.2
Other: 
PROPN_Anim	4 0.9
Other: 
VERB_Anim	4 0.9
Other: 
SYM_Inan	4 0.9
Other: 
ADP_Inan	3 0.7
Other: 
NUM_Anim	2 0.5
Other: 
SYM_Anim	2 0.5
Other: 
DET_Anim	1 0.2
Other: 
----------------------------------------
NOUN_Case	429 100.0	32 11.9
NOUN_Nom	95 22.1
Other: 
NOUN_Acc	37 8.6
Other: 
ADV_Nom	31 7.2
Other: 
NOUN_Gen	26 6.1
Other: 
ADJ_Nom	26 6.1
Other: 
ADV_Acc	22 5.1
Other: 
PRON_Nom	17 4.0
Other: 
ADV_Loc	14 3.3
Other: 
VERB_Nom	13 3.0
Other: 
NOUN_Loc	13 3.0
Other: 
ADV_Ins	11 2.6
Other: 
PART_Nom	10 2.3
Other: 
ADJ_Acc	9 2.1
Other: 
ADV_Gen	8 1.9
Other: 
VERB_Acc	6 1.4
Other: 
PRON_Acc	6 1.4
Other: 
ADJ_Gen	6 1.4
Other: 
SYM_Nom	6 1.4
Other: 
NUM_Gen	5 1.2
Other: 
PROPN_Acc	5 1.2
Other: 
NUM_Nom	5 1.2
Other: 
PROPN_Nom	4 0.9
Other: 
NUM_Acc	4 0.9
Other: 
PART_Acc	4 0.9
Other: 
NOUN_Ins	4 0.9
Other: 
VERB_Gen	4 0.9
Other: 
PROPN_Gen	4 0.9
Other: 
ADV_Dat	3 0.7
Other: 
PART_Gen	3 0.7
Other: 
VERB_Dat	3 0.7
Other: 
PART_Dat	3 0.7
Other: 
ADP_Gen	3 0.7
Other: 
PRON_Gen	2 0.5
Other: 
DET_Nom	2 0.5
Other: 
DET_Gen	2 0.5
Other: 
PROPN_Loc	1 0.2
Other: 
PRON_Ins	1 0.2
Other: 
VERB_Ins	1 0.2
Other: 
ADJ_Loc	1 0.2
Other: 
DET_Acc	1 0.2
Other: 
VERB_Loc	1 0.2
Other: 
NOUN_Dat	1 0.2
Other: 
DET_Dat	1 0.2
Other: 
NUM_Loc	1 0.2
Other: 
ADJ_Ins	1 0.2
Other: 
PROPN_Ins	1 0.2
Other: 
NUM_Dat	1 0.2
Other: 
PART_Ins	1 0.2
Other: 
----------------------------------------
NOUN_Gender	429 100.0	118 48.4
NOUN_Masc	93 21.7
Other: 
NOUN_Fem	58 13.5
Other: 
ADV_Masc	42 9.8
Other: 
ADV_Fem	30 7.0
Other: 
NOUN_Neut	25 5.8
Other: 
ADJ_Masc	22 5.1
Other: 
ADJ_Fem	17 4.0
Other: 
ADV_Neut	17 4.0
Other: 
VERB_Fem	13 3.0
Other: 
PRON_Fem	12 2.8
Other: 
PRON_Masc	11 2.6
Other: 
VERB_Masc	11 2.6
Other: 
PART_Masc	10 2.3
Other: 
NUM_Masc	10 2.3
Other: 
PROPN_Fem	8 1.9
Other: 
PART_Fem	7 1.6
Other: 
PROPN_Masc	6 1.4
Other: 
VERB_Neut	4 0.9
Other: 
PART_Neut	4 0.9
Other: 
NUM_Fem	4 0.9
Other: 
DET_Fem	4 0.9
Other: 
ADJ_Neut	4 0.9
Other: 
PRON_Neut	3 0.7
Other: 
SYM_Masc	3 0.7
Other: 
ADP_Fem	2 0.5
Other: 
NUM_Neut	2 0.5
Other: 
SYM_Neut	2 0.5
Other: 
PROPN_Neut	1 0.2
Other: 
DET_Masc	1 0.2
Other: 
SYM_Fem	1 0.2
Other: 
ADP_Masc	1 0.2
Other: 
DET_Neut	1 0.2
Other: 
----------------------------------------
NOUN_Number	429 100.0	170 62.3
NOUN_Sing	110 25.6
Other: 
NOUN_Plur	66 15.4
Other: 
ADV_Sing	63 14.7
Other: 
ADJ_Sing	28 6.5
Other: 
ADV_Plur	26 6.1
Other: 
PRON_Sing	17 4.0
Other: 
VERB_Plur	16 3.7
Other: 
ADJ_Plur	15 3.5
Other: 
PART_Sing	14 3.3
Other: 
VERB_Sing	12 2.8
Other: 
NUM_Sing	10 2.3
Other: 
PRON_Plur	9 2.1
Other: 
PROPN_Sing	9 2.1
Other: 
PART_Plur	7 1.6
Other: 
PROPN_Plur	6 1.4
Other: 
NUM_Plur	6 1.4
Other: 
DET_Sing	6 1.4
Other: 
SYM_Sing	4 0.9
Other: 
ADP_Sing	2 0.5
Other: 
SYM_Plur	2 0.5
Other: 
ADP_Plur	1 0.2
Other: 
----------------------------------------
PRON_Case	155 100.0	16 17.4
NOUN_Nom	38 24.5
Other: 
PRON_Nom	26 16.8
Other: 
ADV_Nom	12 7.7
Other: 
PART_Nom	11 7.1
Other: 
NOUN_Acc	10 6.5
Other: 
VERB_Nom	9 5.8
Other: 
ADJ_Nom	8 5.2
Other: 
ADV_Acc	8 5.2
Other: 
PROPN_Nom	4 2.6
Other: 
ADV_Gen	3 1.9
Other: 
PART_Acc	3 1.9
Other: 
PROPN_Acc	3 1.9
Other: 
VERB_Acc	2 1.3
Other: 
PRON_Acc	2 1.3
Other: 
PART_Gen	2 1.3
Other: 
ADV_Loc	2 1.3
Other: 
NOUN_Dat	2 1.3
Other: 
VERB_Dat	2 1.3
Other: 
NOUN_Ins	1 0.6
Other: 
AUX_Nom	1 0.6
Other: 
NUM_Nom	1 0.6
Other: 
VERB_Gen	1 0.6
Other: 
ADV_Ins	1 0.6
Other: 
AUX_Acc	1 0.6
Other: 
PROPN_Dat	1 0.6
Other: 
ADV_Dat	1 0.6
Other: 
PRON_Ins	0 0.0
Other: 
PRON_Dat	0 0.0
Other: 
----------------------------------------
PRON_Number	116 74.8	42 58.3
NOUN_Sing	16 13.8
Other: 
ADV_Sing	16 13.8
Other: 
NOUN_Plur	15 12.9
Other: 
PRON_Sing	14 12.1
Other: 
PRON_Plur	13 11.2
Other: 
PART_Sing	11 9.5
Other: 
ADV_Plur	7 6.0
Other: 
ADJ_Sing	7 6.0
Other: 
VERB_Sing	6 5.2
Other: 
PROPN_Sing	3 2.6
Other: 
PART_Plur	2 1.7
Other: 
VERB_Plur	2 1.7
Other: 
ADJ_Plur	1 0.9
Other: 
AUX_Sing	1 0.9
Other: 
NUM_Plur	1 0.9
Other: 
PROPN_Plur	1 0.9
Other: 
----------------------------------------
ADJ_Case	93 100.0	7 11.7
NOUN_Nom	32 34.4
Other: 
VERB_Nom	8 8.6
Other: 
ADJ_Acc	7 7.5
Other: 
ADJ_Nom	6 6.5
Other: 
NOUN_Acc	4 4.3
Other: 
ADV_Ins	4 4.3
Other: 
ADV_Nom	4 4.3
Other: 
ADV_Acc	3 3.2
Other: 
PROPN_Nom	2 2.2
Other: 
PART_Gen	2 2.2
Other: 
PROPN_Ins	2 2.2
Other: 
X_Ins	2 2.2
Other: 
ADV_Gen	2 2.2
Other: 
PART_Nom	2 2.2
Other: 
ADJ_Loc	1 1.1
Other: 
ADJ_Gen	1 1.1
Other: 
PRON_Gen	1 1.1
Other: 
ADV_Dat	1 1.1
Other: 
NUM_Gen	1 1.1
Other: 
NOUN_Ins	1 1.1
Other: 
PROPN_Dat	1 1.1
Other: 
NOUN_Dat	1 1.1
Other: 
NOUN_Loc	1 1.1
Other: 
ADV_Loc	1 1.1
Other: 
SYM_Nom	1 1.1
Other: 
PROPN_Acc	1 1.1
Other: 
DET_Acc	1 1.1
Other: 
ADJ_Ins	0 0.0
Other: 
ADJ_Dat	0 0.0
Other: 
----------------------------------------
ADJ_Number	93 100.0	49 80.3
NOUN_Sing	29 31.2
Other: 
ADJ_Sing	12 12.9
Other: 
NOUN_Plur	10 10.8
Other: 
ADV_Plur	8 8.6
Other: 
ADV_Sing	7 7.5
Other: 
VERB_Plur	7 7.5
Other: 
ADJ_Plur	3 3.2
Other: 
PROPN_Plur	3 3.2
Other: 
PROPN_Sing	3 3.2
Other: 
PART_Plur	2 2.2
Other: 
X_Plur	2 2.2
Other: 
PART_Sing	2 2.2
Other: 
PRON_Plur	1 1.1
Other: 
NUM_Plur	1 1.1
Other: 
SYM_Sing	1 1.1
Other: 
DET_Sing	1 1.1
Other: 
VERB_Sing	1 1.1
Other: 
----------------------------------------
ADJ_Degree	93 100.0	24 77.4
NOUN_Pos	39 41.9
Other: 
ADJ_Pos	15 16.1
Other: 
ADV_Pos	15 16.1
Other: 
VERB_Pos	8 8.6
Other: 
PROPN_Pos	6 6.5
Other: 
PART_Pos	4 4.3
Other: 
X_Pos	2 2.2
Other: 
PRON_Pos	1 1.1
Other: 
NUM_Pos	1 1.1
Other: 
SYM_Pos	1 1.1
Other: 
DET_Pos	1 1.1
Other: 
----------------------------------------
PRON_Person	90 58.1	4 19.0
NOUN_1	13 14.4
Other: 
PRON_1	13 14.4
Other: 
PART_1	9 10.0
Other: 
ADV_3	9 10.0
Other: 
PRON_3	7 7.8
Other: 
PRON_2	6 6.7
Other: 
NOUN_2	6 6.7
Other: 
NOUN_3	5 5.6
Other: 
ADV_2	4 4.4
Other: 
VERB_1	4 4.4
Other: 
ADV_1	3 3.3
Other: 
ADJ_3	2 2.2
Other: 
PART_3	2 2.2
Other: 
PROPN_3	2 2.2
Other: 
ADJ_2	1 1.1
Other: 
VERB_3	1 1.1
Other: 
NUM_1	1 1.1
Other: 
ADJ_1	1 1.1
Other: 
PROPN_2	1 1.1
Other: 
----------------------------------------
PROPN_Animacy	76 90.5	22 68.8
ADV_Inan	15 19.7
Other: 
NOUN_Inan	11 14.5
Other: 
NOUN_Anim	10 13.2
Other: 
NUM_Inan	7 9.2
Other: 
PROPN_Anim	5 6.6
Other: 
ADV_Anim	5 6.6
Other: 
ADJ_Anim	5 6.6
Other: 
NUM_Anim	5 6.6
Other: 
PROPN_Inan	4 5.3
Other: 
PRON_Anim	4 5.3
Other: 
PART_Anim	2 2.6
Other: 
PART_Inan	1 1.3
Other: 
PRON_Inan	1 1.3
Other: 
SYM_Inan	1 1.3
Other: 
----------------------------------------
PROPN_Case	76 90.5	6 15.0
NOUN_Nom	11 14.5
Other: 
ADV_Acc	9 11.8
Other: 
ADV_Nom	6 7.9
Other: 
NOUN_Acc	6 7.9
Other: 
NUM_Nom	6 7.9
Other: 
PROPN_Nom	5 6.6
Other: 
PRON_Nom	4 5.3
Other: 
NUM_Loc	4 5.3
Other: 
ADV_Loc	3 3.9
Other: 
ADJ_Nom	3 3.9
Other: 
PROPN_Dat	3 3.9
Other: 
NOUN_Gen	2 2.6
Other: 
PART_Nom	2 2.6
Other: 
ADV_Gen	2 2.6
Other: 
NUM_Gen	2 2.6
Other: 
PROPN_Acc	1 1.3
Other: 
PRON_Ins	1 1.3
Other: 
ADJ_Dat	1 1.3
Other: 
PART_Ins	1 1.3
Other: 
SYM_Nom	1 1.3
Other: 
NOUN_Ins	1 1.3
Other: 
ADJ_Gen	1 1.3
Other: 
NOUN_Dat	1 1.3
Other: 
PROPN_Gen	0 0.0
Other: 
PROPN_Ins	0 0.0
Other: 
----------------------------------------
PROPN_Number	76 90.5	29 74.4
NOUN_Sing	21 27.6
Other: 
ADV_Sing	20 26.3
Other: 
NUM_Sing	11 14.5
Other: 
PROPN_Sing	8 10.5
Other: 
ADJ_Sing	5 6.6
Other: 
PRON_Sing	5 6.6
Other: 
PART_Sing	3 3.9
Other: 
PROPN_Plur	1 1.3
Other: 
SYM_Plur	1 1.3
Other: 
NUM_Plur	1 1.3
Other: 
----------------------------------------
PROPN_Gender	74 88.1	22 62.9
NOUN_Masc	11 14.9
Other: 
ADV_Fem	10 13.5
Other: 
NOUN_Fem	10 13.5
Other: 
ADV_Masc	9 12.2
Other: 
PROPN_Masc	6 8.1
Other: 
NUM_Masc	6 8.1
Other: 
NUM_Fem	5 6.8
Other: 
PRON_Masc	4 5.4
Other: 
ADJ_Fem	3 4.1
Other: 
PROPN_Fem	2 2.7
Other: 
ADJ_Masc	2 2.7
Other: 
PART_Masc	2 2.7
Other: 
PART_Fem	1 1.4
Other: 
PRON_Neut	1 1.4
Other: 
SYM_Masc	1 1.4
Other: 
ADV_Neut	1 1.4
Other: 
PROPN_Neut	0 0.0
Other: 
----------------------------------------
ADJ_Gender	56 60.2	17 39.5
NOUN_Masc	16 28.6
Other: 
NOUN_Fem	9 16.1
Other: 
ADJ_Masc	7 12.5
Other: 
ADJ_Fem	4 7.1
Other: 
NOUN_Neut	4 7.1
Other: 
ADV_Neut	3 5.4
Other: 
ADV_Fem	3 5.4
Other: 
PROPN_Fem	3 5.4
Other: 
ADJ_Neut	1 1.8
Other: 
ADV_Masc	1 1.8
Other: 
SYM_Fem	1 1.8
Other: 
DET_Masc	1 1.8
Other: 
PART_Masc	1 1.8
Other: 
PART_Neut	1 1.8
Other: 
VERB_Masc	1 1.8
Other: 
----------------------------------------
NOUN_Prep	43 10.0	1 5.3
NOUN_на	8 18.6
NOUN_в	6 14.0
VERB_в	3 7.0
ADV_в	3 7.0
NOUN_с	2 4.7
ADV_на	2 4.7
ADV_по	2 4.7
NUM_у	1 2.3
ADJ_в	1 2.3
PART_у	1 2.3
NOUN_свыше	1 2.3
NUM_за	1 2.3
ADJ_на	1 2.3
ADJ_без	1 2.3
DET_по	1 2.3
NOUN_после	1 2.3
ADP_против	1 2.3
NUM_против	1 2.3
NOUN_против	1 2.3
PART_по	1 2.3
NOUN_между	1 2.3
DET_для	1 2.3
VERB_для	1 2.3
PART_на	1 2.3
NOUN_у	0 0.0
NOUN_за	0 0.0
NOUN_по	0 0.0
----------------------------------------
PRON_Gender	40 25.8	6 42.9
ADV_Masc	5 12.5
Other: 
ADV_Neut	5 12.5
Other: 
ADJ_Neut	4 10.0
Other: 
ADV_Fem	4 10.0
Other: 
NOUN_Neut	4 10.0
Other: 
VERB_Neut	2 5.0
Other: 
PRON_Masc	2 5.0
Other: 
PRON_Fem	2 5.0
Other: 
NOUN_Masc	2 5.0
Other: 
PART_Neut	2 5.0
Other: 
ADJ_Masc	1 2.5
Other: 
PART_Fem	1 2.5
Other: 
NOUN_Fem	1 2.5
Other: 
VERB_Masc	1 2.5
Other: 
PROPN_Fem	1 2.5
Other: 
AUX_Neut	1 2.5
Other: 
PROPN_Neut	1 2.5
Other: 
ADJ_Fem	1 2.5
Other: 
PRON_Neut	0 0.0
Other: 
----------------------------------------
ADV_Degree	40 100.0	9 75.0
VERB_Pos	12 30.0
Other: 
ADV_Pos	9 22.5
Other: 
PART_Pos	7 17.5
Other: 
NOUN_Pos	4 10.0
Other: 
DET_Pos	3 7.5
Other: 
ADV_Cmp	2 5.0
Other: 
ADJ_Cmp	1 2.5
Other: 
NOUN_Cmp	1 2.5
Other: 
PROPN_Pos	1 2.5
Other: 
----------------------------------------
PRON_Animacy	26 16.8	5 62.5
ADV_Inan	5 19.2
Other: 
ADJ_Inan	4 15.4
Other: 
NOUN_Inan	4 15.4
Other: 
NOUN_Anim	3 11.5
Other: 
VERB_Inan	2 7.7
Other: 
PART_Inan	2 7.7
Other: 
ADV_Anim	2 7.7
Other: 
PRON_Anim	1 3.8
Other: 
AUX_Inan	1 3.8
Other: 
PROPN_Inan	1 3.8
Other: 
VERB_Anim	1 3.8
Other: 
PRON_Inan	0 0.0
Other: 
----------------------------------------
DET_Case	20 100.0	3 23.1
ADV_Acc	2 10.0
Other: 
ADJ_Acc	2 10.0
Other: 
DET_Nom	2 10.0
Other: 
NOUN_Acc	2 10.0
Other: 
NOUN_Nom	2 10.0
Other: 
ADJ_Nom	2 10.0
Other: 
ADV_Nom	1 5.0
Other: 
PROPN_Acc	1 5.0
Other: 
VERB_Acc	1 5.0
Other: 
NOUN_Ins	1 5.0
Other: 
ADJ_Ins	1 5.0
Other: 
PART_Acc	1 5.0
Other: 
PROPN_Nom	1 5.0
Other: 
VERB_Nom	1 5.0
Other: 
DET_Acc	0 0.0
Other: 
DET_Ins	0 0.0
Other: 
----------------------------------------
DET_Number	20 100.0	12 80.0
ADJ_Plur	3 15.0
Other: 
NOUN_Plur	3 15.0
Other: 
ADV_Plur	2 10.0
Other: 
DET_Sing	2 10.0
Other: 
NOUN_Sing	2 10.0
Other: 
ADJ_Sing	2 10.0
Other: 
VERB_Sing	2 10.0
Other: 
ADV_Sing	1 5.0
Other: 
PROPN_Sing	1 5.0
Other: 
PART_Plur	1 5.0
Other: 
PROPN_Plur	1 5.0
Other: 
DET_Plur	0 0.0
Other: 
----------------------------------------
ADJ_Prep	12 12.9	0 0.0
PROPN_с	2 16.7
X_с	2 16.7
ADJ_на	1 8.3
ADV_со	1 8.3
ADV_в	1 8.3
ADJ_в	1 8.3
NOUN_в	1 8.3
ADV_для	1 8.3
ADV_у	1 8.3
ADJ_из	1 8.3
----------------------------------------
NUM_Case	12 46.2	1 12.5
NOUN_Nom	3 25.0
Other: 
PROPN_Nom	3 25.0
Other: 
ADV_Nom	2 16.7
Other: 
ADJ_Nom	2 16.7
Other: 
VERB_Nom	1 8.3
Other: 
PART_Loc	1 8.3
Other: 
NUM_Nom	0 0.0
Other: 
----------------------------------------
DET_Gender	11 55.0	5 55.6
NOUN_Masc	3 27.3
Other: 
DET_Masc	2 18.2
Other: 
VERB_Masc	2 18.2
Other: 
ADV_Fem	1 9.1
Other: 
ADJ_Masc	1 9.1
Other: 
PROPN_Masc	1 9.1
Other: 
ADJ_Fem	1 9.1
Other: 
DET_Fem	0 0.0
Other: 
----------------------------------------
DET_Degree	10 50.0	4 80.0
ADJ_Pos	3 30.0
Other: 
NOUN_Pos	3 30.0
Other: 
ADV_Pos	2 20.0
Other: 
PROPN_Pos	1 10.0
Other: 
VERB_Pos	1 10.0
Other: 
DET_Pos	0 0.0
Other: 
----------------------------------------
VERB_Aspect	9 100.0	0 0.0
PART_Imp	3 33.3
Other: 
NOUN_Perf	2 22.2
Other: 
ADV_Imp	1 11.1
Other: 
VERB_Imp	1 11.1
Other: 
NOUN_Imp	1 11.1
Other: 
ADP_Perf	1 11.1
Other: 
----------------------------------------
VERB_VerbForm	9 100.0	0 0.0
PART_Inf	3 33.3
Other: 
NOUN_Part	2 22.2
Other: 
ADV_Inf	1 11.1
Other: 
VERB_Inf	1 11.1
Other: 
ADP_Fin	1 11.1
Other: 
NOUN_Inf	1 11.1
Other: 
----------------------------------------
VERB_Voice	9 100.0	1 100.0
PART_Mid	3 33.3
Other: 
NOUN_Act	2 22.2
Other: 
ADV_Mid	1 11.1
Other: 
VERB_Mid	1 11.1
Other: 
NOUN_Pass	1 11.1
Other: 
ADP_Act	1 11.1
Other: 
----------------------------------------
ADJ_Animacy	8 8.6	3 100.0
ADJ_Inan	4 50.0
Other: 
ADV_Anim	1 12.5
Other: 
NOUN_Anim	1 12.5
Other: 
NOUN_Inan	1 12.5
Other: 
DET_Inan	1 12.5
Other: 
ADJ_Anim	0 0.0
Other: 
----------------------------------------
NUM_Gender	8 30.8	2 40.0
ADV_Masc	2 25.0
Other: 
NOUN_Masc	2 25.0
Other: 
ADJ_Masc	2 25.0
Other: 
PROPN_Masc	2 25.0
Other: 
NUM_Masc	0 0.0
Other: 
----------------------------------------
DET_Animacy	7 35.0	3 60.0
ADJ_Anim	2 28.6
Other: 
NOUN_Anim	2 28.6
Other: 
ADV_Anim	1 14.3
Other: 
PROPN_Anim	1 14.3
Other: 
VERB_Anim	1 14.3
Other: 
DET_Anim	0 0.0
Other: 
----------------------------------------
PROPN_Prep	7 8.3	0 0.0
NUM_в	4 57.1
NUM_для	1 14.3
PART_с	1 14.3
NOUN_в	1 14.3
PROPN_в	0 0.0
----------------------------------------
PROPN_Foreign	5 6.0	0 0.0
ADV_Yes	2 40.0
Other: 
NOUN_Yes	2 40.0
Other: 
SYM_Yes	1 20.0
Other: 
----------------------------------------
PRON_Prep	4 2.6	0 0.0
ADV_от	1 25.0
VERB_из	1 25.0
ADV_об	1 25.0
PART_у	1 25.0
----------------------------------------
VERB_Number	3 33.3	1 50.0
NOUN_Plur	1 33.3
Other: 
NOUN_Sing	1 33.3
Other: 
ADP_Plur	1 33.3
Other: 
VERB_Plur	0 0.0
Other: 
VERB_Sing	0 0.0
Other: 
----------------------------------------
VERB_Tense	3 33.3	0 0.0
NOUN_Pres	1 33.3
Other: 
NOUN_Past	1 33.3
Other: 
ADP_Past	1 33.3
Other: 
----------------------------------------
NUM_Prep	2 7.7	0 0.0
NUM_в	1 50.0
NOUN_от	1 50.0
NUM_от	0 0.0
----------------------------------------
VERB_Case	2 22.2	0 0.0
NOUN_Nom	2 100.0
Other: 
VERB_Nom	0 0.0
Other: 
----------------------------------------
DET_Prep	2 10.0	1 50.0
NOUN_с	1 50.0
ADJ_с	1 50.0
DET_с	0 0.0
----------------------------------------
X_Foreign	2 100.0	0 0.0
ADV_Yes	1 50.0
Other: 
NOUN_Yes	1 50.0
Other: 
----------------------------------------
SYM_Prep	2 11.1	0 0.0
ADV_в	1 50.0
VERB_в	1 50.0
----------------------------------------
PART_Polarity	1 25.0	0 0.0
NOUN_Neg	1 100.0
Other: 
----------------------------------------
VERB_Gender	1 11.1	1 100.0
NOUN_Masc	1 100.0
Other: 
VERB_Masc	0 0.0
Other: 
----------------------------------------
VERB_Mood	1 11.1	0 0.0
ADP_Ind	1 100.0
Other: 
----------------------------------------
