VERB	8698 48.3
VERB 3729 42.9	ADV 2188 25.2	NOUN 1815 20.9	ADJ 397 4.6	PART 219 2.5	PRON 214 2.5	PROPN 94 1.1	INTJ 20 0.2	SCONJ 8 0.1	SYM 8 0.1	DET 2 0.0	X 2 0.0	CCONJ 1 0.0	ADP 1 0.0
----------------------------------------
NOUN	5565 30.9
NOUN 2228 40.0	VERB 1711 30.7	ADV 694 12.5	ADJ 388 7.0	PROPN 332 6.0	PART 66 1.2	PRON 62 1.1	SYM 35 0.6	INTJ 14 0.3	CCONJ 10 0.2	DET 9 0.2	X 7 0.1	NUM 5 0.1	SCONJ 3 0.1	ADP 1 0.0
----------------------------------------
ADJ	1892 10.5
VERB 698 36.9	ADV 470 24.8	NOUN 466 24.6	ADJ 149 7.9	PART 43 2.3	PRON 31 1.6	PROPN 18 1.0	SYM 9 0.5	X 3 0.2	INTJ 2 0.1	DET 1 0.1	NUM 1 0.1	SCONJ 1 0.1
----------------------------------------
ADV	694 3.9
VERB 256 36.9	ADV 195 28.1	NOUN 143 20.6	PART 32 4.6	ADJ 32 4.6	PRON 20 2.9	PROPN 11 1.6	NUM 2 0.3	CCONJ 1 0.1	SYM 1 0.1	INTJ 1 0.1
----------------------------------------
PROPN	486 2.7
VERB 157 32.3	NOUN 146 30.0	PROPN 79 16.3	ADV 71 14.6	ADJ 17 3.5	SYM 6 1.2	PART 3 0.6	PRON 2 0.4	CCONJ 2 0.4	INTJ 1 0.2	SCONJ 1 0.2	X 1 0.2
----------------------------------------
PRON	343 1.9
NOUN 111 32.4	VERB 106 30.9	ADV 44 12.8	PROPN 21 6.1	PART 20 5.8	ADJ 19 5.5	PRON 15 4.4	INTJ 4 1.2	SYM 1 0.3	DET 1 0.3	CCONJ 1 0.3
----------------------------------------
NUM	109 0.6
NOUN 44 40.4	VERB 29 26.6	ADV 20 18.3	ADJ 7 6.4	PART 4 3.7	PROPN 3 2.8	NUM 1 0.9	PRON 1 0.9
----------------------------------------
DET	90 0.5
NOUN 36 40.0	VERB 26 28.9	ADV 12 13.3	ADJ 7 7.8	PROPN 5 5.6	PART 2 2.2	CCONJ 1 1.1	PRON 1 1.1
----------------------------------------
PART	65 0.4
VERB 31 47.7	ADV 13 20.0	NOUN 8 12.3	PART 7 10.8	INTJ 4 6.2	ADJ 2 3.1
----------------------------------------
CCONJ	33 0.2
PART 11 33.3	VERB 9 27.3	NOUN 8 24.2	ADJ 3 9.1	PROPN 2 6.1
----------------------------------------
SYM	25 0.1
NOUN 10 40.0	VERB 8 32.0	ADJ 5 20.0	ADV 2 8.0
----------------------------------------
X	12 0.1
NOUN 8 66.7	VERB 3 25.0	ADJ 1 8.3
----------------------------------------
ADP	5 0.0
NOUN 2 40.0	VERB 1 20.0	PROPN 1 20.0	ADV 1 20.0
----------------------------------------
INTJ	4 0.0
VERB 3 75.0	NOUN 1 25.0
----------------------------------------
SCONJ	2 0.0
ADV 2 100.0
----------------------------------------

VERB_Voice	8698 100.0	2218 59.5
VERB_Act	2589 29.8
Other: 
ADV_Act	1492 17.2
Other: 
NOUN_Act	1187 13.6
Other: 
VERB_Mid	791 9.1
Other: 
ADV_Mid	493 5.7
Other: 
NOUN_Mid	402 4.6
Other: 
VERB_Pass	349 4.0
Other: 
ADJ_Act	280 3.2
Other: 
NOUN_Pass	226 2.6
Other: 
ADV_Pass	203 2.3
Other: 
PART_Act	164 1.9
Other: 
PRON_Act	151 1.7
Other: 
ADJ_Mid	82 0.9
Other: 
PROPN_Act	72 0.8
Other: 
PRON_Mid	48 0.6
Other: 
PART_Mid	42 0.5
Other: 
ADJ_Pass	35 0.4
Other: 
INTJ_Act	18 0.2
Other: 
PRON_Pass	15 0.2
Other: 
PROPN_Mid	13 0.1
Other: 
PART_Pass	13 0.1
Other: 
PROPN_Pass	9 0.1
Other: 
SYM_Act	6 0.1
Other: 
SCONJ_Act	4 0.0
Other: 
SCONJ_Mid	3 0.0
Other: 
INTJ_Mid	2 0.0
Other: 
DET_Act	2 0.0
Other: 
X_Act	2 0.0
Other: 
SYM_Pass	2 0.0
Other: 
SCONJ_Pass	1 0.0
Other: 
CCONJ_Act	1 0.0
Other: 
ADP_Pass	1 0.0
Other: 
----------------------------------------
VERB_Aspect	8695 100.0	2184 58.6
VERB_Imp	2125 24.4
Other: 
VERB_Perf	1602 18.4
Other: 
ADV_Imp	1313 15.1
Other: 
NOUN_Imp	1115 12.8
Other: 
ADV_Perf	874 10.1
Other: 
NOUN_Perf	700 8.1
Other: 
ADJ_Imp	236 2.7
Other: 
ADJ_Perf	161 1.9
Other: 
PRON_Imp	132 1.5
Other: 
PART_Imp	127 1.5
Other: 
PART_Perf	92 1.1
Other: 
PRON_Perf	82 0.9
Other: 
PROPN_Imp	63 0.7
Other: 
PROPN_Perf	31 0.4
Other: 
INTJ_Perf	11 0.1
Other: 
INTJ_Imp	9 0.1
Other: 
SCONJ_Imp	6 0.1
Other: 
SYM_Perf	6 0.1
Other: 
DET_Perf	2 0.0
Other: 
X_Imp	2 0.0
Other: 
SYM_Imp	2 0.0
Other: 
SCONJ_Perf	2 0.0
Other: 
CCONJ_Imp	1 0.0
Other: 
ADP_Perf	1 0.0
Other: 
----------------------------------------
VERB_VerbForm	8695 100.0	3067 82.3
VERB_Fin	3219 37.0
Other: 
ADV_Fin	1900 21.9
Other: 
NOUN_Fin	1549 17.8
Other: 
ADJ_Fin	335 3.9
Other: 
VERB_Part	257 3.0
Other: 
VERB_Inf	240 2.8
Other: 
PART_Fin	206 2.4
Other: 
PRON_Fin	194 2.2
Other: 
NOUN_Part	163 1.9
Other: 
ADV_Part	150 1.7
Other: 
ADV_Inf	113 1.3
Other: 
NOUN_Inf	96 1.1
Other: 
PROPN_Fin	83 1.0
Other: 
ADJ_Inf	34 0.4
Other: 
ADJ_Part	26 0.3
Other: 
ADV_Conv	24 0.3
Other: 
INTJ_Fin	18 0.2
Other: 
VERB_Conv	11 0.1
Other: 
PRON_Part	10 0.1
Other: 
PRON_Inf	9 0.1
Other: 
PART_Part	8 0.1
Other: 
SCONJ_Fin	8 0.1
Other: 
NOUN_Conv	7 0.1
Other: 
PROPN_Part	6 0.1
Other: 
SYM_Fin	6 0.1
Other: 
PROPN_Inf	5 0.1
Other: 
PART_Inf	5 0.1
Other: 
ADJ_Conv	2 0.0
Other: 
X_Fin	2 0.0
Other: 
SYM_Part	2 0.0
Other: 
INTJ_Inf	1 0.0
Other: 
DET_Inf	1 0.0
Other: 
PRON_Conv	1 0.0
Other: 
CCONJ_Fin	1 0.0
Other: 
DET_Fin	1 0.0
Other: 
ADP_Part	1 0.0
Other: 
INTJ_Conv	1 0.0
Other: 
----------------------------------------
VERB_Number	8145 93.6	3418 60.5
VERB_Sing	2376 29.2
Other: 
ADV_Sing	1376 16.9
Other: 
NOUN_Sing	1164 14.3
Other: 
VERB_Plur	1100 13.5
Other: 
ADV_Plur	674 8.3
Other: 
NOUN_Plur	548 6.7
Other: 
ADJ_Sing	248 3.0
Other: 
PART_Sing	140 1.7
Other: 
PRON_Sing	120 1.5
Other: 
ADJ_Plur	113 1.4
Other: 
PRON_Plur	84 1.0
Other: 
PART_Plur	74 0.9
Other: 
PROPN_Sing	66 0.8
Other: 
PROPN_Plur	23 0.3
Other: 
INTJ_Sing	9 0.1
Other: 
INTJ_Plur	9 0.1
Other: 
SCONJ_Sing	7 0.1
Other: 
SYM_Sing	5 0.1
Other: 
SYM_Plur	3 0.0
Other: 
X_Sing	2 0.0
Other: 
SCONJ_Plur	1 0.0
Other: 
CCONJ_Sing	1 0.0
Other: 
DET_Sing	1 0.0
Other: 
ADP_Sing	1 0.0
Other: 
----------------------------------------
VERB_Tense	8046 92.5	1831 55.8
VERB_Past	1709 21.2
Other: 
VERB_Pres	1430 17.8
Other: 
ADV_Past	964 12.0
Other: 
ADV_Pres	905 11.2
Other: 
NOUN_Past	792 9.8
Other: 
NOUN_Pres	765 9.5
Other: 
VERB_Fut	294 3.7
Other: 
ADJ_Past	197 2.4
Other: 
ADV_Fut	190 2.4
Other: 
ADJ_Pres	138 1.7
Other: 
NOUN_Fut	121 1.5
Other: 
PRON_Pres	97 1.2
Other: 
PART_Pres	95 1.2
Other: 
PRON_Past	89 1.1
Other: 
PART_Past	86 1.1
Other: 
PROPN_Pres	40 0.5
Other: 
PROPN_Past	31 0.4
Other: 
PART_Fut	26 0.3
Other: 
ADJ_Fut	21 0.3
Other: 
PRON_Fut	16 0.2
Other: 
INTJ_Past	11 0.1
Other: 
INTJ_Pres	5 0.1
Other: 
SCONJ_Pres	5 0.1
Other: 
SYM_Past	5 0.1
Other: 
SCONJ_Past	3 0.0
Other: 
X_Pres	2 0.0
Other: 
SYM_Pres	2 0.0
Other: 
PROPN_Fut	2 0.0
Other: 
INTJ_Fut	1 0.0
Other: 
SYM_Fut	1 0.0
Other: 
CCONJ_Pres	1 0.0
Other: 
DET_Past	1 0.0
Other: 
ADP_Past	1 0.0
Other: 
----------------------------------------
VERB_Mood	7522 86.5	2866 95.6
VERB_Ind	3165 42.1
Other: 
ADV_Ind	1885 25.1
Other: 
NOUN_Ind	1508 20.0
Other: 
ADJ_Ind	328 4.4
Other: 
PART_Ind	199 2.6
Other: 
PRON_Ind	191 2.5
Other: 
PROPN_Ind	67 0.9
Other: 
VERB_Imp	54 0.7
Other: 
NOUN_Imp	41 0.5
Other: 
INTJ_Ind	16 0.2
Other: 
PROPN_Imp	16 0.2
Other: 
ADV_Imp	15 0.2
Other: 
SCONJ_Ind	8 0.1
Other: 
ADJ_Imp	7 0.1
Other: 
PART_Imp	7 0.1
Other: 
SYM_Ind	6 0.1
Other: 
PRON_Imp	3 0.0
Other: 
INTJ_Imp	2 0.0
Other: 
X_Ind	2 0.0
Other: 
CCONJ_Ind	1 0.0
Other: 
DET_Ind	1 0.0
Other: 
----------------------------------------
NOUN_Animacy	5562 99.9	2203 86.0
NOUN_Inan	1979 35.6
Other: 
VERB_Inan	1556 28.0
Other: 
ADV_Inan	597 10.7
Other: 
ADJ_Inan	362 6.5
Other: 
PROPN_Inan	275 4.9
Other: 
NOUN_Anim	249 4.5
Other: 
VERB_Anim	154 2.8
Other: 
ADV_Anim	97 1.7
Other: 
PROPN_Anim	56 1.0
Other: 
PART_Inan	51 0.9
Other: 
PRON_Inan	50 0.9
Other: 
SYM_Inan	31 0.6
Other: 
ADJ_Anim	26 0.5
Other: 
PART_Anim	15 0.3
Other: 
PRON_Anim	12 0.2
Other: 
INTJ_Inan	10 0.2
Other: 
CCONJ_Inan	10 0.2
Other: 
DET_Inan	8 0.1
Other: 
X_Inan	7 0.1
Other: 
NUM_Inan	4 0.1
Other: 
INTJ_Anim	4 0.1
Other: 
SYM_Anim	4 0.1
Other: 
SCONJ_Inan	2 0.0
Other: 
DET_Anim	1 0.0
Other: 
SCONJ_Anim	1 0.0
Other: 
ADP_Inan	1 0.0
Other: 
----------------------------------------
NOUN_Case	5562 99.9	1441 51.0
NOUN_Nom	713 12.8
Other: 
NOUN_Gen	696 12.5
Other: 
VERB_Nom	694 12.5
Other: 
NOUN_Acc	371 6.7
Other: 
ADV_Nom	348 6.3
Other: 
VERB_Gen	339 6.1
Other: 
VERB_Acc	328 5.9
Other: 
NOUN_Ins	191 3.4
Other: 
NOUN_Loc	170 3.1
Other: 
VERB_Ins	158 2.8
Other: 
PROPN_Gen	143 2.6
Other: 
ADJ_Nom	131 2.4
Other: 
ADJ_Gen	118 2.1
Other: 
ADV_Gen	115 2.1
Other: 
VERB_Loc	112 2.0
Other: 
PROPN_Nom	95 1.7
Other: 
NOUN_Dat	86 1.5
Other: 
ADV_Loc	81 1.5
Other: 
VERB_Dat	79 1.4
Other: 
ADV_Acc	66 1.2
Other: 
ADV_Ins	60 1.1
Other: 
ADJ_Acc	59 1.1
Other: 
PART_Nom	43 0.8
Other: 
ADJ_Ins	37 0.7
Other: 
PROPN_Acc	30 0.5
Other: 
ADJ_Loc	26 0.5
Other: 
PRON_Nom	25 0.4
Other: 
PROPN_Ins	25 0.4
Other: 
PROPN_Loc	24 0.4
Other: 
ADV_Dat	24 0.4
Other: 
ADJ_Dat	17 0.3
Other: 
PROPN_Dat	14 0.3
Other: 
SYM_Gen	14 0.3
Other: 
PRON_Gen	12 0.2
Other: 
INTJ_Nom	11 0.2
Other: 
PART_Gen	10 0.2
Other: 
PRON_Ins	10 0.2
Other: 
SYM_Nom	9 0.2
Other: 
PART_Acc	7 0.1
Other: 
PRON_Loc	6 0.1
Other: 
PRON_Acc	6 0.1
Other: 
SYM_Acc	6 0.1
Other: 
SYM_Ins	5 0.1
Other: 
DET_Nom	4 0.1
Other: 
SCONJ_Nom	3 0.1
Other: 
PRON_Dat	3 0.1
Other: 
PART_Dat	3 0.1
Other: 
DET_Gen	3 0.1
Other: 
X_Gen	3 0.1
Other: 
CCONJ_Nom	3 0.1
Other: 
CCONJ_Acc	3 0.1
Other: 
PART_Loc	3 0.1
Other: 
INTJ_Acc	2 0.0
Other: 
NUM_Acc	2 0.0
Other: 
X_Acc	2 0.0
Other: 
DET_Acc	2 0.0
Other: 
CCONJ_Gen	2 0.0
Other: 
NUM_Gen	1 0.0
Other: 
INTJ_Voc	1 0.0
Other: 
X_Nom	1 0.0
Other: 
X_Ins	1 0.0
Other: 
SYM_Loc	1 0.0
Other: 
CCONJ_Loc	1 0.0
Other: 
CCONJ_Ins	1 0.0
Other: 
NOUN_Par	1 0.0
Other: 
NUM_Loc	1 0.0
Other: 
ADP_Gen	1 0.0
Other: 
----------------------------------------
NOUN_Number	5562 99.9	2804 63.0
NOUN_Sing	1432 25.7
Other: 
VERB_Sing	1298 23.3
Other: 
NOUN_Plur	796 14.3
Other: 
ADV_Sing	534 9.6
Other: 
VERB_Plur	412 7.4
Other: 
ADJ_Sing	273 4.9
Other: 
PROPN_Sing	206 3.7
Other: 
ADV_Plur	160 2.9
Other: 
PROPN_Plur	125 2.2
Other: 
ADJ_Plur	115 2.1
Other: 
PART_Sing	58 1.0
Other: 
PRON_Sing	40 0.7
Other: 
PRON_Plur	22 0.4
Other: 
SYM_Sing	18 0.3
Other: 
SYM_Plur	17 0.3
Other: 
INTJ_Sing	9 0.2
Other: 
PART_Plur	8 0.1
Other: 
CCONJ_Sing	8 0.1
Other: 
INTJ_Plur	5 0.1
Other: 
DET_Sing	5 0.1
Other: 
X_Sing	5 0.1
Other: 
DET_Plur	4 0.1
Other: 
SCONJ_Sing	3 0.1
Other: 
NUM_Sing	2 0.0
Other: 
X_Plur	2 0.0
Other: 
CCONJ_Plur	2 0.0
Other: 
NUM_Plur	2 0.0
Other: 
ADP_Sing	1 0.0
Other: 
----------------------------------------
NOUN_Gender	5557 99.9	1357 41.5
NOUN_Masc	978 17.6
Other: 
NOUN_Fem	814 14.6
Other: 
VERB_Masc	715 12.9
Other: 
VERB_Fem	630 11.3
Other: 
NOUN_Neut	432 7.8
Other: 
VERB_Neut	365 6.6
Other: 
ADV_Masc	298 5.4
Other: 
ADV_Fem	251 4.5
Other: 
ADJ_Masc	176 3.2
Other: 
PROPN_Masc	154 2.8
Other: 
ADJ_Fem	151 2.7
Other: 
ADV_Neut	145 2.6
Other: 
PROPN_Fem	108 1.9
Other: 
PROPN_Neut	69 1.2
Other: 
ADJ_Neut	60 1.1
Other: 
PRON_Masc	29 0.5
Other: 
PART_Masc	25 0.4
Other: 
PART_Fem	23 0.4
Other: 
PRON_Fem	21 0.4
Other: 
SYM_Masc	18 0.3
Other: 
PART_Neut	18 0.3
Other: 
PRON_Neut	12 0.2
Other: 
SYM_Fem	11 0.2
Other: 
INTJ_Masc	6 0.1
Other: 
SYM_Neut	6 0.1
Other: 
INTJ_Fem	5 0.1
Other: 
DET_Masc	5 0.1
Other: 
X_Masc	4 0.1
Other: 
CCONJ_Neut	4 0.1
Other: 
DET_Fem	4 0.1
Other: 
CCONJ_Masc	4 0.1
Other: 
INTJ_Neut	3 0.1
Other: 
NUM_Masc	3 0.1
Other: 
X_Fem	3 0.1
Other: 
SCONJ_Masc	2 0.0
Other: 
CCONJ_Fem	2 0.0
Other: 
ADP_Masc	1 0.0
Other: 
SCONJ_Fem	1 0.0
Other: 
NUM_Fem	1 0.0
Other: 
----------------------------------------
VERB_Person	4229 48.6	866 76.2
VERB_3	1472 34.8
Other: 
ADV_3	979 23.1
Other: 
NOUN_3	802 19.0
Other: 
VERB_1	178 4.2
Other: 
ADJ_3	138 3.3
Other: 
VERB_2	106 2.5
Other: 
PRON_3	100 2.4
Other: 
PART_3	80 1.9
Other: 
ADV_1	72 1.7
Other: 
NOUN_2	61 1.4
Other: 
NOUN_1	46 1.1
Other: 
ADV_2	34 0.8
Other: 
PART_1	29 0.7
Other: 
PROPN_2	26 0.6
Other: 
PROPN_3	25 0.6
Other: 
PART_2	19 0.4
Other: 
ADJ_1	12 0.3
Other: 
ADJ_2	11 0.3
Other: 
PRON_1	11 0.3
Other: 
PROPN_1	6 0.1
Other: 
SCONJ_3	5 0.1
Other: 
INTJ_2	4 0.1
Other: 
PRON_2	4 0.1
Other: 
INTJ_3	3 0.1
Other: 
SYM_3	3 0.1
Other: 
X_3	1 0.0
Other: 
X_1	1 0.0
Other: 
CCONJ_3	1 0.0
Other: 
----------------------------------------
VERB_Gender	2774 31.9	494 40.6
VERB_Masc	640 23.1
Other: 
ADV_Masc	306 11.0
Other: 
VERB_Fem	297 10.7
Other: 
VERB_Neut	285 10.3
Other: 
NOUN_Masc	283 10.2
Other: 
ADV_Neut	186 6.7
Other: 
ADV_Fem	179 6.5
Other: 
NOUN_Neut	150 5.4
Other: 
NOUN_Fem	143 5.2
Other: 
ADJ_Masc	75 2.7
Other: 
ADJ_Fem	49 1.8
Other: 
PART_Masc	34 1.2
Other: 
PRON_Masc	30 1.1
Other: 
ADJ_Neut	24 0.9
Other: 
PART_Fem	17 0.6
Other: 
PRON_Neut	16 0.6
Other: 
PROPN_Masc	12 0.4
Other: 
PRON_Fem	11 0.4
Other: 
PART_Neut	11 0.4
Other: 
PROPN_Fem	7 0.3
Other: 
PROPN_Neut	5 0.2
Other: 
INTJ_Masc	5 0.2
Other: 
SCONJ_Neut	2 0.1
Other: 
SYM_Fem	1 0.0
Other: 
SYM_Neut	1 0.0
Other: 
INTJ_Neut	1 0.0
Other: 
SYM_Masc	1 0.0
Other: 
INTJ_Fem	1 0.0
Other: 
DET_Fem	1 0.0
Other: 
ADP_Neut	1 0.0
Other: 
----------------------------------------
ADJ_Degree	1890 99.9	567 91.5
VERB_Pos	655 34.7
Other: 
NOUN_Pos	433 22.9
Other: 
ADV_Pos	432 22.9
Other: 
ADJ_Pos	146 7.7
Other: 
VERB_Cmp	43 2.3
Other: 
PART_Pos	40 2.1
Other: 
ADV_Cmp	38 2.0
Other: 
PRON_Pos	30 1.6
Other: 
NOUN_Cmp	29 1.5
Other: 
PROPN_Pos	17 0.9
Other: 
SYM_Pos	5 0.3
Other: 
SYM_Cmp	4 0.2
Other: 
ADJ_Cmp	3 0.2
Other: 
PART_Cmp	3 0.2
Other: 
X_Pos	3 0.2
Other: 
INTJ_Pos	2 0.1
Other: 
NOUN_Sup	2 0.1
Other: 
DET_Pos	1 0.1
Other: 
PRON_Cmp	1 0.1
Other: 
PROPN_Cmp	1 0.1
Other: 
NUM_Cmp	1 0.1
Other: 
SCONJ_Pos	1 0.1
Other: 
----------------------------------------
ADJ_Number	1767 93.4	834 68.3
VERB_Sing	535 30.3
Other: 
ADV_Sing	349 19.8
Other: 
NOUN_Sing	336 19.0
Other: 
VERB_Plur	120 6.8
Other: 
ADJ_Sing	108 6.1
Other: 
NOUN_Plur	99 5.6
Other: 
ADV_Plur	83 4.7
Other: 
ADJ_Plur	38 2.2
Other: 
PART_Sing	35 2.0
Other: 
PRON_Sing	21 1.2
Other: 
PROPN_Sing	12 0.7
Other: 
PRON_Plur	9 0.5
Other: 
PART_Plur	5 0.3
Other: 
PROPN_Plur	5 0.3
Other: 
SYM_Sing	4 0.2
Other: 
X_Sing	3 0.2
Other: 
INTJ_Sing	1 0.1
Other: 
INTJ_Plur	1 0.1
Other: 
DET_Sing	1 0.1
Other: 
SYM_Plur	1 0.1
Other: 
SCONJ_Plur	1 0.1
Other: 
----------------------------------------
ADJ_Gender	1405 74.3	244 39.9
VERB_Neut	246 17.5
Other: 
ADV_Neut	182 13.0
Other: 
VERB_Masc	154 11.0
Other: 
NOUN_Neut	139 9.9
Other: 
VERB_Fem	135 9.6
Other: 
NOUN_Masc	110 7.8
Other: 
ADV_Masc	94 6.7
Other: 
NOUN_Fem	87 6.2
Other: 
ADV_Fem	73 5.2
Other: 
ADJ_Neut	43 3.1
Other: 
ADJ_Fem	34 2.4
Other: 
ADJ_Masc	31 2.2
Other: 
PART_Neut	18 1.3
Other: 
PART_Masc	12 0.9
Other: 
PRON_Neut	9 0.6
Other: 
PRON_Masc	8 0.6
Other: 
PROPN_Masc	7 0.5
Other: 
PART_Fem	5 0.4
Other: 
PROPN_Neut	4 0.3
Other: 
PRON_Fem	4 0.3
Other: 
SYM_Masc	3 0.2
Other: 
X_Neut	3 0.2
Other: 
INTJ_Neut	1 0.1
Other: 
DET_Neut	1 0.1
Other: 
PROPN_Fem	1 0.1
Other: 
SYM_Neut	1 0.1
Other: 
----------------------------------------
NOUN_Prep	1112 20.0	77 35.8
NOUN_в	123 11.1
VERB_в	87 7.8
NOUN_на	78 7.0
NOUN_с	60 5.4
VERB_на	60 5.4
VERB_с	41 3.7
VERB_по	33 3.0
NOUN_из	32 2.9
NOUN_по	31 2.8
PROPN_в	27 2.4
NOUN_от	27 2.4
NOUN_к	24 2.2
VERB_из	21 1.9
VERB_к	19 1.7
ADJ_в	18 1.6
ADV_в	18 1.6
NOUN_для	18 1.6
NOUN_за	15 1.3
ADJ_на	14 1.3
ADJ_с	13 1.2
VERB_за	12 1.1
NOUN_до	10 0.9
NOUN_во	10 0.9
VERB_для	10 0.9
VERB_о	10 0.9
NOUN_о	10 0.9
VERB_до	8 0.7
PROPN_на	8 0.7
NOUN_у	7 0.6
ADJ_к	7 0.6
ADJ_от	7 0.6
PROPN_с	7 0.6
VERB_без	7 0.6
NOUN_при	7 0.6
VERB_со	7 0.6
VERB_от	7 0.6
VERB_перед	6 0.5
ADJ_по	6 0.5
ADJ_без	5 0.4
NOUN_со	5 0.4
PROPN_по	5 0.4
PROPN_для	5 0.4
PRON_в	4 0.4
ADV_о	4 0.4
ADV_с	4 0.4
ADV_по	4 0.4
NOUN_под	4 0.4
ADV_для	4 0.4
ADJ_из	4 0.4
ADV_на	4 0.4
NOUN_через	4 0.4
NOUN_между	4 0.4
NOUN_после	4 0.4
PRON_на	3 0.3
NOUN_про	3 0.3
PROPN_во	3 0.3
PRON_с	3 0.3
NOUN_среди	3 0.3
PROPN_со	3 0.3
NOUN_об	3 0.3
ADV_до	3 0.3
VERB_через	3 0.3
VERB_при	3 0.3
ADJ_со	3 0.3
VERB_под	3 0.3
ADJ_о	3 0.3
PROPN_к	2 0.2
NOUN_из-за	2 0.2
VERB_над	2 0.2
NOUN_перед	2 0.2
PRON_для	2 0.2
ADV_за	2 0.2
NOUN_над	2 0.2
NOUN_без	2 0.2
ADJ_при	2 0.2
VERB_вне	2 0.2
VERB_вокруг	2 0.2
NOUN_прежде	2 0.2
SYM_с	2 0.2
ADV_из	2 0.2
VERB_у	2 0.2
VERB_об	2 0.2
VERB_между	2 0.2
SYM_на	2 0.2
PROPN_от	2 0.2
NOUN_спустя	2 0.2
VERB_среди	1 0.1
PROPN_из	1 0.1
VERB_против	1 0.1
ADV_среди	1 0.1
ADJ_над	1 0.1
PRON_от	1 0.1
PROPN_из-за	1 0.1
PROPN_без	1 0.1
PROPN_после	1 0.1
NOUN_вдоль	1 0.1
ADV_во	1 0.1
ADJ_для	1 0.1
SYM_до	1 0.1
ADJ_вне	1 0.1
SYM_у	1 0.1
ADV_при	1 0.1
PROPN_над	1 0.1
SYM_из	1 0.1
NOUN_плюс	1 0.1
PROPN_у	1 0.1
NOUN_кроме	1 0.1
VERB_порядка	1 0.1
SYM_свыше	1 0.1
PART_в	1 0.1
SYM_после	1 0.1
PROPN_перед	1 0.1
PROPN_при	1 0.1
ADV_против	1 0.1
ADJ_через	1 0.1
PRON_со	1 0.1
NOUN_путем	1 0.1
ADV_перед	1 0.1
DET_с	1 0.1
VERB_благодаря	1 0.1
ADJ_про	1 0.1
ADJ_за	1 0.1
NUM_в	1 0.1
NOUN_внутрь	1 0.1
VERB_плюс	1 0.1
ADP_после	1 0.1
NOUN_согласно	1 0.1
PROPN_до	1 0.1
PROPN_о	1 0.1
PROPN_за	1 0.1
PART_после	1 0.1
PRON_к	1 0.1
PROPN_между	1 0.1
ADJ_у	1 0.1
PART_к	1 0.1
PART_против	1 0.1
ADV_к	1 0.1
PRON_из	1 0.1
PART_на	1 0.1
VERB_во	1 0.1
NOUN_ко	1 0.1
PRON_о	1 0.1
VERB_около	1 0.1
NOUN_против	1 0.1
VERB_из-за	1 0.1
NOUN_вблизи	1 0.1
NOUN_накануне	1 0.1
VERB_после	1 0.1
ADJ_около	1 0.1
DET_в	1 0.1
NOUN_вокруг	0 0.0
----------------------------------------
ADJ_Variant	1104 58.4	64 100.0
VERB_Short	434 39.3
Other: 
ADV_Short	296 26.8
Other: 
NOUN_Short	234 21.2
Other: 
ADJ_Short	75 6.8
Other: 
PART_Short	29 2.6
Other: 
PRON_Short	25 2.3
Other: 
PROPN_Short	6 0.5
Other: 
INTJ_Short	2 0.2
Other: 
DET_Short	1 0.1
Other: 
SYM_Short	1 0.1
Other: 
SCONJ_Short	1 0.1
Other: 
----------------------------------------
ADV_Degree	694 100.0	212 93.4
VERB_Pos	236 34.0
Other: 
ADV_Pos	186 26.8
Other: 
NOUN_Pos	133 19.2
Other: 
PART_Pos	32 4.6
Other: 
ADJ_Pos	29 4.2
Other: 
VERB_Cmp	20 2.9
Other: 
PRON_Pos	20 2.9
Other: 
PROPN_Pos	11 1.6
Other: 
NOUN_Cmp	10 1.4
Other: 
ADV_Cmp	9 1.3
Other: 
ADJ_Cmp	3 0.4
Other: 
NUM_Pos	2 0.3
Other: 
CCONJ_Pos	1 0.1
Other: 
SYM_Pos	1 0.1
Other: 
INTJ_Pos	1 0.1
Other: 
----------------------------------------
ADJ_Case	663 35.0	132 48.0
VERB_Nom	127 19.2
Other: 
ADV_Nom	80 12.1
Other: 
NOUN_Nom	76 11.5
Other: 
NOUN_Ins	44 6.6
Other: 
NOUN_Gen	35 5.3
Other: 
NOUN_Acc	34 5.1
Other: 
VERB_Ins	32 4.8
Other: 
ADJ_Nom	29 4.4
Other: 
ADV_Ins	25 3.8
Other: 
VERB_Acc	24 3.6
Other: 
VERB_Gen	18 2.7
Other: 
ADV_Acc	16 2.4
Other: 
VERB_Loc	15 2.3
Other: 
ADJ_Acc	12 1.8
Other: 
NOUN_Loc	11 1.7
Other: 
ADJ_Ins	10 1.5
Other: 
ADJ_Gen	10 1.5
Other: 
ADV_Gen	9 1.4
Other: 
PART_Nom	7 1.1
Other: 
ADJ_Dat	7 1.1
Other: 
VERB_Dat	5 0.8
Other: 
PROPN_Nom	4 0.6
Other: 
PROPN_Acc	4 0.6
Other: 
PRON_Nom	4 0.6
Other: 
ADV_Dat	4 0.6
Other: 
ADJ_Loc	3 0.5
Other: 
SYM_Nom	3 0.5
Other: 
X_Ins	3 0.5
Other: 
PART_Ins	2 0.3
Other: 
ADV_Loc	2 0.3
Other: 
NOUN_Dat	1 0.2
Other: 
PRON_Ins	1 0.2
Other: 
PART_Gen	1 0.2
Other: 
PROPN_Gen	1 0.2
Other: 
PROPN_Ins	1 0.2
Other: 
SYM_Ins	1 0.2
Other: 
PROPN_Dat	1 0.2
Other: 
PART_Acc	1 0.2
Other: 
----------------------------------------
VERB_Variant	531 6.1	21 100.0
VERB_Short	227 42.7
Other: 
NOUN_Short	137 25.8
Other: 
ADV_Short	125 23.5
Other: 
ADJ_Short	19 3.6
Other: 
PRON_Short	10 1.9
Other: 
PART_Short	7 1.3
Other: 
PROPN_Short	5 0.9
Other: 
ADP_Short	1 0.2
Other: 
----------------------------------------
PROPN_Number	452 93.0	280 76.1
VERB_Sing	144 31.9
Other: 
NOUN_Sing	128 28.3
Other: 
PROPN_Sing	72 15.9
Other: 
ADV_Sing	62 13.7
Other: 
ADJ_Sing	15 3.3
Other: 
NOUN_Plur	9 2.0
Other: 
VERB_Plur	4 0.9
Other: 
ADV_Plur	3 0.7
Other: 
SYM_Sing	3 0.7
Other: 
PRON_Sing	2 0.4
Other: 
CCONJ_Sing	2 0.4
Other: 
ADJ_Plur	2 0.4
Other: 
PART_Sing	2 0.4
Other: 
PROPN_Plur	1 0.2
Other: 
INTJ_Sing	1 0.2
Other: 
SCONJ_Sing	1 0.2
Other: 
X_Sing	1 0.2
Other: 
----------------------------------------
PROPN_Animacy	452 93.0	131 62.7
VERB_Anim	103 22.8
Other: 
NOUN_Inan	73 16.2
Other: 
NOUN_Anim	64 14.2
Other: 
PROPN_Inan	50 11.1
Other: 
VERB_Inan	45 10.0
Other: 
ADV_Inan	40 8.8
Other: 
ADV_Anim	25 5.5
Other: 
PROPN_Anim	23 5.1
Other: 
ADJ_Anim	10 2.2
Other: 
ADJ_Inan	7 1.5
Other: 
PRON_Inan	2 0.4
Other: 
CCONJ_Inan	2 0.4
Other: 
SYM_Inan	2 0.4
Other: 
INTJ_Anim	1 0.2
Other: 
SCONJ_Inan	1 0.2
Other: 
PART_Inan	1 0.2
Other: 
PART_Anim	1 0.2
Other: 
X_Anim	1 0.2
Other: 
SYM_Anim	1 0.2
Other: 
----------------------------------------
PROPN_Case	451 92.8	118 55.1
VERB_Nom	83 18.4
Other: 
NOUN_Nom	63 14.0
Other: 
NOUN_Gen	39 8.6
Other: 
PROPN_Gen	37 8.2
Other: 
ADV_Nom	29 6.4
Other: 
VERB_Gen	27 6.0
Other: 
PROPN_Nom	24 5.3
Other: 
ADV_Loc	19 4.2
Other: 
VERB_Loc	19 4.2
Other: 
NOUN_Loc	15 3.3
Other: 
NOUN_Acc	12 2.7
Other: 
VERB_Acc	12 2.7
Other: 
ADJ_Nom	8 1.8
Other: 
ADV_Acc	7 1.6
Other: 
ADV_Gen	6 1.3
Other: 
NOUN_Ins	5 1.1
Other: 
PROPN_Loc	5 1.1
Other: 
PROPN_Acc	4 0.9
Other: 
VERB_Dat	4 0.9
Other: 
VERB_Ins	3 0.7
Other: 
NOUN_Dat	3 0.7
Other: 
ADJ_Gen	3 0.7
Other: 
ADJ_Acc	3 0.7
Other: 
ADV_Dat	2 0.4
Other: 
SYM_Nom	2 0.4
Other: 
ADJ_Loc	2 0.4
Other: 
ADV_Ins	2 0.4
Other: 
PROPN_Ins	1 0.2
Other: 
PROPN_Dat	1 0.2
Other: 
INTJ_Loc	1 0.2
Other: 
SCONJ_Acc	1 0.2
Other: 
PRON_Loc	1 0.2
Other: 
PRON_Acc	1 0.2
Other: 
CCONJ_Dat	1 0.2
Other: 
PART_Gen	1 0.2
Other: 
CCONJ_Gen	1 0.2
Other: 
PART_Nom	1 0.2
Other: 
X_Nom	1 0.2
Other: 
ADJ_Dat	1 0.2
Other: 
SYM_Gen	1 0.2
Other: 
----------------------------------------
PROPN_Gender	447 92.0	132 50.0
VERB_Masc	116 26.0
Other: 
NOUN_Masc	82 18.3
Other: 
PROPN_Masc	50 11.2
Other: 
NOUN_Fem	46 10.3
Other: 
ADV_Masc	34 7.6
Other: 
VERB_Fem	30 6.7
Other: 
ADV_Fem	26 5.8
Other: 
PROPN_Fem	21 4.7
Other: 
ADJ_Masc	9 2.0
Other: 
NOUN_Neut	8 1.8
Other: 
ADJ_Fem	6 1.3
Other: 
PROPN_Neut	2 0.4
Other: 
ADV_Neut	2 0.4
Other: 
VERB_Neut	2 0.4
Other: 
PRON_Fem	2 0.4
Other: 
CCONJ_Fem	2 0.4
Other: 
SYM_Masc	2 0.4
Other: 
INTJ_Masc	1 0.2
Other: 
SCONJ_Fem	1 0.2
Other: 
ADJ_Neut	1 0.2
Other: 
SYM_Fem	1 0.2
Other: 
PART_Fem	1 0.2
Other: 
PART_Masc	1 0.2
Other: 
X_Masc	1 0.2
Other: 
----------------------------------------
PRON_Case	342 99.7	103 66.5
NOUN_Nom	65 19.0
Other: 
VERB_Nom	46 13.5
Other: 
VERB_Loc	22 6.4
Other: 
ADV_Nom	18 5.3
Other: 
NOUN_Acc	17 5.0
Other: 
VERB_Gen	16 4.7
Other: 
VERB_Acc	14 4.1
Other: 
PART_Nom	14 4.1
Other: 
ADV_Gen	12 3.5
Other: 
NOUN_Gen	10 2.9
Other: 
ADJ_Nom	9 2.6
Other: 
NOUN_Loc	8 2.3
Other: 
PROPN_Nom	8 2.3
Other: 
ADV_Loc	8 2.3
Other: 
NOUN_Ins	6 1.8
Other: 
PRON_Nom	6 1.8
Other: 
ADJ_Acc	6 1.8
Other: 
VERB_Ins	4 1.2
Other: 
PART_Acc	4 1.2
Other: 
NOUN_Dat	4 1.2
Other: 
PRON_Gen	4 1.2
Other: 
VERB_Dat	4 1.2
Other: 
PROPN_Gen	4 1.2
Other: 
PROPN_Acc	3 0.9
Other: 
ADJ_Loc	3 0.9
Other: 
ADV_Dat	3 0.9
Other: 
PROPN_Ins	3 0.9
Other: 
INTJ_Nom	2 0.6
Other: 
PRON_Acc	2 0.6
Other: 
PRON_Loc	2 0.6
Other: 
PROPN_Loc	2 0.6
Other: 
ADV_Acc	2 0.6
Other: 
PRON_Ins	1 0.3
Other: 
INTJ_Loc	1 0.3
Other: 
PART_Ins	1 0.3
Other: 
SYM_Nom	1 0.3
Other: 
ADV_Ins	1 0.3
Other: 
INTJ_Dat	1 0.3
Other: 
ADJ_Gen	1 0.3
Other: 
PART_Gen	1 0.3
Other: 
DET_Nom	1 0.3
Other: 
CCONJ_Gen	1 0.3
Other: 
PROPN_Dat	1 0.3
Other: 
PRON_Dat	0 0.0
Other: 
----------------------------------------
PRON_Number	235 68.5	126 70.4
VERB_Sing	60 25.5
Other: 
NOUN_Sing	55 23.4
Other: 
NOUN_Plur	24 10.2
Other: 
ADV_Sing	24 10.2
Other: 
ADJ_Sing	13 5.5
Other: 
PRON_Sing	9 3.8
Other: 
ADV_Plur	9 3.8
Other: 
PART_Sing	9 3.8
Other: 
PROPN_Plur	9 3.8
Other: 
PROPN_Sing	7 3.0
Other: 
VERB_Plur	6 2.6
Other: 
PRON_Plur	4 1.7
Other: 
INTJ_Sing	2 0.9
Other: 
SYM_Plur	1 0.4
Other: 
INTJ_Plur	1 0.4
Other: 
ADJ_Plur	1 0.4
Other: 
DET_Sing	1 0.4
Other: 
----------------------------------------
PRON_Gender	158 46.1	37 44.0
NOUN_Neut	44 27.8
Other: 
VERB_Neut	39 24.7
Other: 
ADV_Neut	21 13.3
Other: 
ADJ_Neut	12 7.6
Other: 
VERB_Masc	5 3.2
Other: 
PROPN_Neut	5 3.2
Other: 
PRON_Neut	4 2.5
Other: 
PART_Neut	4 2.5
Other: 
NOUN_Fem	4 2.5
Other: 
NOUN_Masc	4 2.5
Other: 
PART_Fem	3 1.9
Other: 
PRON_Masc	3 1.9
Other: 
VERB_Fem	3 1.9
Other: 
INTJ_Masc	1 0.6
Other: 
ADV_Fem	1 0.6
Other: 
INTJ_Fem	1 0.6
Other: 
PART_Masc	1 0.6
Other: 
ADJ_Masc	1 0.6
Other: 
DET_Fem	1 0.6
Other: 
ADV_Masc	1 0.6
Other: 
PRON_Fem	0 0.0
Other: 
----------------------------------------
PRON_Animacy	132 38.5	53 94.6
NOUN_Inan	43 32.6
Other: 
VERB_Inan	38 28.8
Other: 
ADV_Inan	21 15.9
Other: 
ADJ_Inan	11 8.3
Other: 
PROPN_Inan	5 3.8
Other: 
PRON_Inan	4 3.0
Other: 
NOUN_Anim	4 3.0
Other: 
PART_Inan	4 3.0
Other: 
SYM_Anim	1 0.8
Other: 
PROPN_Anim	1 0.8
Other: 
PRON_Anim	0 0.0
Other: 
----------------------------------------
PRON_Person	103 30.0	10 62.5
NOUN_3	16 15.5
Other: 
VERB_1	13 12.6
Other: 
VERB_3	10 9.7
Other: 
NOUN_2	8 7.8
Other: 
NOUN_1	8 7.8
Other: 
ADV_3	6 5.8
Other: 
VERB_2	5 4.9
Other: 
PROPN_3	5 4.9
Other: 
ADV_1	5 4.9
Other: 
PRON_3	4 3.9
Other: 
PART_3	4 3.9
Other: 
PROPN_2	4 3.9
Other: 
ADJ_3	3 2.9
Other: 
PRON_1	3 2.9
Other: 
INTJ_3	2 1.9
Other: 
PRON_2	2 1.9
Other: 
ADV_2	1 1.0
Other: 
PART_1	1 1.0
Other: 
INTJ_1	1 1.0
Other: 
DET_3	1 1.0
Other: 
PROPN_1	1 1.0
Other: 
----------------------------------------
VERB_Case	92 1.1	14 37.8
VERB_Nom	15 16.3
Other: 
ADV_Gen	11 12.0
Other: 
NOUN_Gen	9 9.8
Other: 
NOUN_Nom	7 7.6
Other: 
ADV_Nom	6 6.5
Other: 
VERB_Ins	6 6.5
Other: 
ADV_Ins	5 5.4
Other: 
VERB_Acc	4 4.3
Other: 
NOUN_Acc	4 4.3
Other: 
VERB_Gen	4 4.3
Other: 
NOUN_Ins	4 4.3
Other: 
ADJ_Gen	3 3.3
Other: 
ADV_Acc	3 3.3
Other: 
ADJ_Nom	2 2.2
Other: 
ADJ_Acc	2 2.2
Other: 
SYM_Gen	2 2.2
Other: 
VERB_Loc	1 1.1
Other: 
NOUN_Loc	1 1.1
Other: 
PROPN_Nom	1 1.1
Other: 
PART_Ins	1 1.1
Other: 
NOUN_Dat	1 1.1
Other: 
VERB_Dat	0 0.0
Other: 
----------------------------------------
DET_Case	89 98.9	26 56.5
VERB_Nom	20 22.5
Other: 
NOUN_Nom	17 19.1
Other: 
ADV_Nom	8 9.0
Other: 
NOUN_Gen	6 6.7
Other: 
NOUN_Acc	6 6.7
Other: 
NOUN_Dat	3 3.4
Other: 
ADJ_Gen	3 3.4
Other: 
NOUN_Ins	3 3.4
Other: 
VERB_Loc	2 2.2
Other: 
ADV_Acc	2 2.2
Other: 
PART_Nom	2 2.2
Other: 
ADJ_Nom	2 2.2
Other: 
VERB_Ins	2 2.2
Other: 
PROPN_Nom	2 2.2
Other: 
VERB_Gen	1 1.1
Other: 
PROPN_Ins	1 1.1
Other: 
ADV_Loc	1 1.1
Other: 
PROPN_Dat	1 1.1
Other: 
VERB_Dat	1 1.1
Other: 
ADV_Gen	1 1.1
Other: 
PROPN_Acc	1 1.1
Other: 
ADJ_Acc	1 1.1
Other: 
ADJ_Ins	1 1.1
Other: 
CCONJ_Nom	1 1.1
Other: 
PRON_Loc	1 1.1
Other: 
DET_Gen	0 0.0
Other: 
DET_Nom	0 0.0
Other: 
DET_Dat	0 0.0
Other: 
DET_Ins	0 0.0
Other: 
DET_Acc	0 0.0
Other: 
DET_Loc	0 0.0
Other: 
----------------------------------------
DET_Number	89 98.9	52 77.6
VERB_Sing	23 25.8
Other: 
NOUN_Sing	21 23.6
Other: 
NOUN_Plur	14 15.7
Other: 
ADV_Plur	6 6.7
Other: 
ADV_Sing	6 6.7
Other: 
PROPN_Sing	5 5.6
Other: 
ADJ_Sing	4 4.5
Other: 
VERB_Plur	3 3.4
Other: 
ADJ_Plur	3 3.4
Other: 
PART_Sing	2 2.2
Other: 
CCONJ_Sing	1 1.1
Other: 
PRON_Sing	1 1.1
Other: 
DET_Sing	0 0.0
Other: 
DET_Plur	0 0.0
Other: 
----------------------------------------
PROPN_Prep	76 15.6	9 60.0
NOUN_в	18 23.7
VERB_в	16 21.1
PROPN_в	8 10.5
ADV_в	4 5.3
NOUN_на	4 5.3
VERB_у	3 3.9
PROPN_из	3 3.9
ADJ_в	3 3.9
VERB_на	3 3.9
NOUN_с	2 2.6
NOUN_по	2 2.6
SCONJ_на	1 1.3
VERB_по	1 1.3
VERB_помимо	1 1.3
ADJ_на	1 1.3
PROPN_о	1 1.3
NOUN_согласно	1 1.3
PROPN_к	1 1.3
VERB_от	1 1.3
PROPN_близ	1 1.3
NOUN_против	1 1.3
PROPN_на	0 0.0
----------------------------------------
NUM_Case	64 58.7	18 64.3
VERB_Nom	12 18.8
Other: 
NOUN_Nom	12 18.8
Other: 
ADV_Nom	11 17.2
Other: 
NOUN_Acc	6 9.4
Other: 
ADJ_Nom	4 6.2
Other: 
NOUN_Gen	4 6.2
Other: 
PART_Nom	2 3.1
Other: 
NOUN_Ins	2 3.1
Other: 
ADV_Acc	2 3.1
Other: 
VERB_Gen	2 3.1
Other: 
PART_Acc	1 1.6
Other: 
ADV_Ins	1 1.6
Other: 
VERB_Acc	1 1.6
Other: 
VERB_Loc	1 1.6
Other: 
PRON_Nom	1 1.6
Other: 
PART_Gen	1 1.6
Other: 
NOUN_Loc	1 1.6
Other: 
NUM_Nom	0 0.0
Other: 
NUM_Acc	0 0.0
Other: 
NUM_Ins	0 0.0
Other: 
NUM_Gen	0 0.0
Other: 
NUM_Loc	0 0.0
Other: 
----------------------------------------
DET_Gender	63 70.0	14 38.9
VERB_Fem	11 17.5
Other: 
NOUN_Fem	9 14.3
Other: 
VERB_Neut	8 12.7
Other: 
NOUN_Masc	8 12.7
Other: 
NOUN_Neut	4 6.3
Other: 
VERB_Masc	4 6.3
Other: 
ADV_Masc	3 4.8
Other: 
PROPN_Fem	3 4.8
Other: 
ADJ_Neut	2 3.2
Other: 
ADJ_Masc	2 3.2
Other: 
ADV_Fem	2 3.2
Other: 
PART_Neut	1 1.6
Other: 
ADV_Neut	1 1.6
Other: 
PART_Masc	1 1.6
Other: 
PROPN_Masc	1 1.6
Other: 
PROPN_Neut	1 1.6
Other: 
CCONJ_Masc	1 1.6
Other: 
PRON_Masc	1 1.6
Other: 
DET_Neut	0 0.0
Other: 
DET_Fem	0 0.0
Other: 
DET_Masc	0 0.0
Other: 
----------------------------------------
PRON_Prep	57 16.6	7 70.0
VERB_в	9 15.8
VERB_у	7 12.3
ADV_в	3 5.3
VERB_с	3 5.3
VERB_при	2 3.5
NOUN_к	2 3.5
ADJ_при	2 3.5
NOUN_с	2 3.5
VERB_о	2 3.5
VERB_к	2 3.5
NOUN_в	2 3.5
NOUN_у	2 3.5
PROPN_из	2 3.5
VERB_за	1 1.8
NOUN_о	1 1.8
ADV_у	1 1.8
PROPN_о	1 1.8
ADJ_на	1 1.8
VERB_из	1 1.8
NOUN_про	1 1.8
ADJ_среди	1 1.8
PRON_в	1 1.8
NOUN_среди	1 1.8
NOUN_на	1 1.8
NOUN_для	1 1.8
PROPN_у	1 1.8
NOUN_кроме	1 1.8
PROPN_с	1 1.8
NOUN_до	1 1.8
PROPN_на	1 1.8
PRON_о	0 0.0
PRON_на	0 0.0
PRON_к	0 0.0
PRON_про	0 0.0
PRON_среди	0 0.0
PRON_для	0 0.0
PRON_у	0 0.0
----------------------------------------
ADJ_Prep	53 2.8	5 100.0
NOUN_с	6 11.3
VERB_в	6 11.3
ADJ_в	4 7.5
NOUN_из	3 5.7
ADJ_к	2 3.8
NOUN_на	2 3.8
ADJ_на	2 3.8
NOUN_для	2 3.8
VERB_до	2 3.8
NOUN_от	2 3.8
NOUN_в	2 3.8
VERB_на	2 3.8
VERB_между	1 1.9
NOUN_о	1 1.9
ADJ_для	1 1.9
NOUN_плюс	1 1.9
VERB_от	1 1.9
VERB_из	1 1.9
VERB_со	1 1.9
PROPN_в	1 1.9
ADJ_с	1 1.9
ADV_помимо	1 1.9
VERB_к	1 1.9
NOUN_во	1 1.9
VERB_по	1 1.9
ADV_на	1 1.9
PROPN_на	1 1.9
ADV_к	1 1.9
NOUN_вместо	1 1.9
ADJ_по	1 1.9
ADJ_о	0 0.0
ADJ_от	0 0.0
----------------------------------------
NUM_Gender	50 45.9	6 25.0
NOUN_Masc	11 22.0
Other: 
ADV_Masc	7 14.0
Other: 
VERB_Masc	6 12.0
Other: 
NOUN_Fem	6 12.0
Other: 
NOUN_Neut	4 8.0
Other: 
VERB_Neut	4 8.0
Other: 
ADV_Fem	4 8.0
Other: 
ADV_Neut	2 4.0
Other: 
ADJ_Fem	2 4.0
Other: 
PART_Masc	1 2.0
Other: 
ADJ_Neut	1 2.0
Other: 
PRON_Fem	1 2.0
Other: 
PART_Fem	1 2.0
Other: 
NUM_Masc	0 0.0
Other: 
NUM_Neut	0 0.0
Other: 
NUM_Fem	0 0.0
Other: 
----------------------------------------
ADJ_Animacy	40 2.1	20 95.2
NOUN_Inan	13 32.5
Other: 
VERB_Inan	9 22.5
Other: 
ADV_Inan	7 17.5
Other: 
PROPN_Inan	4 10.0
Other: 
ADJ_Inan	3 7.5
Other: 
ADV_Anim	2 5.0
Other: 
ADJ_Anim	2 5.0
Other: 
----------------------------------------
VERB_Prep	33 0.4	0 0.0
VERB_в	8 24.2
ADV_в	5 15.2
NOUN_в	4 12.1
VERB_до	3 9.1
NOUN_от	2 6.1
NOUN_до	2 6.1
VERB_на	1 3.0
VERB_за	1 3.0
ADV_прежде	1 3.0
VERB_между	1 3.0
VERB_по	1 3.0
ADV_среди	1 3.0
NOUN_среди	1 3.0
SYM_из	1 3.0
ADP_в	1 3.0
----------------------------------------
DET_Degree	24 26.7	4 100.0
VERB_Pos	9 37.5
Other: 
NOUN_Pos	8 33.3
Other: 
ADJ_Pos	3 12.5
Other: 
ADV_Pos	1 4.2
Other: 
PART_Pos	1 4.2
Other: 
PROPN_Pos	1 4.2
Other: 
PRON_Pos	1 4.2
Other: 
DET_Pos	0 0.0
Other: 
----------------------------------------
PROPN_Foreign	20 4.1	0 0.0
VERB_Yes	6 30.0
Other: 
ADV_Yes	5 25.0
Other: 
NOUN_Yes	4 20.0
Other: 
SYM_Yes	3 15.0
Other: 
PROPN_Yes	1 5.0
Other: 
PART_Yes	1 5.0
Other: 
----------------------------------------
X_Foreign	12 100.0	0 0.0
NOUN_Yes	8 66.7
Other: 
VERB_Yes	3 25.0
Other: 
ADJ_Yes	1 8.3
Other: 
----------------------------------------
VERB_Animacy	10 0.1	3 75.0
NOUN_Inan	3 30.0
Other: 
VERB_Anim	2 20.0
Other: 
ADV_Anim	2 20.0
Other: 
VERB_Inan	1 10.0
Other: 
ADV_Inan	1 10.0
Other: 
NOUN_Anim	1 10.0
Other: 
----------------------------------------
NUM_Prep	8 7.3	0 0.0
NOUN_к	1 12.5
VERB_от	1 12.5
NOUN_до	1 12.5
VERB_об	1 12.5
NOUN_за	1 12.5
ADJ_на	1 12.5
VERB_без	1 12.5
NOUN_об	1 12.5
NUM_к	0 0.0
NUM_об	0 0.0
----------------------------------------
SYM_Prep	7 28.0	0 0.0
VERB_на	3 42.9
VERB_по	1 14.3
ADV_на	1 14.3
ADJ_до	1 14.3
NOUN_на	1 14.3
----------------------------------------
NUM_Animacy	6 5.5	4 100.0
NOUN_Inan	2 33.3
Other: 
NOUN_Anim	2 33.3
Other: 
ADV_Anim	1 16.7
Other: 
VERB_Anim	1 16.7
Other: 
NUM_Inan	0 0.0
Other: 
NUM_Anim	0 0.0
Other: 
----------------------------------------
X_Prep	5 41.7	0 0.0
NOUN_в	3 60.0
NOUN_с	1 20.0
NOUN_от	1 20.0
----------------------------------------
DET_Prep	3 3.3	0 0.0
VERB_на	1 33.3
VERB_об	1 33.3
PRON_об	1 33.3
DET_об	0 0.0
----------------------------------------
ADV_Prep	1 0.1	0 0.0
ADV_во	1 100.0
----------------------------------------
PART_Polarity	1 1.5	0 0.0
PART_Neg	1 100.0
Other: 
----------------------------------------
