VERB	81906 51.8
PUNCT 81906 100.0
----------------------------------------
NOUN	39617 25.1
PUNCT 39617 100.0
----------------------------------------
ADJ	14173 9.0
PUNCT 14173 100.0
----------------------------------------
ADV	9540 6.0
PUNCT 9540 100.0
----------------------------------------
PROPN	5660 3.6
PUNCT 5660 100.0
----------------------------------------
PRON	2528 1.6
PUNCT 2528 100.0
----------------------------------------
NUM	1668 1.1
PUNCT 1668 100.0
----------------------------------------
PART	953 0.6
PUNCT 953 100.0
----------------------------------------
DET	595 0.4
PUNCT 595 100.0
----------------------------------------
ADP	434 0.3
PUNCT 434 100.0
----------------------------------------
SYM	212 0.1
PUNCT 212 100.0
----------------------------------------
X	198 0.1
PUNCT 198 100.0
----------------------------------------
SCONJ	197 0.1
PUNCT 197 100.0
----------------------------------------
CCONJ	150 0.1
PUNCT 150 100.0
----------------------------------------
INTJ	85 0.1
PUNCT 85 100.0
----------------------------------------
AUX	37 0.0
PUNCT 37 100.0
----------------------------------------
PUNCT	30 0.0
PUNCT 30 100.0
----------------------------------------

VERB_Voice	81905 100.0	0 0.0
PUNCT_Act	56209 68.6
Other: 
PUNCT_Mid	16435 20.1
Other: 
PUNCT_Pass	9261 11.3
Other: 
----------------------------------------
VERB_Aspect	81896 100.0	0 0.0
PUNCT_Imp	48327 59.0
Other: 
PUNCT_Perf	33569 41.0
Other: 
----------------------------------------
VERB_VerbForm	81896 100.0	0 0.0
PUNCT_Fin	64094 78.3
Other: 
PUNCT_Part	10361 12.7
Other: 
PUNCT_Inf	4566 5.6
Other: 
PUNCT_Conv	2875 3.5
Other: 
----------------------------------------
VERB_Tense	76338 93.2	0 0.0
PUNCT_Past	38824 50.9
Other: 
PUNCT_Pres	32562 42.7
Other: 
PUNCT_Fut	4952 6.5
Other: 
----------------------------------------
VERB_Number	74455 90.9	0 0.0
PUNCT_Sing	49007 65.8
Other: 
PUNCT_Plur	25448 34.2
Other: 
----------------------------------------
VERB_Mood	64094 78.3	0 0.0
PUNCT_Ind	63102 98.5
Other: 
PUNCT_Imp	992 1.5
Other: 
----------------------------------------
NOUN_Animacy	39585 99.9	0 0.0
PUNCT_Inan	33380 84.3
Other: 
PUNCT_Anim	6205 15.7
Other: 
----------------------------------------
NOUN_Case	39568 99.9	0 0.0
PUNCT_Nom	18257 46.1
Other: 
PUNCT_Gen	7688 19.4
Other: 
PUNCT_Acc	4219 10.7
Other: 
PUNCT_Loc	3483 8.8
Other: 
PUNCT_Ins	3025 7.6
Other: 
PUNCT_Dat	2878 7.3
Other: 
PUNCT_Par	14 0.0
Other: 
PUNCT_Voc	4 0.0
Other: 
----------------------------------------
NOUN_Number	39568 99.9	0 0.0
PUNCT_Sing	28676 72.5
Other: 
PUNCT_Plur	10892 27.5
Other: 
----------------------------------------
NOUN_Gender	39404 99.5	0 0.0
PUNCT_Masc	17767 45.1
Other: 
PUNCT_Fem	13392 34.0
Other: 
PUNCT_Neut	8245 20.9
Other: 
----------------------------------------
VERB_Person	33894 41.4	0 0.0
PUNCT_3	28718 84.7
Other: 
PUNCT_1	3233 9.5
Other: 
PUNCT_2	1943 5.7
Other: 
----------------------------------------
VERB_Gender	27170 33.2	0 0.0
PUNCT_Masc	14308 52.7
Other: 
PUNCT_Fem	6916 25.5
Other: 
PUNCT_Neut	5946 21.9
Other: 
----------------------------------------
ADJ_Degree	14167 100.0	0 0.0
PUNCT_Pos	13441 94.9
Other: 
PUNCT_Cmp	711 5.0
Other: 
PUNCT_Sup	15 0.1
Other: 
----------------------------------------
ADJ_Number	13019 91.9	0 0.0
PUNCT_Sing	9688 74.4
Other: 
PUNCT_Plur	3331 25.6
Other: 
----------------------------------------
ADJ_Gender	9688 68.4	0 0.0
PUNCT_Neut	4331 44.7
Other: 
PUNCT_Masc	2994 30.9
Other: 
PUNCT_Fem	2363 24.4
Other: 
----------------------------------------
ADV_Degree	9540 100.0	0 0.0
PUNCT_Pos	9217 96.6
Other: 
PUNCT_Cmp	323 3.4
Other: 
----------------------------------------
ADJ_Variant	7288 51.4	0 0.0
PUNCT_Short	7288 100.0
Other: 
----------------------------------------
VERB_Case	6097 7.4	0 0.0
PUNCT_Nom	2498 41.0
Other: 
PUNCT_Gen	1736 28.5
Other: 
PUNCT_Acc	841 13.8
Other: 
PUNCT_Ins	430 7.1
Other: 
PUNCT_Loc	339 5.6
Other: 
PUNCT_Dat	253 4.1
Other: 
----------------------------------------
ADJ_Case	5731 40.4	0 0.0
PUNCT_Nom	2487 43.4
Other: 
PUNCT_Gen	1125 19.6
Other: 
PUNCT_Ins	800 14.0
Other: 
PUNCT_Acc	732 12.8
Other: 
PUNCT_Loc	436 7.6
Other: 
PUNCT_Dat	151 2.6
Other: 
----------------------------------------
NOUN_Prep	5279 13.3	0 0.0
PUNCT_в	1347 25.5
PUNCT_по	1052 19.9
PUNCT_на	559 10.6
PUNCT_с	395 7.5
PUNCT_к	315 6.0
PUNCT_о	170 3.2
PUNCT_за	160 3.0
PUNCT_для	125 2.4
PUNCT_из	116 2.2
PUNCT_от	87 1.6
PUNCT_у	81 1.5
PUNCT_до	72 1.4
PUNCT_согласно	63 1.2
PUNCT_при	62 1.2
PUNCT_во	60 1.1
PUNCT_без	59 1.1
PUNCT_после	48 0.9
PUNCT_около	40 0.8
PUNCT_под	39 0.7
PUNCT_через	34 0.6
PUNCT_об	34 0.6
PUNCT_кроме	31 0.6
PUNCT_со	30 0.6
PUNCT_против	29 0.5
PUNCT_среди	26 0.5
PUNCT_про	21 0.4
PUNCT_помимо	19 0.4
PUNCT_между	19 0.4
PUNCT_из-за	17 0.3
PUNCT_прежде	17 0.3
PUNCT_перед	13 0.2
PUNCT_над	12 0.2
PUNCT_подобно	12 0.2
PUNCT_вроде	11 0.2
PUNCT_вне	11 0.2
PUNCT_вместо	10 0.2
PUNCT_вопреки	9 0.2
PUNCT_плюс	9 0.2
PUNCT_благодаря	9 0.2
PUNCT_спустя	5 0.1
PUNCT_вокруг	5 0.1
PUNCT_путем	4 0.1
PUNCT_относительно	4 0.1
PUNCT_ради	4 0.1
PUNCT_возле	3 0.1
PUNCT_накануне	3 0.1
PUNCT_вдоль	3 0.1
PUNCT_свыше	3 0.1
PUNCT_сквозь	3 0.1
PUNCT_порядка	3 0.1
PUNCT_насчет	2 0.0
PUNCT_вблизи	2 0.0
PUNCT_поперек	1 0.0
PUNCT_из-под	1 0.0
PUNCT_минус	1 0.0
PUNCT_наподобие	1 0.0
PUNCT_впереди	1 0.0
PUNCT_посреди	1 0.0
PUNCT_выше	1 0.0
PUNCT_сверх	1 0.0
PUNCT_посредством	1 0.0
PUNCT_мимо	1 0.0
PUNCT_ввиду	1 0.0
PUNCT_ко	1 0.0
----------------------------------------
VERB_Variant	4264 5.2	0 0.0
PUNCT_Short	4264 100.0
Other: 
----------------------------------------
PROPN_Animacy	3940 69.6	0 0.0
PUNCT_Inan	2466 62.6
Other: 
PUNCT_Anim	1474 37.4
Other: 
----------------------------------------
PROPN_Case	3937 69.6	0 0.0
PUNCT_Nom	2370 60.2
Other: 
PUNCT_Gen	625 15.9
Other: 
PUNCT_Loc	494 12.5
Other: 
PUNCT_Acc	208 5.3
Other: 
PUNCT_Dat	124 3.1
Other: 
PUNCT_Ins	110 2.8
Other: 
PUNCT_Voc	6 0.2
Other: 
----------------------------------------
PROPN_Number	3937 69.6	0 0.0
PUNCT_Sing	3786 96.2
Other: 
PUNCT_Plur	151 3.8
Other: 
----------------------------------------
PROPN_Gender	3877 68.5	0 0.0
PUNCT_Masc	2317 59.8
Other: 
PUNCT_Fem	1418 36.6
Other: 
PUNCT_Neut	142 3.7
Other: 
----------------------------------------
PRON_Case	2519 99.6	0 0.0
PUNCT_Nom	944 37.5
Other: 
PUNCT_Gen	708 28.1
Other: 
PUNCT_Loc	413 16.4
Other: 
PUNCT_Ins	193 7.7
Other: 
PUNCT_Acc	181 7.2
Other: 
PUNCT_Dat	80 3.2
Other: 
----------------------------------------
PRON_Number	1899 75.1	0 0.0
PUNCT_Sing	1539 81.0
Other: 
PUNCT_Plur	360 19.0
Other: 
----------------------------------------
PRON_Gender	1385 54.8	0 0.0
PUNCT_Neut	1195 86.3
Other: 
PUNCT_Masc	125 9.0
Other: 
PUNCT_Fem	65 4.7
Other: 
----------------------------------------
PRON_Animacy	1240 49.1	0 0.0
PUNCT_Inan	1190 96.0
Other: 
PUNCT_Anim	50 4.0
Other: 
----------------------------------------
PRON_Prep	775 30.7	0 0.0
PUNCT_в	232 29.9
PUNCT_кроме	146 18.8
PUNCT_у	85 11.0
PUNCT_для	43 5.5
PUNCT_о	34 4.4
PUNCT_после	31 4.0
PUNCT_при	25 3.2
PUNCT_с	21 2.7
PUNCT_между	18 2.3
PUNCT_за	16 2.1
PUNCT_к	16 2.1
PUNCT_вместо	14 1.8
PUNCT_среди	11 1.4
PUNCT_перед	9 1.2
PUNCT_об	9 1.2
PUNCT_на	9 1.2
PUNCT_от	8 1.0
PUNCT_по	5 0.6
PUNCT_из-за	5 0.6
PUNCT_против	5 0.6
PUNCT_помимо	4 0.5
PUNCT_до	4 0.5
PUNCT_из	3 0.4
PUNCT_ради	3 0.4
PUNCT_под	2 0.3
PUNCT_про	2 0.3
PUNCT_ввиду	2 0.3
PUNCT_со	2 0.3
PUNCT_напротив	2 0.3
PUNCT_насчет	2 0.3
PUNCT_ко	1 0.1
PUNCT_через	1 0.1
PUNCT_без	1 0.1
PUNCT_прежде	1 0.1
PUNCT_над	1 0.1
PUNCT_меж	1 0.1
PUNCT_передо	1 0.1
----------------------------------------
PRON_Person	659 26.1	0 0.0
PUNCT_3	315 47.8
Other: 
PUNCT_1	262 39.8
Other: 
PUNCT_2	82 12.4
Other: 
----------------------------------------
DET_Case	591 99.3	0 0.0
PUNCT_Nom	329 55.7
Other: 
PUNCT_Gen	101 17.1
Other: 
PUNCT_Acc	67 11.3
Other: 
PUNCT_Ins	54 9.1
Other: 
PUNCT_Loc	25 4.2
Other: 
PUNCT_Dat	15 2.5
Other: 
----------------------------------------
DET_Number	591 99.3	0 0.0
PUNCT_Sing	310 52.5
Other: 
PUNCT_Plur	281 47.5
Other: 
----------------------------------------
VERB_Animacy	566 0.7	0 0.0
PUNCT_Inan	443 78.3
Other: 
PUNCT_Anim	123 21.7
Other: 
----------------------------------------
PROPN_Foreign	546 9.6	0 0.0
PUNCT_Yes	546 100.0
Other: 
----------------------------------------
VERB_Prep	505 0.6	0 0.0
PUNCT_в	278 55.0
PUNCT_до	85 16.8
PUNCT_прежде	33 6.5
PUNCT_с	28 5.5
PUNCT_по	16 3.2
PUNCT_между	12 2.4
PUNCT_среди	10 2.0
PUNCT_за	9 1.8
PUNCT_от	7 1.4
PUNCT_на	6 1.2
PUNCT_во	5 1.0
PUNCT_к	2 0.4
PUNCT_насчет	2 0.4
PUNCT_у	2 0.4
PUNCT_из	2 0.4
PUNCT_кроме	2 0.4
PUNCT_без	1 0.2
PUNCT_вроде	1 0.2
PUNCT_про	1 0.2
PUNCT_для	1 0.2
PUNCT_при	1 0.2
PUNCT_против	1 0.2
----------------------------------------
PROPN_Prep	417 7.4	0 0.0
PUNCT_в	204 48.9
PUNCT_на	42 10.1
PUNCT_у	26 6.2
PUNCT_с	21 5.0
PUNCT_из	16 3.8
PUNCT_для	14 3.4
PUNCT_по	14 3.4
PUNCT_во	9 2.2
PUNCT_за	8 1.9
PUNCT_к	7 1.7
PUNCT_от	6 1.4
PUNCT_против	6 1.4
PUNCT_со	5 1.2
PUNCT_согласно	5 1.2
PUNCT_о	4 1.0
PUNCT_при	4 1.0
PUNCT_помимо	3 0.7
PUNCT_прежде	3 0.7
PUNCT_подобно	3 0.7
PUNCT_про	3 0.7
PUNCT_кроме	3 0.7
PUNCT_через	2 0.5
PUNCT_вокруг	2 0.5
PUNCT_после	2 0.5
PUNCT_под	1 0.2
PUNCT_между	1 0.2
PUNCT_перед	1 0.2
PUNCT_около	1 0.2
PUNCT_вроде	1 0.2
----------------------------------------
ADJ_Animacy	404 2.9	0 0.0
PUNCT_Inan	331 81.9
Other: 
PUNCT_Anim	73 18.1
Other: 
----------------------------------------
NUM_Case	392 23.5	0 0.0
PUNCT_Nom	224 57.1
Other: 
PUNCT_Acc	98 25.0
Other: 
PUNCT_Gen	40 10.2
Other: 
PUNCT_Loc	14 3.6
Other: 
PUNCT_Dat	9 2.3
Other: 
PUNCT_Ins	7 1.8
Other: 
----------------------------------------
DET_Gender	311 52.3	0 0.0
PUNCT_Masc	137 44.1
Other: 
PUNCT_Fem	122 39.2
Other: 
PUNCT_Neut	52 16.7
Other: 
----------------------------------------
ADJ_Prep	280 2.0	0 0.0
PUNCT_в	128 45.7
PUNCT_с	39 13.9
PUNCT_на	23 8.2
PUNCT_по	12 4.3
PUNCT_прежде	12 4.3
PUNCT_до	8 2.9
PUNCT_от	7 2.5
PUNCT_для	7 2.5
PUNCT_помимо	6 2.1
PUNCT_у	5 1.8
PUNCT_среди	4 1.4
PUNCT_к	4 1.4
PUNCT_со	3 1.1
PUNCT_между	3 1.1
PUNCT_кроме	3 1.1
PUNCT_за	3 1.1
PUNCT_из	2 0.7
PUNCT_во	2 0.7
PUNCT_против	2 0.7
PUNCT_без	1 0.4
PUNCT_о	1 0.4
PUNCT_плюс	1 0.4
PUNCT_вместо	1 0.4
PUNCT_а-ля	1 0.4
PUNCT_через	1 0.4
PUNCT_под	1 0.4
----------------------------------------
NUM_Gender	243 14.6	0 0.0
PUNCT_Masc	140 57.6
Other: 
PUNCT_Fem	73 30.0
Other: 
PUNCT_Neut	30 12.3
Other: 
----------------------------------------
X_Foreign	194 98.0	0 0.0
PUNCT_Yes	194 100.0
Other: 
----------------------------------------
NUM_Animacy	68 4.1	0 0.0
PUNCT_Inan	64 94.1
Other: 
PUNCT_Anim	4 5.9
Other: 
----------------------------------------
DET_Degree	63 10.6	0 0.0
PUNCT_Pos	63 100.0
Other: 
----------------------------------------
NUM_Prep	53 3.2	0 0.0
PUNCT_в	12 22.6
PUNCT_от	8 15.1
PUNCT_с	8 15.1
PUNCT_до	7 13.2
PUNCT_по	5 9.4
PUNCT_после	3 5.7
PUNCT_на	2 3.8
PUNCT_из	2 3.8
PUNCT_около	2 3.8
PUNCT_об	1 1.9
PUNCT_между	1 1.9
PUNCT_за	1 1.9
PUNCT_без	1 1.9
----------------------------------------
AUX_Aspect	37 100.0	0 0.0
PUNCT_Imp	37 100.0
Other: 
----------------------------------------
AUX_VerbForm	37 100.0	0 0.0
PUNCT_Fin	36 97.3
Other: 
PUNCT_Inf	1 2.7
Other: 
----------------------------------------
AUX_Voice	37 100.0	0 0.0
PUNCT_Act	37 100.0
Other: 
----------------------------------------
AUX_Mood	36 97.3	0 0.0
PUNCT_Ind	36 100.0
Other: 
----------------------------------------
AUX_Number	36 97.3	0 0.0
PUNCT_Sing	28 77.8
Other: 
PUNCT_Plur	8 22.2
Other: 
----------------------------------------
AUX_Tense	36 97.3	0 0.0
PUNCT_Past	25 69.4
Other: 
PUNCT_Pres	11 30.6
Other: 
----------------------------------------
DET_Prep	33 5.5	0 0.0
PUNCT_в	6 18.2
PUNCT_на	5 15.2
PUNCT_среди	4 12.1
PUNCT_для	3 9.1
PUNCT_прежде	2 6.1
PUNCT_из	2 6.1
PUNCT_за	2 6.1
PUNCT_с	2 6.1
PUNCT_от	2 6.1
PUNCT_о	1 3.0
PUNCT_про	1 3.0
PUNCT_у	1 3.0
PUNCT_помимо	1 3.0
PUNCT_кроме	1 3.0
----------------------------------------
AUX_Gender	18 48.6	0 0.0
PUNCT_Masc	10 55.6
Other: 
PUNCT_Neut	5 27.8
Other: 
PUNCT_Fem	3 16.7
Other: 
----------------------------------------
ADV_Prep	13 0.1	0 0.0
PUNCT_в	7 53.8
PUNCT_на	2 15.4
PUNCT_по	1 7.7
PUNCT_прежде	1 7.7
PUNCT_с	1 7.7
PUNCT_вместо	1 7.7
----------------------------------------
SYM_Prep	12 5.7	0 0.0
PUNCT_около	5 41.7
PUNCT_до	3 25.0
PUNCT_на	3 25.0
PUNCT_по	1 8.3
----------------------------------------
AUX_Person	11 29.7	0 0.0
PUNCT_3	10 90.9
Other: 
PUNCT_2	1 9.1
Other: 
----------------------------------------
SCONJ_Mood	10 5.1	0 0.0
PUNCT_Cnd	10 100.0
Other: 
----------------------------------------
PART_Polarity	8 0.8	0 0.0
PUNCT_Neg	8 100.0
Other: 
----------------------------------------
X_Prep	6 3.0	0 0.0
PUNCT_с	2 33.3
PUNCT_на	1 16.7
PUNCT_для	1 16.7
PUNCT_от	1 16.7
PUNCT_в	1 16.7
----------------------------------------
DET_Animacy	4 0.7	0 0.0
PUNCT_Anim	3 75.0
Other: 
PUNCT_Inan	1 25.0
Other: 
----------------------------------------
PART_Mood	3 0.3	0 0.0
PUNCT_Cnd	3 100.0
Other: 
----------------------------------------
ADP_Prep	2 0.5	0 0.0
PUNCT_во	1 50.0
PUNCT_до	1 50.0
----------------------------------------
PART_Prep	2 0.2	0 0.0
PUNCT_в	2 100.0
----------------------------------------
