VERB	6 66.7
PROPN 4 66.7	NOUN 2 33.3
----------------------------------------
NOUN	2 22.2
PROPN 1 50.0	NOUN 1 50.0
----------------------------------------
ADJ	1 11.1
PROPN 1 100.0
----------------------------------------

VERB_Number	6 100.0	5 83.3
PROPN_Sing	4 66.7
Other: 
NOUN_Plur	1 16.7
Other: 
NOUN_Sing	1 16.7
Other: 
VERB_Sing	0 0.0
Other: 
VERB_Plur	0 0.0
Other: 
----------------------------------------
VERB_Aspect	6 100.0	0 0.0
PROPN_Imp	2 33.3
Other: 
PROPN_Perf	2 33.3
Other: 
NOUN_Perf	1 16.7
Other: 
NOUN_Imp	1 16.7
Other: 
----------------------------------------
VERB_Mood	6 100.0	0 0.0
PROPN_Ind	3 50.0
Other: 
NOUN_Imp	2 33.3
Other: 
PROPN_Imp	1 16.7
Other: 
----------------------------------------
VERB_VerbForm	6 100.0	0 0.0
PROPN_Fin	4 66.7
Other: 
NOUN_Fin	2 33.3
Other: 
----------------------------------------
VERB_Voice	6 100.0	0 0.0
PROPN_Act	4 66.7
Other: 
NOUN_Act	2 33.3
Other: 
----------------------------------------
VERB_Person	5 83.3	0 0.0
PROPN_3	2 40.0
Other: 
NOUN_2	2 40.0
Other: 
PROPN_2	1 20.0
Other: 
----------------------------------------
VERB_Tense	3 50.0	0 0.0
PROPN_Pres	2 66.7
Other: 
PROPN_Past	1 33.3
Other: 
----------------------------------------
NOUN_Animacy	2 100.0	1 50.0
PROPN_Anim	1 50.0
Other: 
NOUN_Inan	1 50.0
Other: 
NOUN_Anim	0 0.0
Other: 
----------------------------------------
NOUN_Case	2 100.0	0 0.0
PROPN_Nom	1 50.0
Other: 
NOUN_Loc	1 50.0
Other: 
NOUN_Nom	0 0.0
Other: 
----------------------------------------
NOUN_Gender	2 100.0	1 50.0
PROPN_Masc	1 50.0
Other: 
NOUN_Neut	1 50.0
Other: 
NOUN_Masc	0 0.0
Other: 
----------------------------------------
NOUN_Number	2 100.0	2 100.0
NOUN_Sing	1 50.0
Other: 
PROPN_Sing	1 50.0
Other: 
----------------------------------------
ADJ_Gender	1 100.0	0 0.0
PROPN_Neut	1 100.0
Other: 
ADJ_Neut	0 0.0
Other: 
----------------------------------------
ADJ_Number	1 100.0	1 100.0
PROPN_Sing	1 100.0
Other: 
ADJ_Sing	0 0.0
Other: 
----------------------------------------
ADJ_Degree	1 100.0	0 0.0
PROPN_Pos	1 100.0
Other: 
----------------------------------------
ADJ_Variant	1 100.0	0 0.0
PROPN_Short	1 100.0
Other: 
----------------------------------------
VERB_Gender	1 16.7	1 100.0
PROPN_Masc	1 100.0
Other: 
VERB_Masc	0 0.0
Other: 
----------------------------------------
