VERB	7217 83.6
VERB 7208 99.9	NOUN 5 0.1	ADV 2 0.0	PRON 1 0.0	PROPN 1 0.0
----------------------------------------
ADJ	1385 16.0
VERB 1328 95.9	ADJ 57 4.1
----------------------------------------
ADV	27 0.3
VERB 27 100.0
----------------------------------------
PART	2 0.0
VERB 2 100.0
----------------------------------------
NOUN	2 0.0
NOUN 2 100.0
----------------------------------------
ADP	2 0.0
VERB 2 100.0
----------------------------------------
PROPN	1 0.0
VERB 1 100.0
----------------------------------------

VERB_Aspect	7217 100.0	3507 48.7
VERB_Imp	4761 66.0
Other: 
VERB_Perf	2447 33.9
Other: 
NOUN_Imp	3 0.0
Other: 
NOUN_Perf	2 0.0
Other: 
ADV_Imp	1 0.0
Other: 
PRON_Perf	1 0.0
Other: 
PROPN_Imp	1 0.0
Other: 
ADV_Perf	1 0.0
Other: 
----------------------------------------
VERB_VerbForm	7217 100.0	411 5.7
VERB_Fin	6448 89.3
Other: 
VERB_Inf	363 5.0
Other: 
VERB_Part	258 3.6
Other: 
VERB_Conv	139 1.9
Other: 
NOUN_Fin	5 0.1
Other: 
ADV_Fin	2 0.0
Other: 
PRON_Inf	1 0.0
Other: 
PROPN_Fin	1 0.0
Other: 
----------------------------------------
VERB_Voice	7217 100.0	4779 66.3
VERB_Act	6117 84.8
Other: 
VERB_Mid	1000 13.9
Other: 
VERB_Pass	91 1.3
Other: 
NOUN_Act	5 0.1
Other: 
ADV_Act	2 0.0
Other: 
PRON_Act	1 0.0
Other: 
PROPN_Act	1 0.0
Other: 
----------------------------------------
VERB_Tense	6782 94.0	127 33.6
VERB_Pres	3399 50.1
Other: 
VERB_Past	2843 41.9
Other: 
VERB_Fut	533 7.9
Other: 
NOUN_Pres	3 0.0
Other: 
NOUN_Past	2 0.0
Other: 
PROPN_Pres	1 0.0
Other: 
ADV_Past	1 0.0
Other: 
----------------------------------------
VERB_Number	6714 93.0	348 83.3
VERB_Sing	4131 61.5
Other: 
VERB_Plur	2575 38.4
Other: 
NOUN_Sing	5 0.1
Other: 
ADV_Sing	2 0.0
Other: 
PROPN_Sing	1 0.0
Other: 
----------------------------------------
VERB_Mood	6456 89.5	69 61.6
VERB_Ind	6378 98.8
Other: 
VERB_Imp	70 1.1
Other: 
NOUN_Ind	5 0.1
Other: 
ADV_Imp	1 0.0
Other: 
PROPN_Ind	1 0.0
Other: 
ADV_Ind	1 0.0
Other: 
----------------------------------------
VERB_Person	3783 52.4	15 27.8
VERB_3	3244 85.8
Other: 
VERB_1	365 9.6
Other: 
VERB_2	169 4.5
Other: 
NOUN_3	2 0.1
Other: 
ADV_2	1 0.0
Other: 
NOUN_1	1 0.0
Other: 
PROPN_2	1 0.0
Other: 
----------------------------------------
VERB_Gender	1828 25.3	43 79.6
VERB_Masc	1114 60.9
Other: 
VERB_Fem	441 24.1
Other: 
VERB_Neut	270 14.8
Other: 
NOUN_Masc	1 0.1
Other: 
ADV_Masc	1 0.1
Other: 
NOUN_Fem	1 0.1
Other: 
----------------------------------------
ADJ_Degree	1385 100.0	47 82.5
VERB_Pos	1328 95.9
Other: 
ADJ_Pos	57 4.1
Other: 
----------------------------------------
ADJ_Number	1385 100.0	128 97.0
VERB_Sing	807 58.3
Other: 
VERB_Plur	521 37.6
Other: 
ADJ_Sing	41 3.0
Other: 
ADJ_Plur	16 1.2
Other: 
----------------------------------------
ADJ_Variant	1260 91.0	88 100.0
VERB_Short	1203 95.5
Other: 
ADJ_Short	57 4.5
Other: 
----------------------------------------
ADJ_Gender	848 61.2	98 98.0
VERB_Masc	397 46.8
Other: 
VERB_Fem	250 29.5
Other: 
VERB_Neut	160 18.9
Other: 
ADJ_Fem	18 2.1
Other: 
ADJ_Masc	16 1.9
Other: 
ADJ_Neut	7 0.8
Other: 
----------------------------------------
VERB_Case	189 2.6	1 12.5
VERB_Nom	70 37.0
Other: 
VERB_Gen	57 30.2
Other: 
VERB_Acc	39 20.6
Other: 
VERB_Dat	12 6.3
Other: 
VERB_Ins	8 4.2
Other: 
VERB_Loc	3 1.6
Other: 
----------------------------------------
ADJ_Case	125 9.0	1 20.0
VERB_Gen	46 36.8
Other: 
VERB_Nom	34 27.2
Other: 
VERB_Acc	21 16.8
Other: 
VERB_Ins	14 11.2
Other: 
VERB_Loc	6 4.8
Other: 
VERB_Dat	4 3.2
Other: 
ADJ_Loc	0 0.0
Other: 
ADJ_Gen	0 0.0
Other: 
ADJ_Acc	0 0.0
Other: 
----------------------------------------
VERB_Variant	69 1.0	0 0.0
VERB_Short	69 100.0
Other: 
----------------------------------------
VERB_Prep	51 0.7	0 0.0
VERB_в	26 51.0
VERB_до	13 25.5
VERB_с	5 9.8
VERB_прежде	5 9.8
VERB_по	1 2.0
VERB_из	1 2.0
----------------------------------------
VERB_Animacy	28 0.4	0 0.0
VERB_Inan	20 71.4
Other: 
VERB_Anim	8 28.6
Other: 
----------------------------------------
ADV_Degree	27 100.0	0 0.0
VERB_Pos	27 100.0
Other: 
----------------------------------------
ADJ_Animacy	10 0.7	0 0.0
VERB_Inan	8 80.0
Other: 
VERB_Anim	2 20.0
Other: 
----------------------------------------
ADJ_Prep	10 0.7	0 0.0
VERB_в	3 30.0
ADJ_в	2 20.0
VERB_до	2 20.0
VERB_прежде	2 20.0
VERB_по	1 10.0
----------------------------------------
NOUN_Animacy	2 100.0	2 100.0
NOUN_Inan	2 100.0
Other: 
----------------------------------------
NOUN_Case	2 100.0	2 100.0
NOUN_Gen	2 100.0
Other: 
----------------------------------------
NOUN_Gender	2 100.0	1 50.0
NOUN_Fem	2 100.0
Other: 
----------------------------------------
NOUN_Number	2 100.0	0 0.0
NOUN_Sing	2 100.0
Other: 
----------------------------------------
NOUN_Prep	2 100.0	0 0.0
NOUN_без	2 100.0
----------------------------------------
PART_Polarity	1 50.0	0 0.0
VERB_Neg	1 100.0
Other: 
----------------------------------------
PROPN_Foreign	1 100.0	0 0.0
VERB_Yes	1 100.0
Other: 
----------------------------------------
PROPN_Prep	1 100.0	0 0.0
VERB_в	1 100.0
----------------------------------------
