VERB	7353 83.6
VERB 5734 78.0	ADV 609 8.3	ADJ 572 7.8	PRON 205 2.8	NOUN 182 2.5	DET 19 0.3	NUM 12 0.2	PROPN 11 0.1	PART 6 0.1	CCONJ 2 0.0	ADP 1 0.0
----------------------------------------
NOUN	814 9.3
VERB 509 62.5	ADV 175 21.5	ADJ 67 8.2	NUM 25 3.1	NOUN 21 2.6	DET 13 1.6	PRON 4 0.5
----------------------------------------
ADJ	354 4.0
VERB 208 58.8	ADV 71 20.1	ADJ 53 15.0	NOUN 11 3.1	NUM 6 1.7	PROPN 2 0.6	PRON 2 0.6	DET 1 0.3
----------------------------------------
ADV	138 1.6
VERB 75 54.3	ADV 41 29.7	ADJ 10 7.2	NOUN 8 5.8	NUM 2 1.4	PART 1 0.7	PROPN 1 0.7
----------------------------------------
PROPN	64 0.7
ADV 27 42.2	VERB 21 32.8	NUM 7 10.9	NOUN 3 4.7	ADJ 3 4.7	DET 2 3.1	PRON 1 1.6
----------------------------------------
PRON	56 0.6
VERB 32 57.1	ADV 16 28.6	NOUN 3 5.4	ADJ 3 5.4	PROPN 1 1.8	PRON 1 1.8
----------------------------------------
NUM	14 0.2
VERB 5 35.7	ADJ 5 35.7	ADV 3 21.4	NUM 1 7.1
----------------------------------------
SCONJ	2 0.0
VERB 2 100.0
----------------------------------------
SYM	2 0.0
NOUN 1 50.0	VERB 1 50.0
----------------------------------------
PART	1 0.0
VERB 1 100.0
----------------------------------------
X	1 0.0
NUM 1 100.0
----------------------------------------

VERB_Aspect	7353 100.0	3855 67.2
Imp	4331 58.9
Other: VERB_Imp 2343 69.3	VERB_Perf 1040 30.7
Perf	3022 41.1
Other: VERB_Perf 1512 64.3	VERB_Imp 838 35.7
----------------------------------------
VERB_VerbForm	7353 100.0	2114 36.9
Fin	3318 45.1
Other: VERB_Fin 1958 82.3	VERB_Inf 307 12.9	VERB_Part 107 4.5	VERB_Conv 8 0.3
Conv	2677 36.4
Other: VERB_Fin 2130 83.7	VERB_Inf 388 15.2	VERB_Part 27 1.1	VERB_Conv 1 0.0
Inf	1088 14.8
Other: VERB_Fin 436 71.2	VERB_Inf 145 23.7	VERB_Part 28 4.6	VERB_Conv 3 0.5
Part	270 3.7
Other: VERB_Fin 167 85.6	VERB_Inf 15 7.7	VERB_Part 10 5.1	VERB_Conv 3 1.5
----------------------------------------
VERB_Voice	7353 100.0	3432 59.9
Act	5440 74.0
Other: VERB_Act 3135 73.7	VERB_Mid 933 21.9	VERB_Pass 185 4.3
Mid	1520 20.7
Other: VERB_Act 877 73.0	VERB_Mid 269 22.4	VERB_Pass 55 4.6
Pass	393 5.3
Other: VERB_Act 190 67.9	VERB_Mid 62 22.1	VERB_Pass 28 10.0
----------------------------------------
VERB_Tense	6236 84.8	2826 65.1
Pres	3149 50.5
Other: VERB_Pres 1104 51.2	VERB_Past 947 43.9	VERB_Fut 106 4.9
Past	2687 43.1
Other: VERB_Past 1557 80.7	VERB_Pres 285 14.8	VERB_Fut 88 4.6
Fut	400 6.4
Other: VERB_Fut 165 65.0	VERB_Pres 68 26.8	VERB_Past 21 8.3
----------------------------------------
VERB_Number	3588 48.8	1809 66.0
Sing	2351 65.5
Other: VERB_Sing 1103 61.8	VERB_Plur 361 20.2	ADJ_Sing 189 10.6	NOUN_Sing 80 4.5	ADJ_Plur 22 1.2	NOUN_Plur 11 0.6	PROPN_Sing 8 0.4	PRON_Sing 5 0.3	DET_Sing 5 0.3	PRON_Plur 1 0.1	DET_Plur 1 0.1
Plur	1237 34.5
Other: VERB_Sing 413 43.2	VERB_Plur 365 38.2	ADJ_Sing 75 7.9	NOUN_Sing 43 4.5	ADJ_Plur 43 4.5	NOUN_Plur 9 0.9	DET_Sing 5 0.5	DET_Plur 1 0.1	PRON_Plur 1 0.1
----------------------------------------
VERB_Mood	3318 45.1	1896 96.8
Ind	3289 99.1
Other: VERB_Ind 1896 98.0	VERB_Imp 39 2.0
Imp	29 0.9
Other: VERB_Ind 23 100.0
----------------------------------------
VERB_Person	1792 24.4	752 84.3
3	1546 86.3
Other: VERB_3 696 91.3	VERB_1 38 5.0	VERB_2 26 3.4	PRON_3 1 0.1	PRON_2 1 0.1
2	142 7.9
Other: VERB_3 40 50.0	VERB_2 37 46.2	VERB_1 3 3.8
1	104 5.8
Other: VERB_3 31 62.0	VERB_1 18 36.0	VERB_2 1 2.0
----------------------------------------
VERB_Gender	1180 16.0	302 52.2
Masc	583 49.4
Other: VERB_Masc 164 53.1	VERB_Neut 51 16.5	VERB_Fem 35 11.3	NOUN_Masc 16 5.2	ADJ_Masc 15 4.9	ADJ_Neut 13 4.2	ADJ_Fem 5 1.6	PROPN_Masc 3 1.0	NOUN_Neut 2 0.6	NOUN_Fem 1 0.3	DET_Fem 1 0.3	DET_Masc 1 0.3	PRON_Neut 1 0.3	DET_Neut 1 0.3
Neut	310 26.3
Other: VERB_Masc 39 34.8	VERB_Neut 27 24.1	VERB_Fem 19 17.0	ADJ_Neut 11 9.8	NOUN_Masc 7 6.2	NOUN_Neut 2 1.8	ADJ_Fem 2 1.8	ADJ_Masc 2 1.8	NOUN_Fem 1 0.9	PROPN_Fem 1 0.9	PROPN_Masc 1 0.9
Fem	287 24.3
Other: VERB_Masc 50 31.8	VERB_Fem 48 30.6	VERB_Neut 22 14.0	ADJ_Fem 12 7.6	ADJ_Neut 9 5.7	ADJ_Masc 7 4.5	NOUN_Neut 3 1.9	NOUN_Masc 3 1.9	NOUN_Fem 3 1.9
----------------------------------------
NOUN_Animacy	814 100.0	21 80.8
Inan	655 80.5
Other: NOUN_Inan 17 70.8	NOUN_Anim 3 12.5	ADJ_Inan 2 8.3	PRON_Inan 2 8.3
Anim	159 19.5
Other: NOUN_Inan 1 50.0	PRON_Inan 1 50.0
----------------------------------------
NOUN_Case	814 100.0	31 40.3
Nom	463 56.9
Other: VERB_Nom 9 16.4	ADJ_Nom 6 10.9	NOUN_Nom 6 10.9	DET_Gen 5 9.1	ADJ_Gen 4 7.3	VERB_Gen 4 7.3	DET_Acc 3 5.5	DET_Ins 2 3.6	ADJ_Acc 2 3.6	ADJ_Ins 2 3.6	VERB_Loc 2 3.6	PRON_Nom 2 3.6	NOUN_Loc 1 1.8	NOUN_Gen 1 1.8	DET_Nom 1 1.8	ADJ_Loc 1 1.8	DET_Loc 1 1.8	PRON_Gen 1 1.8	NOUN_Acc 1 1.8	VERB_Ins 1 1.8
Acc	113 13.9
Other: NOUN_Nom 2 50.0	VERB_Acc 2 50.0
Gen	90 11.1
Other: NOUN_Nom 2 25.0	VERB_Nom 1 12.5	ADJ_Loc 1 12.5	NOUN_Gen 1 12.5	ADJ_Gen 1 12.5	NOUN_Loc 1 12.5	DET_Gen 1 12.5
Loc	88 10.8
Other: NOUN_Nom 3 37.5	ADJ_Nom 1 12.5	NOUN_Loc 1 12.5	ADJ_Acc 1 12.5	NOUN_Ins 1 12.5	PRON_Nom 1 12.5
Ins	45 5.5
Other: NOUN_Acc 1 50.0	ADJ_Ins 1 50.0
Dat	15 1.8
Other: 
----------------------------------------
NOUN_Gender	814 100.0	89 42.6
Masc	411 50.5
Other: VERB_Masc 41 39.4	VERB_Fem 15 14.4	VERB_Neut 13 12.5	ADJ_Neut 10 9.6	ADJ_Masc 8 7.7	NOUN_Masc 6 5.8	ADJ_Fem 5 4.8	NOUN_Neut 3 2.9	PRON_Neut 2 1.9	NOUN_Fem 1 1.0
Fem	249 30.6
Other: VERB_Masc 21 31.8	VERB_Neut 13 19.7	VERB_Fem 12 18.2	ADJ_Neut 4 6.1	NOUN_Fem 3 4.5	ADJ_Masc 3 4.5	ADJ_Fem 3 4.5	DET_Neut 2 3.0	NOUN_Neut 2 3.0	DET_Fem 2 3.0	PRON_Neut 1 1.5
Neut	154 18.9
Other: VERB_Masc 13 33.3	VERB_Fem 7 17.9	VERB_Neut 7 17.9	ADJ_Neut 5 12.8	NOUN_Masc 3 7.7	NOUN_Neut 2 5.1	ADJ_Masc 1 2.6	NOUN_Fem 1 2.6
----------------------------------------
NOUN_Number	814 100.0	362 70.0
Sing	599 73.6
Other: VERB_Sing 243 61.1	VERB_Plur 92 23.1	ADJ_Sing 27 6.8	NOUN_Sing 16 4.0	DET_Plur 7 1.8	ADJ_Plur 6 1.5	NOUN_Plur 3 0.8	PRON_Sing 3 0.8	DET_Sing 1 0.3
Plur	215 26.4
Other: VERB_Plur 66 55.5	VERB_Sing 29 24.4	ADJ_Sing 12 10.1	ADJ_Plur 4 3.4	DET_Sing 3 2.5	NOUN_Sing 2 1.7	DET_Plur 2 1.7	PRON_Sing 1 0.8
----------------------------------------
ADJ_Degree	354 100.0	100 80.6
Pos	309 87.3
Other: ADV_Pos 52 48.6	ADJ_Pos 36 33.6	ADV_Cmp 14 13.1	ADJ_Cmp 5 4.7
Cmp	45 12.7
Other: ADJ_Cmp 10 58.8	ADV_Pos 3 17.6	ADV_Cmp 2 11.8	ADJ_Pos 2 11.8
----------------------------------------
ADJ_Number	309 87.3	149 71.6
Sing	242 78.3
Other: VERB_Sing 86 52.8	VERB_Plur 41 25.2	ADJ_Sing 22 13.5	ADJ_Plur 5 3.1	NOUN_Sing 5 3.1	NOUN_Plur 2 1.2	PRON_Sing 1 0.6	DET_Plur 1 0.6
Plur	67 21.7
Other: VERB_Plur 28 62.2	ADJ_Plur 5 11.1	VERB_Sing 4 8.9	ADJ_Sing 4 8.9	NOUN_Plur 2 4.4	NOUN_Sing 1 2.2	PRON_Sing 1 2.2
----------------------------------------
ADJ_Gender	242 68.4	32 47.8
Neut	102 42.1
Other: VERB_Fem 6 20.0	VERB_Masc 6 20.0	VERB_Neut 6 20.0	ADJ_Neut 5 16.7	NOUN_Masc 4 13.3	ADJ_Masc 1 3.3	ADJ_Fem 1 3.3	NOUN_Fem 1 3.3
Masc	82 33.9
Other: VERB_Masc 7 33.3	ADJ_Masc 6 28.6	ADJ_Neut 2 9.5	PRON_Neut 1 4.8	VERB_Neut 1 4.8	ADJ_Fem 1 4.8	NOUN_Masc 1 4.8	NOUN_Neut 1 4.8	VERB_Fem 1 4.8
Fem	58 24.0
Other: VERB_Fem 6 37.5	VERB_Masc 3 18.8	ADJ_Neut 3 18.8	ADJ_Masc 2 12.5	ADJ_Fem 1 6.2	VERB_Neut 1 6.2
----------------------------------------
ADJ_Variant	217 61.3	33 100.0
Short	217 100.0
Other: ADJ_Short 29 87.9	VERB_Short 4 12.1
----------------------------------------
VERB_Variant	201 2.7	30 100.0
Short	201 100.0
Other: ADJ_Short 23 76.7	VERB_Short 7 23.3
----------------------------------------
NOUN_Prep	180 22.1	0 0.0
в	74 41.1
на	21 11.7
у	13 7.2
по	8 4.4
о	8 4.4
при	7 3.9
до	6 3.3
к	4 2.2
для	4 2.2
с	4 2.2
за	4 2.2
через	4 2.2
под	3 1.7
во	2 1.1
от	2 1.1
после	2 1.1
прежде	2 1.1
перед	2 1.1
из-за	1 0.6
из	1 0.6
об	1 0.6
посредством	1 0.6
выше	1 0.6
над	1 0.6
порядка	1 0.6
против	1 0.6
без	1 0.6
среди	1 0.6
----------------------------------------
ADV_Degree	138 100.0	41 80.4
Pos	126 91.3
Other: ADV_Pos 28 59.6	ADJ_Pos 9 19.1	ADV_Cmp 9 19.1	ADJ_Cmp 1 2.1
Cmp	12 8.7
Other: ADV_Cmp 4 100.0
----------------------------------------
VERB_Prep	107 1.5	0 0.0
в	45 42.1
по	14 13.1
до	13 12.1
с	11 10.3
при	3 2.8
во	3 2.8
от	3 2.8
взамен	2 1.9
на	2 1.9
прежде	1 0.9
для	1 0.9
после	1 0.9
перед	1 0.9
насчет	1 0.9
у	1 0.9
за	1 0.9
из	1 0.9
кроме	1 0.9
среди	1 0.9
вместо	1 0.9
----------------------------------------
ADJ_Case	92 26.0	6 60.0
Nom	54 58.7
Other: VERB_Nom 4 66.7	ADJ_Acc 1 16.7	DET_Acc 1 16.7
Ins	15 16.3
Other: ADJ_Ins 2 66.7	PRON_Gen 1 33.3
Acc	12 13.0
Other: ADJ_Ins 1 100.0
Gen	5 5.4
Other: 
Dat	3 3.3
Other: 
Loc	3 3.3
Other: 
----------------------------------------
VERB_Case	69 0.9	2 33.3
Nom	34 49.3
Other: DET_Loc 1 50.0	ADJ_Acc 1 50.0
Gen	14 20.3
Other: NOUN_Nom 1 100.0
Ins	13 18.8
Other: ADJ_Ins 2 100.0
Acc	4 5.8
Other: 
Loc	3 4.3
Other: VERB_Dat 1 100.0
Dat	1 1.4
Other: 
----------------------------------------
PROPN_Animacy	61 95.3	2 100.0
Inan	46 75.4
Other: NOUN_Inan 2 100.0
Anim	15 24.6
Other: 
----------------------------------------
PROPN_Case	61 95.3	1 16.7
Loc	31 50.8
Other: NOUN_Nom 2 66.7	PRON_Loc 1 33.3
Nom	21 34.4
Other: DET_Gen 1 33.3	DET_Acc 1 33.3	ADJ_Gen 1 33.3
Gen	4 6.6
Other: 
Acc	3 4.9
Other: 
Ins	2 3.3
Other: 
----------------------------------------
PROPN_Number	61 95.3	16 66.7
Sing	58 95.1
Other: VERB_Sing 10 43.5	VERB_Plur 6 26.1	NOUN_Sing 2 8.7	ADJ_Sing 2 8.7	DET_Plur 1 4.3	DET_Sing 1 4.3	PRON_Sing 1 4.3
Plur	3 4.9
Other: VERB_Sing 1 100.0
----------------------------------------
PROPN_Gender	58 90.6	6 50.0
Masc	30 51.7
Other: VERB_Masc 3 42.9	VERB_Neut 2 28.6	ADJ_Masc 1 14.3	ADJ_Neut 1 14.3
Fem	27 46.6
Other: NOUN_Masc 1 20.0	NOUN_Neut 1 20.0	DET_Fem 1 20.0	PRON_Fem 1 20.0	VERB_Masc 1 20.0
Neut	1 1.7
Other: 
----------------------------------------
PRON_Case	55 98.2	0 0.0
Gen	20 36.4
Other: NOUN_Nom 1 100.0
Nom	16 29.1
Other: NOUN_Loc 1 100.0
Acc	7 12.7
Other: 
Ins	7 12.7
Other: PRON_Gen 1 100.0
Loc	5 9.1
Other: NOUN_Acc 1 100.0
----------------------------------------
PRON_Number	44 78.6	12 66.7
Sing	23 52.3
Other: VERB_Sing 8 66.7	NOUN_Sing 2 16.7	VERB_Plur 2 16.7
Plur	21 47.7
Other: VERB_Sing 4 66.7	PRON_Plur 1 16.7	VERB_Plur 1 16.7
----------------------------------------
PROPN_Prep	39 60.9	1 100.0
в	29 74.4
у	3 7.7
из	2 5.1
на	2 5.1
с	2 5.1
при	1 2.6
----------------------------------------
PRON_Gender	24 42.9	5 71.4
Neut	12 50.0
Other: VERB_Neut 2 66.7	VERB_Masc 1 33.3
Masc	9 37.5
Other: NOUN_Masc 2 50.0	VERB_Neut 1 25.0	VERB_Masc 1 25.0
Fem	3 12.5
Other: 
----------------------------------------
PRON_Person	24 42.9	4 66.7
3	13 54.2
Other: VERB_3 3 100.0
1	8 33.3
Other: VERB_3 1 100.0
2	3 12.5
Other: PRON_2 1 50.0	VERB_3 1 50.0
----------------------------------------
PRON_Prep	21 37.5	0 0.0
у	9 42.9
в	5 23.8
до	2 9.5
за	2 9.5
перед	2 9.5
на	1 4.8
----------------------------------------
PRON_Animacy	20 35.7	0 0.0
Inan	11 55.0
Other: 
Anim	9 45.0
Other: 
----------------------------------------
ADJ_Prep	13 3.7	0 0.0
в	7 53.8
с	1 7.7
прежде	1 7.7
к	1 7.7
о	1 7.7
при	1 7.7
от	1 7.7
----------------------------------------
ADJ_Animacy	7 2.0	0 0.0
Inan	5 71.4
Other: 
Anim	2 28.6
Other: 
----------------------------------------
NUM_Case	6 42.9	0 0.0
Nom	4 66.7
Other: 
Acc	1 16.7
Other: 
Gen	1 16.7
Other: 
----------------------------------------
NUM_Gender	6 42.9	2 66.7
Masc	6 100.0
Other: ADJ_Masc 1 33.3	VERB_Masc 1 33.3	VERB_Neut 1 33.3
----------------------------------------
VERB_Animacy	3 0.0	0 0.0
Inan	2 66.7
Other: 
Anim	1 33.3
Other: 
----------------------------------------
PROPN_Foreign	2 3.1	0 0.0
Yes	2 100.0
Other: 
----------------------------------------
NUM_Animacy	1 7.1	0 0.0
Inan	1 100.0
Other: 
----------------------------------------
NUM_Prep	1 7.1	0 0.0
с	1 100.0
----------------------------------------
X_Foreign	1 100.0	0 0.0
Yes	1 100.0
Other: 
----------------------------------------
SYM_Prep	1 50.0	0 0.0
в	1 100.0
----------------------------------------
