ADV	27426 52.0
VERB 21405 78.0	ADV 2429 8.9	ADJ 1317 4.8	NOUN 1053 3.8	PART 515 1.9	NUM 511 1.9	PRON 94 0.3	PROPN 65 0.2	DET 29 0.1	SCONJ 4 0.0	INTJ 1 0.0	SYM 1 0.0	ADP 1 0.0	X 1 0.0
----------------------------------------
PART	24130 45.8
VERB 10425 43.2	NOUN 4410 18.3	ADV 2565 10.6	ADJ 2178 9.0	PRON 1312 5.4	DET 1215 5.0	PART 796 3.3	NUM 409 1.7	PROPN 385 1.6	CCONJ 359 1.5	SCONJ 50 0.2	SYM 17 0.1	ADP 8 0.0	X 1 0.0
----------------------------------------
ADP	712 1.4
VERB 450 63.2	NOUN 145 20.4	ADJ 52 7.3	ADV 18 2.5	NUM 15 2.1	PRON 14 2.0	PROPN 14 2.0	DET 4 0.6
----------------------------------------
SCONJ	160 0.3
NOUN 57 35.6	VERB 47 29.4	NUM 19 11.9	ADV 12 7.5	ADJ 9 5.6	PRON 5 3.1	DET 5 3.1	PROPN 4 2.5	PART 1 0.6	SYM 1 0.6
----------------------------------------
NUM	135 0.3
VERB 126 93.3	ADV 8 5.9	NOUN 1 0.7
----------------------------------------
PRON	116 0.2
VERB 70 60.3	ADJ 19 16.4	NOUN 17 14.7	ADV 5 4.3	PRON 4 3.4	DET 1 0.9
----------------------------------------
DET	6 0.0
VERB 5 83.3	NOUN 1 16.7
----------------------------------------
NOUN	3 0.0
VERB 2 66.7	ADV 1 33.3
----------------------------------------
ADJ	2 0.0
ADV 2 100.0
----------------------------------------
PROPN	2 0.0
ADJ 1 50.0	VERB 1 50.0
----------------------------------------
VERB	1 0.0
VERB 1 100.0
----------------------------------------

ADV_Degree	27426 100.0	3085 82.3
Pos	26234 95.7
Other: ADV_Pos 1968 53.9	ADJ_Pos 1109 30.4	ADV_Cmp 397 10.9	ADJ_Cmp 176 4.8	DET_Pos 4 0.1
Cmp	1192 4.3
Other: ADV_Pos 63 65.6	ADJ_Pos 29 30.2	ADJ_Cmp 3 3.1	ADV_Cmp 1 1.0
----------------------------------------
PRON_Case	115 99.1	15 46.9
Nom	102 88.7
Other: ADJ_Nom 6 31.6	NOUN_Nom 6 31.6	PRON_Gen 2 10.5	PRON_Nom 1 5.3	ADJ_Acc 1 5.3	ADJ_Gen 1 5.3	DET_Nom 1 5.3	PRON_Dat 1 5.3
Dat	10 8.7
Other: NOUN_Gen 6 60.0	NOUN_Acc 3 30.0	NOUN_Dat 1 10.0
Gen	2 1.7
Other: NOUN_Nom 1 50.0	ADJ_Nom 1 50.0
Ins	1 0.9
Other: ADJ_Nom 1 100.0
----------------------------------------
PRON_Animacy	112 96.6	16 100.0
Inan	112 100.0
Other: NOUN_Inan 15 93.8	PRON_Inan 1 6.2
----------------------------------------
PRON_Gender	112 96.6	17 34.0
Neut	112 100.0
Other: ADJ_Neut 10 20.0	NOUN_Masc 9 18.0	VERB_Masc 9 18.0	VERB_Fem 6 12.0	NOUN_Fem 4 8.0	VERB_Neut 4 8.0	ADJ_Masc 3 6.0	ADJ_Fem 2 4.0	NOUN_Neut 2 4.0	PRON_Neut 1 2.0
----------------------------------------
PRON_Number	112 96.6	68 69.4
Sing	112 100.0
Other: VERB_Sing 44 44.9	VERB_Plur 21 21.4	ADJ_Sing 15 15.3	NOUN_Sing 8 8.2	NOUN_Plur 7 7.1	PRON_Sing 1 1.0	ADJ_Plur 1 1.0	DET_Plur 1 1.0
----------------------------------------
PART_Polarity	37 0.2	0 0.0
Neg	37 100.0
Other: 
----------------------------------------
ADV_Prep	20 0.1	0 0.0
по	5 25.0
в	3 15.0
на	3 15.0
до	3 15.0
прежде	2 10.0
про	1 5.0
за	1 5.0
вместо	1 5.0
с	1 5.0
----------------------------------------
PART_Prep	18 0.1	0 0.0
в	18 100.0
----------------------------------------
ADP_Prep	6 0.8	0 0.0
до	6 100.0
----------------------------------------
DET_Case	6 100.0	1 100.0
Ins	6 100.0
Other: NOUN_Ins 1 100.0
----------------------------------------
DET_Gender	6 100.0	3 100.0
Masc	6 100.0
Other: VERB_Masc 2 66.7	NOUN_Masc 1 33.3
----------------------------------------
DET_Number	6 100.0	4 80.0
Sing	6 100.0
Other: VERB_Sing 3 60.0	NOUN_Sing 1 20.0	VERB_Plur 1 20.0
----------------------------------------
PRON_Prep	5 4.3	0 0.0
на	5 100.0
----------------------------------------
NUM_Prep	3 2.2	0 0.0
во	3 100.0
----------------------------------------
NOUN_Animacy	3 100.0	0 0.0
Inan	3 100.0
Other: 
----------------------------------------
NOUN_Case	3 100.0	0 0.0
Acc	2 66.7
Other: 
Gen	1 33.3
Other: 
----------------------------------------
NOUN_Gender	3 100.0	0 0.0
Masc	2 66.7
Other: 
Fem	1 33.3
Other: 
----------------------------------------
NOUN_Number	3 100.0	0 0.0
Sing	2 66.7
Other: VERB_Plur 1 100.0
Plur	1 33.3
Other: 
----------------------------------------
NOUN_Prep	3 100.0	0 0.0
о	2 66.7
из	1 33.3
----------------------------------------
ADJ_Degree	2 100.0	2 100.0
Pos	2 100.0
Other: ADV_Pos 2 100.0
----------------------------------------
ADJ_Gender	2 100.0	0 0.0
Neut	2 100.0
Other: 
----------------------------------------
ADJ_Number	2 100.0	0 0.0
Sing	2 100.0
Other: 
----------------------------------------
ADJ_Variant	2 100.0	0 0.0
Short	2 100.0
Other: 
----------------------------------------
VERB_Aspect	1 100.0	0 0.0
Imp	1 100.0
Other: VERB_Perf 1 100.0
----------------------------------------
VERB_Mood	1 100.0	0 0.0
Ind	1 100.0
Other: 
----------------------------------------
VERB_Number	1 100.0	1 100.0
Sing	1 100.0
Other: VERB_Sing 1 100.0
----------------------------------------
VERB_Person	1 100.0	0 0.0
3	1 100.0
Other: 
----------------------------------------
VERB_Tense	1 100.0	0 0.0
Pres	1 100.0
Other: VERB_Past 1 100.0
----------------------------------------
VERB_VerbForm	1 100.0	0 0.0
Fin	1 100.0
Other: VERB_Part 1 100.0
----------------------------------------
VERB_Voice	1 100.0	1 100.0
Act	1 100.0
Other: VERB_Act 1 100.0
----------------------------------------
PROPN_Prep	1 50.0	0 0.0
в	1 100.0
----------------------------------------
