ADJ	67200 94.0
NOUN 64211 95.6	PROPN 1283 1.9	ADJ 890 1.3	PRON 499 0.7	NUM 155 0.2	DET 109 0.2	VERB 29 0.0	SYM 8 0.0	X 6 0.0	ADV 5 0.0	PART 3 0.0	CCONJ 1 0.0	INTJ 1 0.0
----------------------------------------
VERB	2765 3.9
NOUN 2688 97.2	PROPN 54 2.0	PRON 12 0.4	ADJ 5 0.2	SYM 2 0.1	NUM 2 0.1	X 1 0.0	DET 1 0.0
----------------------------------------
PROPN	722 1.0
NOUN 487 67.5	PROPN 235 32.5
----------------------------------------
NUM	422 0.6
NOUN 403 95.5	ADJ 15 3.6	PROPN 2 0.5	VERB 1 0.2	PRON 1 0.2
----------------------------------------
DET	351 0.5
NOUN 322 91.7	PRON 14 4.0	PROPN 13 3.7	ADJ 1 0.3	VERB 1 0.3
----------------------------------------
PRON	22 0.0
NOUN 21 95.5	PRON 1 4.5
----------------------------------------
PART	3 0.0
NOUN 3 100.0
----------------------------------------
NOUN	3 0.0
PRON 1 33.3	NUM 1 33.3	NOUN 1 33.3
----------------------------------------
ADV	1 0.0
ADJ 1 100.0
----------------------------------------
X	1 0.0
NOUN 1 100.0
----------------------------------------
ADP	1 0.0
NOUN 1 100.0
----------------------------------------

ADJ_Degree	67195 100.0	890 99.6
Pos	66839 99.5
Other: ADJ_Pos 887 99.3	ADV_Pos 3 0.3	ADJ_Sup 2 0.2	ADV_Cmp 1 0.1
Sup	353 0.5
Other: ADV_Cmp 1 100.0
Cmp	3 0.0
Other: 
----------------------------------------
ADJ_Number	67193 100.0	66336 99.4
Sing	44332 66.0
Other: NOUN_Sing 41916 95.2	PROPN_Sing 1152 2.6	ADJ_Sing 523 1.2	PRON_Sing 210 0.5	NOUN_Plur 130 0.3	DET_Sing 89 0.2	VERB_Sing 15 0.0	PRON_Plur 1 0.0
Plur	22861 34.0
Other: NOUN_Plur 21926 96.7	ADJ_Plur 365 1.6	NOUN_Sing 232 1.0	PROPN_Plur 68 0.3	PRON_Plur 45 0.2	DET_Plur 19 0.1	PROPN_Sing 13 0.1	VERB_Plur 8 0.0	ADJ_Sing 1 0.0	PRON_Sing 1 0.0
----------------------------------------
ADJ_Case	67186 100.0	66934 99.8
Gen	22375 33.3
Other: NOUN_Gen 21527 96.4	PROPN_Gen 458 2.1	ADJ_Gen 194 0.9	PRON_Gen 118 0.5	DET_Gen 12 0.1	NUM_Gen 9 0.0	VERB_Gen 6 0.0	NOUN_Ins 5 0.0	NOUN_Nom 3 0.0	NOUN_Loc 3 0.0	NOUN_Acc 1 0.0	NUM_Nom 1 0.0	NOUN_Par 1 0.0	NOUN_Dat 1 0.0	PROPN_Ins 1 0.0
Nom	16985 25.3
Other: NOUN_Nom 15993 94.4	ADJ_Nom 353 2.1	PROPN_Nom 336 2.0	PRON_Nom 157 0.9	DET_Nom 45 0.3	NOUN_Gen 41 0.2	NUM_Nom 15 0.1	VERB_Nom 5 0.0	NOUN_Acc 3 0.0	NOUN_Ins 1 0.0	ADJ_Acc 1 0.0
Acc	12156 18.1
Other: NOUN_Acc 11591 95.7	ADJ_Acc 134 1.1	PROPN_Acc 121 1.0	PRON_Acc 110 0.9	NUM_Acc 84 0.7	NOUN_Gen 51 0.4	DET_Acc 21 0.2	NOUN_Nom 2 0.0	VERB_Acc 1 0.0
Loc	6783 10.1
Other: NOUN_Loc 6465 95.4	PROPN_Loc 213 3.1	ADJ_Loc 68 1.0	DET_Loc 14 0.2	PRON_Loc 12 0.2	NUM_Loc 3 0.0	NOUN_Gen 2 0.0
Ins	6002 8.9
Other: NOUN_Ins 5724 95.5	ADJ_Ins 119 2.0	PRON_Ins 67 1.1	PROPN_Ins 66 1.1	DET_Ins 10 0.2	NUM_Ins 2 0.0	NOUN_Dat 2 0.0	VERB_Ins 2 0.0	NOUN_Acc 1 0.0	NOUN_Gen 1 0.0	NOUN_Nom 1 0.0
Dat	2885 4.3
Other: NOUN_Dat 2784 96.6	PROPN_Dat 38 1.3	PRON_Dat 28 1.0	ADJ_Dat 19 0.7	DET_Dat 6 0.2	NUM_Dat 2 0.1	VERB_Dat 2 0.1	ADJ_Ins 1 0.0	NOUN_Gen 1 0.0
----------------------------------------
ADJ_Gender	44332 66.0	43969 99.9
Masc	17536 39.6
Other: NOUN_Masc 16486 94.5	PROPN_Masc 617 3.5	ADJ_Masc 251 1.4	PRON_Masc 37 0.2	DET_Masc 32 0.2	NOUN_Neut 9 0.1	VERB_Masc 8 0.0	NOUN_Fem 6 0.0	VERB_Fem 1 0.0	PRON_Neut 1 0.0
Fem	17254 38.9
Other: NOUN_Fem 16539 96.0	PROPN_Fem 487 2.8	ADJ_Fem 140 0.8	DET_Fem 41 0.2	PRON_Fem 10 0.1	NOUN_Masc 5 0.0
Neut	9542 21.5
Other: NOUN_Neut 8991 96.3	PRON_Neut 136 1.5	ADJ_Neut 131 1.4	PROPN_Neut 46 0.5	DET_Neut 16 0.2	NOUN_Fem 5 0.1	NOUN_Masc 4 0.0	VERB_Neut 1 0.0	ADJ_Masc 1 0.0	PROPN_Fem 1 0.0	PROPN_Masc 1 0.0
----------------------------------------
ADJ_Animacy	7095 10.6	6999 100.0
Inan	6571 92.6
Other: NOUN_Inan 6304 97.0	ADJ_Inan 78 1.2	PROPN_Inan 59 0.9	NUM_Inan 57 0.9
Anim	524 7.4
Other: NOUN_Anim 474 94.6	PROPN_Anim 14 2.8	ADJ_Anim 10 2.0	PRON_Anim 2 0.4	VERB_Anim 1 0.2
----------------------------------------
VERB_Aspect	2765 100.0	0 0.0
Perf	1612 58.3
Other: 
Imp	1153 41.7
Other: 
----------------------------------------
VERB_Case	2765 100.0	2750 99.7
Gen	938 33.9
Other: NOUN_Gen 907 97.0	PROPN_Gen 23 2.5	ADJ_Gen 2 0.2	PRON_Gen 1 0.1	NOUN_Par 1 0.1	NOUN_Ins 1 0.1
Nom	615 22.2
Other: NOUN_Nom 593 96.7	PROPN_Nom 8 1.3	PRON_Nom 7 1.1	NOUN_Gen 3 0.5	NOUN_Acc 1 0.2	DET_Nom 1 0.2
Acc	515 18.6
Other: NOUN_Acc 502 97.5	PROPN_Acc 7 1.4	NOUN_Gen 3 0.6	PRON_Acc 3 0.6
Ins	294 10.6
Other: NOUN_Ins 287 97.6	PROPN_Ins 5 1.7	ADJ_Ins 2 0.7
Loc	260 9.4
Other: NOUN_Loc 252 97.3	PROPN_Loc 7 2.7
Dat	143 5.2
Other: NOUN_Dat 138 96.5	PROPN_Dat 3 2.1	ADJ_Dat 1 0.7	PRON_Dat 1 0.7
----------------------------------------
VERB_Number	2765 100.0	2736 99.3
Sing	1644 59.5
Other: NOUN_Sing 1594 97.3	PROPN_Sing 33 2.0	PRON_Sing 6 0.4	ADJ_Sing 2 0.1	NOUN_Plur 2 0.1	DET_Sing 1 0.1
Plur	1121 40.5
Other: NOUN_Plur 1075 96.2	PROPN_Plur 20 1.8	NOUN_Sing 17 1.5	ADJ_Plur 3 0.3	PRON_Plur 2 0.2
----------------------------------------
VERB_Tense	2765 100.0	0 0.0
Past	1646 59.5
Other: 
Pres	1119 40.5
Other: 
----------------------------------------
VERB_VerbForm	2765 100.0	0 0.0
Part	2765 100.0
Other: 
----------------------------------------
VERB_Voice	2765 100.0	0 0.0
Pass	1531 55.4
Other: 
Act	947 34.2
Other: 
Mid	287 10.4
Other: 
----------------------------------------
VERB_Gender	1644 59.5	1637 99.9
Masc	678 41.2
Other: NOUN_Masc 660 97.3	PROPN_Masc 16 2.4	DET_Masc 1 0.1	NOUN_Neut 1 0.1
Fem	642 39.1
Other: NOUN_Fem 625 97.5	PROPN_Fem 14 2.2	ADJ_Fem 2 0.3
Neut	324 19.7
Other: NOUN_Neut 310 97.2	PRON_Neut 6 1.9	PROPN_Neut 3 0.9
----------------------------------------
DET_Case	351 100.0	348 99.1
Nom	110 31.3
Other: NOUN_Nom 96 87.3	PRON_Nom 7 6.4	PROPN_Nom 6 5.5	VERB_Nom 1 0.9
Gen	94 26.8
Other: NOUN_Gen 87 92.6	PRON_Gen 4 4.3	PROPN_Gen 2 2.1	NOUN_Ins 1 1.1
Acc	71 20.2
Other: NOUN_Acc 66 93.0	PROPN_Acc 2 2.8	PRON_Acc 1 1.4	NOUN_Nom 1 1.4	NOUN_Gen 1 1.4
Loc	37 10.5
Other: NOUN_Loc 34 91.9	PROPN_Loc 2 5.4	PRON_Loc 1 2.7
Ins	29 8.3
Other: NOUN_Ins 27 93.1	PRON_Ins 1 3.4	ADJ_Ins 1 3.4
Dat	10 2.8
Other: NOUN_Dat 9 90.0	PROPN_Dat 1 10.0
----------------------------------------
DET_Number	351 100.0	349 99.4
Sing	271 77.2
Other: NOUN_Sing 245 90.4	PROPN_Sing 13 4.8	PRON_Sing 11 4.1	ADJ_Sing 1 0.4	NOUN_Plur 1 0.4
Plur	80 22.8
Other: NOUN_Plur 75 93.8	PRON_Plur 3 3.8	NOUN_Sing 1 1.2	VERB_Plur 1 1.2
----------------------------------------
DET_Degree	344 98.0	1 100.0
Pos	344 100.0
Other: ADJ_Pos 1 100.0
----------------------------------------
VERB_Animacy	321 11.6	321 100.0
Inan	294 91.6
Other: NOUN_Inan 291 99.0	PROPN_Inan 3 1.0
Anim	27 8.4
Other: NOUN_Anim 27 100.0
----------------------------------------
DET_Gender	271 77.2	266 98.9
Masc	117 43.2
Other: NOUN_Masc 99 86.1	PRON_Masc 7 6.1	PROPN_Masc 7 6.1	NOUN_Fem 2 1.7
Fem	106 39.1
Other: NOUN_Fem 101 95.3	PROPN_Fem 4 3.8	ADJ_Fem 1 0.9
Neut	48 17.7
Other: NOUN_Neut 44 91.7	PRON_Neut 2 4.2	PROPN_Masc 1 2.1	PROPN_Neut 1 2.1
----------------------------------------
DET_Animacy	41 11.7	40 100.0
Inan	36 87.8
Other: NOUN_Inan 35 97.2	PROPN_Inan 1 2.8
Anim	5 12.2
Other: NOUN_Anim 4 100.0
----------------------------------------
PRON_Case	22 100.0	21 95.5
Nom	15 68.2
Other: NOUN_Nom 13 86.7	PRON_Nom 1 6.7	NOUN_Acc 1 6.7
Acc	6 27.3
Other: NOUN_Acc 6 100.0
Gen	1 4.5
Other: NOUN_Gen 1 100.0
----------------------------------------
ADJ_Prep	20 0.0	2 66.7
прежде	6 30.0
в	4 20.0
до	3 15.0
на	2 10.0
по	2 10.0
под	1 5.0
от	1 5.0
у	1 5.0
----------------------------------------
ADJ_Variant	9 0.0	0 0.0
Short	9 100.0
Other: 
----------------------------------------
PROPN_Case	6 0.8	6 100.0
Nom	4 66.7
Other: NOUN_Nom 3 75.0	PROPN_Nom 1 25.0
Ins	1 16.7
Other: NOUN_Ins 1 100.0
Gen	1 16.7
Other: NOUN_Gen 1 100.0
----------------------------------------
PROPN_Number	6 0.8	6 100.0
Sing	4 66.7
Other: NOUN_Sing 3 75.0	PROPN_Sing 1 25.0
Plur	2 33.3
Other: NOUN_Plur 2 100.0
----------------------------------------
PROPN_Degree	4 0.6	0 0.0
Pos	4 100.0
Other: 
----------------------------------------
PROPN_Gender	4 0.6	4 100.0
Masc	2 50.0
Other: NOUN_Masc 2 100.0
Fem	1 25.0
Other: PROPN_Fem 1 100.0
Neut	1 25.0
Other: NOUN_Neut 1 100.0
----------------------------------------
NOUN_Animacy	3 100.0	1 100.0
Inan	2 66.7
Other: NOUN_Inan 1 100.0
Anim	1 33.3
Other: 
----------------------------------------
NOUN_Case	3 100.0	2 100.0
Nom	1 33.3
Other: PRON_Nom 1 100.0
Gen	1 33.3
Other: 
Ins	1 33.3
Other: NOUN_Ins 1 100.0
----------------------------------------
NOUN_Gender	3 100.0	2 100.0
Masc	2 66.7
Other: PRON_Masc 1 100.0
Neut	1 33.3
Other: NOUN_Neut 1 100.0
----------------------------------------
NOUN_Number	3 100.0	2 100.0
Sing	3 100.0
Other: PRON_Sing 1 50.0	NOUN_Sing 1 50.0
----------------------------------------
PRON_Gender	2 9.1	1 100.0
Neut	1 50.0
Other: 
Masc	1 50.0
Other: NOUN_Masc 1 100.0
----------------------------------------
PRON_Number	2 9.1	1 100.0
Sing	2 100.0
Other: NOUN_Sing 1 100.0
----------------------------------------
PROPN_Animacy	2 0.3	1 50.0
Anim	1 50.0
Other: NOUN_Inan 1 100.0
Inan	1 50.0
Other: NOUN_Inan 1 100.0
----------------------------------------
ADV_Degree	1 100.0	1 100.0
Pos	1 100.0
Other: ADJ_Pos 1 100.0
----------------------------------------
PROPN_Foreign	1 0.1	0 0.0
Yes	1 100.0
Other: 
----------------------------------------
PRON_Animacy	1 4.5	0 0.0
Inan	1 100.0
Other: 
----------------------------------------
X_Foreign	1 100.0	0 0.0
Yes	1 100.0
Other: 
----------------------------------------
PRON_Person	1 4.5	0 0.0
3	1 100.0
Other: 
----------------------------------------
