PART	1206 60.8
VERB 943 78.2	ADJ 141 11.7	ADV 65 5.4	NOUN 42 3.5	PRON 7 0.6	PART 3 0.2	DET 3 0.2	PROPN 2 0.2
----------------------------------------
AUX	777 39.2
VERB 777 100.0
----------------------------------------
NOUN	1 0.1
NUM 1 100.0
----------------------------------------

PART_Mood	1192 98.8	0 0.0
Cnd	1192 100.0
Other: VERB_Ind 844 100.0
----------------------------------------
AUX_Aspect	777 100.0	777 100.0
Imp	777 100.0
Other: VERB_Imp 777 100.0
----------------------------------------
AUX_Mood	777 100.0	0 0.0
Ind	777 100.0
Other: 
----------------------------------------
AUX_Number	777 100.0	0 0.0
Sing	439 56.5
Other: 
Plur	338 43.5
Other: 
----------------------------------------
AUX_Person	777 100.0	0 0.0
3	652 83.9
Other: 
1	103 13.3
Other: 
2	22 2.8
Other: 
----------------------------------------
AUX_Tense	777 100.0	0 0.0
Pres	777 100.0
Other: 
----------------------------------------
AUX_VerbForm	777 100.0	0 0.0
Fin	777 100.0
Other: VERB_Inf 777 100.0
----------------------------------------
AUX_Voice	777 100.0	589 75.8
Act	777 100.0
Other: VERB_Act 589 75.8	VERB_Mid 188 24.2
----------------------------------------
NOUN_Animacy	1 100.0	0 0.0
Inan	1 100.0
Other: 
----------------------------------------
NOUN_Case	1 100.0	0 0.0
Gen	1 100.0
Other: 
----------------------------------------
NOUN_Gender	1 100.0	0 0.0
Fem	1 100.0
Other: 
----------------------------------------
NOUN_Number	1 100.0	0 0.0
Sing	1 100.0
Other: 
----------------------------------------
NOUN_Prep	1 100.0	0 0.0
у	1 100.0
----------------------------------------
