AUX	2034 99.9
VERB 2031 99.9	PROPN 2 0.1	ADJ 1 0.0
----------------------------------------
VERB	1 0.0
VERB 1 100.0
----------------------------------------
NOUN	1 0.0
VERB 1 100.0
----------------------------------------

AUX_Aspect	2034 100.0	98 4.8
Imp	2034 100.0
Other: VERB_Perf 1933 95.2	VERB_Imp 98 4.8
----------------------------------------
AUX_VerbForm	2034 100.0	1 0.0
Fin	1815 89.2
Other: VERB_Part 1735 95.8	VERB_Inf 76 4.2	VERB_Fin 1 0.1
Inf	215 10.6
Other: VERB_Part 215 100.0
Conv	4 0.2
Other: VERB_Part 4 100.0
----------------------------------------
AUX_Voice	2034 100.0	0 0.0
Act	2034 100.0
Other: VERB_Pass 2031 100.0
----------------------------------------
AUX_Tense	1817 89.3	1409 81.1
Past	1410 77.6
Other: VERB_Past 1408 100.0
Pres	407 22.4
Other: VERB_Past 329 99.7	VERB_Pres 1 0.3
----------------------------------------
AUX_Mood	1815 89.2	1 100.0
Ind	1813 99.9
Other: VERB_Ind 1 100.0
Imp	2 0.1
Other: 
----------------------------------------
AUX_Number	1815 89.2	1736 99.9
Sing	1239 68.3
Other: VERB_Sing 1192 99.9	VERB_Plur 1 0.1
Plur	576 31.7
Other: VERB_Plur 543 99.8	ADJ_Plur 1 0.2
----------------------------------------
AUX_Gender	985 48.4	982 99.9
Masc	420 42.6
Other: VERB_Masc 420 100.0
Neut	304 30.9
Other: VERB_Neut 304 100.0
Fem	261 26.5
Other: VERB_Fem 258 99.6	VERB_Neut 1 0.4
----------------------------------------
AUX_Person	405 19.9	1 100.0
3	400 98.8
Other: VERB_3 1 100.0
2	4 1.0
Other: 
1	1 0.2
Other: 
----------------------------------------
VERB_Aspect	1 100.0	0 0.0
Imp	1 100.0
Other: VERB_Perf 1 100.0
----------------------------------------
VERB_Gender	1 100.0	1 100.0
Masc	1 100.0
Other: VERB_Masc 1 100.0
----------------------------------------
VERB_Mood	1 100.0	0 0.0
Ind	1 100.0
Other: 
----------------------------------------
VERB_Number	1 100.0	1 100.0
Sing	1 100.0
Other: VERB_Sing 1 100.0
----------------------------------------
VERB_Tense	1 100.0	1 100.0
Past	1 100.0
Other: VERB_Past 1 100.0
----------------------------------------
VERB_VerbForm	1 100.0	0 0.0
Fin	1 100.0
Other: VERB_Part 1 100.0
----------------------------------------
VERB_Voice	1 100.0	0 0.0
Act	1 100.0
Other: VERB_Pass 1 100.0
----------------------------------------
NOUN_Animacy	1 100.0	0 0.0
Inan	1 100.0
Other: 
----------------------------------------
NOUN_Case	1 100.0	1 100.0
Nom	1 100.0
Other: VERB_Nom 1 100.0
----------------------------------------
NOUN_Gender	1 100.0	1 100.0
Masc	1 100.0
Other: VERB_Masc 1 100.0
----------------------------------------
NOUN_Number	1 100.0	1 100.0
Sing	1 100.0
Other: VERB_Sing 1 100.0
----------------------------------------
