ADP	80030 99.6
NOUN 63100 78.8	PRON 8396 10.5	PROPN 5948 7.4	ADJ 1270 1.6	NUM 690 0.9	SYM 292 0.4	DET 248 0.3	VERB 43 0.1	ADV 24 0.0	X 10 0.0	PART 7 0.0	ADP 2 0.0
----------------------------------------
ADV	288 0.4
NOUN 201 69.8	PRON 45 15.6	NUM 14 4.9	ADJ 13 4.5	SYM 7 2.4	ADV 6 2.1	VERB 1 0.3	PROPN 1 0.3
----------------------------------------
SYM	4 0.0
PROPN 2 50.0	NUM 1 25.0	NOUN 1 25.0
----------------------------------------

ADP_Prep	364 0.5	0 0.0
с	205 56.3
от	91 25.0
к	68 18.7
----------------------------------------
ADV_Prep	212 73.6	0 0.0
на	157 74.1
до	50 23.6
с	5 2.4
----------------------------------------
ADV_Polarity	157 54.5	0 0.0
Neg	157 100.0
Other: 
----------------------------------------
ADV_Degree	131 45.5	1 5.3
Cmp	76 58.0
Other: ADJ_Pos 12 66.7	ADV_Pos 6 33.3
Pos	55 42.0
Other: ADJ_Pos 1 100.0
----------------------------------------
