CCONJ	30365 98.9
VERB 12111 39.9	NOUN 11128 36.6	ADJ 3724 12.3	PROPN 1250 4.1	ADV 1227 4.0	PRON 472 1.6	NUM 172 0.6	DET 169 0.6	PART 52 0.2	SYM 32 0.1	ADP 15 0.0	X 7 0.0	INTJ 4 0.0	CCONJ 2 0.0
----------------------------------------
ADV	143 0.5
NOUN 94 65.7	ADJ 18 12.6	PROPN 15 10.5	VERB 10 7.0	ADV 4 2.8	PRON 1 0.7	DET 1 0.7
----------------------------------------
SCONJ	135 0.4
NOUN 65 48.1	VERB 35 25.9	ADJ 18 13.3	ADV 13 9.6	PRON 2 1.5	NUM 1 0.7	PROPN 1 0.7
----------------------------------------
ADP	43 0.1
VERB 35 81.4	ADJ 4 9.3	ADV 2 4.7	NOUN 1 2.3	SYM 1 2.3
----------------------------------------
PART	11 0.0
NOUN 9 81.8	VERB 2 18.2
----------------------------------------
VERB	5 0.0
VERB 3 60.0	ADV 1 20.0	PRON 1 20.0
----------------------------------------
ADJ	2 0.0
PRON 1 50.0	ADJ 1 50.0
----------------------------------------
PRON	1 0.0
ADJ 1 100.0
----------------------------------------

ADV_Degree	143 100.0	22 100.0
Pos	143 100.0
Other: ADJ_Pos 18 81.8	ADV_Pos 4 18.2
----------------------------------------
PART_Polarity	9 81.8	0 0.0
Neg	9 100.0
Other: 
----------------------------------------
VERB_Aspect	5 100.0	2 66.7
Perf	3 60.0
Other: VERB_Imp 1 100.0
Imp	2 40.0
Other: VERB_Imp 2 100.0
----------------------------------------
VERB_Mood	5 100.0	3 100.0
Ind	5 100.0
Other: VERB_Ind 3 100.0
----------------------------------------
VERB_Number	5 100.0	3 100.0
Sing	5 100.0
Other: VERB_Sing 3 100.0
----------------------------------------
VERB_Tense	5 100.0	3 100.0
Fut	2 40.0
Other: 
Past	2 40.0
Other: VERB_Past 2 100.0
Pres	1 20.0
Other: VERB_Pres 1 100.0
----------------------------------------
VERB_VerbForm	5 100.0	3 100.0
Fin	5 100.0
Other: VERB_Fin 3 100.0
----------------------------------------
VERB_Voice	5 100.0	1 33.3
Act	4 80.0
Other: VERB_Mid 1 50.0	VERB_Act 1 50.0
Mid	1 20.0
Other: VERB_Act 1 100.0
----------------------------------------
VERB_Person	3 60.0	1 100.0
3	2 66.7
Other: VERB_3 1 100.0
2	1 33.3
Other: 
----------------------------------------
ADJ_Degree	2 100.0	0 0.0
Pos	1 50.0
Other: 
Cmp	1 50.0
Other: ADJ_Pos 1 100.0
----------------------------------------
VERB_Gender	2 40.0	1 50.0
Masc	1 50.0
Other: VERB_Fem 1 100.0
Fem	1 50.0
Other: VERB_Fem 1 100.0
----------------------------------------
ADJ_Gender	1 50.0	0 0.0
Neut	1 100.0
Other: 
----------------------------------------
ADJ_Number	1 50.0	0 0.0
Sing	1 100.0
Other: PRON_Plur 1 100.0
----------------------------------------
ADJ_Variant	1 50.0	0 0.0
Short	1 100.0
Other: 
----------------------------------------
PRON_Animacy	1 100.0	0 0.0
Inan	1 100.0
Other: 
----------------------------------------
PRON_Case	1 100.0	0 0.0
Nom	1 100.0
Other: ADJ_Gen 1 100.0
----------------------------------------
PRON_Gender	1 100.0	0 0.0
Neut	1 100.0
Other: 
----------------------------------------
PRON_Number	1 100.0	0 0.0
Sing	1 100.0
Other: ADJ_Plur 1 100.0
----------------------------------------
