NOUN	17127 43.0
NOUN 14933 87.2	VERB 715 4.2	PROPN 602 3.5	ADV 318 1.9	ADJ 306 1.8	PRON 153 0.9	NUM 38 0.2	DET 32 0.2	PART 14 0.1	SYM 9 0.1	ADP 4 0.0	X 3 0.0
----------------------------------------
VERB	13823 34.7
VERB 11746 85.0	ADJ 1040 7.5	NOUN 605 4.4	ADV 231 1.7	PRON 84 0.6	PROPN 36 0.3	NUM 29 0.2	PART 28 0.2	DET 18 0.1	INTJ 3 0.0	SYM 3 0.0
----------------------------------------
ADJ	4663 11.7
ADJ 3238 69.4	VERB 771 16.5	NOUN 300 6.4	DET 195 4.2	ADV 59 1.3	PROPN 47 1.0	PRON 35 0.8	NUM 12 0.3	PART 4 0.1	INTJ 1 0.0	ADP 1 0.0
----------------------------------------
PROPN	2147 5.4
PROPN 1666 77.6	NOUN 345 16.1	VERB 72 3.4	ADJ 29 1.4	PRON 21 1.0	ADV 9 0.4	ADP 2 0.1	PART 2 0.1	DET 1 0.0
----------------------------------------
ADV	1257 3.2
ADV 603 48.0	VERB 288 22.9	NOUN 223 17.7	ADJ 64 5.1	PRON 29 2.3	NUM 21 1.7	PART 8 0.6	PROPN 8 0.6	DET 7 0.6	CCONJ 3 0.2	SYM 2 0.2	INTJ 1 0.1
----------------------------------------
PRON	402 1.0
NOUN 165 41.0	VERB 96 23.9	PRON 86 21.4	ADV 32 8.0	ADJ 9 2.2	PROPN 9 2.2	PART 2 0.5	DET 2 0.5	NUM 1 0.2
----------------------------------------
NUM	274 0.7
NUM 131 47.8	NOUN 66 24.1	VERB 35 12.8	PROPN 21 7.7	SYM 8 2.9	ADJ 7 2.6	PRON 3 1.1	ADV 2 0.7	DET 1 0.4
----------------------------------------
SYM	60 0.2
SYM 24 40.0	VERB 19 31.7	NOUN 14 23.3	PROPN 1 1.7	NUM 1 1.7	ADJ 1 1.7
----------------------------------------
PART	59 0.1
VERB 31 52.5	PART 16 27.1	NOUN 6 10.2	ADJ 6 10.2
----------------------------------------
CCONJ	31 0.1
NOUN 21 67.7	VERB 7 22.6	ADJ 3 9.7
----------------------------------------
DET	13 0.0
VERB 6 46.2	NOUN 4 30.8	ADJ 2 15.4	DET 1 7.7
----------------------------------------
INTJ	6 0.0
ADV 2 33.3	INTJ 2 33.3	VERB 1 16.7	NOUN 1 16.7
----------------------------------------
ADP	4 0.0
NOUN 3 75.0	PRON 1 25.0
----------------------------------------
X	4 0.0
X 2 50.0	NOUN 1 25.0	VERB 1 25.0
----------------------------------------
PUNCT	1 0.0
NOUN 1 100.0
----------------------------------------

NOUN_Animacy	17122 100.0	14707 94.6
Inan	14376 84.0
Other: NOUN_Inan 12164 93.3	NOUN_Anim 401 3.1	PROPN_Inan 387 3.0	PROPN_Anim 45 0.3	PRON_Inan 20 0.2	ADJ_Inan 12 0.1	PRON_Anim 5 0.0	ADJ_Anim 4 0.0	NUM_Inan 2 0.0	VERB_Inan 1 0.0
Anim	2746 16.0
Other: NOUN_Anim 2007 80.0	NOUN_Inan 359 14.3	PROPN_Anim 113 4.5	PROPN_Inan 29 1.2	PRON_Inan 1 0.0	PRON_Anim 1 0.0
----------------------------------------
NOUN_Case	17121 100.0	15106 94.6
Nom	5348 31.2
Other: NOUN_Nom 4476 91.3	PROPN_Nom 206 4.2	NOUN_Gen 61 1.2	ADJ_Nom 46 0.9	PRON_Nom 43 0.9	NOUN_Acc 22 0.4	NUM_Nom 12 0.2	NOUN_Ins 10 0.2	NOUN_Loc 7 0.1	NOUN_Dat 6 0.1	DET_Nom 4 0.1	PRON_Ins 2 0.0	PROPN_Gen 2 0.0	ADJ_Ins 1 0.0	NUM_Acc 1 0.0	VERB_Nom 1 0.0	PROPN_Acc 1 0.0	PROPN_Loc 1 0.0	PRON_Gen 1 0.0	ADJ_Acc 1 0.0
Gen	4922 28.7
Other: NOUN_Gen 4192 89.0	PROPN_Gen 169 3.6	NOUN_Acc 73 1.6	NOUN_Nom 58 1.2	NOUN_Loc 49 1.0	ADJ_Nom 32 0.7	ADJ_Gen 29 0.6	NOUN_Ins 20 0.4	NOUN_Dat 18 0.4	PRON_Gen 17 0.4	ADJ_Acc 9 0.2	DET_Nom 6 0.1	DET_Gen 6 0.1	PROPN_Loc 4 0.1	NUM_Acc 4 0.1	PRON_Nom 4 0.1	DET_Acc 3 0.1	PRON_Acc 2 0.0	NUM_Gen 2 0.0	ADJ_Loc 2 0.0	NUM_Loc 2 0.0	VERB_Gen 2 0.0	PROPN_Ins 1 0.0	NUM_Nom 1 0.0	VERB_Nom 1 0.0	ADJ_Ins 1 0.0	DET_Ins 1 0.0	VERB_Acc 1 0.0
Acc	2643 15.4
Other: NOUN_Acc 2332 92.3	PROPN_Acc 53 2.1	NOUN_Gen 43 1.7	PRON_Acc 31 1.2	NOUN_Loc 23 0.9	NOUN_Dat 9 0.4	NOUN_Ins 8 0.3	ADJ_Acc 7 0.3	NOUN_Nom 6 0.2	ADJ_Loc 2 0.1	NUM_Acc 2 0.1	DET_Acc 2 0.1	ADJ_Nom 2 0.1	PRON_Nom 2 0.1	PRON_Dat 1 0.0	PRON_Gen 1 0.0	VERB_Nom 1 0.0	DET_Nom 1 0.0
Ins	1850 10.8
Other: NOUN_Ins 1492 86.7	NOUN_Loc 45 2.6	ADJ_Nom 40 2.3	PROPN_Ins 39 2.3	NOUN_Gen 25 1.5	ADJ_Ins 15 0.9	NOUN_Acc 13 0.8	NOUN_Nom 9 0.5	PRON_Ins 8 0.5	NOUN_Dat 7 0.4	ADJ_Acc 5 0.3	PROPN_Loc 4 0.2	VERB_Nom 2 0.1	PRON_Gen 2 0.1	DET_Ins 2 0.1	DET_Nom 2 0.1	VERB_Gen 2 0.1	DET_Acc 2 0.1	PROPN_Gen 1 0.1	VERB_Ins 1 0.1	VERB_Acc 1 0.1	PRON_Acc 1 0.1	ADJ_Loc 1 0.1	VERB_Dat 1 0.1
Loc	1506 8.8
Other: NOUN_Loc 1049 81.1	PROPN_Loc 63 4.9	NOUN_Gen 42 3.2	ADJ_Loc 21 1.6	NOUN_Ins 19 1.5	NOUN_Acc 19 1.5	PRON_Loc 16 1.2	NOUN_Nom 14 1.1	ADJ_Nom 10 0.8	NOUN_Dat 9 0.7	PRON_Gen 6 0.5	ADJ_Acc 5 0.4	NUM_Acc 2 0.2	DET_Loc 2 0.2	PROPN_Ins 2 0.2	VERB_Loc 2 0.2	PRON_Nom 2 0.2	PROPN_Acc 1 0.1	VERB_Ins 1 0.1	PROPN_Nom 1 0.1	VERB_Gen 1 0.1	PRON_Ins 1 0.1	NUM_Nom 1 0.1	ADJ_Ins 1 0.1	VERB_Nom 1 0.1	NUM_Loc 1 0.1	NUM_Gen 1 0.1
Dat	848 5.0
Other: NOUN_Dat 725 89.2	PROPN_Dat 25 3.1	NOUN_Gen 22 2.7	NOUN_Loc 12 1.5	PRON_Dat 10 1.2	NOUN_Ins 4 0.5	NOUN_Acc 4 0.5	ADJ_Nom 3 0.4	ADJ_Dat 3 0.4	ADJ_Ins 2 0.2	PROPN_Acc 1 0.1	NOUN_Nom 1 0.1	ADJ_Loc 1 0.1
Par	3 0.0
Other: NOUN_Gen 1 100.0
Voc	1 0.0
Other: NOUN_Gen 1 100.0
----------------------------------------
NOUN_Number	17121 100.0	13041 78.7
Sing	10612 62.0
Other: NOUN_Sing 7784 76.3	NOUN_Plur 1323 13.0	PROPN_Sing 365 3.6	VERB_Sing 289 2.8	ADJ_Sing 161 1.6	VERB_Plur 147 1.4	PRON_Sing 53 0.5	ADJ_Plur 38 0.4	PRON_Plur 16 0.2	DET_Sing 13 0.1	PROPN_Plur 12 0.1	DET_Plur 6 0.1
Plur	6509 38.0
Other: NOUN_Plur 4182 65.7	NOUN_Sing 1637 25.7	PROPN_Sing 182 2.9	VERB_Sing 105 1.6	VERB_Plur 96 1.5	ADJ_Plur 58 0.9	ADJ_Sing 43 0.7	PRON_Sing 19 0.3	PRON_Plur 18 0.3	PROPN_Plur 15 0.2	DET_Plur 7 0.1	DET_Sing 5 0.1
----------------------------------------
NOUN_Gender	17109 99.9	7878 49.3
Masc	7294 42.6
Other: NOUN_Masc 3793 56.3	NOUN_Fem 1626 24.1	NOUN_Neut 828 12.3	PROPN_Masc 169 2.5	PROPN_Fem 83 1.2	VERB_Masc 55 0.8	ADJ_Masc 41 0.6	ADJ_Fem 24 0.4	ADJ_Neut 22 0.3	VERB_Neut 17 0.3	VERB_Fem 16 0.2	PRON_Masc 14 0.2	NUM_Masc 14 0.2	PROPN_Neut 12 0.2	PRON_Neut 8 0.1	DET_Masc 8 0.1	PRON_Fem 3 0.0	DET_Neut 2 0.0	DET_Fem 2 0.0
Fem	6080 35.5
Other: NOUN_Fem 2401 42.2	NOUN_Masc 1845 32.4	NOUN_Neut 1045 18.4	PROPN_Fem 102 1.8	PROPN_Masc 91 1.6	VERB_Masc 39 0.7	ADJ_Fem 31 0.5	ADJ_Masc 30 0.5	VERB_Fem 27 0.5	ADJ_Neut 23 0.4	PROPN_Neut 19 0.3	VERB_Neut 15 0.3	PRON_Masc 8 0.1	PRON_Neut 8 0.1	PRON_Fem 6 0.1	DET_Fem 4 0.1
Neut	3735 21.8
Other: NOUN_Fem 1225 34.5	NOUN_Neut 1172 33.0	NOUN_Masc 976 27.5	PROPN_Fem 42 1.2	PROPN_Masc 36 1.0	VERB_Masc 18 0.5	ADJ_Masc 14 0.4	PROPN_Neut 12 0.3	ADJ_Neut 11 0.3	ADJ_Fem 9 0.3	VERB_Neut 8 0.2	PRON_Neut 8 0.2	VERB_Fem 8 0.2	PRON_Masc 3 0.1	NUM_Neut 2 0.1	NUM_Fem 1 0.0	PRON_Fem 1 0.0	DET_Masc 1 0.0	DET_Fem 1 0.0
----------------------------------------
VERB_Voice	13822 100.0	7649 65.1
Act	9847 71.2
Other: VERB_Act 6572 77.4	VERB_Mid 1495 17.6	VERB_Pass 419 4.9
Mid	2753 19.9
Other: VERB_Act 1539 65.7	VERB_Mid 629 26.8	VERB_Pass 175 7.5
Pass	1222 8.8
Other: VERB_Pass 448 48.9	VERB_Act 342 37.3	VERB_Mid 127 13.8
----------------------------------------
VERB_Aspect	13818 100.0	9375 79.8
Imp	8167 59.1
Other: VERB_Imp 5558 81.6	VERB_Perf 1250 18.4
Perf	5651 40.9
Other: VERB_Perf 3817 77.3	VERB_Imp 1120 22.7
----------------------------------------
VERB_VerbForm	13818 100.0	10874 92.6
Fin	10522 76.1
Other: VERB_Fin 8521 94.8	VERB_Part 364 4.1	VERB_Inf 100 1.1	VERB_Conv 1 0.0
Inf	1872 13.5
Other: VERB_Inf 1674 93.7	VERB_Fin 100 5.6	VERB_Part 13 0.7
Part	1222 8.8
Other: VERB_Part 506 63.4	VERB_Fin 287 36.0	VERB_Inf 4 0.5	VERB_Conv 1 0.1
Conv	202 1.5
Other: VERB_Conv 173 99.4	VERB_Part 1 0.6
----------------------------------------
VERB_Tense	11786 85.3	8413 87.0
Past	6402 54.3
Other: VERB_Past 5167 93.6	VERB_Pres 313 5.7	VERB_Fut 39 0.7
Pres	4560 38.7
Other: VERB_Pres 2882 80.9	VERB_Past 596 16.7	VERB_Fut 84 2.4
Fut	824 7.0
Other: VERB_Fut 364 61.5	VERB_Pres 136 23.0	VERB_Past 92 15.5
----------------------------------------
VERB_Number	11744 85.0	9082 80.4
Sing	7526 64.1
Other: VERB_Sing 5280 73.0	VERB_Plur 876 12.1	ADJ_Sing 573 7.9	NOUN_Sing 321 4.4	NOUN_Plur 59 0.8	ADJ_Plur 45 0.6	PRON_Sing 33 0.5	PROPN_Sing 24 0.3	DET_Sing 10 0.1	PRON_Plur 9 0.1
Plur	4218 35.9
Other: VERB_Plur 2551 62.8	VERB_Sing 971 23.9	ADJ_Plur 214 5.3	NOUN_Sing 124 3.1	ADJ_Sing 117 2.9	NOUN_Plur 64 1.6	PRON_Plur 7 0.2	PROPN_Sing 6 0.1	DET_Plur 5 0.1	PRON_Sing 3 0.1	DET_Sing 3 0.1
----------------------------------------
VERB_Mood	10522 76.1	8422 98.8
Ind	10362 98.5
Other: VERB_Ind 8341 99.3	VERB_Imp 56 0.7
Imp	160 1.5
Other: VERB_Imp 81 65.3	VERB_Ind 43 34.7
----------------------------------------
VERB_Person	5111 37.0	3186 92.5
3	4407 86.2
Other: VERB_3 2851 95.3	VERB_1 70 2.3	VERB_2 56 1.9	PRON_3 8 0.3	PRON_1 4 0.1	PRON_2 2 0.1
1	395 7.7
Other: VERB_1 161 65.7	VERB_3 57 23.3	VERB_2 22 9.0	PRON_1 4 1.6	PRON_2 1 0.4
2	309 6.0
Other: VERB_2 158 75.2	VERB_3 42 20.0	PRON_2 4 1.9	VERB_1 4 1.9	PRON_3 2 1.0
----------------------------------------
ADJ_Degree	4663 100.0	3267 98.7
Pos	4491 96.3
Other: ADJ_Pos 3137 97.5	ADV_Pos 55 1.7	DET_Pos 15 0.5	ADJ_Cmp 7 0.2	ADJ_Sup 4 0.1	ADV_Cmp 1 0.0
Cmp	166 3.6
Other: ADJ_Cmp 57 66.3	ADJ_Pos 26 30.2	ADV_Pos 2 2.3	ADV_Cmp 1 1.2
Sup	6 0.1
Other: ADJ_Pos 3 60.0	ADJ_Sup 2 40.0
----------------------------------------
ADJ_Number	4496 96.4	4092 93.7
Sing	2892 64.3
Other: ADJ_Sing 1938 69.5	VERB_Sing 388 13.9	NOUN_Sing 158 5.7	DET_Sing 123 4.4	VERB_Plur 100 3.6	NOUN_Plur 28 1.0	PRON_Sing 21 0.8	ADJ_Plur 17 0.6	PROPN_Sing 14 0.5	PRON_Plur 2 0.1	DET_Plur 1 0.0
Plur	1604 35.7
Other: ADJ_Plur 1167 74.1	VERB_Plur 154 9.8	DET_Plur 70 4.4	NOUN_Plur 56 3.6	VERB_Sing 51 3.2	NOUN_Sing 34 2.2	ADJ_Sing 25 1.6	PROPN_Sing 13 0.8	PROPN_Plur 2 0.1	DET_Sing 1 0.1	PRON_Plur 1 0.1	PRON_Sing 1 0.1
----------------------------------------
VERB_Gender	4408 31.9	2804 77.1
Masc	2461 55.8
Other: VERB_Masc 1619 76.0	ADJ_Masc 135 6.3	VERB_Fem 127 6.0	VERB_Neut 116 5.4	NOUN_Masc 60 2.8	NOUN_Neut 17 0.8	NOUN_Fem 16 0.8	ADJ_Neut 15 0.7	ADJ_Fem 7 0.3	DET_Masc 7 0.3	PROPN_Masc 5 0.2	PROPN_Fem 3 0.1	PRON_Neut 2 0.1	DET_Fem 1 0.0	PRON_Masc 1 0.0
Fem	1189 27.0
Other: VERB_Fem 587 60.1	VERB_Masc 157 16.1	ADJ_Fem 82 8.4	VERB_Neut 58 5.9	NOUN_Fem 22 2.3	NOUN_Masc 22 2.3	ADJ_Neut 18 1.8	ADJ_Masc 13 1.3	NOUN_Neut 6 0.6	PRON_Neut 5 0.5	NUM_Fem 3 0.3	PRON_Masc 1 0.1	PROPN_Fem 1 0.1	PROPN_Masc 1 0.1
Neut	758 17.2
Other: VERB_Neut 210 39.5	VERB_Masc 137 25.8	ADJ_Neut 68 12.8	VERB_Fem 55 10.4	NOUN_Fem 18 3.4	ADJ_Masc 16 3.0	NOUN_Masc 12 2.3	ADJ_Fem 8 1.5	NOUN_Neut 3 0.6	PROPN_Masc 3 0.6	PRON_Neut 1 0.2
----------------------------------------
ADJ_Case	3530 75.7	3273 98.4
Nom	1150 32.6
Other: ADJ_Nom 840 83.2	NOUN_Nom 67 6.6	DET_Nom 35 3.5	VERB_Nom 22 2.2	PROPN_Nom 11 1.1	PRON_Nom 8 0.8	NOUN_Loc 5 0.5	NOUN_Acc 5 0.5	NOUN_Gen 5 0.5	ADJ_Acc 4 0.4	NOUN_Ins 2 0.2	NUM_Nom 2 0.2	PROPN_Loc 1 0.1	NOUN_Dat 1 0.1	PRON_Gen 1 0.1	PROPN_Gen 1 0.1
Gen	937 26.5
Other: ADJ_Gen 795 86.0	DET_Gen 59 6.4	NOUN_Gen 30 3.2	VERB_Gen 19 2.1	PRON_Gen 7 0.8	NOUN_Nom 5 0.5	PROPN_Gen 2 0.2	ADJ_Nom 2 0.2	ADJ_Ins 1 0.1	NOUN_Ins 1 0.1	NUM_Gen 1 0.1	NOUN_Dat 1 0.1	NOUN_Acc 1 0.1
Acc	538 15.2
Other: ADJ_Acc 432 81.7	DET_Acc 35 6.6	NOUN_Acc 31 5.9	VERB_Acc 21 4.0	NUM_Acc 2 0.4	ADJ_Nom 2 0.4	PROPN_Acc 2 0.4	NOUN_Loc 1 0.2	VERB_Nom 1 0.2	PRON_Acc 1 0.2	PROPN_Loc 1 0.2
Ins	487 13.8
Other: ADJ_Ins 405 88.0	NOUN_Ins 16 3.5	DET_Ins 16 3.5	VERB_Ins 15 3.3	PROPN_Ins 2 0.4	PRON_Ins 2 0.4	ADJ_Nom 2 0.4	NOUN_Nom 2 0.4
Loc	270 7.6
Other: ADJ_Loc 187 72.2	DET_Loc 30 11.6	NOUN_Loc 20 7.7	VERB_Loc 14 5.4	PRON_Loc 2 0.8	NOUN_Gen 2 0.8	PROPN_Loc 1 0.4	PROPN_Nom 1 0.4	NOUN_Nom 1 0.4	NUM_Loc 1 0.4
Dat	148 4.2
Other: ADJ_Dat 107 74.3	DET_Dat 19 13.2	VERB_Dat 7 4.9	NOUN_Dat 5 3.5	PRON_Dat 2 1.4	NOUN_Gen 2 1.4	NOUN_Par 1 0.7	ADJ_Ins 1 0.7
----------------------------------------
ADJ_Gender	2892 62.0	2294 92.0
Masc	1060 36.7
Other: ADJ_Masc 720 75.9	DET_Masc 61 6.4	VERB_Masc 57 6.0	NOUN_Masc 51 5.4	NOUN_Fem 14 1.5	VERB_Neut 11 1.2	NOUN_Neut 9 0.9	ADJ_Fem 7 0.7	ADJ_Neut 5 0.5	PROPN_Masc 5 0.5	VERB_Fem 4 0.4	PRON_Neut 3 0.3	PRON_Masc 1 0.1	PROPN_Neut 1 0.1
Fem	959 33.2
Other: ADJ_Fem 696 80.5	DET_Fem 48 5.5	VERB_Fem 43 5.0	NOUN_Fem 39 4.5	NOUN_Masc 9 1.0	VERB_Neut 8 0.9	VERB_Masc 7 0.8	NUM_Fem 5 0.6	NOUN_Neut 4 0.5	ADJ_Masc 3 0.3	ADJ_Neut 2 0.2	PROPN_Fem 1 0.1
Neut	873 30.2
Other: ADJ_Neut 483 71.0	VERB_Neut 33 4.9	VERB_Masc 32 4.7	NOUN_Masc 23 3.4	NOUN_Neut 20 2.9	PRON_Neut 17 2.5	NOUN_Fem 17 2.5	DET_Neut 14 2.1	ADJ_Fem 12 1.8	VERB_Fem 11 1.6	ADJ_Masc 10 1.5	PROPN_Fem 4 0.6	PROPN_Masc 3 0.4	PRON_Masc 1 0.1
----------------------------------------
NOUN_Prep	2423 14.1	1166 68.6
в	672 27.7
на	362 14.9
с	273 11.3
о	142 5.9
по	134 5.5
к	95 3.9
за	88 3.6
без	77 3.2
от	75 3.1
для	72 3.0
из	40 1.7
до	40 1.7
при	39 1.6
у	37 1.5
со	32 1.3
после	29 1.2
под	24 1.0
во	23 0.9
через	20 0.8
об	19 0.8
про	13 0.5
над	10 0.4
около	10 0.4
из-за	9 0.4
против	9 0.4
прежде	8 0.3
вне	7 0.3
между	7 0.3
перед	5 0.2
спустя	5 0.2
путем	4 0.2
среди	4 0.2
относительно	3 0.1
ради	3 0.1
благодаря	3 0.1
порядка	2 0.1
вопреки	2 0.1
ко	2 0.1
вокруг	2 0.1
вместо	2 0.1
вблизи	2 0.1
посредством	1 0.0
плюс	1 0.0
свыше	1 0.0
посреди	1 0.0
возле	1 0.0
безо	1 0.0
сверх	1 0.0
накануне	1 0.0
близ	1 0.0
насчет	1 0.0
подобно	1 0.0
ниже	1 0.0
кроме	1 0.0
вроде	1 0.0
сквозь	1 0.0
вдоль	1 0.0
помимо	1 0.0
поверх	1 0.0
----------------------------------------
PROPN_Animacy	2045 95.2	1836 95.7
Inan	1450 70.9
Other: PROPN_Inan 1101 79.8	NOUN_Inan 233 16.9	NOUN_Anim 28 2.0	PROPN_Anim 17 1.2	ADJ_Inan 1 0.1
Anim	595 29.1
Other: PROPN_Anim 469 87.0	NOUN_Anim 32 5.9	NOUN_Inan 25 4.6	PROPN_Inan 13 2.4
----------------------------------------
PROPN_Case	2045 95.2	1904 97.7
Nom	749 36.6
Other: PROPN_Nom 587 83.0	NOUN_Nom 107 15.1	PRON_Nom 8 1.1	NOUN_Gen 2 0.3	NOUN_Ins 1 0.1	PRON_Ins 1 0.1	PROPN_Gen 1 0.1
Gen	563 27.5
Other: PROPN_Gen 460 83.3	NOUN_Gen 74 13.4	NOUN_Loc 4 0.7	NOUN_Acc 4 0.7	NOUN_Nom 3 0.5	PRON_Gen 2 0.4	ADJ_Nom 2 0.4	ADJ_Gen 1 0.2	NOUN_Dat 1 0.2	DET_Gen 1 0.2
Loc	329 16.1
Other: PROPN_Loc 256 82.8	NOUN_Loc 41 13.3	NOUN_Gen 4 1.3	NOUN_Ins 2 0.6	PRON_Nom 2 0.6	NOUN_Acc 1 0.3	PROPN_Acc 1 0.3	NOUN_Dat 1 0.3	PROPN_Gen 1 0.3
Acc	194 9.5
Other: PROPN_Acc 143 79.4	NOUN_Acc 28 15.6	NOUN_Dat 2 1.1	PROPN_Dat 1 0.6	PRON_Dat 1 0.6	ADJ_Acc 1 0.6	NOUN_Loc 1 0.6	PROPN_Gen 1 0.6	PRON_Acc 1 0.6	NOUN_Ins 1 0.6
Ins	142 6.9
Other: PROPN_Ins 106 77.9	NOUN_Ins 22 16.2	PRON_Ins 3 2.2	PROPN_Loc 2 1.5	ADJ_Ins 1 0.7	NOUN_Dat 1 0.7	ADJ_Gen 1 0.7
Dat	68 3.3
Other: PROPN_Dat 40 62.5	NOUN_Dat 17 26.6	ADJ_Dat 3 4.7	PRON_Dat 2 3.1	PROPN_Ins 1 1.6	NOUN_Gen 1 1.6
----------------------------------------
PROPN_Number	2045 95.2	1774 88.3
Sing	1931 94.4
Other: PROPN_Sing 1466 77.3	NOUN_Sing 214 11.3	NOUN_Plur 79 4.2	PROPN_Plur 51 2.7	VERB_Sing 48 2.5	PRON_Sing 10 0.5	VERB_Plur 10 0.5	ADJ_Sing 9 0.5	PRON_Plur 4 0.2	ADJ_Plur 4 0.2	DET_Plur 1 0.1
Plur	114 5.6
Other: PROPN_Sing 73 65.2	NOUN_Plur 16 14.3	PROPN_Plur 10 8.9	NOUN_Sing 9 8.0	VERB_Sing 2 1.8	ADJ_Sing 1 0.9	VERB_Plur 1 0.9
----------------------------------------
PROPN_Gender	1992 92.8	1269 67.8
Masc	1085 54.5
Other: PROPN_Masc 629 60.9	PROPN_Fem 188 18.2	NOUN_Masc 102 9.9	NOUN_Fem 39 3.8	PROPN_Neut 29 2.8	NOUN_Neut 19 1.8	VERB_Masc 16 1.6	PRON_Masc 5 0.5	ADJ_Fem 3 0.3	VERB_Fem 1 0.1	PRON_Fem 1 0.1
Fem	823 41.3
Other: PROPN_Fem 427 56.3	PROPN_Masc 175 23.1	NOUN_Masc 61 8.0	NOUN_Fem 53 7.0	NOUN_Neut 14 1.8	PROPN_Neut 12 1.6	VERB_Masc 7 0.9	VERB_Fem 3 0.4	ADJ_Masc 3 0.4	ADJ_Fem 3 0.4	PRON_Fem 1 0.1
Neut	84 4.2
Other: PROPN_Neut 22 27.2	PROPN_Fem 21 25.9	PROPN_Masc 12 14.8	NOUN_Masc 10 12.3	NOUN_Fem 8 9.9	NOUN_Neut 6 7.4	VERB_Neut 1 1.2	ADJ_Neut 1 1.2
----------------------------------------
ADV_Degree	1257 100.0	649 97.0
Pos	1110 88.3
Other: ADV_Pos 531 89.8	ADJ_Pos 54 9.1	ADJ_Cmp 5 0.8	ADV_Cmp 1 0.2
Cmp	147 11.7
Other: ADV_Cmp 63 80.8	ADV_Pos 8 10.3	ADJ_Pos 4 5.1	DET_Pos 2 2.6	ADJ_Cmp 1 1.3
----------------------------------------
ADJ_Variant	966 20.7	375 100.0
Short	966 100.0
Other: ADJ_Short 338 90.1	VERB_Short 37 9.9
----------------------------------------
VERB_Case	612 4.4	593 98.5
Nom	256 41.8
Other: VERB_Nom 119 48.0	ADJ_Nom 107 43.1	NOUN_Nom 14 5.6	NOUN_Gen 3 1.2	DET_Nom 2 0.8	ADJ_Acc 2 0.8	VERB_Gen 1 0.4
Gen	133 21.7
Other: VERB_Gen 77 57.9	ADJ_Gen 46 34.6	NOUN_Gen 6 4.5	NOUN_Nom 1 0.8	PROPN_Gen 1 0.8	DET_Gen 1 0.8	NUM_Gen 1 0.8
Acc	94 15.4
Other: ADJ_Acc 45 47.9	VERB_Acc 40 42.6	NOUN_Acc 6 6.4	NOUN_Gen 1 1.1	VERB_Nom 1 1.1	DET_Acc 1 1.1
Ins	72 11.8
Other: ADJ_Ins 45 63.4	VERB_Ins 23 32.4	NOUN_Ins 2 2.8	NUM_Ins 1 1.4
Loc	31 5.1
Other: ADJ_Loc 23 74.2	VERB_Loc 8 25.8
Dat	26 4.2
Other: ADJ_Dat 16 64.0	VERB_Dat 9 36.0
----------------------------------------
VERB_Variant	610 4.4	263 100.0
Short	610 100.0
Other: VERB_Short 227 86.3	ADJ_Short 36 13.7
----------------------------------------
PRON_Case	402 100.0	176 65.9
Nom	107 26.6
Other: PRON_Nom 33 52.4	NOUN_Nom 23 36.5	ADJ_Nom 2 3.2	NOUN_Loc 2 3.2	PRON_Gen 1 1.6	NOUN_Gen 1 1.6	ADJ_Acc 1 1.6
Gen	101 25.1
Other: NOUN_Gen 19 31.7	PRON_Gen 11 18.3	NOUN_Nom 9 15.0	NOUN_Loc 4 6.7	PRON_Nom 3 5.0	NOUN_Ins 3 5.0	PROPN_Gen 3 5.0	NOUN_Acc 3 5.0	PROPN_Loc 3 5.0	PRON_Dat 1 1.7	ADJ_Nom 1 1.7
Dat	62 15.4
Other: NOUN_Nom 14 28.6	NOUN_Gen 14 28.6	NOUN_Dat 6 12.2	NOUN_Ins 4 8.2	NOUN_Acc 4 8.2	PRON_Dat 2 4.1	PRON_Gen 1 2.0	VERB_Acc 1 2.0	ADJ_Nom 1 2.0	PROPN_Nom 1 2.0	NOUN_Loc 1 2.0
Loc	57 14.2
Other: NOUN_Loc 19 46.3	PRON_Loc 12 29.3	PRON_Nom 3 7.3	NOUN_Nom 3 7.3	ADJ_Loc 1 2.4	NOUN_Dat 1 2.4	NOUN_Ins 1 2.4	PROPN_Loc 1 2.4
Acc	47 11.7
Other: NOUN_Acc 17 51.5	PRON_Acc 12 36.4	NOUN_Ins 2 6.1	PRON_Nom 1 3.0	NOUN_Dat 1 3.0
Ins	28 7.0
Other: NOUN_Ins 8 38.1	PRON_Ins 6 28.6	NOUN_Gen 4 19.0	PROPN_Ins 1 4.8	ADJ_Nom 1 4.8	NOUN_Loc 1 4.8
----------------------------------------
ADJ_Animacy	319 6.8	291 100.0
Inan	273 85.6
Other: ADJ_Inan 224 90.0	NOUN_Inan 16 6.4	VERB_Inan 8 3.2	PROPN_Inan 1 0.4
Anim	46 14.4
Other: ADJ_Anim 32 76.2	NOUN_Anim 4 9.5	VERB_Anim 3 7.1	PROPN_Anim 2 4.8	DET_Anim 1 2.4
----------------------------------------
PRON_Number	285 70.9	183 71.8
Sing	219 76.8
Other: NOUN_Sing 81 41.1	PRON_Sing 36 18.3	NOUN_Plur 33 16.8	VERB_Sing 26 13.2	VERB_Plur 11 5.6	ADJ_Sing 4 2.0	PRON_Plur 2 1.0	ADJ_Plur 2 1.0	PROPN_Sing 2 1.0
Plur	66 23.2
Other: PRON_Plur 11 19.0	NOUN_Plur 11 19.0	VERB_Plur 11 19.0	VERB_Sing 9 15.5	NOUN_Sing 8 13.8	PROPN_Sing 4 6.9	PRON_Sing 3 5.2	PROPN_Plur 1 1.7
----------------------------------------
PRON_Gender	199 49.5	68 43.3
Neut	151 75.9
Other: NOUN_Masc 40 31.0	NOUN_Fem 32 24.8	PRON_Neut 29 22.5	NOUN_Neut 18 14.0	VERB_Masc 4 3.1	ADJ_Neut 2 1.6	ADJ_Masc 1 0.8	VERB_Fem 1 0.8	PROPN_Masc 1 0.8	VERB_Neut 1 0.8
Masc	27 13.6
Other: NOUN_Masc 5 41.7	PRON_Fem 2 16.7	NOUN_Fem 2 16.7	VERB_Masc 1 8.3	NOUN_Neut 1 8.3	ADJ_Masc 1 8.3
Fem	21 10.6
Other: NOUN_Fem 10 62.5	VERB_Masc 3 18.8	PRON_Masc 2 12.5	PROPN_Fem 1 6.2
----------------------------------------
PROPN_Prep	198 9.2	94 60.6
в	104 52.5
на	33 16.7
с	11 5.6
из	6 3.0
для	5 2.5
о	4 2.0
под	4 2.0
по	4 2.0
к	3 1.5
за	3 1.5
через	3 1.5
при	2 1.0
во	2 1.0
после	2 1.0
прежде	2 1.0
до	2 1.0
возле	1 0.5
от	1 0.5
со	1 0.5
вокруг	1 0.5
ради	1 0.5
перед	1 0.5
против	1 0.5
об	1 0.5
----------------------------------------
PRON_Prep	169 42.0	62 72.9
в	30 17.8
у	29 17.2
о	19 11.2
для	10 5.9
на	9 5.3
за	8 4.7
к	7 4.1
с	6 3.6
при	5 3.0
после	5 3.0
от	4 2.4
перед	3 1.8
без	3 1.8
из	3 1.8
вне	3 1.8
между	3 1.8
над	2 1.2
среди	2 1.2
ради	2 1.2
вдоль	2 1.2
из-за	2 1.2
до	2 1.2
под	1 0.6
помимо	1 0.6
вопреки	1 0.6
про	1 0.6
во	1 0.6
близ	1 0.6
по	1 0.6
относительно	1 0.6
вокруг	1 0.6
поверх	1 0.6
----------------------------------------
PRON_Animacy	165 41.0	118 90.8
Inan	151 91.5
Other: NOUN_Inan 81 66.9	PRON_Inan 29 24.0	NOUN_Anim 9 7.4	VERB_Inan 1 0.8	PROPN_Anim 1 0.8
Anim	14 8.5
Other: NOUN_Anim 5 55.6	PRON_Inan 2 22.2	PRON_Anim 2 22.2
----------------------------------------
PRON_Person	120 29.9	19 50.0
3	69 57.5
Other: VERB_3 8 44.4	PRON_3 6 33.3	PRON_1 3 16.7	VERB_1 1 5.6
1	42 35.0
Other: VERB_3 6 42.9	PRON_1 2 14.3	PRON_3 2 14.3	PRON_2 2 14.3	VERB_1 1 7.1	VERB_2 1 7.1
2	9 7.5
Other: PRON_2 2 33.3	PRON_1 2 33.3	VERB_1 2 33.3
----------------------------------------
ADJ_Prep	104 2.2	56 90.3
в	34 32.7
на	13 12.5
с	10 9.6
по	7 6.7
у	6 5.8
от	5 4.8
для	5 4.8
до	4 3.8
к	4 3.8
прежде	3 2.9
за	3 2.9
из	2 1.9
между	2 1.9
во	2 1.9
о	1 1.0
а-ля	1 1.0
среди	1 1.0
без	1 1.0
----------------------------------------
NUM_Case	92 33.6	69 90.8
Nom	51 55.4
Other: NUM_Nom 18 50.0	NOUN_Nom 11 30.6	NOUN_Gen 3 8.3	PROPN_Nom 2 5.6	NOUN_Loc 1 2.8	NUM_Acc 1 2.8
Acc	23 25.0
Other: NOUN_Acc 12 54.5	NUM_Acc 7 31.8	NUM_Nom 1 4.5	NOUN_Gen 1 4.5	PROPN_Acc 1 4.5
Gen	11 12.0
Other: NUM_Gen 8 72.7	NOUN_Gen 3 27.3
Loc	3 3.3
Other: NUM_Loc 2 66.7	NOUN_Loc 1 33.3
Dat	2 2.2
Other: NOUN_Dat 2 100.0
Ins	2 2.2
Other: NOUN_Ins 1 50.0	NUM_Ins 1 50.0
----------------------------------------
VERB_Animacy	61 0.4	58 98.3
Inan	47 77.0
Other: ADJ_Inan 23 51.1	VERB_Inan 21 46.7	NOUN_Inan 1 2.2
Anim	14 23.0
Other: VERB_Anim 8 57.1	NOUN_Anim 4 28.6	NOUN_Inan 1 7.1	ADJ_Anim 1 7.1
----------------------------------------
VERB_Prep	60 0.4	3 75.0
до	19 31.7
в	19 31.7
с	7 11.7
на	6 10.0
по	4 6.7
между	2 3.3
от	1 1.7
прежде	1 1.7
без	1 1.7
----------------------------------------
NUM_Gender	49 17.9	28 73.7
Masc	35 71.4
Other: NOUN_Masc 21 84.0	PROPN_Masc 2 8.0	ADJ_Neut 1 4.0	NOUN_Fem 1 4.0
Fem	12 24.5
Other: NOUN_Masc 5 45.5	NUM_Fem 5 45.5	NOUN_Neut 1 9.1
Neut	2 4.1
Other: NOUN_Masc 2 100.0
----------------------------------------
NUM_Prep	35 12.8	19 82.6
от	8 22.9
в	6 17.1
до	5 14.3
за	4 11.4
на	4 11.4
для	2 5.7
из	1 2.9
по	1 2.9
во	1 2.9
о	1 2.9
без	1 2.9
с	1 2.9
----------------------------------------
NUM_Animacy	17 6.2	16 100.0
Inan	16 94.1
Other: NOUN_Inan 11 73.3	NUM_Inan 3 20.0	PROPN_Inan 1 6.7
Anim	1 5.9
Other: NUM_Anim 1 100.0
----------------------------------------
DET_Case	13 100.0	2 40.0
Nom	9 69.2
Other: NOUN_Acc 1 50.0	DET_Nom 1 50.0
Acc	2 15.4
Other: NOUN_Acc 1 100.0
Gen	2 15.4
Other: NOUN_Ins 1 50.0	NOUN_Loc 1 50.0
----------------------------------------
DET_Number	13 100.0	7 58.3
Sing	8 61.5
Other: NOUN_Sing 2 25.0	NOUN_Plur 1 12.5	VERB_Sing 1 12.5	ADJ_Sing 1 12.5	ADJ_Plur 1 12.5	DET_Sing 1 12.5	VERB_Plur 1 12.5
Plur	5 38.5
Other: VERB_Plur 2 50.0	NOUN_Sing 1 25.0	VERB_Sing 1 25.0
----------------------------------------
PROPN_Foreign	11 0.5	5 100.0
Yes	11 100.0
Other: PROPN_Yes 5 100.0
----------------------------------------
SYM_Prep	10 16.7	3 100.0
на	4 40.0
у	1 10.0
в	1 10.0
под	1 10.0
до	1 10.0
порядка	1 10.0
около	1 10.0
----------------------------------------
DET_Gender	9 69.2	5 83.3
Masc	5 55.6
Other: NOUN_Masc 1 33.3	ADJ_Masc 1 33.3	VERB_Masc 1 33.3
Fem	3 33.3
Other: NOUN_Fem 1 33.3	NOUN_Neut 1 33.3	DET_Fem 1 33.3
Neut	1 11.1
Other: 
----------------------------------------
ADV_Prep	7 0.6	0 0.0
во	2 28.6
до	2 28.6
в	1 14.3
по	1 14.3
на	1 14.3
----------------------------------------
X_Foreign	4 100.0	2 100.0
Yes	4 100.0
Other: X_Yes 2 100.0
----------------------------------------
DET_Degree	3 23.1	2 100.0
Pos	3 100.0
Other: ADJ_Pos 1 50.0	DET_Pos 1 50.0
----------------------------------------
DET_Prep	2 15.4	0 0.0
за	1 50.0
до	1 50.0
----------------------------------------
DET_Animacy	1 7.7	1 100.0
Inan	1 100.0
Other: NOUN_Inan 1 100.0
----------------------------------------
