VERB	129 99.2
VERB 127 98.4	ADJ 2 1.6
----------------------------------------
ADV	1 0.8
VERB 1 100.0
----------------------------------------

VERB_Aspect	129 100.0	57 44.9
Imp	72 55.8
Other: VERB_Imp 36 50.7	VERB_Perf 35 49.3
Perf	57 44.2
Other: VERB_Imp 35 62.5	VERB_Perf 21 37.5
----------------------------------------
VERB_VerbForm	129 100.0	8 6.3
Inf	119 92.2
Other: VERB_Fin 64 54.2	VERB_Part 54 45.8
Fin	8 6.2
Other: VERB_Fin 7 87.5	VERB_Part 1 12.5
Part	2 1.6
Other: VERB_Part 1 100.0
----------------------------------------
VERB_Voice	129 100.0	2 1.6
Act	119 92.2
Other: VERB_Pass 118 100.0
Mid	7 5.4
Other: VERB_Pass 7 100.0
Pass	3 2.3
Other: VERB_Pass 2 100.0
----------------------------------------
VERB_Number	10 7.8	3 30.0
Plur	7 70.0
Other: VERB_Sing 7 100.0
Sing	3 30.0
Other: VERB_Sing 2 66.7	ADJ_Sing 1 33.3
----------------------------------------
VERB_Tense	10 7.8	4 44.4
Pres	7 70.0
Other: VERB_Past 4 57.1	VERB_Pres 3 42.9
Past	3 30.0
Other: VERB_Past 1 50.0	VERB_Pres 1 50.0
----------------------------------------
VERB_Mood	8 6.2	7 100.0
Ind	8 100.0
Other: VERB_Ind 7 100.0
----------------------------------------
VERB_Person	7 5.4	3 100.0
3	7 100.0
Other: VERB_3 3 100.0
----------------------------------------
VERB_Variant	2 1.6	2 100.0
Short	2 100.0
Other: VERB_Short 1 50.0	ADJ_Short 1 50.0
----------------------------------------
VERB_Prep	1 0.8	0 0.0
в	1 100.0
----------------------------------------
VERB_Gender	1 0.8	0 0.0
Masc	1 100.0
Other: ADJ_Neut 1 100.0
----------------------------------------
ADV_Degree	1 100.0	0 0.0
Pos	1 100.0
Other: 
----------------------------------------
