DET	20625 100.0
NOUN 18929 91.8	PRON 449 2.2	VERB 426 2.1	ADJ 347 1.7	PROPN 230 1.1	DET 106 0.5	NUM 95 0.5	ADV 34 0.2	SYM 4 0.0	PART 2 0.0	X 2 0.0	CCONJ 1 0.0
----------------------------------------

DET_Number	18236 88.4	17629 98.7
Sing	12231 67.1
Other: NOUN_Sing 11116 92.3	PRON_Sing 241 2.0	ADJ_Sing 220 1.8	PROPN_Sing 173 1.4	VERB_Sing 143 1.2	DET_Sing 68 0.6	VERB_Plur 50 0.4	NOUN_Plur 22 0.2	PRON_Plur 4 0.0	ADJ_Plur 3 0.0	DET_Plur 2 0.0
Plur	6005 32.9
Other: NOUN_Plur 5335 91.5	PRON_Plur 109 1.9	ADJ_Plur 95 1.6	NOUN_Sing 86 1.5	VERB_Plur 67 1.1	VERB_Sing 60 1.0	DET_Plur 34 0.6	PROPN_Plur 28 0.5	ADJ_Sing 11 0.2	PROPN_Sing 2 0.0	PRON_Sing 1 0.0
----------------------------------------
DET_Case	18235 88.4	17523 99.1
Nom	4750 26.0
Other: NOUN_Nom 4053 87.2	PRON_Nom 298 6.4	ADJ_Nom 129 2.8	PROPN_Nom 64 1.4	DET_Nom 40 0.9	NUM_Nom 29 0.6	VERB_Nom 15 0.3	NOUN_Gen 9 0.2	NOUN_Loc 4 0.1	NOUN_Acc 2 0.0	NOUN_Voc 1 0.0	PRON_Loc 1 0.0	NOUN_Dat 1 0.0	PRON_Gen 1 0.0	ADJ_Gen 1 0.0	ADJ_Acc 1 0.0	NOUN_Ins 1 0.0
Acc	4667 25.6
Other: NOUN_Acc 4310 95.0	PRON_Acc 66 1.5	ADJ_Acc 47 1.0	PROPN_Acc 41 0.9	DET_Acc 27 0.6	NUM_Acc 22 0.5	NOUN_Gen 9 0.2	VERB_Acc 4 0.1	VERB_Ins 2 0.0	ADJ_Ins 1 0.0	ADJ_Nom 1 0.0	NOUN_Nom 1 0.0	NOUN_Loc 1 0.0	VERB_Nom 1 0.0	ADJ_Loc 1 0.0	VERB_Gen 1 0.0
Gen	3954 21.7
Other: NOUN_Gen 3618 94.4	PROPN_Gen 45 1.2	ADJ_Gen 35 0.9	NOUN_Nom 29 0.8	PRON_Gen 23 0.6	NOUN_Acc 17 0.4	DET_Gen 15 0.4	NOUN_Loc 10 0.3	NUM_Gen 8 0.2	NOUN_Ins 6 0.2	NOUN_Dat 6 0.2	VERB_Gen 5 0.1	PRON_Nom 2 0.1	ADJ_Nom 2 0.1	NUM_Nom 2 0.1	DET_Nom 1 0.0	ADJ_Dat 1 0.0	NUM_Acc 1 0.0	VERB_Dat 1 0.0	ADJ_Ins 1 0.0	PRON_Dat 1 0.0	PRON_Acc 1 0.0	NUM_Loc 1 0.0
Loc	2406 13.2
Other: NOUN_Loc 2310 97.6	PROPN_Loc 23 1.0	PRON_Loc 9 0.4	ADJ_Loc 8 0.3	DET_Loc 7 0.3	NOUN_Gen 3 0.1	NOUN_Nom 3 0.1	PRON_Gen 1 0.0	NOUN_Acc 1 0.0	VERB_Loc 1 0.0
Ins	1416 7.8
Other: NOUN_Ins 1259 93.5	ADJ_Ins 44 3.3	PROPN_Ins 10 0.7	PRON_Ins 7 0.5	DET_Ins 7 0.5	NOUN_Nom 4 0.3	NOUN_Acc 3 0.2	VERB_Ins 3 0.2	NOUN_Gen 2 0.1	NOUN_Dat 1 0.1	PRON_Gen 1 0.1	NOUN_Loc 1 0.1	VERB_Loc 1 0.1	PRON_Loc 1 0.1	VERB_Gen 1 0.1	PRON_Nom 1 0.1
Dat	1042 5.7
Other: NOUN_Dat 879 91.4	PROPN_Dat 20 2.1	PRON_Dat 17 1.8	ADJ_Dat 15 1.6	DET_Dat 7 0.7	NOUN_Nom 6 0.6	NOUN_Gen 3 0.3	NOUN_Acc 3 0.3	ADJ_Nom 2 0.2	NUM_Dat 2 0.2	ADJ_Acc 2 0.2	VERB_Nom 1 0.1	PRON_Ins 1 0.1	ADJ_Ins 1 0.1	NOUN_Ins 1 0.1	NOUN_Loc 1 0.1	VERB_Dat 1 0.1
----------------------------------------
DET_Gender	12232 59.3	11826 99.2
Masc	4705 38.5
Other: NOUN_Masc 4310 93.9	ADJ_Masc 87 1.9	PROPN_Masc 85 1.9	VERB_Masc 32 0.7	DET_Masc 26 0.6	NOUN_Fem 17 0.4	NOUN_Neut 12 0.3	ADJ_Neut 6 0.1	VERB_Neut 6 0.1	VERB_Fem 4 0.1	PRON_Masc 2 0.0	NUM_Masc 2 0.0	DET_Neut 1 0.0	PRON_Neut 1 0.0
Fem	4478 36.6
Other: NOUN_Fem 4183 94.9	ADJ_Fem 80 1.8	PROPN_Fem 77 1.7	DET_Fem 20 0.5	VERB_Fem 12 0.3	NOUN_Masc 8 0.2	VERB_Masc 7 0.2	VERB_Neut 4 0.1	PRON_Neut 4 0.1	PRON_Fem 4 0.1	NOUN_Neut 3 0.1	ADJ_Neut 3 0.1	ADJ_Masc 1 0.0
Neut	3049 24.9
Other: NOUN_Neut 2598 88.9	PRON_Neut 228 7.8	ADJ_Neut 43 1.5	DET_Neut 21 0.7	PROPN_Neut 11 0.4	VERB_Masc 7 0.2	VERB_Neut 5 0.2	NOUN_Fem 4 0.1	NOUN_Masc 3 0.1	VERB_Fem 3 0.1
----------------------------------------
DET_Prep	222 1.1	12 50.0
для	31 14.0
в	29 13.1
на	23 10.4
у	23 10.4
к	19 8.6
из	17 7.7
с	16 7.2
за	10 4.5
о	9 4.1
по	8 3.6
среди	7 3.2
от	6 2.7
об	5 2.3
между	3 1.4
вроде	2 0.9
помимо	2 0.9
со	2 0.9
прежде	2 0.9
кроме	2 0.9
вместо	1 0.5
ко	1 0.5
против	1 0.5
про	1 0.5
без	1 0.5
ради	1 0.5
----------------------------------------
