PART	294 34.8
ADV 73 24.8	PRON 59 20.1	NOUN 56 19.0	VERB 42 14.3	ADJ 30 10.2	PART 19 6.5	PROPN 6 2.0	DET 4 1.4	CCONJ 3 1.0	INTJ 2 0.7
----------------------------------------
ADP	288 34.1
VERB 147 51.0	NOUN 96 33.3	ADJ 23 8.0	PROPN 13 4.5	ADV 5 1.7	PRON 3 1.0	NUM 1 0.3
----------------------------------------
ADV	152 18.0
VERB 73 48.0	NOUN 32 21.1	ADJ 28 18.4	ADV 14 9.2	PRON 2 1.3	CCONJ 1 0.7	PROPN 1 0.7	DET 1 0.7
----------------------------------------
PRON	108 12.8
VERB 89 82.4	ADJ 12 11.1	ADV 5 4.6	PROPN 1 0.9	NOUN 1 0.9
----------------------------------------
INTJ	2 0.2
NOUN 1 50.0	ADV 1 50.0
----------------------------------------
SCONJ	1 0.1
ADV 1 100.0
----------------------------------------

ADV_Degree	152 100.0	40 95.2
Pos	152 100.0
Other: ADJ_Pos 28 66.7	ADV_Pos 12 28.6	ADV_Cmp 2 4.8
----------------------------------------
PRON_Animacy	108 100.0	1 50.0
Inan	108 100.0
Other: PROPN_Anim 1 50.0	NOUN_Inan 1 50.0
----------------------------------------
PRON_Case	108 100.0	0 0.0
Ins	108 100.0
Other: ADJ_Nom 2 40.0	VERB_Nom 1 20.0	PROPN_Gen 1 20.0	NOUN_Nom 1 20.0
----------------------------------------
PRON_Gender	108 100.0	9 25.7
Neut	108 100.0
Other: VERB_Masc 11 31.4	VERB_Fem 7 20.0	ADJ_Masc 5 14.3	VERB_Neut 4 11.4	ADJ_Neut 4 11.4	ADJ_Fem 2 5.7	PROPN_Masc 1 2.9	NOUN_Neut 1 2.9
----------------------------------------
PRON_Number	108 100.0	62 60.8
Sing	108 100.0
Other: VERB_Sing 49 48.0	VERB_Plur 40 39.2	ADJ_Sing 11 10.8	PROPN_Sing 1 1.0	NOUN_Sing 1 1.0
----------------------------------------
