PRON	32 78.0
VERB 27 84.4	NOUN 4 12.5	ADJ 1 3.1
----------------------------------------
PART	8 19.5
VERB 8 100.0
----------------------------------------
NOUN	1 2.4
VERB 1 100.0
----------------------------------------

PRON_Animacy	32 100.0	3 75.0
Inan	32 100.0
Other: NOUN_Inan 3 75.0	NOUN_Anim 1 25.0
----------------------------------------
PRON_Case	32 100.0	0 0.0
Nom	31 96.9
Other: NOUN_Gen 3 75.0	NOUN_Dat 1 25.0
Acc	1 3.1
Other: 
----------------------------------------
PRON_Gender	32 100.0	4 40.0
Neut	32 100.0
Other: VERB_Masc 2 20.0	VERB_Neut 2 20.0	NOUN_Neut 2 20.0	ADJ_Masc 1 10.0	NOUN_Fem 1 10.0	NOUN_Masc 1 10.0	VERB_Fem 1 10.0
----------------------------------------
PRON_Number	32 100.0	19 59.4
Sing	32 100.0
Other: VERB_Sing 15 46.9	VERB_Plur 12 37.5	NOUN_Sing 3 9.4	ADJ_Sing 1 3.1	NOUN_Plur 1 3.1
----------------------------------------
NOUN_Animacy	1 100.0	0 0.0
Inan	1 100.0
Other: 
----------------------------------------
NOUN_Case	1 100.0	0 0.0
Nom	1 100.0
Other: 
----------------------------------------
NOUN_Gender	1 100.0	0 0.0
Masc	1 100.0
Other: 
----------------------------------------
NOUN_Number	1 100.0	1 100.0
Sing	1 100.0
Other: VERB_Sing 1 100.0
----------------------------------------
