NOUN	3064 38.4
ADP 2710 88.4	SCONJ 160 5.2	NOUN 143 4.7	PART 31 1.0	DET 7 0.2	VERB 6 0.2	ADV 3 0.1	ADJ 2 0.1	INTJ 1 0.0	PRON 1 0.0
----------------------------------------
PART	1312 16.5
ADV 502 38.3	CCONJ 300 22.9	PART 289 22.0	PRON 120 9.1	SCONJ 85 6.5	DET 16 1.2
----------------------------------------
SCONJ	881 11.1
ADV 732 83.1	ADP 73 8.3	PART 59 6.7	PRON 6 0.7	CCONJ 5 0.6	SCONJ 5 0.6	PROPN 1 0.1
----------------------------------------
ADP	689 8.6
ADP 370 53.7	ADV 212 30.8	NOUN 71 10.3	PART 20 2.9	DET 11 1.6	PRON 5 0.7
----------------------------------------
VERB	491 6.2
PRON 429 87.4	ADV 27 5.5	VERB 10 2.0	DET 9 1.8	SCONJ 8 1.6	PART 5 1.0	NUM 2 0.4	PROPN 1 0.2
----------------------------------------
ADJ	469 5.9
ADP 305 65.0	PRON 149 31.8	DET 12 2.6	NOUN 1 0.2	PART 1 0.2	ADV 1 0.2
----------------------------------------
PRON	434 5.4
ADP 203 46.8	VERB 90 20.7	ADV 42 9.7	CCONJ 32 7.4	PART 23 5.3	ADJ 21 4.8	SCONJ 8 1.8	DET 8 1.8	PRON 4 0.9	NOUN 2 0.5	PROPN 1 0.2
----------------------------------------
ADV	393 4.9
ADV 155 39.4	PRON 145 36.9	CCONJ 68 17.3	PART 10 2.5	DET 6 1.5	NUM 3 0.8	SCONJ 3 0.8	NOUN 2 0.5	VERB 1 0.3
----------------------------------------
DET	228 2.9
ADP 208 91.2	PART 20 8.8
----------------------------------------
PROPN	4 0.1
NOUN 2 50.0	X 1 25.0	VERB 1 25.0
----------------------------------------
CCONJ	3 0.0
PART 2 66.7	NUM 1 33.3
----------------------------------------
X	2 0.0
X 2 100.0
----------------------------------------
SYM	1 0.0
NUM 1 100.0
----------------------------------------

NOUN_Case	3064 100.0	10 6.5
Loc	1045 34.1
Other: NOUN_Nom 2 100.0
Acc	1023 33.4
Other: NOUN_Nom 48 94.1	NOUN_Acc 2 3.9	NOUN_Par 1 2.0
Gen	355 11.6
Other: NOUN_Nom 26 96.3	DET_Gen 1 3.7
Dat	338 11.0
Other: NOUN_Nom 29 100.0
Ins	286 9.3
Other: NOUN_Nom 35 83.3	DET_Ins 6 14.3	ADJ_Loc 1 2.4
Par	12 0.4
Other: 
Nom	5 0.2
Other: ADJ_Nom 1 50.0	PRON_Loc 1 50.0
----------------------------------------
NOUN_Number	3064 100.0	156 98.7
Sing	2838 92.6
Other: NOUN_Sing 143 91.7	DET_Sing 7 4.5	VERB_Sing 4 2.6	VERB_Plur 1 0.6	PRON_Sing 1 0.6
Plur	226 7.4
Other: ADJ_Plur 1 50.0	ADJ_Sing 1 50.0
----------------------------------------
NOUN_Animacy	3063 100.0	138 95.8
Inan	2924 95.5
Other: NOUN_Inan 4 66.7	PRON_Inan 1 16.7	NOUN_Anim 1 16.7
Anim	139 4.5
Other: NOUN_Anim 133 96.4	NOUN_Inan 5 3.6
----------------------------------------
NOUN_Gender	3061 99.9	146 94.2
Fem	1082 35.3
Other: DET_Fem 1 25.0	VERB_Masc 1 25.0	VERB_Neut 1 25.0	NOUN_Masc 1 25.0
Neut	1010 33.0
Other: PRON_Neut 1 100.0
Masc	969 31.7
Other: NOUN_Masc 137 91.3	DET_Masc 6 4.0	NOUN_Fem 5 3.3	ADJ_Masc 1 0.7	VERB_Neut 1 0.7
----------------------------------------
VERB_Aspect	491 100.0	9 90.0
Imp	476 96.9
Other: VERB_Imp 5 83.3	VERB_Perf 1 16.7
Perf	15 3.1
Other: VERB_Perf 4 100.0
----------------------------------------
VERB_VerbForm	491 100.0	3 30.0
Fin	480 97.8
Other: VERB_Inf 6 66.7	VERB_Fin 3 33.3
Part	9 1.8
Other: 
Inf	2 0.4
Other: VERB_Fin 1 100.0
----------------------------------------
VERB_Voice	491 100.0	9 90.0
Act	473 96.3
Other: VERB_Act 8 100.0
Pass	10 2.0
Other: 
Mid	8 1.6
Other: VERB_Mid 1 50.0	VERB_Act 1 50.0
----------------------------------------
VERB_Number	489 99.6	427 99.1
Sing	468 95.7
Other: PRON_Sing 419 97.2	DET_Sing 5 1.2	DET_Plur 4 0.9	VERB_Sing 3 0.7
Plur	21 4.3
Other: 
----------------------------------------
VERB_Tense	486 99.0	1 100.0
Pres	449 92.4
Other: 
Past	32 6.6
Other: VERB_Past 1 100.0
Fut	5 1.0
Other: 
----------------------------------------
VERB_Mood	480 97.8	2 66.7
Ind	477 99.4
Other: VERB_Imp 1 50.0	VERB_Ind 1 50.0
Imp	3 0.6
Other: VERB_Imp 1 100.0
----------------------------------------
ADJ_Gender	468 99.8	162 100.0
Neut	236 50.4
Other: PRON_Neut 149 98.0	DET_Neut 3 2.0
Fem	192 41.0
Other: DET_Fem 6 100.0
Masc	40 8.5
Other: DET_Masc 3 75.0	NOUN_Masc 1 25.0
----------------------------------------
ADJ_Number	468 99.8	162 100.0
Sing	468 100.0
Other: PRON_Sing 149 92.0	DET_Sing 12 7.4	NOUN_Sing 1 0.6
----------------------------------------
VERB_Person	449 91.4	1 50.0
3	445 99.1
Other: 
2	3 0.7
Other: VERB_2 1 100.0
1	1 0.2
Other: VERB_2 1 100.0
----------------------------------------
PRON_Case	434 100.0	0 0.0
Gen	184 42.4
Other: 
Ins	131 30.2
Other: ADJ_Nom 15 57.7	VERB_Nom 5 19.2	VERB_Gen 3 11.5	VERB_Acc 1 3.8	ADJ_Acc 1 3.8	NOUN_Nom 1 3.8
Nom	89 20.5
Other: DET_Gen 5 45.5	DET_Acc 3 27.3	PRON_Ins 2 18.2	PRON_Dat 1 9.1
Acc	20 4.6
Other: ADJ_Nom 2 66.7	NOUN_Nom 1 33.3
Dat	8 1.8
Other: ADJ_Nom 3 100.0
Loc	2 0.5
Other: PRON_Nom 1 100.0
----------------------------------------
ADV_Degree	393 100.0	154 99.4
Pos	280 71.2
Other: ADV_Pos 153 99.4	ADV_Cmp 1 0.6
Cmp	113 28.8
Other: ADV_Cmp 1 100.0
----------------------------------------
ADJ_Degree	373 79.5	11 91.7
Pos	373 100.0
Other: DET_Pos 11 91.7	ADV_Cmp 1 8.3
----------------------------------------
ADJ_Case	361 77.0	1 1.8
Acc	182 50.4
Other: DET_Nom 3 75.0	NOUN_Acc 1 25.0
Dat	76 21.1
Other: DET_Nom 1 100.0
Nom	44 12.2
Other: PRON_Dat 44 100.0
Loc	43 11.9
Other: DET_Nom 1 100.0
Ins	15 4.2
Other: DET_Nom 5 100.0
Gen	1 0.3
Other: DET_Nom 1 100.0
----------------------------------------
PRON_Number	277 63.8	7 63.6
Sing	277 100.0
Other: DET_Sing 4 36.4	DET_Plur 4 36.4	PRON_Sing 3 27.3
----------------------------------------
PRON_Animacy	275 63.4	0 0.0
Inan	275 100.0
Other: PRON_Anim 3 100.0
----------------------------------------
PRON_Gender	275 63.4	2 28.6
Neut	275 100.0
Other: PRON_Masc 3 42.9	DET_Masc 2 28.6	DET_Neut 2 28.6
----------------------------------------
DET_Case	228 100.0	0 0.0
Gen	175 76.8
Other: 
Acc	32 14.0
Other: 
Loc	21 9.2
Other: 
----------------------------------------
DET_Number	228 100.0	0 0.0
Plur	175 76.8
Other: 
Sing	53 23.2
Other: 
----------------------------------------
ADJ_Animacy	180 38.4	1 100.0
Inan	180 100.0
Other: NOUN_Inan 1 100.0
----------------------------------------
PART_Polarity	149 11.4	5 100.0
Neg	149 100.0
Other: PART_Neg 5 100.0
----------------------------------------
ADJ_Variant	107 22.8	0 0.0
Short	107 100.0
Other: 
----------------------------------------
DET_Gender	53 23.2	0 0.0
Neut	32 60.4
Other: 
Masc	16 30.2
Other: 
Fem	5 9.4
Other: 
----------------------------------------
DET_Animacy	32 14.0	0 0.0
Inan	32 100.0
Other: 
----------------------------------------
VERB_Gender	30 6.1	3 37.5
Neut	25 83.3
Other: PRON_Masc 3 37.5	DET_Masc 2 25.0	DET_Neut 2 25.0	VERB_Neut 1 12.5
Fem	4 13.3
Other: 
Masc	1 3.3
Other: 
----------------------------------------
PART_Mood	14 1.1	0 0.0
Cnd	14 100.0
Other: 
----------------------------------------
VERB_Case	8 1.6	0 0.0
Nom	3 37.5
Other: 
Gen	3 37.5
Other: 
Acc	2 25.0
Other: 
----------------------------------------
PROPN_Animacy	3 75.0	0 0.0
Anim	3 100.0
Other: NOUN_Inan 2 100.0
----------------------------------------
PROPN_Case	3 75.0	0 0.0
Dat	2 66.7
Other: NOUN_Nom 2 100.0
Nom	1 33.3
Other: 
----------------------------------------
PROPN_Gender	3 75.0	0 0.0
Masc	3 100.0
Other: NOUN_Fem 2 100.0
----------------------------------------
PROPN_Number	3 75.0	3 100.0
Sing	3 100.0
Other: NOUN_Sing 2 66.7	VERB_Sing 1 33.3
----------------------------------------
SCONJ_Mood	2 0.2	0 0.0
Cnd	2 100.0
Other: 
----------------------------------------
PRON_Person	2 0.5	0 0.0
1	1 50.0
Other: 
2	1 50.0
Other: 
----------------------------------------
X_Foreign	2 100.0	2 100.0
Yes	2 100.0
Other: X_Yes 2 100.0
----------------------------------------
NOUN_Degree	1 0.0	0 0.0
Pos	1 100.0
Other: 
----------------------------------------
VERB_Animacy	1 0.2	0 0.0
Inan	1 100.0
Other: 
----------------------------------------
VERB_Variant	1 0.2	0 0.0
Short	1 100.0
Other: 
----------------------------------------
