PROPN	4145 98.5
PROPN 4071 98.2	PART 55 1.3	NOUN 18 0.4	PRON 1 0.0
----------------------------------------
PART	28 0.7
ADV 22 78.6	PART 3 10.7	PRON 2 7.1	ADJ 1 3.6
----------------------------------------
NOUN	9 0.2
NOUN 8 88.9	PROPN 1 11.1
----------------------------------------
SCONJ	8 0.2
PART 6 75.0	ADV 2 25.0
----------------------------------------
PRON	7 0.2
PART 2 28.6	PROPN 2 28.6	PRON 1 14.3	NOUN 1 14.3	INTJ 1 14.3
----------------------------------------
ADV	5 0.1
NUM 2 40.0	ADV 1 20.0	VERB 1 20.0	SCONJ 1 20.0
----------------------------------------
VERB	2 0.0
VERB 2 100.0
----------------------------------------
X	1 0.0
PROPN 1 100.0
----------------------------------------
ADJ	1 0.0
PRON 1 100.0
----------------------------------------

PROPN_Number	4144 100.0	4060 99.9
Sing	4140 99.9
Other: PROPN_Sing 4040 99.5	NOUN_Sing 18 0.4	PROPN_Plur 3 0.1	PRON_Sing 1 0.0
Plur	4 0.1
Other: PROPN_Sing 2 66.7	PROPN_Plur 1 33.3
----------------------------------------
PROPN_Animacy	4143 100.0	4059 99.9
Anim	4137 99.9
Other: PROPN_Anim 4042 99.6	NOUN_Anim 17 0.4	NOUN_Inan 1 0.0
Inan	6 0.1
Other: PROPN_Anim 3 100.0
----------------------------------------
PROPN_Case	4143 100.0	4054 99.8
Nom	2533 61.1
Other: PROPN_Nom 2474 99.3	NOUN_Nom 13 0.5	PROPN_Gen 3 0.1	PROPN_Ins 2 0.1
Gen	1019 24.6
Other: PROPN_Gen 991 99.4	NOUN_Gen 2 0.2	PROPN_Nom 2 0.2	PRON_Gen 1 0.1	PROPN_Acc 1 0.1
Ins	253 6.1
Other: PROPN_Ins 248 100.0
Acc	176 4.2
Other: PROPN_Acc 167 98.2	NOUN_Acc 2 1.2	PROPN_Gen 1 0.6
Dat	148 3.6
Other: PROPN_Dat 143 99.3	NOUN_Nom 1 0.7
Loc	14 0.3
Other: PROPN_Loc 13 100.0
----------------------------------------
PROPN_Gender	4143 100.0	4039 99.4
Masc	3673 88.7
Other: PROPN_Masc 3577 99.3	NOUN_Masc 12 0.3	PROPN_Fem 12 0.3	NOUN_Fem 1 0.0
Fem	470 11.3
Other: PROPN_Fem 447 97.0	PROPN_Masc 9 2.0	NOUN_Fem 3 0.7	NOUN_Masc 2 0.4
----------------------------------------
NOUN_Animacy	9 100.0	5 55.6
Anim	5 55.6
Other: NOUN_Inan 4 80.0	PROPN_Anim 1 20.0
Inan	4 44.4
Other: NOUN_Inan 4 100.0
----------------------------------------
NOUN_Case	9 100.0	1 11.1
Dat	4 44.4
Other: NOUN_Nom 4 100.0
Gen	3 33.3
Other: NOUN_Nom 3 100.0
Nom	1 11.1
Other: PROPN_Nom 1 100.0
Ins	1 11.1
Other: NOUN_Nom 1 100.0
----------------------------------------
NOUN_Gender	9 100.0	2 22.2
Masc	5 55.6
Other: NOUN_Fem 4 80.0	PROPN_Masc 1 20.0
Neut	3 33.3
Other: NOUN_Fem 3 100.0
Fem	1 11.1
Other: NOUN_Fem 1 100.0
----------------------------------------
NOUN_Number	9 100.0	8 88.9
Sing	9 100.0
Other: NOUN_Sing 7 77.8	NOUN_Plur 1 11.1	PROPN_Sing 1 11.1
----------------------------------------
PRON_Case	7 100.0	3 75.0
Nom	6 85.7
Other: PRON_Nom 1 33.3	NOUN_Nom 1 33.3	PROPN_Nom 1 33.3
Ins	1 14.3
Other: PROPN_Nom 1 100.0
----------------------------------------
PRON_Number	7 100.0	3 100.0
Sing	6 85.7
Other: PROPN_Sing 2 66.7	NOUN_Sing 1 33.3
Plur	1 14.3
Other: 
----------------------------------------
PRON_Person	7 100.0	0 0.0
2	6 85.7
Other: 
3	1 14.3
Other: 
----------------------------------------
PART_Mood	7 25.0	0 0.0
Cnd	7 100.0
Other: 
----------------------------------------
ADV_Degree	5 100.0	1 100.0
Pos	5 100.0
Other: ADV_Pos 1 100.0
----------------------------------------
VERB_Aspect	2 100.0	2 100.0
Imp	1 50.0
Other: VERB_Imp 1 100.0
Perf	1 50.0
Other: VERB_Perf 1 100.0
----------------------------------------
VERB_Mood	2 100.0	2 100.0
Imp	1 50.0
Other: VERB_Imp 1 100.0
Ind	1 50.0
Other: VERB_Ind 1 100.0
----------------------------------------
VERB_Number	2 100.0	2 100.0
Sing	2 100.0
Other: VERB_Sing 2 100.0
----------------------------------------
VERB_Person	2 100.0	2 100.0
2	1 50.0
Other: VERB_2 1 100.0
3	1 50.0
Other: VERB_3 1 100.0
----------------------------------------
VERB_VerbForm	2 100.0	2 100.0
Fin	2 100.0
Other: VERB_Fin 2 100.0
----------------------------------------
VERB_Voice	2 100.0	2 100.0
Act	2 100.0
Other: VERB_Act 2 100.0
----------------------------------------
PRON_Gender	1 14.3	1 100.0
Masc	1 100.0
Other: PROPN_Masc 1 100.0
----------------------------------------
X_Foreign	1 100.0	1 100.0
Yes	1 100.0
Other: PROPN_Yes 1 100.0
----------------------------------------
VERB_Tense	1 50.0	1 100.0
Fut	1 100.0
Other: VERB_Fut 1 100.0
----------------------------------------
ADJ_Case	1 100.0	1 100.0
Ins	1 100.0
Other: PRON_Ins 1 100.0
----------------------------------------
ADJ_Degree	1 100.0	0 0.0
Pos	1 100.0
Other: 
----------------------------------------
ADJ_Gender	1 100.0	1 100.0
Neut	1 100.0
Other: PRON_Neut 1 100.0
----------------------------------------
ADJ_Number	1 100.0	1 100.0
Sing	1 100.0
Other: PRON_Sing 1 100.0
----------------------------------------
