PROPN	1338 81.5
NOUN 1031 77.1	PROPN 186 13.9	VERB 95 7.1	NUM 9 0.7	ADJ 6 0.4	DET 2 0.1	ADP 2 0.1	ADV 2 0.1	PART 2 0.1	X 2 0.1	SYM 1 0.1
----------------------------------------
X	241 14.7
NOUN 167 69.3	VERB 30 12.4	PROPN 25 10.4	X 9 3.7	ADJ 6 2.5	ADV 2 0.8	NUM 1 0.4	PART 1 0.4
----------------------------------------
NOUN	34 2.1
PROPN 25 73.5	X 9 26.5
----------------------------------------
VERB	26 1.6
PROPN 23 88.5	X 3 11.5
----------------------------------------
ADJ	2 0.1
PROPN 1 50.0	X 1 50.0
----------------------------------------
ADV	1 0.1
PROPN 1 100.0
----------------------------------------

PROPN_Foreign	1323 98.9	80 100.0
Yes	1323 100.0
Other: PROPN_Yes 78 97.5	X_Yes 2 2.5
----------------------------------------
X_Foreign	241 100.0	27 100.0
Yes	241 100.0
Other: PROPN_Yes 18 66.7	X_Yes 9 33.3
----------------------------------------
NOUN_Animacy	34 100.0	0 0.0
Inan	32 94.1
Other: 
Anim	2 5.9
Other: 
----------------------------------------
NOUN_Case	34 100.0	0 0.0
Gen	12 35.3
Other: 
Nom	8 23.5
Other: 
Acc	7 20.6
Other: 
Dat	3 8.8
Other: 
Loc	3 8.8
Other: 
Ins	1 2.9
Other: 
----------------------------------------
NOUN_Gender	34 100.0	0 0.0
Masc	22 64.7
Other: 
Fem	9 26.5
Other: 
Neut	3 8.8
Other: 
----------------------------------------
NOUN_Number	34 100.0	0 0.0
Sing	20 58.8
Other: 
Plur	14 41.2
Other: 
----------------------------------------
VERB_Aspect	26 100.0	0 0.0
Perf	15 57.7
Other: 
Imp	11 42.3
Other: 
----------------------------------------
VERB_VerbForm	26 100.0	0 0.0
Fin	19 73.1
Other: 
Inf	4 15.4
Other: 
Part	3 11.5
Other: 
----------------------------------------
VERB_Voice	26 100.0	0 0.0
Act	17 65.4
Other: 
Mid	6 23.1
Other: 
Pass	3 11.5
Other: 
----------------------------------------
VERB_Number	22 84.6	0 0.0
Sing	12 54.5
Other: 
Plur	10 45.5
Other: 
----------------------------------------
VERB_Tense	22 84.6	0 0.0
Past	11 50.0
Other: 
Pres	9 40.9
Other: 
Fut	2 9.1
Other: 
----------------------------------------
VERB_Mood	19 73.1	0 0.0
Ind	19 100.0
Other: 
----------------------------------------
VERB_Person	11 42.3	0 0.0
3	10 90.9
Other: 
1	1 9.1
Other: 
----------------------------------------
VERB_Gender	5 19.2	0 0.0
Fem	3 60.0
Other: 
Masc	1 20.0
Other: 
Neut	1 20.0
Other: 
----------------------------------------
VERB_Variant	3 11.5	0 0.0
Short	3 100.0
Other: 
----------------------------------------
ADJ_Case	2 100.0	0 0.0
Nom	2 100.0
Other: 
----------------------------------------
ADJ_Degree	2 100.0	0 0.0
Pos	2 100.0
Other: 
----------------------------------------
ADJ_Gender	2 100.0	0 0.0
Masc	1 50.0
Other: 
Fem	1 50.0
Other: 
----------------------------------------
ADJ_Number	2 100.0	0 0.0
Sing	2 100.0
Other: 
----------------------------------------
ADV_Degree	1 100.0	0 0.0
Pos	1 100.0
Other: 
----------------------------------------
