NOUN	542 82.1
NUM 533 98.3	NOUN 6 1.1	PRON 1 0.2	PROPN 1 0.2	ADP 1 0.2
----------------------------------------
PROPN	84 12.7
PROPN 77 91.7	NUM 4 4.8	ADP 2 2.4	NOUN 1 1.2
----------------------------------------
VERB	10 1.5
VERB 10 100.0
----------------------------------------
ADV	9 1.4
ADV 9 100.0
----------------------------------------
ADJ	8 1.2
ADJ 8 100.0
----------------------------------------
PART	4 0.6
PART 4 100.0
----------------------------------------
NUM	1 0.2
PRON 1 100.0
----------------------------------------
PRON	1 0.2
PRON 1 100.0
----------------------------------------
INTJ	1 0.2
NOUN 1 100.0
----------------------------------------

NOUN_Animacy	541 99.8	6 100.0
Inan	539 99.6
Other: NOUN_Inan 5 100.0
Anim	2 0.4
Other: NOUN_Anim 1 100.0
----------------------------------------
NOUN_Case	541 99.8	5 71.4
Gen	522 96.5
Other: 
Nom	6 1.1
Other: NOUN_Nom 5 100.0
Acc	6 1.1
Other: NOUN_Gen 1 100.0
Loc	3 0.6
Other: PRON_Gen 1 100.0
Dat	3 0.6
Other: 
Ins	1 0.2
Other: 
----------------------------------------
NOUN_Gender	541 99.8	6 100.0
Masc	524 96.9
Other: NOUN_Masc 1 100.0
Fem	10 1.8
Other: NOUN_Fem 3 100.0
Neut	7 1.3
Other: NOUN_Neut 2 100.0
----------------------------------------
NOUN_Number	541 99.8	6 85.7
Sing	534 98.7
Other: NOUN_Sing 5 83.3	PRON_Plur 1 16.7
Plur	7 1.3
Other: NOUN_Plur 1 100.0
----------------------------------------
PROPN_Animacy	69 82.1	33 100.0
Anim	58 84.1
Other: PROPN_Anim 24 100.0
Inan	11 15.9
Other: PROPN_Inan 8 88.9	NOUN_Inan 1 11.1
----------------------------------------
PROPN_Case	69 82.1	33 100.0
Nom	30 43.5
Other: PROPN_Nom 15 100.0
Gen	21 30.4
Other: PROPN_Gen 8 100.0
Acc	8 11.6
Other: PROPN_Acc 4 80.0	NOUN_Acc 1 20.0
Dat	5 7.2
Other: PROPN_Dat 3 100.0
Ins	4 5.8
Other: PROPN_Ins 2 100.0
Loc	1 1.4
Other: 
----------------------------------------
PROPN_Gender	69 82.1	30 90.9
Masc	62 89.9
Other: PROPN_Masc 28 100.0
Fem	5 7.2
Other: PROPN_Masc 3 60.0	NOUN_Fem 1 20.0	PROPN_Fem 1 20.0
Neut	2 2.9
Other: 
----------------------------------------
PROPN_Number	69 82.1	33 100.0
Sing	68 98.6
Other: PROPN_Sing 31 96.9	NOUN_Sing 1 3.1
Plur	1 1.4
Other: PROPN_Plur 1 100.0
----------------------------------------
PROPN_Foreign	15 17.9	11 100.0
Yes	15 100.0
Other: PROPN_Yes 11 100.0
----------------------------------------
VERB_Aspect	10 100.0	10 100.0
Imp	9 90.0
Other: VERB_Imp 9 100.0
Perf	1 10.0
Other: VERB_Perf 1 100.0
----------------------------------------
VERB_Mood	10 100.0	10 100.0
Ind	9 90.0
Other: VERB_Ind 9 100.0
Imp	1 10.0
Other: VERB_Imp 1 100.0
----------------------------------------
VERB_Number	10 100.0	10 100.0
Sing	8 80.0
Other: VERB_Sing 8 100.0
Plur	2 20.0
Other: VERB_Plur 2 100.0
----------------------------------------
VERB_VerbForm	10 100.0	10 100.0
Fin	10 100.0
Other: VERB_Fin 10 100.0
----------------------------------------
VERB_Voice	10 100.0	10 100.0
Act	9 90.0
Other: VERB_Act 9 100.0
Mid	1 10.0
Other: VERB_Mid 1 100.0
----------------------------------------
VERB_Tense	9 90.0	9 100.0
Past	6 66.7
Other: VERB_Past 6 100.0
Pres	3 33.3
Other: VERB_Pres 3 100.0
----------------------------------------
ADV_Degree	9 100.0	9 100.0
Pos	9 100.0
Other: ADV_Pos 9 100.0
----------------------------------------
ADJ_Degree	8 100.0	8 100.0
Pos	8 100.0
Other: ADJ_Pos 8 100.0
----------------------------------------
ADJ_Number	8 100.0	8 100.0
Sing	5 62.5
Other: ADJ_Sing 5 100.0
Plur	3 37.5
Other: ADJ_Plur 3 100.0
----------------------------------------
ADJ_Case	7 87.5	7 100.0
Nom	7 100.0
Other: ADJ_Nom 7 100.0
----------------------------------------
VERB_Gender	5 50.0	5 100.0
Masc	5 100.0
Other: VERB_Masc 5 100.0
----------------------------------------
ADJ_Gender	5 62.5	5 100.0
Neut	3 60.0
Other: ADJ_Neut 3 100.0
Masc	1 20.0
Other: ADJ_Masc 1 100.0
Fem	1 20.0
Other: ADJ_Fem 1 100.0
----------------------------------------
VERB_Person	4 40.0	4 100.0
1	2 50.0
Other: VERB_1 2 100.0
3	1 25.0
Other: VERB_3 1 100.0
2	1 25.0
Other: VERB_2 1 100.0
----------------------------------------
PRON_Case	1 100.0	1 100.0
Acc	1 100.0
Other: PRON_Acc 1 100.0
----------------------------------------
ADJ_Variant	1 12.5	1 100.0
Short	1 100.0
Other: ADJ_Short 1 100.0
----------------------------------------
