NOUN	63715 83.6
NOUN 60707 95.3	PROPN 942 1.5	NUM 842 1.3	ADJ 668 1.0	SYM 268 0.4	PRON 185 0.3	DET 95 0.1	VERB 5 0.0	X 2 0.0	ADV 1 0.0
----------------------------------------
PROPN	9199 12.1
NOUN 8249 89.7	PROPN 826 9.0	ADJ 47 0.5	SYM 37 0.4	PRON 32 0.3	NUM 5 0.1	DET 3 0.0
----------------------------------------
PRON	2694 3.5
NOUN 2331 86.5	ADJ 132 4.9	NUM 93 3.5	DET 83 3.1	PRON 43 1.6	PROPN 7 0.3	SYM 3 0.1	ADV 1 0.0	X 1 0.0
----------------------------------------
ADJ	255 0.3
NOUN 197 77.3	NUM 28 11.0	ADJ 14 5.5	SYM 8 3.1	PRON 3 1.2	DET 3 1.2	PROPN 2 0.8
----------------------------------------
SYM	164 0.2
NOUN 156 95.1	SYM 8 4.9
----------------------------------------
VERB	146 0.2
NOUN 121 82.9	NUM 9 6.2	SYM 8 5.5	PRON 3 2.1	DET 3 2.1	ADJ 2 1.4
----------------------------------------
X	14 0.0
NOUN 13 92.9	NUM 1 7.1
----------------------------------------
NUM	6 0.0
NOUN 5 83.3	NUM 1 16.7
----------------------------------------
PART	5 0.0
NOUN 5 100.0
----------------------------------------
ADP	4 0.0
NOUN 3 75.0	PRON 1 25.0
----------------------------------------
DET	4 0.0
NOUN 4 100.0
----------------------------------------
CCONJ	1 0.0
NOUN 1 100.0
----------------------------------------
ADV	1 0.0
ADV 1 100.0
----------------------------------------

NOUN_Animacy	63707 100.0	50738 82.2
Inan	56380 88.5
Other: NOUN_Inan 49376 90.2	NOUN_Anim 4447 8.1	PROPN_Inan 769 1.4	PROPN_Anim 66 0.1	ADJ_Inan 33 0.1	NUM_Inan 31 0.1	PRON_Inan 27 0.0	ADJ_Anim 6 0.0	PRON_Anim 3 0.0	DET_Inan 1 0.0
Anim	7327 11.5
Other: NOUN_Inan 6400 91.6	NOUN_Anim 475 6.8	PROPN_Inan 79 1.1	PROPN_Anim 15 0.2	NUM_Anim 5 0.1	PRON_Anim 4 0.1	ADJ_Inan 3 0.0	ADJ_Anim 2 0.0	NUM_Inan 1 0.0
----------------------------------------
NOUN_Case	63704 100.0	15114 24.0
Gen	49157 77.2
Other: NOUN_Gen 13222 27.2	NOUN_Nom 12520 25.7	NOUN_Acc 8560 17.6	NOUN_Loc 5809 11.9	NOUN_Ins 4131 8.5	NOUN_Dat 2841 5.8	PROPN_Gen 379 0.8	NUM_Nom 235 0.5	PROPN_Nom 126 0.3	NUM_Ins 110 0.2	PROPN_Loc 74 0.2	NUM_Gen 74 0.2	NUM_Loc 74 0.2	ADJ_Nom 67 0.1	NUM_Acc 60 0.1	PROPN_Acc 52 0.1	DET_Nom 42 0.1	ADJ_Gen 40 0.1	ADJ_Ins 36 0.1	PRON_Nom 33 0.1	PROPN_Ins 31 0.1	ADJ_Acc 28 0.1	NUM_Dat 21 0.0	PRON_Gen 17 0.0	PRON_Acc 14 0.0	PROPN_Dat 11 0.0	DET_Gen 11 0.0	DET_Acc 11 0.0	PRON_Ins 9 0.0	ADJ_Loc 8 0.0	ADJ_Dat 7 0.0	PRON_Dat 7 0.0	DET_Dat 5 0.0	DET_Ins 4 0.0	DET_Loc 3 0.0	PRON_Loc 2 0.0	NOUN_Par 1 0.0
Loc	5655 8.9
Other: NOUN_Nom 1634 29.3	NOUN_Gen 1465 26.3	NOUN_Acc 1157 20.7	NOUN_Ins 403 7.2	NOUN_Loc 354 6.3	NOUN_Dat 225 4.0	ADJ_Nom 55 1.0	ADJ_Gen 42 0.8	PROPN_Nom 40 0.7	ADJ_Ins 39 0.7	PROPN_Loc 28 0.5	ADJ_Acc 28 0.5	PROPN_Gen 25 0.4	PRON_Gen 19 0.3	PRON_Nom 15 0.3	PROPN_Acc 7 0.1	PROPN_Dat 7 0.1	DET_Nom 6 0.1	PRON_Acc 6 0.1	ADJ_Loc 6 0.1	PROPN_Ins 4 0.1	PRON_Ins 2 0.0	ADJ_Dat 2 0.0	PRON_Dat 2 0.0	PRON_Loc 2 0.0	NUM_Nom 1 0.0	NUM_Acc 1 0.0	DET_Loc 1 0.0	DET_Dat 1 0.0	DET_Acc 1 0.0	DET_Gen 1 0.0
Ins	3207 5.0
Other: NOUN_Nom 991 31.1	NOUN_Gen 822 25.8	NOUN_Acc 679 21.3	NOUN_Loc 328 10.3	NOUN_Dat 132 4.1	NOUN_Ins 111 3.5	PROPN_Nom 25 0.8	PRON_Nom 17 0.5	PROPN_Gen 8 0.3	ADJ_Nom 8 0.3	NUM_Acc 7 0.2	PRON_Gen 6 0.2	ADJ_Gen 6 0.2	NUM_Nom 5 0.2	ADJ_Acc 5 0.2	PROPN_Loc 5 0.2	PRON_Acc 5 0.2	ADJ_Ins 4 0.1	PROPN_Acc 4 0.1	DET_Nom 4 0.1	NUM_Gen 4 0.1	PRON_Ins 2 0.1	PROPN_Dat 2 0.1	PRON_Dat 2 0.1	DET_Acc 1 0.0	PRON_Loc 1 0.0	ADJ_Loc 1 0.0	NUM_Dat 1 0.0	DET_Gen 1 0.0
Acc	3095 4.9
Other: NOUN_Gen 1032 33.8	NOUN_Nom 744 24.4	NOUN_Acc 678 22.2	NOUN_Ins 201 6.6	NOUN_Loc 199 6.5	NOUN_Dat 93 3.0	ADJ_Nom 21 0.7	ADJ_Ins 13 0.4	ADJ_Gen 12 0.4	ADJ_Acc 11 0.4	PROPN_Acc 10 0.3	PROPN_Loc 7 0.2	PRON_Acc 4 0.1	PROPN_Gen 4 0.1	PROPN_Nom 4 0.1	PRON_Nom 4 0.1	PROPN_Dat 3 0.1	PRON_Gen 2 0.1	ADJ_Loc 2 0.1	NUM_Dat 2 0.1	NUM_Acc 1 0.0	DET_Ins 1 0.0	PRON_Dat 1 0.0	NOUN_Par 1 0.0	ADJ_Dat 1 0.0	PRON_Ins 1 0.0	DET_Dat 1 0.0
Dat	2343 3.7
Other: NOUN_Nom 701 30.3	NOUN_Gen 615 26.6	NOUN_Acc 465 20.1	NOUN_Loc 176 7.6	NOUN_Ins 137 5.9	NOUN_Dat 55 2.4	PROPN_Gen 45 1.9	ADJ_Nom 34 1.5	ADJ_Acc 20 0.9	ADJ_Gen 19 0.8	ADJ_Ins 18 0.8	PROPN_Nom 7 0.3	PROPN_Loc 4 0.2	PROPN_Acc 4 0.2	ADJ_Loc 4 0.2	PROPN_Dat 3 0.1	PRON_Nom 2 0.1	ADJ_Dat 2 0.1	PROPN_Ins 2 0.1	DET_Nom 1 0.0	PRON_Gen 1 0.0
Nom	241 0.4
Other: NOUN_Nom 83 36.1	NOUN_Gen 43 18.7	NOUN_Ins 39 17.0	NOUN_Acc 23 10.0	NOUN_Loc 13 5.7	PRON_Nom 8 3.5	NOUN_Dat 7 3.0	PROPN_Nom 7 3.0	PRON_Loc 1 0.4	NUM_Ins 1 0.4	PROPN_Gen 1 0.4	NUM_Nom 1 0.4	NUM_Acc 1 0.4	ADJ_Ins 1 0.4	NUM_Gen 1 0.4
Par	6 0.0
Other: NOUN_Nom 3 50.0	ADJ_Nom 1 16.7	NOUN_Acc 1 16.7	NOUN_Gen 1 16.7
----------------------------------------
NOUN_Number	63704 100.0	38001 60.8
Sing	43412 68.1
Other: NOUN_Sing 31282 72.8	NOUN_Plur 10426 24.3	PROPN_Sing 638 1.5	ADJ_Sing 346 0.8	ADJ_Plur 158 0.4	PRON_Sing 34 0.1	PRON_Plur 29 0.1	PROPN_Plur 27 0.1	DET_Sing 16 0.0	DET_Plur 10 0.0	VERB_Sing 1 0.0
Plur	20292 31.9
Other: NOUN_Sing 13392 68.7	NOUN_Plur 5595 28.7	PROPN_Sing 253 1.3	ADJ_Sing 112 0.6	DET_Sing 42 0.2	ADJ_Plur 39 0.2	DET_Plur 27 0.1	PRON_Sing 13 0.1	PRON_Plur 12 0.1	PROPN_Plur 11 0.1	VERB_Sing 1 0.0
----------------------------------------
NOUN_Gender	63625 99.9	20904 33.4
Masc	27545 43.3
Other: NOUN_Masc 9644 35.9	NOUN_Fem 8673 32.3	NOUN_Neut 7654 28.5	NUM_Masc 313 1.2	PROPN_Masc 166 0.6	ADJ_Masc 109 0.4	PROPN_Fem 107 0.4	ADJ_Fem 60 0.2	ADJ_Neut 53 0.2	PROPN_Neut 33 0.1	DET_Masc 28 0.1	PRON_Neut 14 0.1	DET_Fem 5 0.0	PRON_Masc 4 0.0	NUM_Fem 3 0.0	NUM_Neut 1 0.0
Fem	22146 34.8
Other: NOUN_Masc 8142 37.2	NOUN_Fem 6697 30.6	NOUN_Neut 6300 28.8	PROPN_Masc 226 1.0	NUM_Fem 178 0.8	PROPN_Fem 105 0.5	ADJ_Masc 66 0.3	ADJ_Fem 54 0.2	PROPN_Neut 43 0.2	ADJ_Neut 34 0.2	DET_Fem 13 0.1	PRON_Neut 9 0.0	NUM_Masc 6 0.0	DET_Masc 4 0.0	PRON_Fem 3 0.0	PRON_Masc 3 0.0
Neut	13934 21.9
Other: NOUN_Masc 5163 37.5	NOUN_Fem 4751 34.5	NOUN_Neut 3448 25.0	PROPN_Masc 138 1.0	NUM_Neut 65 0.5	PROPN_Fem 64 0.5	PROPN_Neut 41 0.3	ADJ_Masc 31 0.2	ADJ_Neut 27 0.2	ADJ_Fem 24 0.2	DET_Neut 5 0.0	PRON_Neut 4 0.0	DET_Masc 3 0.0	PRON_Masc 2 0.0	NUM_Fem 1 0.0	PRON_Fem 1 0.0
----------------------------------------
NOUN_Prep	18148 28.5	141 3.6
в	4616 25.4
на	2656 14.6
с	1975 10.9
по	1594 8.8
из	1241 6.8
для	986 5.4
о	783 4.3
к	778 4.3
от	598 3.3
за	478 2.6
до	270 1.5
между	238 1.3
со	235 1.3
об	190 1.0
при	166 0.9
у	155 0.9
во	132 0.7
под	117 0.6
после	110 0.6
без	109 0.6
против	100 0.6
над	92 0.5
перед	59 0.3
среди	57 0.3
через	53 0.3
около	36 0.2
относительно	32 0.2
про	32 0.2
вроде	28 0.2
из-за	28 0.2
кроме	24 0.1
вокруг	24 0.1
порядка	23 0.1
плюс	17 0.1
вне	13 0.1
посредством	11 0.1
ко	10 0.1
путем	9 0.0
ради	8 0.0
из-под	7 0.0
вместо	5 0.0
близ	5 0.0
вдоль	4 0.0
согласно	3 0.0
насчет	3 0.0
ниже	3 0.0
возле	3 0.0
ото	3 0.0
вблизи	3 0.0
сквозь	2 0.0
благодаря	2 0.0
вследствие	2 0.0
свыше	2 0.0
прежде	2 0.0
изо	2 0.0
напротив	2 0.0
наподобие	1 0.0
накануне	1 0.0
вопреки	1 0.0
мимо	1 0.0
c	1 0.0
снаружи	1 0.0
versus	1 0.0
позади	1 0.0
выше	1 0.0
помимо	1 0.0
дель	1 0.0
минус	1 0.0
----------------------------------------
PROPN_Animacy	8994 97.8	5635 63.6
Inan	7036 78.2
Other: NOUN_Inan 4800 69.3	NOUN_Anim 1449 20.9	PROPN_Inan 625 9.0	PROPN_Anim 49 0.7	PRON_Inan 3 0.0	PRON_Anim 2 0.0	ADJ_Inan 2 0.0	ADJ_Anim 1 0.0
Anim	1958 21.8
Other: NOUN_Inan 1639 84.7	NOUN_Anim 164 8.5	PROPN_Inan 91 4.7	PROPN_Anim 41 2.1
----------------------------------------
PROPN_Number	8994 97.8	6536 73.2
Sing	8499 94.5
Other: NOUN_Sing 5673 67.2	NOUN_Plur 1946 23.1	PROPN_Sing 679 8.0	PROPN_Plur 72 0.9	ADJ_Sing 35 0.4	PRON_Plur 19 0.2	ADJ_Plur 10 0.1	PRON_Sing 5 0.1	DET_Plur 1 0.0
Plur	495 5.5
Other: NOUN_Sing 297 60.6	NOUN_Plur 136 27.8	PROPN_Sing 48 9.8	PROPN_Plur 7 1.4	DET_Sing 1 0.2	ADJ_Plur 1 0.2
----------------------------------------
PROPN_Case	8993 97.8	2705 30.3
Gen	7063 78.5
Other: NOUN_Gen 1993 28.4	NOUN_Nom 1933 27.6	NOUN_Loc 827 11.8	NOUN_Acc 699 10.0	NOUN_Ins 456 6.5	NOUN_Dat 412 5.9	PROPN_Gen 411 5.9	PROPN_Nom 115 1.6	PROPN_Loc 69 1.0	PROPN_Ins 38 0.5	PROPN_Acc 26 0.4	PROPN_Dat 14 0.2	ADJ_Nom 8 0.1	ADJ_Ins 4 0.1	ADJ_Acc 3 0.0	PRON_Gen 2 0.0	ADJ_Loc 2 0.0	PRON_Acc 1 0.0	PRON_Ins 1 0.0
Loc	1074 11.9
Other: NOUN_Gen 346 32.5	NOUN_Nom 269 25.2	NOUN_Loc 137 12.9	NOUN_Acc 134 12.6	NOUN_Ins 59 5.5	NOUN_Dat 39 3.7	PROPN_Gen 15 1.4	ADJ_Nom 14 1.3	PROPN_Loc 12 1.1	PROPN_Nom 9 0.8	PRON_Gen 7 0.7	PROPN_Acc 7 0.7	ADJ_Gen 4 0.4	ADJ_Ins 4 0.4	PRON_Nom 2 0.2	ADJ_Acc 2 0.2	PRON_Dat 1 0.1	DET_Nom 1 0.1	DET_Gen 1 0.1	PRON_Loc 1 0.1	PROPN_Dat 1 0.1	ADJ_Dat 1 0.1
Ins	340 3.8
Other: NOUN_Gen 95 27.9	NOUN_Nom 78 22.9	NOUN_Acc 53 15.6	NOUN_Loc 53 15.6	PROPN_Nom 16 4.7	NOUN_Dat 12 3.5	PRON_Nom 11 3.2	NOUN_Ins 10 2.9	PROPN_Gen 4 1.2	PROPN_Acc 3 0.9	PRON_Gen 2 0.6	PRON_Acc 1 0.3	PRON_Ins 1 0.3	PROPN_Dat 1 0.3
Acc	281 3.1
Other: NOUN_Gen 89 31.8	NOUN_Acc 65 23.2	NOUN_Nom 53 18.9	NOUN_Loc 36 12.9	NOUN_Ins 22 7.9	NOUN_Dat 12 4.3	PROPN_Gen 2 0.7	PRON_Dat 1 0.4
Dat	132 1.5
Other: NOUN_Nom 35 26.5	NOUN_Gen 32 24.2	NOUN_Acc 22 16.7	NOUN_Ins 11 8.3	NOUN_Loc 11 8.3	PROPN_Gen 10 7.6	NOUN_Dat 8 6.1	PROPN_Loc 2 1.5	NUM_Nom 1 0.8
Nom	103 1.1
Other: PROPN_Nom 46 45.5	NOUN_Nom 19 18.8	NOUN_Dat 9 8.9	NOUN_Gen 9 8.9	NOUN_Ins 5 5.0	NOUN_Acc 5 5.0	PROPN_Gen 4 4.0	NOUN_Loc 3 3.0	PROPN_Loc 1 1.0
----------------------------------------
PROPN_Gender	8750 95.1	3108 36.0
Masc	4597 52.5
Other: NOUN_Masc 1740 38.5	NOUN_Fem 1353 29.9	NOUN_Neut 1054 23.3	PROPN_Masc 248 5.5	PROPN_Fem 95 2.1	PROPN_Neut 20 0.4	ADJ_Masc 5 0.1	ADJ_Neut 3 0.1	ADJ_Fem 3 0.1	DET_Masc 1 0.0
Fem	3642 41.6
Other: NOUN_Masc 1476 40.9	NOUN_Fem 939 26.0	NOUN_Neut 763 21.2	PROPN_Masc 250 6.9	PROPN_Neut 76 2.1	PROPN_Fem 75 2.1	ADJ_Fem 11 0.3	ADJ_Masc 10 0.3	PRON_Neut 3 0.1	ADJ_Neut 3 0.1	PRON_Fem 1 0.0
Neut	511 5.8
Other: NOUN_Masc 268 53.2	NOUN_Fem 134 26.6	NOUN_Neut 81 16.1	PROPN_Fem 7 1.4	PROPN_Neut 7 1.4	PROPN_Masc 7 1.4
----------------------------------------
PRON_Case	2694 100.0	497 18.9
Gen	1954 72.5
Other: NOUN_Nom 614 32.2	NOUN_Gen 417 21.9	NOUN_Acc 215 11.3	NOUN_Loc 197 10.3	NOUN_Ins 166 8.7	NOUN_Dat 84 4.4	DET_Nom 45 2.4	NUM_Nom 39 2.0	ADJ_Nom 26 1.4	PRON_Nom 14 0.7	DET_Gen 14 0.7	DET_Acc 10 0.5	ADJ_Acc 8 0.4	ADJ_Ins 7 0.4	DET_Loc 6 0.3	PRON_Gen 6 0.3	ADJ_Dat 5 0.3	NUM_Gen 5 0.3	DET_Dat 4 0.2	ADJ_Gen 4 0.2	NUM_Loc 4 0.2	NOUN_Par 3 0.2	PRON_Acc 2 0.1	NUM_Acc 2 0.1	PROPN_Nom 2 0.1	PRON_Dat 2 0.1	NUM_Ins 2 0.1	PROPN_Loc 1 0.1	PRON_Loc 1 0.1	PRON_Ins 1 0.1	NUM_Dat 1 0.1
Loc	312 11.6
Other: NOUN_Nom 131 42.3	NOUN_Acc 89 28.7	NOUN_Gen 47 15.2	NOUN_Ins 21 6.8	NOUN_Loc 8 2.6	NOUN_Dat 7 2.3	ADJ_Ins 2 0.6	ADJ_Acc 1 0.3	PRON_Nom 1 0.3	PRON_Gen 1 0.3	PROPN_Nom 1 0.3	DET_Nom 1 0.3
Ins	159 5.9
Other: NOUN_Nom 35 24.1	NOUN_Gen 30 20.7	NOUN_Acc 23 15.9	NOUN_Loc 22 15.2	NOUN_Dat 9 6.2	PRON_Nom 7 4.8	NOUN_Ins 6 4.1	NOUN_Par 1 0.7	PRON_Gen 1 0.7	DET_Loc 1 0.7	PROPN_Loc 1 0.7	ADJ_Nom 1 0.7	PRON_Loc 1 0.7	PRON_Acc 1 0.7	PROPN_Nom 1 0.7	PRON_Dat 1 0.7	DET_Gen 1 0.7	PRON_Ins 1 0.7	NUM_Nom 1 0.7	ADJ_Ins 1 0.7
Dat	158 5.9
Other: ADJ_Nom 47 29.7	NOUN_Nom 32 20.3	NOUN_Gen 31 19.6	NOUN_Acc 18 11.4	NOUN_Ins 12 7.6	NOUN_Loc 8 5.1	ADJ_Gen 3 1.9	NOUN_Dat 3 1.9	ADJ_Acc 2 1.3	ADJ_Loc 2 1.3
Acc	98 3.6
Other: NOUN_Nom 37 37.8	NOUN_Acc 26 26.5	NOUN_Gen 18 18.4	NOUN_Loc 6 6.1	ADJ_Nom 4 4.1	NOUN_Ins 3 3.1	PRON_Nom 1 1.0	PRON_Gen 1 1.0	DET_Nom 1 1.0	NOUN_Dat 1 1.0
Nom	13 0.5
Other: NOUN_Nom 4 30.8	NOUN_Dat 2 15.4	NOUN_Gen 2 15.4	NOUN_Acc 2 15.4	PROPN_Nom 1 7.7	PRON_Nom 1 7.7	NOUN_Ins 1 7.7
----------------------------------------
PROPN_Prep	2281 24.8	78 10.5
в	1091 47.8
с	243 10.7
на	214 9.4
из	200 8.8
по	71 3.1
для	64 2.8
к	56 2.5
от	49 2.1
между	47 2.1
против	26 1.1
до	24 1.1
во	21 0.9
о	21 0.9
со	20 0.9
у	18 0.8
под	18 0.8
за	13 0.6
через	13 0.6
при	12 0.5
вокруг	8 0.4
об	6 0.3
над	6 0.3
вроде	5 0.2
после	4 0.2
перед	4 0.2
кроме	4 0.2
про	3 0.1
да	2 0.1
без	2 0.1
относительно	2 0.1
подле	1 0.0
наподобие	1 0.0
около	1 0.0
напротив	1 0.0
ниже	1 0.0
насчет	1 0.0
меж	1 0.0
вместо	1 0.0
из-за	1 0.0
подо	1 0.0
помимо	1 0.0
среди	1 0.0
вблизи	1 0.0
близ	1 0.0
----------------------------------------
PRON_Number	2045 75.9	1181 61.0
Sing	1347 65.9
Other: NOUN_Sing 968 72.6	NOUN_Plur 334 25.1	ADJ_Sing 13 1.0	PROPN_Sing 7 0.5	PRON_Sing 5 0.4	ADJ_Plur 3 0.2	PRON_Plur 1 0.1	DET_Sing 1 0.1	DET_Plur 1 0.1
Plur	698 34.1
Other: NOUN_Sing 353 58.5	NOUN_Plur 142 23.5	DET_Sing 38 6.3	DET_Plur 27 4.5	ADJ_Sing 25 4.1	PRON_Plur 11 1.8	ADJ_Plur 7 1.2
----------------------------------------
PRON_Person	1482 55.0	2 18.2
3	1338 90.3
Other: PRON_3 2 100.0
1	116 7.8
Other: 
2	28 1.9
Other: PRON_1 9 100.0
----------------------------------------
PRON_Gender	1304 48.4	470 36.6
Neut	579 44.4
Other: NOUN_Fem 191 33.8	NOUN_Neut 184 32.6	NOUN_Masc 180 31.9	ADJ_Fem 5 0.9	PRON_Neut 1 0.2	PROPN_Fem 1 0.2	PROPN_Masc 1 0.2	ADJ_Neut 1 0.2	PRON_Masc 1 0.2
Masc	466 35.7
Other: NOUN_Masc 215 46.4	NOUN_Neut 130 28.1	NOUN_Fem 111 24.0	ADJ_Fem 1 0.2	PROPN_Masc 1 0.2	PRON_Neut 1 0.2	PROPN_Fem 1 0.2	DET_Fem 1 0.2	ADJ_Masc 1 0.2	PRON_Masc 1 0.2
Fem	259 19.9
Other: NOUN_Masc 93 36.5	NOUN_Neut 88 34.5	NOUN_Fem 66 25.9	ADJ_Neut 3 1.2	ADJ_Masc 2 0.8	PROPN_Masc 2 0.8	PRON_Masc 1 0.4
----------------------------------------
PRON_Prep	1224 45.4	1 0.5
из	249 20.3
о	178 14.5
для	116 9.5
у	104 8.5
на	101 8.3
в	93 7.6
по	70 5.7
с	62 5.1
к	58 4.7
от	39 3.2
между	25 2.0
при	16 1.3
над	13 1.1
за	13 1.1
до	10 0.8
среди	10 0.8
перед	8 0.7
об	7 0.6
со	7 0.6
после	7 0.6
про	6 0.5
без	6 0.5
под	4 0.3
вокруг	4 0.3
кроме	3 0.2
против	3 0.2
позади	2 0.2
относительно	2 0.2
сверх	2 0.2
ко	1 0.1
насчет	1 0.1
во	1 0.1
путем	1 0.1
плюс	1 0.1
через	1 0.1
----------------------------------------
PRON_Animacy	563 20.9	509 94.6
Inan	542 96.3
Other: NOUN_Inan 507 96.9	NOUN_Anim 12 2.3	PRON_Inan 1 0.2	PROPN_Inan 1 0.2	PROPN_Anim 1 0.2	PRON_Anim 1 0.2
Anim	21 3.7
Other: NOUN_Inan 14 93.3	PROPN_Inan 1 6.7
----------------------------------------
ADJ_Degree	255 100.0	16 100.0
Pos	253 99.2
Other: ADJ_Pos 14 87.5	DET_Pos 2 12.5
Sup	2 0.8
Other: 
----------------------------------------
ADJ_Case	254 99.6	55 22.5
Gen	235 92.5
Other: NOUN_Loc 51 22.6	NOUN_Acc 44 19.5	NOUN_Nom 38 16.8	NOUN_Gen 34 15.0	NUM_Ins 13 5.8	NOUN_Dat 11 4.9	ADJ_Gen 8 3.5	NUM_Nom 7 3.1	NOUN_Ins 5 2.2	ADJ_Nom 3 1.3	NUM_Acc 2 0.9	PRON_Gen 2 0.9	NUM_Gen 2 0.9	NUM_Loc 2 0.9	PRON_Nom 1 0.4	DET_Nom 1 0.4	PROPN_Nom 1 0.4	DET_Ins 1 0.4
Acc	9 3.5
Other: NOUN_Acc 4 44.4	NOUN_Gen 3 33.3	NOUN_Nom 1 11.1	ADJ_Acc 1 11.1
Ins	5 2.0
Other: NOUN_Ins 2 50.0	NOUN_Acc 1 25.0	NOUN_Gen 1 25.0
Loc	2 0.8
Other: NOUN_Acc 1 50.0	ADJ_Loc 1 50.0
Dat	2 0.8
Other: ADJ_Gen 1 50.0	PROPN_Acc 1 50.0
Nom	1 0.4
Other: DET_Nom 1 100.0
----------------------------------------
ADJ_Number	254 99.6	87 40.1
Plur	180 70.9
Other: NOUN_Sing 117 80.1	NOUN_Plur 18 12.3	ADJ_Plur 5 3.4	ADJ_Sing 3 2.1	DET_Plur 1 0.7	PROPN_Sing 1 0.7	DET_Sing 1 0.7
Sing	74 29.1
Other: NOUN_Sing 54 76.1	NOUN_Plur 7 9.9	ADJ_Sing 6 8.5	PRON_Sing 1 1.4	PRON_Plur 1 1.4	PROPN_Sing 1 1.4	DET_Sing 1 1.4
----------------------------------------
VERB_Aspect	146 100.0	0 0.0
Perf	91 62.3
Other: 
Imp	55 37.7
Other: 
----------------------------------------
VERB_VerbForm	146 100.0	0 0.0
Part	132 90.4
Other: 
Inf	10 6.8
Other: 
Fin	4 2.7
Other: 
----------------------------------------
VERB_Voice	146 100.0	0 0.0
Act	67 45.9
Other: 
Pass	67 45.9
Other: 
Mid	12 8.2
Other: 
----------------------------------------
VERB_Number	136 93.2	50 43.1
Plur	101 74.3
Other: NOUN_Sing 58 70.7	NOUN_Plur 20 24.4	DET_Sing 2 2.4	ADJ_Sing 1 1.2	DET_Plur 1 1.2
Sing	35 25.7
Other: NOUN_Sing 28 82.4	NOUN_Plur 5 14.7	ADJ_Sing 1 2.9
----------------------------------------
VERB_Tense	136 93.2	0 0.0
Past	91 66.9
Other: 
Pres	45 33.1
Other: 
----------------------------------------
VERB_Case	132 90.4	28 22.8
Gen	132 100.0
Other: NOUN_Nom 37 30.1	NOUN_Gen 25 20.3	NOUN_Acc 23 18.7	NOUN_Loc 13 10.6	NOUN_Dat 6 4.9	NUM_Nom 6 4.9	NOUN_Ins 5 4.1	DET_Nom 2 1.6	ADJ_Ins 1 0.8	DET_Gen 1 0.8	NUM_Ins 1 0.8	NUM_Gen 1 0.8	PRON_Nom 1 0.8	PRON_Gen 1 0.8
----------------------------------------
ADJ_Gender	74 29.0	35 50.0
Masc	38 51.4
Other: NOUN_Masc 17 50.0	NOUN_Fem 9 26.5	ADJ_Masc 4 11.8	NOUN_Neut 2 5.9	PRON_Masc 1 2.9	DET_Masc 1 2.9
Fem	22 29.7
Other: NOUN_Masc 9 40.9	NOUN_Fem 6 27.3	NOUN_Neut 4 18.2	ADJ_Fem 2 9.1	PROPN_Neut 1 4.5
Neut	14 18.9
Other: NOUN_Fem 7 50.0	NOUN_Neut 4 28.6	NOUN_Masc 3 21.4
----------------------------------------
ADJ_Prep	58 22.7	3 15.8
из	31 53.4
до	8 13.8
от	3 5.2
у	3 5.2
по	3 5.2
к	2 3.4
на	2 3.4
между	2 3.4
в	1 1.7
со	1 1.7
с	1 1.7
для	1 1.7
----------------------------------------
SYM_Prep	51 31.1	0 0.0
до	18 35.3
в	17 33.3
на	8 15.7
за	2 3.9
от	1 2.0
для	1 2.0
вместо	1 2.0
порядка	1 2.0
из	1 2.0
с	1 2.0
----------------------------------------
PROPN_Foreign	39 0.4	0 0.0
Yes	39 100.0
Other: 
----------------------------------------
VERB_Gender	35 24.0	7 20.6
Masc	21 60.0
Other: NOUN_Neut 8 38.1	NOUN_Fem 8 38.1	NOUN_Masc 4 19.0	ADJ_Neut 1 4.8
Neut	12 34.3
Other: NOUN_Fem 6 54.5	NOUN_Masc 3 27.3	NOUN_Neut 2 18.2
Fem	2 5.7
Other: NOUN_Masc 1 50.0	NOUN_Fem 1 50.0
----------------------------------------
VERB_Prep	21 14.4	0 0.0
из	16 76.2
вроде	1 4.8
насчет	1 4.8
про	1 4.8
до	1 4.8
под	1 4.8
----------------------------------------
X_Foreign	13 92.9	0 0.0
Yes	13 100.0
Other: 
----------------------------------------
ADJ_Animacy	5 2.0	4 80.0
Inan	4 80.0
Other: NOUN_Inan 3 75.0	ADJ_Inan 1 25.0
Anim	1 20.0
Other: NOUN_Inan 1 100.0
----------------------------------------
VERB_Mood	4 2.7	0 0.0
Ind	4 100.0
Other: 
----------------------------------------
DET_Case	4 100.0	1 25.0
Gen	4 100.0
Other: NOUN_Nom 1 25.0	NOUN_Acc 1 25.0	NOUN_Gen 1 25.0	NOUN_Loc 1 25.0
----------------------------------------
DET_Number	4 100.0	1 25.0
Plur	3 75.0
Other: NOUN_Sing 3 100.0
Sing	1 25.0
Other: NOUN_Sing 1 100.0
----------------------------------------
DET_Degree	3 75.0	0 0.0
Pos	3 100.0
Other: 
----------------------------------------
X_Prep	3 21.4	0 0.0
с	1 33.3
от	1 33.3
из	1 33.3
----------------------------------------
VERB_Person	2 1.4	0 0.0
3	2 100.0
Other: 
----------------------------------------
DET_Gender	1 25.0	1 100.0
Fem	1 100.0
Other: NOUN_Fem 1 100.0
----------------------------------------
NUM_Prep	1 16.7	0 0.0
из	1 100.0
----------------------------------------
ADV_Degree	1 100.0	1 100.0
Pos	1 100.0
Other: ADV_Pos 1 100.0
----------------------------------------
