NOUN	4651 78.7
VERB 4588 98.6	ADJ 59 1.3	PROPN 3 0.1	ADV 1 0.0
----------------------------------------
PRON	902 15.3
VERB 891 98.8	ADJ 10 1.1	ADV 1 0.1
----------------------------------------
PROPN	145 2.5
VERB 144 99.3	ADJ 1 0.7
----------------------------------------
ADV	63 1.1
VERB 63 100.0
----------------------------------------
NUM	51 0.9
VERB 51 100.0
----------------------------------------
ADJ	48 0.8
VERB 48 100.0
----------------------------------------
DET	24 0.4
VERB 24 100.0
----------------------------------------
SYM	14 0.2
VERB 14 100.0
----------------------------------------
VERB	7 0.1
VERB 7 100.0
----------------------------------------
X	2 0.0
VERB 2 100.0
----------------------------------------

NOUN_Animacy	4650 100.0	0 0.0
Inan	4322 92.9
Other: 
Anim	328 7.1
Other: 
----------------------------------------
NOUN_Case	4650 100.0	1 33.3
Nom	4397 94.6
Other: VERB_Nom 1 33.3	VERB_Ins 1 33.3	VERB_Gen 1 33.3
Gen	251 5.4
Other: 
Loc	1 0.0
Other: 
Dat	1 0.0
Other: 
----------------------------------------
NOUN_Number	4650 100.0	4374 95.4
Sing	3022 65.0
Other: VERB_Sing 2825 94.6	VERB_Plur 115 3.9	ADJ_Sing 46 1.5	ADJ_Plur 1 0.0
Plur	1628 35.0
Other: VERB_Plur 1491 93.2	VERB_Sing 96 6.0	ADJ_Plur 12 0.8
----------------------------------------
NOUN_Gender	4637 99.7	2071 95.9
Masc	1963 42.3
Other: VERB_Masc 835 92.7	VERB_Neut 51 5.7	ADJ_Masc 13 1.4	VERB_Fem 2 0.2
Fem	1619 34.9
Other: VERB_Fem 709 93.3	VERB_Neut 34 4.5	ADJ_Fem 17 2.2
Neut	1055 22.8
Other: VERB_Neut 481 96.6	ADJ_Neut 16 3.2	VERB_Masc 1 0.2
----------------------------------------
PRON_Case	902 100.0	2 100.0
Nom	886 98.2
Other: VERB_Nom 2 100.0
Gen	16 1.8
Other: 
----------------------------------------
PRON_Number	534 59.2	525 99.4
Sing	401 75.1
Other: VERB_Sing 389 98.2	ADJ_Sing 5 1.3	VERB_Plur 2 0.5
Plur	133 24.9
Other: VERB_Plur 131 99.2	VERB_Sing 1 0.8
----------------------------------------
PRON_Gender	375 41.6	289 100.0
Neut	196 52.3
Other: VERB_Neut 140 98.6	ADJ_Neut 2 1.4
Masc	120 32.0
Other: VERB_Masc 98 97.0	ADJ_Masc 3 3.0
Fem	59 15.7
Other: VERB_Fem 46 100.0
----------------------------------------
PRON_Person	368 40.8	64 100.0
3	320 87.0
Other: VERB_3 64 100.0
1	41 11.1
Other: 
2	7 1.9
Other: 
----------------------------------------
PRON_Animacy	166 18.4	0 0.0
Inan	162 97.6
Other: 
Anim	4 2.4
Other: 
----------------------------------------
PROPN_Animacy	131 90.3	0 0.0
Anim	68 51.9
Other: 
Inan	63 48.1
Other: 
----------------------------------------
PROPN_Case	131 90.3	1 100.0
Nom	128 97.7
Other: 
Gen	3 2.3
Other: VERB_Gen 1 100.0
----------------------------------------
PROPN_Number	131 90.3	121 92.4
Sing	117 89.3
Other: VERB_Sing 107 91.5	VERB_Plur 9 7.7	ADJ_Sing 1 0.9
Plur	14 10.7
Other: VERB_Plur 13 92.9	VERB_Sing 1 7.1
----------------------------------------
PROPN_Gender	130 89.7	90 96.8
Masc	89 68.5
Other: VERB_Masc 62 98.4	VERB_Neut 1 1.6
Fem	36 27.7
Other: VERB_Fem 25 89.3	VERB_Neut 2 7.1	ADJ_Fem 1 3.6
Neut	5 3.8
Other: VERB_Neut 2 100.0
----------------------------------------
ADV_Degree	63 100.0	0 0.0
Cmp	34 54.0
Other: 
Pos	29 46.0
Other: 
----------------------------------------
ADJ_Degree	48 100.0	0 0.0
Pos	46 95.8
Other: 
Sup	2 4.2
Other: 
----------------------------------------
ADJ_Number	48 100.0	47 97.9
Sing	32 66.7
Other: VERB_Sing 32 100.0
Plur	16 33.3
Other: VERB_Plur 15 93.8	VERB_Sing 1 6.2
----------------------------------------
ADJ_Case	46 95.8	1 100.0
Nom	42 91.3
Other: VERB_Nom 1 100.0
Gen	4 8.7
Other: 
----------------------------------------
NOUN_Prep	34 0.7	0 0.0
около	21 61.8
до	6 17.6
свыше	3 8.8
в	1 2.9
по	1 2.9
для	1 2.9
порядка	1 2.9
----------------------------------------
ADJ_Gender	32 66.7	22 91.7
Neut	11 34.4
Other: VERB_Neut 6 100.0
Masc	11 34.4
Other: VERB_Masc 8 80.0	VERB_Neut 2 20.0
Fem	10 31.2
Other: VERB_Fem 8 100.0
----------------------------------------
DET_Case	24 100.0	0 0.0
Nom	22 91.7
Other: 
Gen	2 8.3
Other: 
----------------------------------------
DET_Number	24 100.0	22 95.7
Plur	14 58.3
Other: VERB_Plur 12 92.3	VERB_Sing 1 7.7
Sing	10 41.7
Other: VERB_Sing 10 100.0
----------------------------------------
NUM_Case	24 47.1	0 0.0
Nom	24 100.0
Other: 
----------------------------------------
NUM_Gender	19 37.3	16 100.0
Masc	13 68.4
Other: VERB_Masc 12 100.0
Fem	6 31.6
Other: VERB_Fem 4 100.0
----------------------------------------
PROPN_Foreign	13 9.0	0 0.0
Yes	13 100.0
Other: 
----------------------------------------
DET_Gender	10 41.7	8 88.9
Masc	7 70.0
Other: VERB_Masc 6 85.7	VERB_Neut 1 14.3
Fem	2 20.0
Other: VERB_Fem 1 100.0
Neut	1 10.0
Other: VERB_Neut 1 100.0
----------------------------------------
VERB_Aspect	7 100.0	4 57.1
Imp	4 57.1
Other: VERB_Perf 3 75.0	VERB_Imp 1 25.0
Perf	3 42.9
Other: VERB_Perf 3 100.0
----------------------------------------
VERB_Case	7 100.0	0 0.0
Nom	7 100.0
Other: 
----------------------------------------
VERB_Number	7 100.0	7 100.0
Plur	4 57.1
Other: VERB_Plur 4 100.0
Sing	3 42.9
Other: VERB_Sing 3 100.0
----------------------------------------
VERB_Tense	7 100.0	4 57.1
Past	4 57.1
Other: VERB_Past 4 100.0
Pres	3 42.9
Other: VERB_Past 3 100.0
----------------------------------------
VERB_VerbForm	7 100.0	6 85.7
Part	7 100.0
Other: VERB_Part 6 85.7	VERB_Fin 1 14.3
----------------------------------------
VERB_Voice	7 100.0	1 14.3
Act	6 85.7
Other: VERB_Pass 6 100.0
Pass	1 14.3
Other: VERB_Pass 1 100.0
----------------------------------------
VERB_Gender	3 42.9	3 100.0
Neut	2 66.7
Other: VERB_Neut 2 100.0
Masc	1 33.3
Other: VERB_Masc 1 100.0
----------------------------------------
SYM_Prep	3 21.4	0 0.0
около	2 66.7
от	1 33.3
----------------------------------------
X_Foreign	2 100.0	0 0.0
Yes	2 100.0
Other: 
----------------------------------------
ADJ_Variant	2 4.2	2 100.0
Short	2 100.0
Other: VERB_Short 2 100.0
----------------------------------------
DET_Degree	1 4.2	0 0.0
Pos	1 100.0
Other: 
----------------------------------------
