NOUN	34319 59.8
VERB 27137 79.1	ADJ 3649 10.6	NOUN 2156 6.3	PRON 497 1.4	ADV 425 1.2	PROPN 128 0.4	PART 100 0.3	DET 97 0.3	NUM 95 0.3	SYM 20 0.1	ADP 8 0.0	SCONJ 5 0.0	X 1 0.0	AUX 1 0.0
----------------------------------------
PRON	16382 28.6
VERB 12669 77.3	NOUN 1719 10.5	ADJ 1479 9.0	ADV 195 1.2	PRON 145 0.9	PROPN 79 0.5	NUM 33 0.2	PART 27 0.2	DET 26 0.2	SYM 5 0.0	SCONJ 2 0.0	CCONJ 1 0.0	ADP 1 0.0	INTJ 1 0.0
----------------------------------------
PROPN	4514 7.9
VERB 3971 88.0	NOUN 252 5.6	ADJ 218 4.8	PROPN 25 0.6	ADV 22 0.5	PRON 9 0.2	NUM 8 0.2	PART 4 0.1	DET 4 0.1	X 1 0.0
----------------------------------------
ADJ	597 1.0
VERB 399 66.8	NOUN 99 16.6	ADJ 60 10.1	ADV 15 2.5	PRON 14 2.3	PROPN 6 1.0	SYM 2 0.3	DET 1 0.2	NUM 1 0.2
----------------------------------------
DET	502 0.9
VERB 406 80.9	ADJ 45 9.0	NOUN 24 4.8	ADV 10 2.0	PROPN 6 1.2	NUM 4 0.8	PRON 3 0.6	PART 2 0.4	SYM 2 0.4
----------------------------------------
NUM	461 0.8
VERB 366 79.4	NOUN 44 9.5	ADJ 38 8.2	PRON 5 1.1	PROPN 5 1.1	ADV 2 0.4	PART 1 0.2
----------------------------------------
ADV	313 0.5
VERB 224 71.6	NOUN 34 10.9	PRON 20 6.4	ADV 17 5.4	ADJ 14 4.5	PROPN 4 1.3
----------------------------------------
VERB	119 0.2
VERB 82 68.9	NOUN 16 13.4	ADJ 14 11.8	PRON 2 1.7	ADV 2 1.7	DET 2 1.7	PART 1 0.8
----------------------------------------
SYM	112 0.2
VERB 92 82.1	NOUN 12 10.7	ADJ 7 6.2	NUM 1 0.9
----------------------------------------
X	16 0.0
VERB 9 56.2	NOUN 4 25.0	ADJ 3 18.8
----------------------------------------
PART	8 0.0
VERB 6 75.0	NOUN 1 12.5	PRON 1 12.5
----------------------------------------
INTJ	1 0.0
VERB 1 100.0
----------------------------------------
CCONJ	1 0.0
VERB 1 100.0
----------------------------------------

NOUN_Animacy	34313 100.0	2217 89.4
Inan	25687 74.9
Other: NOUN_Inan 1778 82.3	PRON_Inan 205 9.5	NOUN_Anim 86 4.0	PROPN_Inan 59 2.7	PROPN_Anim 24 1.1	ADJ_Inan 4 0.2	PRON_Anim 3 0.1	NUM_Inan 1 0.0
Anim	8626 25.1
Other: NOUN_Anim 149 46.4	NOUN_Inan 140 43.6	PROPN_Anim 21 6.5	PROPN_Inan 10 3.1	PRON_Inan 1 0.3
----------------------------------------
NOUN_Case	34313 100.0	1932 54.0
Nom	32207 93.9
Other: NOUN_Nom 1194 35.4	ADJ_Nom 464 13.8	NOUN_Loc 340 10.1	NOUN_Ins 263 7.8	PRON_Loc 241 7.1	NOUN_Gen 178 5.3	ADJ_Ins 155 4.6	PRON_Gen 114 3.4	PRON_Nom 74 2.2	DET_Nom 74 2.2	PROPN_Nom 42 1.2	NUM_Nom 42 1.2	PROPN_Loc 36 1.1	NOUN_Acc 30 0.9	PRON_Ins 23 0.7	NOUN_Dat 16 0.5	DET_Ins 12 0.4	PROPN_Gen 12 0.4	ADJ_Loc 10 0.3	PRON_Acc 9 0.3	PRON_Dat 8 0.2	ADJ_Gen 7 0.2	ADJ_Acc 5 0.1	VERB_Gen 4 0.1	DET_Gen 3 0.1	VERB_Ins 3 0.1	PROPN_Dat 2 0.1	DET_Loc 2 0.1	PROPN_Ins 2 0.1	DET_Acc 1 0.0	NOUN_Par 1 0.0	VERB_Nom 1 0.0	NUM_Loc 1 0.0	PROPN_Acc 1 0.0	ADJ_Dat 1 0.0
Gen	2065 6.0
Other: NOUN_Loc 49 24.6	NOUN_Nom 37 18.6	NOUN_Gen 23 11.6	PROPN_Loc 15 7.5	PRON_Gen 10 5.0	NUM_Nom 10 5.0	PRON_Loc 7 3.5	NOUN_Acc 7 3.5	PRON_Ins 5 2.5	NOUN_Ins 5 2.5	PROPN_Gen 4 2.0	NOUN_Dat 4 2.0	ADJ_Ins 4 2.0	PRON_Nom 3 1.5	ADJ_Nom 3 1.5	ADJ_Loc 3 1.5	NUM_Acc 2 1.0	VERB_Gen 2 1.0	DET_Nom 1 0.5	DET_Acc 1 0.5	NOUN_Voc 1 0.5	DET_Loc 1 0.5	DET_Gen 1 0.5	ADJ_Acc 1 0.5
Par	14 0.0
Other: PRON_Nom 2 100.0
Dat	10 0.0
Other: NOUN_Loc 1 100.0
Acc	9 0.0
Other: NOUN_Acc 1 50.0	NOUN_Nom 1 50.0
Ins	5 0.0
Other: NOUN_Nom 2 100.0
Loc	3 0.0
Other: DET_Nom 1 100.0
----------------------------------------
NOUN_Number	34313 100.0	30757 93.6
Sing	22974 67.0
Other: VERB_Sing 16790 76.4	ADJ_Sing 2306 10.5	NOUN_Sing 1407 6.4	VERB_Plur 714 3.2	PRON_Sing 250 1.1	NOUN_Plur 203 0.9	ADJ_Plur 89 0.4	PROPN_Sing 87 0.4	DET_Sing 72 0.3	PRON_Plur 55 0.3	DET_Plur 4 0.0	PROPN_Plur 3 0.0	AUX_Sing 1 0.0
Plur	11339 33.0
Other: VERB_Plur 8636 79.4	ADJ_Plur 958 8.8	VERB_Sing 626 5.8	NOUN_Sing 343 3.2	NOUN_Plur 200 1.8	PRON_Plur 28 0.3	ADJ_Sing 25 0.2	PROPN_Sing 21 0.2	PRON_Sing 20 0.2	DET_Plur 19 0.2	PROPN_Plur 3 0.0	DET_Sing 2 0.0
----------------------------------------
NOUN_Gender	34270 99.9	11143 84.8
Masc	16851 49.2
Other: VERB_Masc 3783 62.9	ADJ_Masc 902 15.0	NOUN_Masc 467 7.8	NOUN_Fem 283 4.7	VERB_Neut 212 3.5	NOUN_Neut 155 2.6	VERB_Fem 46 0.8	PRON_Neut 29 0.5	PROPN_Masc 29 0.5	ADJ_Neut 24 0.4	DET_Masc 23 0.4	PROPN_Fem 22 0.4	PRON_Masc 10 0.2	ADJ_Fem 10 0.2	NUM_Masc 9 0.1	PRON_Fem 7 0.1	NUM_Neut 1 0.0	NUM_Fem 1 0.0	DET_Fem 1 0.0	DET_Neut 1 0.0
Fem	11253 32.8
Other: VERB_Fem 2653 56.0	ADJ_Fem 883 18.6	NOUN_Masc 323 6.8	NOUN_Fem 297 6.3	NOUN_Neut 178 3.8	VERB_Neut 165 3.5	PRON_Neut 74 1.6	DET_Fem 42 0.9	ADJ_Neut 28 0.6	PROPN_Masc 22 0.5	PROPN_Fem 19 0.4	NUM_Fem 15 0.3	PRON_Masc 9 0.2	PRON_Fem 7 0.1	ADJ_Masc 7 0.1	VERB_Masc 5 0.1	NUM_Masc 4 0.1	NUM_Neut 3 0.1	DET_Masc 2 0.0	PROPN_Neut 1 0.0
Neut	6166 18.0
Other: VERB_Neut 1307 54.8	ADJ_Neut 475 19.9	NOUN_Fem 175 7.3	NOUN_Masc 166 7.0	NOUN_Neut 108 4.5	PRON_Neut 104 4.4	PROPN_Masc 11 0.5	NUM_Masc 8 0.3	PRON_Masc 6 0.3	PROPN_Fem 6 0.3	NUM_Neut 5 0.2	DET_Neut 5 0.2	VERB_Fem 3 0.1	NUM_Fem 2 0.1	PRON_Fem 2 0.1	VERB_Masc 1 0.0	ADJ_Masc 1 0.0	ADJ_Fem 1 0.0
----------------------------------------
PRON_Case	16377 100.0	1601 74.5
Nom	16048 98.0
Other: NOUN_Nom 1308 61.9	NOUN_Loc 131 6.2	NOUN_Ins 127 6.0	ADJ_Nom 113 5.4	PRON_Nom 98 4.6	NOUN_Gen 82 3.9	ADJ_Ins 49 2.3	PROPN_Nom 38 1.8	NOUN_Acc 27 1.3	PROPN_Loc 23 1.1	PRON_Gen 18 0.9	DET_Nom 17 0.8	NUM_Nom 14 0.7	PRON_Loc 13 0.6	NOUN_Dat 12 0.6	PRON_Ins 11 0.5	DET_Ins 7 0.3	PROPN_Gen 4 0.2	PRON_Acc 3 0.1	ADJ_Gen 2 0.1	PROPN_Ins 2 0.1	PRON_Dat 2 0.1	ADJ_Loc 1 0.0	VERB_Nom 1 0.0	NOUN_Par 1 0.0	ADJ_Dat 1 0.0	ADJ_Acc 1 0.0	PROPN_Acc 1 0.0	PROPN_Dat 1 0.0	DET_Loc 1 0.0	DET_Dat 1 0.0	VERB_Ins 1 0.0	VERB_Gen 1 0.0
Gen	313 1.9
Other: NOUN_Gen 12 41.4	NUM_Nom 6 20.7	NOUN_Nom 5 17.2	NOUN_Loc 3 10.3	NOUN_Acc 2 6.9	PROPN_Nom 1 3.4
Ins	6 0.0
Other: NOUN_Nom 2 100.0
Acc	5 0.0
Other: NOUN_Nom 3 75.0	NOUN_Gen 1 25.0
Loc	3 0.0
Other: NOUN_Nom 2 100.0
Dat	2 0.0
Other: 
----------------------------------------
PRON_Number	12805 78.2	11869 96.7
Sing	8902 69.5
Other: VERB_Sing 6109 71.8	NOUN_Sing 1234 14.5	ADJ_Sing 779 9.2	NOUN_Plur 247 2.9	PROPN_Sing 56 0.7	PRON_Sing 40 0.5	VERB_Plur 20 0.2	DET_Sing 19 0.2	PRON_Plur 5 0.1	ADJ_Plur 3 0.0
Plur	3903 30.5
Other: VERB_Plur 3263 86.9	ADJ_Plur 302 8.0	NOUN_Sing 71 1.9	NOUN_Plur 60 1.6	VERB_Sing 40 1.1	PROPN_Sing 7 0.2	DET_Plur 5 0.1	ADJ_Sing 4 0.1	PRON_Plur 2 0.1	PRON_Sing 2 0.1	DET_Sing 1 0.0
----------------------------------------
PRON_Person	9672 59.0	3663 99.5
3	5491 56.8
Other: VERB_3 1831 99.2	VERB_2 12 0.7	PRON_3 2 0.1
1	3500 36.2
Other: VERB_1 1440 99.7	VERB_2 2 0.1	PRON_3 2 0.1	PRON_1 1 0.1
2	681 7.0
Other: VERB_2 389 99.7	VERB_3 1 0.3
----------------------------------------
PRON_Gender	6866 41.9	3555 76.0
Neut	3144 45.8
Other: NOUN_Masc 528 24.3	NOUN_Fem 472 21.7	VERB_Neut 459 21.1	ADJ_Neut 384 17.7	NOUN_Neut 233 10.7	PRON_Neut 28 1.3	PROPN_Masc 27 1.2	PROPN_Fem 17 0.8	DET_Neut 6 0.3	NUM_Masc 5 0.2	PRON_Fem 3 0.1	ADJ_Masc 3 0.1	VERB_Masc 3 0.1	NUM_Fem 3 0.1	NUM_Neut 2 0.1	PROPN_Neut 1 0.0	PRON_Masc 1 0.0
Masc	2704 39.4
Other: VERB_Masc 1567 82.7	ADJ_Masc 198 10.4	NOUN_Masc 89 4.7	NOUN_Fem 16 0.8	NOUN_Neut 9 0.5	DET_Masc 6 0.3	PROPN_Fem 2 0.1	PROPN_Masc 2 0.1	VERB_Neut 2 0.1	NUM_Masc 2 0.1	NUM_Fem 1 0.1	PRON_Fem 1 0.1
Fem	1018 14.8
Other: VERB_Fem 449 73.8	ADJ_Fem 101 16.6	NOUN_Fem 25 4.1	NOUN_Masc 15 2.5	VERB_Neut 8 1.3	NOUN_Neut 6 1.0	DET_Fem 2 0.3	PROPN_Fem 1 0.2	PROPN_Masc 1 0.2
----------------------------------------
PROPN_Animacy	4307 95.4	215 82.7
Anim	3062 71.1
Other: NOUN_Anim 93 69.9	NOUN_Inan 29 21.8	PROPN_Inan 6 4.5	PROPN_Anim 5 3.8
Inan	1245 28.9
Other: NOUN_Inan 106 83.5	PROPN_Inan 11 8.7	NOUN_Anim 10 7.9
----------------------------------------
PROPN_Number	4307 95.4	4009 95.0
Sing	4209 97.7
Other: VERB_Sing 3508 85.0	NOUN_Sing 207 5.0	ADJ_Sing 183 4.4	VERB_Plur 166 4.0	NOUN_Plur 25 0.6	PROPN_Sing 22 0.5	ADJ_Plur 10 0.2	DET_Sing 2 0.0	PRON_Sing 1 0.0	DET_Plur 1 0.0	PRON_Plur 1 0.0
Plur	98 2.3
Other: VERB_Plur 79 84.0	ADJ_Plur 7 7.4	NOUN_Sing 6 6.4	VERB_Sing 2 2.1
----------------------------------------
PROPN_Case	4306 95.4	189 61.8
Nom	4281 99.4
Other: NOUN_Nom 153 51.2	NOUN_Ins 48 16.1	NOUN_Loc 21 7.0	ADJ_Nom 15 5.0	PROPN_Nom 12 4.0	ADJ_Ins 9 3.0	NOUN_Gen 9 3.0	PROPN_Loc 7 2.3	NUM_Nom 5 1.7	PRON_Nom 4 1.3	PROPN_Gen 2 0.7	PRON_Loc 2 0.7	ADJ_Loc 2 0.7	DET_Ins 2 0.7	NOUN_Dat 1 0.3	VERB_Ins 1 0.3	PROPN_Ins 1 0.3	VERB_Gen 1 0.3	NOUN_Acc 1 0.3	DET_Gen 1 0.3	PRON_Gen 1 0.3	NOUN_Par 1 0.3
Gen	24 0.6
Other: NOUN_Loc 2 28.6	NOUN_Nom 2 28.6	PRON_Loc 1 14.3	NUM_Loc 1 14.3	NUM_Nom 1 14.3
Ins	1 0.0
Other: 
----------------------------------------
PROPN_Gender	4285 94.9	2676 96.5
Masc	3220 75.1
Other: VERB_Masc 1856 85.3	ADJ_Masc 138 6.3	NOUN_Masc 118 5.4	NOUN_Fem 23 1.1	NOUN_Neut 16 0.7	PROPN_Masc 10 0.5	PROPN_Fem 5 0.2	VERB_Fem 3 0.1	NUM_Masc 2 0.1	NUM_Neut 1 0.0	VERB_Neut 1 0.0	ADJ_Neut 1 0.0	PRON_Fem 1 0.0
Fem	941 22.0
Other: VERB_Fem 437 77.8	ADJ_Fem 38 6.8	NOUN_Fem 38 6.8	NOUN_Masc 22 3.9	NOUN_Neut 14 2.5	PROPN_Fem 4 0.7	ADJ_Masc 2 0.4	NUM_Fem 2 0.4	DET_Fem 2 0.4	PROPN_Masc 1 0.2	PROPN_Neut 1 0.2	VERB_Neut 1 0.2
Neut	124 2.9
Other: VERB_Neut 27 77.1	ADJ_Neut 4 11.4	NOUN_Masc 2 5.7	PROPN_Fem 1 2.9	NOUN_Fem 1 2.9
----------------------------------------
PRON_Animacy	3133 19.1	1207 92.0
Inan	2949 94.1
Other: NOUN_Inan 1150 88.1	NOUN_Anim 82 6.3	PRON_Inan 28 2.1	PROPN_Inan 26 2.0	PROPN_Anim 18 1.4	PRON_Anim 1 0.1
Anim	184 5.9
Other: NOUN_Inan 3 42.9	NOUN_Anim 3 42.9	PROPN_Inan 1 14.3
----------------------------------------
ADJ_Degree	597 100.0	67 89.3
Pos	590 98.8
Other: ADJ_Pos 53 70.7	ADV_Pos 14 18.7	ADJ_Cmp 7 9.3	ADV_Cmp 1 1.3
Cmp	4 0.7
Other: 
Sup	3 0.5
Other: 
----------------------------------------
ADJ_Number	593 99.3	517 92.2
Sing	369 62.2
Other: VERB_Sing 213 61.4	NOUN_Sing 66 19.0	ADJ_Sing 35 10.1	NOUN_Plur 11 3.2	PRON_Sing 8 2.3	VERB_Plur 7 2.0	PROPN_Sing 5 1.4	DET_Sing 1 0.3	PROPN_Plur 1 0.3
Plur	224 37.8
Other: VERB_Plur 163 76.2	ADJ_Plur 15 7.0	NOUN_Sing 12 5.6	VERB_Sing 10 4.7	NOUN_Plur 9 4.2	ADJ_Sing 3 1.4	PRON_Plur 2 0.9
----------------------------------------
ADJ_Case	569 95.3	81 66.9
Nom	537 94.4
Other: NOUN_Nom 65 56.0	NOUN_Gen 8 6.9	ADJ_Nom 7 6.0	NOUN_Loc 7 6.0	PRON_Gen 5 4.3	NOUN_Acc 3 2.6	PRON_Nom 3 2.6	PRON_Loc 3 2.6	PROPN_Nom 3 2.6	NOUN_Ins 3 2.6	ADJ_Gen 2 1.7	PROPN_Loc 2 1.7	PRON_Ins 1 0.9	DET_Nom 1 0.9	PROPN_Ins 1 0.9	NOUN_Dat 1 0.9	VERB_Nom 1 0.9
Gen	29 5.1
Other: NOUN_Nom 2 66.7	NOUN_Gen 1 33.3
Acc	1 0.2
Other: NOUN_Nom 1 100.0
Dat	1 0.2
Other: 
Loc	1 0.2
Other: NOUN_Nom 1 100.0
----------------------------------------
DET_Case	501 99.8	27 61.4
Nom	461 92.0
Other: NOUN_Nom 12 30.8	ADJ_Nom 10 25.6	NOUN_Loc 5 12.8	PRON_Nom 3 7.7	NOUN_Gen 3 7.7	PROPN_Loc 2 5.1	NOUN_Ins 1 2.6	VERB_Nom 1 2.6	ADJ_Acc 1 2.6	PROPN_Nom 1 2.6
Gen	40 8.0
Other: NOUN_Nom 2 40.0	NUM_Nom 1 20.0	PROPN_Loc 1 20.0	NOUN_Loc 1 20.0
----------------------------------------
DET_Number	501 99.8	458 96.2
Sing	273 54.5
Other: VERB_Sing 215 81.7	ADJ_Sing 30 11.4	NOUN_Sing 14 5.3	PROPN_Sing 2 0.8	VERB_Plur 1 0.4	NOUN_Plur 1 0.4
Plur	228 45.5
Other: VERB_Plur 180 84.5	ADJ_Plur 13 6.1	VERB_Sing 7 3.3	NOUN_Sing 6 2.8	NOUN_Plur 3 1.4	PROPN_Sing 2 0.9	ADJ_Sing 1 0.5	PRON_Plur 1 0.5
----------------------------------------
ADJ_Gender	369 61.8	189 79.4
Masc	175 47.4
Other: VERB_Masc 80 65.6	NOUN_Masc 17 13.9	ADJ_Masc 11 9.0	NOUN_Fem 5 4.1	PROPN_Masc 3 2.5	ADJ_Neut 2 1.6	VERB_Neut 2 1.6	NOUN_Neut 1 0.8	PRON_Neut 1 0.8
Neut	118 32.0
Other: VERB_Neut 16 23.2	NOUN_Fem 14 20.3	ADJ_Neut 14 20.3	NOUN_Neut 10 14.5	NOUN_Masc 6 8.7	PRON_Neut 6 8.7	ADJ_Masc 1 1.4	PROPN_Masc 1 1.4	PROPN_Fem 1 1.4
Fem	76 20.6
Other: VERB_Fem 13 27.7	NOUN_Fem 12 25.5	NOUN_Masc 9 19.1	ADJ_Fem 6 12.8	NOUN_Neut 3 6.4	ADJ_Masc 1 2.1	DET_Fem 1 2.1	PRON_Neut 1 2.1	PROPN_Masc 1 2.1
----------------------------------------
ADV_Degree	313 100.0	25 80.6
Pos	233 74.4
Other: ADJ_Pos 13 50.0	ADV_Pos 11 42.3	ADV_Cmp 2 7.7
Cmp	80 25.6
Other: ADV_Pos 3 60.0	ADJ_Pos 1 20.0	ADV_Cmp 1 20.0
----------------------------------------
DET_Gender	273 54.4	125 90.6
Masc	175 64.1
Other: VERB_Masc 64 69.6	ADJ_Masc 15 16.3	NOUN_Masc 6 6.5	VERB_Neut 2 2.2	NOUN_Fem 2 2.2	PROPN_Fem 1 1.1	NOUN_Neut 1 1.1	ADJ_Neut 1 1.1
Neut	52 19.0
Other: ADJ_Neut 9 40.9	VERB_Neut 9 40.9	NOUN_Neut 2 9.1	NOUN_Masc 1 4.5	PROPN_Fem 1 4.5
Fem	46 16.8
Other: VERB_Fem 15 62.5	ADJ_Fem 5 20.8	NOUN_Masc 2 8.3	VERB_Neut 1 4.2	NOUN_Neut 1 4.2
----------------------------------------
NUM_Case	237 51.4	26 70.3
Nom	232 97.9
Other: NOUN_Nom 22 59.5	NOUN_Acc 3 8.1	NOUN_Loc 3 8.1	ADJ_Nom 3 8.1	NOUN_Gen 2 5.4	PRON_Loc 2 5.4	PROPN_Gen 1 2.7	PROPN_Nom 1 2.7
Gen	5 2.1
Other: 
----------------------------------------
NUM_Gender	194 42.1	126 88.7
Masc	134 69.1
Other: VERB_Masc 87 82.9	NOUN_Masc 8 7.6	NOUN_Neut 4 3.8	NOUN_Fem 3 2.9	ADJ_Masc 1 1.0	PROPN_Masc 1 1.0	ADJ_Neut 1 1.0
Fem	35 18.0
Other: VERB_Fem 9 45.0	NOUN_Fem 3 15.0	NOUN_Masc 3 15.0	NOUN_Neut 3 15.0	PRON_Neut 2 10.0
Neut	25 12.9
Other: ADJ_Neut 10 58.8	NOUN_Neut 4 23.5	VERB_Neut 3 17.6
----------------------------------------
PROPN_Foreign	148 3.3	1 100.0
Yes	148 100.0
Other: PROPN_Yes 1 100.0
----------------------------------------
NOUN_Prep	126 0.4	0 0.0
около	42 33.3
по	22 17.5
свыше	11 8.7
в	8 6.3
до	8 6.3
за	6 4.8
во	5 4.0
от	5 4.0
с	4 3.2
из	3 2.4
прежде	3 2.4
на	2 1.6
вместо	2 1.6
об	1 0.8
без	1 0.8
порядка	1 0.8
ок.	1 0.8
у	1 0.8
----------------------------------------
VERB_Aspect	119 100.0	47 57.3
Perf	62 52.1
Other: VERB_Imp 27 58.7	VERB_Perf 19 41.3
Imp	57 47.9
Other: VERB_Imp 28 77.8	VERB_Perf 8 22.2
----------------------------------------
VERB_VerbForm	119 100.0	3 3.7
Part	93 78.2
Other: VERB_Fin 74 97.4	VERB_Inf 2 2.6
Inf	19 16.0
Other: VERB_Fin 3 75.0	VERB_Inf 1 25.0
Fin	7 5.9
Other: VERB_Fin 2 100.0
----------------------------------------
VERB_Voice	119 100.0	46 56.1
Act	79 66.4
Other: VERB_Act 44 88.0	VERB_Mid 6 12.0
Pass	30 25.2
Other: VERB_Act 15 68.2	VERB_Mid 7 31.8
Mid	10 8.4
Other: VERB_Act 8 80.0	VERB_Mid 2 20.0
----------------------------------------
VERB_Number	100 84.0	89 93.7
Sing	55 55.0
Other: VERB_Sing 38 70.4	ADJ_Sing 8 14.8	NOUN_Sing 7 13.0	NOUN_Plur 1 1.9
Plur	45 45.0
Other: VERB_Plur 33 80.5	VERB_Sing 5 12.2	ADJ_Plur 1 2.4	DET_Plur 1 2.4	NOUN_Plur 1 2.4
----------------------------------------
VERB_Tense	100 84.0	46 60.5
Past	59 59.0
Other: VERB_Past 29 60.4	VERB_Pres 13 27.1	VERB_Fut 6 12.5
Pres	37 37.0
Other: VERB_Pres 17 65.4	VERB_Past 9 34.6
Fut	4 4.0
Other: VERB_Pres 2 100.0
----------------------------------------
VERB_Case	90 75.6	4 66.7
Nom	80 88.9
Other: NOUN_Nom 3 60.0	DET_Nom 1 20.0	NOUN_Gen 1 20.0
Gen	9 10.0
Other: NOUN_Ins 1 100.0
Ins	1 1.1
Other: 
----------------------------------------
DET_Degree	50 10.0	9 100.0
Pos	50 100.0
Other: ADJ_Pos 8 88.9	ADV_Pos 1 11.1
----------------------------------------
VERB_Gender	50 42.0	25 83.3
Masc	31 62.0
Other: VERB_Masc 9 52.9	ADJ_Masc 4 23.5	ADJ_Neut 1 5.9	NOUN_Masc 1 5.9	NOUN_Neut 1 5.9	VERB_Neut 1 5.9
Neut	17 34.0
Other: VERB_Neut 6 54.5	ADJ_Neut 2 18.2	NOUN_Neut 1 9.1	NOUN_Fem 1 9.1	NOUN_Masc 1 9.1
Fem	2 4.0
Other: VERB_Fem 2 100.0
----------------------------------------
ADJ_Variant	24 4.0	5 100.0
Short	24 100.0
Other: ADJ_Short 5 100.0
----------------------------------------
PRON_Prep	22 0.1	0 0.0
у	5 22.7
в	5 22.7
с	4 18.2
к	2 9.1
прежде	2 9.1
вроде	1 4.5
впереди	1 4.5
перед	1 4.5
для	1 4.5
----------------------------------------
SYM_Prep	17 15.2	0 0.0
около	9 52.9
до	5 29.4
свыше	2 11.8
порядка	1 5.9
----------------------------------------
X_Foreign	15 93.8	0 0.0
Yes	15 100.0
Other: 
----------------------------------------
NUM_Prep	12 2.6	0 0.0
от	7 58.3
по	3 25.0
около	2 16.7
----------------------------------------
PROPN_Prep	9 0.2	0 0.0
в	4 44.4
у	2 22.2
до	1 11.1
во	1 11.1
с	1 11.1
----------------------------------------
VERB_Mood	7 5.9	2 100.0
Ind	7 100.0
Other: VERB_Ind 2 100.0
----------------------------------------
VERB_Person	6 5.0	1 50.0
3	4 66.7
Other: VERB_3 1 100.0
2	2 33.3
Other: VERB_3 1 100.0
----------------------------------------
VERB_Variant	3 2.5	0 0.0
Short	3 100.0
Other: 
----------------------------------------
ADJ_Prep	2 0.3	0 0.0
по	1 50.0
в	1 50.0
----------------------------------------
ADJ_Animacy	1 0.2	0 0.0
Inan	1 100.0
Other: 
----------------------------------------
DET_Prep	1 0.2	0 0.0
у	1 100.0
----------------------------------------
