SYM	31 60.8
NOUN 26 83.9	PROPN 5 16.1
----------------------------------------
NOUN	16 31.4
NOUN 16 100.0
----------------------------------------
PROPN	4 7.8
NOUN 4 100.0
----------------------------------------

NOUN_Animacy	16 100.0	13 81.2
Inan	16 100.0
Other: NOUN_Inan 13 81.2	NOUN_Anim 3 18.8
----------------------------------------
NOUN_Case	16 100.0	6 37.5
Nom	15 93.8
Other: NOUN_Nom 5 33.3	NOUN_Dat 3 20.0	NOUN_Gen 3 20.0	NOUN_Acc 2 13.3	NOUN_Ins 1 6.7	NOUN_Loc 1 6.7
Gen	1 6.2
Other: NOUN_Gen 1 100.0
----------------------------------------
NOUN_Gender	16 100.0	10 62.5
Masc	16 100.0
Other: NOUN_Masc 10 62.5	NOUN_Fem 5 31.2	NOUN_Neut 1 6.2
----------------------------------------
NOUN_Number	16 100.0	15 93.8
Sing	15 93.8
Other: NOUN_Sing 15 100.0
Plur	1 6.2
Other: NOUN_Sing 1 100.0
----------------------------------------
PROPN_Foreign	3 75.0	0 0.0
Yes	3 100.0
Other: 
----------------------------------------
