NUM	9097 99.7
NOUN 6562 72.1	VERB 775 8.5	SYM 735 8.1	NUM 695 7.6	PROPN 218 2.4	ADJ 76 0.8	ADV 29 0.3	PRON 5 0.1	DET 2 0.0
----------------------------------------
ADJ	18 0.2
NUM 17 94.4	NOUN 1 5.6
----------------------------------------
NOUN	4 0.0
NOUN 4 100.0
----------------------------------------
PRON	1 0.0
NOUN 1 100.0
----------------------------------------
ADV	1 0.0
NOUN 1 100.0
----------------------------------------

NUM_Case	1570 17.3	1204 91.7
Gen	887 56.5
Other: NOUN_Gen 736 86.7	NUM_Gen 28 3.3	NOUN_Nom 26 3.1	NOUN_Acc 12 1.4	NOUN_Loc 9 1.1	NOUN_Ins 9 1.1	ADJ_Gen 8 0.9	NOUN_Dat 7 0.8	PROPN_Gen 4 0.5	NUM_Nom 3 0.4	DET_Gen 2 0.2	VERB_Gen 2 0.2	ADJ_Nom 1 0.1	VERB_Nom 1 0.1	PROPN_Nom 1 0.1
Ins	296 18.9
Other: NOUN_Ins 160 93.0	NUM_Ins 3 1.7	VERB_Acc 2 1.2	VERB_Nom 2 1.2	PROPN_Ins 2 1.2	VERB_Ins 1 0.6	NOUN_Gen 1 0.6	NOUN_Nom 1 0.6
Loc	268 17.1
Other: NOUN_Loc 174 87.4	NOUN_Gen 6 3.0	ADJ_Loc 4 2.0	NOUN_Acc 4 2.0	VERB_Nom 2 1.0	VERB_Gen 2 1.0	NUM_Loc 2 1.0	NOUN_Nom 1 0.5	PRON_Nom 1 0.5	PROPN_Loc 1 0.5	NOUN_Dat 1 0.5	NOUN_Ins 1 0.5
Dat	119 7.6
Other: NOUN_Dat 74 79.6	NOUN_Gen 7 7.5	PRON_Dat 3 3.2	NOUN_Acc 3 3.2	NUM_Nom 2 2.2	NOUN_Nom 2 2.2	VERB_Ins 1 1.1	VERB_Acc 1 1.1
----------------------------------------
NUM_Gender	684 7.5	440 79.9
Masc	322 47.1
Other: NOUN_Masc 163 63.4	VERB_Masc 35 13.6	NOUN_Neut 19 7.4	NOUN_Fem 11 4.3	VERB_Neut 9 3.5	VERB_Fem 8 3.1	PROPN_Masc 3 1.2	ADJ_Masc 3 1.2	DET_Masc 2 0.8	NUM_Masc 2 0.8	PRON_Neut 1 0.4	ADJ_Neut 1 0.4
Fem	281 41.1
Other: NOUN_Fem 166 72.5	NOUN_Masc 20 8.7	VERB_Masc 19 8.3	VERB_Fem 10 4.4	NOUN_Neut 7 3.1	VERB_Neut 3 1.3	ADJ_Fem 2 0.9	PROPN_Neut 1 0.4	ADJ_Neut 1 0.4
Neut	81 11.8
Other: NOUN_Neut 49 75.4	VERB_Masc 8 12.3	VERB_Neut 5 7.7	VERB_Fem 1 1.5	NOUN_Masc 1 1.5	NOUN_Fem 1 1.5
----------------------------------------
NUM_Prep	579 6.4	4 3.6
с	119 20.6
в	116 20.0
от	82 14.2
на	56 9.7
по	49 8.5
до	49 8.5
из	20 3.5
к	19 3.3
после	19 3.3
около	12 2.1
вместо	7 1.2
за	5 0.9
у	5 0.9
об	4 0.7
между	3 0.5
согласно	2 0.3
со	2 0.3
против	1 0.2
при	1 0.2
перед	1 0.2
кроме	1 0.2
ко	1 0.2
над	1 0.2
минус	1 0.2
без	1 0.2
под	1 0.2
х	1 0.2
----------------------------------------
ADJ_Degree	18 100.0	0 0.0
Pos	18 100.0
Other: 
----------------------------------------
ADJ_Case	17 94.4	1 50.0
Loc	6 35.3
Other: NOUN_Loc 1 100.0
Acc	5 29.4
Other: 
Gen	5 29.4
Other: 
Ins	1 5.9
Other: NUM_Gen 1 100.0
----------------------------------------
ADJ_Number	17 94.4	1 100.0
Plur	11 64.7
Other: NOUN_Plur 1 100.0
Sing	6 35.3
Other: 
----------------------------------------
ADJ_Gender	6 33.3	0 0.0
Masc	6 100.0
Other: 
----------------------------------------
ADJ_Animacy	5 27.8	0 0.0
Inan	5 100.0
Other: 
----------------------------------------
PRON_Case	1 100.0	1 100.0
Gen	1 100.0
Other: NOUN_Gen 1 100.0
----------------------------------------
PRON_Number	1 100.0	1 100.0
Plur	1 100.0
Other: NOUN_Plur 1 100.0
----------------------------------------
PRON_Person	1 100.0	0 0.0
3	1 100.0
Other: 
----------------------------------------
PRON_Prep	1 100.0	0 0.0
в	1 100.0
----------------------------------------
NOUN_Animacy	1 25.0	1 100.0
Inan	1 100.0
Other: NOUN_Inan 1 100.0
----------------------------------------
NOUN_Case	1 25.0	0 0.0
Acc	1 100.0
Other: NOUN_Gen 1 100.0
----------------------------------------
NOUN_Gender	1 25.0	1 100.0
Fem	1 100.0
Other: NOUN_Fem 1 100.0
----------------------------------------
NOUN_Number	1 25.0	1 100.0
Plur	1 100.0
Other: NOUN_Plur 1 100.0
----------------------------------------
ADV_Degree	1 100.0	0 0.0
Pos	1 100.0
Other: 
----------------------------------------
