NUM	2978 82.4
NOUN 2641 88.7	VERB 126 4.2	NUM 95 3.2	PRON 50 1.7	ADJ 49 1.6	PROPN 10 0.3	DET 2 0.1	SYM 2 0.1	ADV 2 0.1	ADP 1 0.0
----------------------------------------
ADV	452 12.5
NOUN 322 71.2	PRON 107 23.7	SYM 20 4.4	PROPN 3 0.7
----------------------------------------
NOUN	184 5.1
NOUN 139 75.5	VERB 22 12.0	SYM 12 6.5	ADJ 8 4.3	ADV 2 1.1	PRON 1 0.5
----------------------------------------

NUM_Case	2835 95.2	637 23.5
Acc	1661 58.6
Other: NOUN_Gen 1267 80.8	NOUN_Acc 213 13.6	NUM_Acc 65 4.1	NOUN_Nom 5 0.3	ADJ_Gen 4 0.3	PRON_Gen 3 0.2	ADJ_Acc 3 0.2	VERB_Gen 2 0.1	PROPN_Acc 2 0.1	NUM_Dat 1 0.1	NUM_Nom 1 0.1	NOUN_Dat 1 0.1	DET_Acc 1 0.1	PROPN_Gen 1 0.1
Nom	1174 41.4
Other: NOUN_Gen 740 64.8	NOUN_Nom 302 26.4	NUM_Nom 27 2.4	ADJ_Gen 19 1.7	PRON_Nom 12 1.1	ADJ_Nom 9 0.8	ADJ_Ins 6 0.5	ADJ_Loc 5 0.4	VERB_Gen 5 0.4	NOUN_Acc 4 0.4	PROPN_Gen 3 0.3	PROPN_Nom 3 0.3	ADJ_Acc 2 0.2	NOUN_Loc 1 0.1	DET_Gen 1 0.1	PROPN_Dat 1 0.1	NOUN_Ins 1 0.1	NOUN_Dat 1 0.1
----------------------------------------
NUM_Gender	1332 44.7	1227 97.5
Masc	782 58.7
Other: NOUN_Masc 695 93.4	NUM_Masc 11 1.5	ADJ_Masc 10 1.3	VERB_Masc 9 1.2	PROPN_Masc 6 0.8	NOUN_Neut 4 0.5	NOUN_Fem 3 0.4	PRON_Neut 2 0.3	VERB_Neut 2 0.3	DET_Masc 1 0.1	PROPN_Fem 1 0.1
Fem	404 30.3
Other: NOUN_Fem 353 93.4	VERB_Masc 9 2.4	VERB_Fem 4 1.1	NUM_Fem 3 0.8	PRON_Neut 2 0.5	ADJ_Fem 2 0.5	VERB_Neut 2 0.5	NOUN_Masc 1 0.3	PROPN_Fem 1 0.3	PROPN_Masc 1 0.3
Neut	146 11.0
Other: NOUN_Neut 127 92.7	PRON_Neut 2 1.5	ADJ_Neut 2 1.5	VERB_Fem 2 1.5	NUM_Fem 1 0.7	VERB_Masc 1 0.7	VERB_Neut 1 0.7	NOUN_Fem 1 0.7
----------------------------------------
NUM_Animacy	1152 38.7	1080 99.3
Inan	1081 93.8
Other: NOUN_Inan 994 95.8	NUM_Inan 35 3.4	NOUN_Anim 6 0.6	PROPN_Inan 2 0.2	ADJ_Inan 1 0.1
Anim	71 6.2
Other: NOUN_Anim 46 92.0	NOUN_Inan 2 4.0	ADJ_Anim 1 2.0	PROPN_Anim 1 2.0
----------------------------------------
ADV_Degree	452 100.0	0 0.0
Cmp	307 67.9
Other: 
Pos	145 32.1
Other: 
----------------------------------------
NOUN_Animacy	184 100.0	121 87.1
Inan	184 100.0
Other: NOUN_Inan 121 87.1	NOUN_Anim 18 12.9
----------------------------------------
NOUN_Case	184 100.0	121 81.8
Gen	154 83.7
Other: NOUN_Gen 121 96.8	NOUN_Loc 2 1.6	PRON_Loc 1 0.8	NOUN_Nom 1 0.8
Nom	16 8.7
Other: NOUN_Gen 6 42.9	ADJ_Gen 4 28.6	ADJ_Loc 4 28.6
Acc	12 6.5
Other: NOUN_Gen 8 100.0
Dat	2 1.1
Other: NOUN_Gen 1 100.0
----------------------------------------
NOUN_Gender	184 100.0	98 62.8
Masc	135 73.4
Other: NOUN_Masc 93 82.3	NOUN_Fem 11 9.7	VERB_Neut 3 2.7	VERB_Masc 3 2.7	NOUN_Neut 2 1.8	VERB_Fem 1 0.9
Fem	49 26.6
Other: NOUN_Masc 29 67.4	ADJ_Masc 8 18.6	NOUN_Neut 2 4.7	NOUN_Fem 2 4.7	PRON_Masc 1 2.3	VERB_Neut 1 2.3
----------------------------------------
NOUN_Number	184 100.0	23 13.8
Sing	183 99.5
Other: NOUN_Plur 134 80.7	VERB_Sing 9 5.4	VERB_Plur 9 5.4	ADJ_Sing 8 4.8	NOUN_Sing 5 3.0	PRON_Sing 1 0.6
Plur	1 0.5
Other: VERB_Sing 1 100.0
----------------------------------------
NUM_Prep	42 1.4	0 0.0
на	14 33.3
в	13 31.0
за	8 19.0
по	4 9.5
через	2 4.8
во	1 2.4
----------------------------------------
ADV_Prep	10 2.2	0 0.0
за	2 20.0
во	2 20.0
через	2 20.0
по	1 10.0
до	1 10.0
спустя	1 10.0
из	1 10.0
----------------------------------------
NOUN_Prep	8 4.3	0 0.0
до	4 50.0
от	2 25.0
за	1 12.5
в	1 12.5
----------------------------------------
