NOUN	21207 79.4
VERB 21140 99.7	ADV 45 0.2	NOUN 15 0.1	ADJ 4 0.0	PROPN 3 0.0
----------------------------------------
PRON	4515 16.9
VERB 4497 99.6	ADV 11 0.2	PRON 3 0.1	ADJ 2 0.0	NOUN 1 0.0	PROPN 1 0.0
----------------------------------------
PROPN	694 2.6
VERB 685 98.7	ADV 7 1.0	NOUN 1 0.1	PROPN 1 0.1
----------------------------------------
ADJ	241 0.9
VERB 234 97.1	ADV 7 2.9
----------------------------------------
NUM	13 0.0
VERB 13 100.0
----------------------------------------
PART	12 0.0
VERB 12 100.0
----------------------------------------
ADV	9 0.0
VERB 9 100.0
----------------------------------------
DET	6 0.0
VERB 6 100.0
----------------------------------------
SYM	6 0.0
VERB 5 83.3	ADJ 1 16.7
----------------------------------------
X	5 0.0
VERB 5 100.0
----------------------------------------
INTJ	2 0.0
VERB 2 100.0
----------------------------------------

NOUN_Animacy	21207 100.0	99 75.0
Inan	19605 92.4
Other: VERB_Inan 85 66.9	VERB_Anim 27 21.3	NOUN_Inan 13 10.2	NOUN_Anim 2 1.6
Anim	1602 7.6
Other: VERB_Inan 4 80.0	VERB_Anim 1 20.0
----------------------------------------
NOUN_Case	21207 100.0	163 14.2
Acc	21171 99.8
Other: VERB_Nom 437 38.1	VERB_Gen 344 30.0	VERB_Acc 161 14.0	VERB_Ins 84 7.3	VERB_Loc 57 5.0	VERB_Dat 46 4.0	NOUN_Gen 15 1.3	ADJ_Gen 3 0.3
Nom	36 0.2
Other: VERB_Nom 2 66.7	VERB_Ins 1 33.3
----------------------------------------
NOUN_Number	21207 100.0	7361 58.2
Sing	14604 68.9
Other: VERB_Sing 5507 61.1	VERB_Plur 3486 38.7	NOUN_Plur 14 0.2	ADJ_Plur 3 0.0
Plur	6603 31.1
Other: VERB_Plur 1854 50.9	VERB_Sing 1787 49.1	NOUN_Sing 1 0.0	ADJ_Sing 1 0.0
----------------------------------------
NOUN_Gender	21159 99.8	1563 36.3
Fem	8273 39.1
Other: VERB_Masc 1100 65.2	VERB_Fem 422 25.0	VERB_Neut 157 9.3	NOUN_Masc 7 0.4	NOUN_Neut 1 0.1
Masc	8052 38.1
Other: VERB_Masc 1004 63.4	VERB_Fem 432 27.3	VERB_Neut 139 8.8	NOUN_Masc 6 0.4	NOUN_Fem 1 0.1	ADJ_Masc 1 0.1
Neut	4834 22.8
Other: VERB_Masc 637 61.8	VERB_Fem 263 25.5	VERB_Neut 130 12.6
----------------------------------------
PRON_Case	4514 100.0	5 5.8
Acc	4514 100.0
Other: VERB_Nom 33 38.4	VERB_Gen 30 34.9	VERB_Ins 9 10.5	VERB_Acc 5 5.8	VERB_Loc 4 4.7	PRON_Ins 3 3.5	NOUN_Nom 1 1.2	VERB_Dat 1 1.2
----------------------------------------
PRON_Number	2915 64.6	1039 55.2
Sing	2075 71.2
Other: VERB_Sing 747 55.4	VERB_Plur 600 44.5	NOUN_Sing 1 0.1
Plur	840 28.8
Other: VERB_Plur 291 54.5	VERB_Sing 243 45.5
----------------------------------------
PRON_Person	2233 49.5	358 60.9
3	1785 79.9
Other: VERB_3 358 82.7	VERB_1 45 10.4	VERB_2 30 6.9
1	354 15.9
Other: VERB_3 87 89.7	VERB_2 10 10.3
2	94 4.2
Other: VERB_3 37 63.8	VERB_1 21 36.2
----------------------------------------
PRON_Gender	1813 40.2	130 32.3
Masc	706 38.9
Other: VERB_Masc 101 57.7	VERB_Fem 48 27.4	VERB_Neut 26 14.9
Neut	690 38.1
Other: VERB_Masc 95 75.4	VERB_Fem 26 20.6	VERB_Neut 4 3.2	NOUN_Neut 1 0.8
Fem	417 23.0
Other: VERB_Masc 68 67.3	VERB_Fem 24 23.8	VERB_Neut 9 8.9
----------------------------------------
PRON_Animacy	682 15.1	1 100.0
Inan	645 94.6
Other: NOUN_Inan 1 100.0
Anim	37 5.4
Other: 
----------------------------------------
PROPN_Animacy	674 97.1	1 33.3
Inan	377 55.9
Other: NOUN_Inan 1 50.0	VERB_Anim 1 50.0
Anim	297 44.1
Other: VERB_Inan 1 100.0
----------------------------------------
PROPN_Case	674 97.1	6 16.2
Acc	674 100.0
Other: VERB_Nom 15 40.5	VERB_Gen 11 29.7	VERB_Acc 5 13.5	VERB_Loc 2 5.4	VERB_Ins 2 5.4	VERB_Dat 1 2.7	NOUN_Acc 1 2.7
----------------------------------------
PROPN_Number	674 97.1	280 62.5
Sing	641 95.1
Other: VERB_Sing 270 62.6	VERB_Plur 160 37.1	NOUN_Sing 1 0.2
Plur	33 4.9
Other: VERB_Plur 9 52.9	VERB_Sing 8 47.1
----------------------------------------
PROPN_Gender	669 96.4	99 50.5
Masc	430 64.3
Other: VERB_Masc 77 61.6	VERB_Fem 31 24.8	VERB_Neut 16 12.8	NOUN_Fem 1 0.8
Fem	211 31.5
Other: VERB_Masc 42 64.6	VERB_Fem 19 29.2	VERB_Neut 4 6.2
Neut	28 4.2
Other: VERB_Neut 3 50.0	VERB_Fem 2 33.3	VERB_Masc 1 16.7
----------------------------------------
ADJ_Case	241 100.0	0 0.0
Acc	238 98.8
Other: VERB_Nom 4 80.0	VERB_Ins 1 20.0
Nom	3 1.2
Other: 
----------------------------------------
ADJ_Degree	241 100.0	7 100.0
Pos	241 100.0
Other: ADV_Pos 7 100.0
----------------------------------------
ADJ_Number	241 100.0	89 67.9
Sing	146 60.6
Other: VERB_Sing 65 73.0	VERB_Plur 24 27.0
Plur	95 39.4
Other: VERB_Plur 24 57.1	VERB_Sing 18 42.9
----------------------------------------
ADJ_Gender	146 60.6	10 27.0
Neut	75 51.4
Other: VERB_Masc 14 82.4	VERB_Fem 2 11.8	VERB_Neut 1 5.9
Masc	40 27.4
Other: VERB_Masc 7 70.0	VERB_Fem 3 30.0
Fem	31 21.2
Other: VERB_Masc 8 80.0	VERB_Fem 2 20.0
----------------------------------------
ADJ_Animacy	136 56.4	0 0.0
Anim	72 52.9
Other: 
Inan	64 47.1
Other: 
----------------------------------------
NOUN_Prep	18 0.1	0 0.0
над	3 16.7
за	3 16.7
во	3 16.7
в	3 16.7
прежде	3 16.7
на	2 11.1
для	1 5.6
----------------------------------------
ADV_Degree	9 100.0	0 0.0
Pos	9 100.0
Other: 
----------------------------------------
PROPN_Foreign	7 1.0	1 100.0
Yes	7 100.0
Other: PROPN_Yes 1 100.0
----------------------------------------
DET_Case	6 100.0	0 0.0
Acc	6 100.0
Other: 
----------------------------------------
DET_Degree	6 100.0	0 0.0
Pos	6 100.0
Other: 
----------------------------------------
DET_Number	6 100.0	4 80.0
Sing	4 66.7
Other: VERB_Sing 2 66.7	VERB_Plur 1 33.3
Plur	2 33.3
Other: VERB_Plur 2 100.0
----------------------------------------
X_Foreign	5 100.0	0 0.0
Yes	5 100.0
Other: 
----------------------------------------
DET_Gender	4 66.7	0 0.0
Neut	4 100.0
Other: VERB_Masc 1 100.0
----------------------------------------
PROPN_Prep	2 0.3	1 100.0
в	1 50.0
за	1 50.0
----------------------------------------
DET_Animacy	2 33.3	0 0.0
Inan	1 50.0
Other: 
Anim	1 50.0
Other: 
----------------------------------------
PRON_Prep	1 0.0	0 0.0
прежде	1 100.0
----------------------------------------
