NOUN	50925 68.6
VERB 46607 91.5	ADJ 2493 4.9	ADV 1392 2.7	NUM 245 0.5	DET 140 0.3	ADP 21 0.0	PROPN 14 0.0	NOUN 5 0.0	PART 3 0.0	PRON 2 0.0	X 1 0.0	SYM 1 0.0	INTJ 1 0.0
----------------------------------------
PRON	8233 11.1
VERB 7062 85.8	ADJ 598 7.3	ADV 527 6.4	NUM 19 0.2	DET 16 0.2	NOUN 4 0.0	PART 3 0.0	ADP 2 0.0	PRON 1 0.0	PROPN 1 0.0
----------------------------------------
ADV	6560 8.8
ADJ 4153 63.3	NOUN 1747 26.6	PRON 271 4.1	DET 210 3.2	PROPN 113 1.7	SYM 32 0.5	VERB 17 0.3	NUM 15 0.2	ADV 1 0.0	PART 1 0.0
----------------------------------------
PROPN	3546 4.8
VERB 3189 89.9	ADJ 171 4.8	ADV 117 3.3	DET 31 0.9	NOUN 13 0.4	ADP 12 0.3	NUM 11 0.3	PROPN 1 0.0	X 1 0.0
----------------------------------------
ADJ	3343 4.5
VERB 2575 77.0	NOUN 457 13.7	ADJ 166 5.0	ADV 55 1.6	NUM 30 0.9	PRON 27 0.8	DET 15 0.4	PROPN 13 0.4	SYM 5 0.1
----------------------------------------
VERB	1165 1.6
NOUN 1161 99.7	ADV 2 0.2	VERB 2 0.2
----------------------------------------
SYM	344 0.5
VERB 303 88.1	ADV 21 6.1	ADJ 10 2.9	NUM 9 2.6	PROPN 1 0.3
----------------------------------------
DET	57 0.1
VERB 47 82.5	NOUN 4 7.0	ADJ 3 5.3	DET 2 3.5	PRON 1 1.8
----------------------------------------
NUM	23 0.0
VERB 12 52.2	ADJ 5 21.7	NOUN 3 13.0	ADV 2 8.7	DET 1 4.3
----------------------------------------
PART	17 0.0
VERB 11 64.7	NUM 3 17.6	PART 2 11.8	ADV 1 5.9
----------------------------------------
X	9 0.0
VERB 5 55.6	ADJ 4 44.4
----------------------------------------
ADP	2 0.0
VERB 2 100.0
----------------------------------------

NOUN_Animacy	50917 100.0	350 74.9
Inan	47462 93.2
Other: VERB_Inan 291 67.7	VERB_Anim 73 17.0	ADJ_Inan 49 11.4	ADJ_Anim 11 2.6	NOUN_Inan 3 0.7	PROPN_Inan 1 0.2	PRON_Inan 1 0.2	NOUN_Anim 1 0.2
Anim	3455 6.8
Other: VERB_Inan 20 54.1	ADJ_Inan 11 29.7	VERB_Anim 5 13.5	NOUN_Inan 1 2.7
----------------------------------------
NOUN_Case	50917 100.0	619 12.3
Loc	13672 26.9
Other: VERB_Nom 404 32.9	VERB_Gen 339 27.6	VERB_Acc 142 11.6	VERB_Ins 59 4.8	VERB_Loc 59 4.8	ADJ_Nom 57 4.6	VERB_Dat 44 3.6	ADJ_Ins 39 3.2	ADJ_Gen 33 2.7	ADJ_Acc 23 1.9	DET_Nom 7 0.6	ADJ_Loc 5 0.4	DET_Ins 5 0.4	ADJ_Dat 5 0.4	NUM_Nom 4 0.3	DET_Gen 3 0.2	DET_Dat 1 0.1
Gen	13102 25.7
Other: VERB_Nom 308 28.8	VERB_Gen 222 20.8	VERB_Acc 119 11.1	ADJ_Nom 88 8.2	ADJ_Ins 73 6.8	VERB_Ins 55 5.1	ADJ_Acc 50 4.7	ADJ_Gen 40 3.7	VERB_Dat 34 3.2	VERB_Loc 29 2.7	ADJ_Loc 21 2.0	ADJ_Dat 10 0.9	NUM_Gen 7 0.7	DET_Ins 5 0.5	DET_Nom 3 0.3	NUM_Nom 2 0.2	PRON_Ins 1 0.1	NOUN_Ins 1 0.1	NOUN_Nom 1 0.1
Ins	10433 20.5
Other: VERB_Nom 589 40.7	VERB_Gen 372 25.7	VERB_Acc 186 12.8	VERB_Ins 83 5.7	VERB_Loc 83 5.7	VERB_Dat 46 3.2	ADJ_Nom 31 2.1	ADJ_Gen 17 1.2	ADJ_Acc 13 0.9	ADJ_Ins 13 0.9	ADJ_Loc 7 0.5	ADJ_Dat 3 0.2	DET_Nom 2 0.1	DET_Gen 2 0.1	NOUN_Loc 1 0.1
Acc	9383 18.4
Other: VERB_Nom 241 31.3	VERB_Gen 219 28.5	VERB_Acc 97 12.6	VERB_Ins 63 8.2	ADJ_Nom 37 4.8	VERB_Loc 32 4.2	ADJ_Ins 21 2.7	VERB_Dat 17 2.2	ADJ_Gen 13 1.7	ADJ_Acc 12 1.6	ADJ_Loc 9 1.2	DET_Nom 2 0.3	ADJ_Dat 1 0.1	DET_Ins 1 0.1	DET_Gen 1 0.1	PRON_Nom 1 0.1	NOUN_Nom 1 0.1	NOUN_Dat 1 0.1
Dat	3668 7.2
Other: VERB_Nom 98 28.6	VERB_Gen 77 22.4	VERB_Acc 41 12.0	ADJ_Nom 28 8.2	VERB_Ins 22 6.4	ADJ_Ins 21 6.1	ADJ_Gen 18 5.2	ADJ_Acc 15 4.4	VERB_Loc 8 2.3	VERB_Dat 7 2.0	DET_Nom 4 1.2	ADJ_Loc 3 0.9	ADJ_Dat 1 0.3
Nom	613 1.2
Other: DET_Nom 37 20.3	ADJ_Nom 29 15.9	DET_Gen 26 14.3	DET_Ins 14 7.7	ADJ_Acc 14 7.7	DET_Loc 12 6.6	DET_Acc 11 6.0	ADJ_Ins 7 3.8	VERB_Nom 7 3.8	VERB_Gen 5 2.7	ADJ_Loc 4 2.2	DET_Dat 4 2.2	VERB_Acc 3 1.6	ADJ_Gen 2 1.1	VERB_Ins 2 1.1	VERB_Loc 2 1.1	VERB_Dat 1 0.5	PROPN_Dat 1 0.5	ADJ_Dat 1 0.5
Par	46 0.1
Other: VERB_Nom 1 50.0	ADJ_Nom 1 50.0
----------------------------------------
NOUN_Number	50917 100.0	23649 59.5
Sing	37254 73.2
Other: VERB_Sing 18104 61.1	VERB_Plur 9792 33.0	ADJ_Sing 1136 3.8	ADJ_Plur 495 1.7	DET_Plur 66 0.2	DET_Sing 46 0.2	NOUN_Sing 2 0.0	PROPN_Sing 1 0.0	PRON_Sing 1 0.0
Plur	13663 26.8
Other: VERB_Sing 5354 53.1	VERB_Plur 4175 41.4	ADJ_Sing 353 3.5	ADJ_Plur 168 1.7	DET_Plur 16 0.2	DET_Sing 12 0.1	NOUN_Sing 3 0.0
----------------------------------------
NOUN_Gender	50877 99.9	6176 38.3
Masc	22845 44.9
Other: VERB_Masc 3692 49.1	VERB_Fem 1896 25.2	VERB_Neut 1283 17.1	ADJ_Neut 217 2.9	ADJ_Masc 217 2.9	ADJ_Fem 182 2.4	DET_Masc 10 0.1	DET_Fem 8 0.1	DET_Neut 7 0.1	NUM_Masc 2 0.0	NUM_Neut 1 0.0	NOUN_Masc 1 0.0
Fem	17034 33.5
Other: VERB_Masc 2524 48.9	VERB_Fem 1278 24.7	VERB_Neut 871 16.9	ADJ_Neut 171 3.3	ADJ_Masc 162 3.1	ADJ_Fem 131 2.5	DET_Fem 12 0.2	DET_Masc 8 0.2	DET_Neut 3 0.1	NUM_Masc 3 0.1	NOUN_Masc 2 0.0	NOUN_Fem 1 0.0
Neut	10998 21.6
Other: VERB_Masc 1541 44.7	VERB_Fem 841 24.4	VERB_Neut 644 18.7	ADJ_Neut 184 5.3	ADJ_Masc 133 3.9	ADJ_Fem 92 2.7	DET_Fem 5 0.1	DET_Neut 3 0.1	DET_Masc 2 0.1	PROPN_Fem 1 0.0	PRON_Neut 1 0.0	NOUN_Fem 1 0.0
----------------------------------------
NOUN_Prep	38596 75.8	31 11.7
в	13949 36.1
на	6106 15.8
с	3045 7.9
к	1835 4.8
по	1811 4.7
за	1352 3.5
от	1172 3.0
для	1150 3.0
из	993 2.6
о	788 2.0
при	740 1.9
до	650 1.7
во	558 1.4
у	555 1.4
после	520 1.3
под	474 1.2
через	376 1.0
без	370 1.0
со	343 0.9
об	166 0.4
из-за	160 0.4
перед	153 0.4
над	130 0.3
около	105 0.3
среди	102 0.3
благодаря	81 0.2
между	70 0.2
против	70 0.2
про	65 0.2
кроме	54 0.1
вместо	51 0.1
спустя	50 0.1
вокруг	45 0.1
помимо	40 0.1
ради	40 0.1
согласно	39 0.1
сквозь	38 0.1
вдоль	29 0.1
путем	28 0.1
вне	28 0.1
из-под	27 0.1
возле	23 0.1
подобно	19 0.0
накануне	19 0.0
вопреки	17 0.0
ко	16 0.0
относительно	13 0.0
порядка	13 0.0
внутрь	11 0.0
мимо	10 0.0
посреди	10 0.0
вследствие	10 0.0
насчет	8 0.0
посредством	7 0.0
вблизи	7 0.0
изо	6 0.0
свыше	5 0.0
поперек	4 0.0
прежде	4 0.0
ниже	3 0.0
напротив	3 0.0
вроде	3 0.0
поверх	3 0.0
ввиду	3 0.0
безо	2 0.0
наподобие	2 0.0
взамен	2 0.0
выше	2 0.0
меж	2 0.0
путём	2 0.0
вперед	1 0.0
пред	1 0.0
средь	1 0.0
позади	1 0.0
наперекор	1 0.0
сообразно	1 0.0
впереди	1 0.0
ото	1 0.0
близ	1 0.0
----------------------------------------
PRON_Case	8233 100.0	58 11.7
Gen	3218 39.1
Other: ADJ_Nom 33 21.3	VERB_Gen 22 14.2	VERB_Nom 17 11.0	ADJ_Acc 15 9.7	VERB_Acc 13 8.4	ADJ_Ins 13 8.4	ADJ_Gen 10 6.5	VERB_Ins 7 4.5	DET_Nom 7 4.5	VERB_Loc 4 2.6	NUM_Nom 4 2.6	ADJ_Loc 3 1.9	ADJ_Dat 3 1.9	NOUN_Nom 2 1.3	VERB_Dat 2 1.3
Loc	1864 22.6
Other: VERB_Nom 16 28.1	VERB_Gen 12 21.1	VERB_Acc 10 17.5	ADJ_Ins 7 12.3	VERB_Ins 5 8.8	ADJ_Nom 3 5.3	VERB_Loc 2 3.5	ADJ_Acc 1 1.8	DET_Nom 1 1.8
Ins	1571 19.1
Other: VERB_Nom 63 34.6	VERB_Gen 47 25.8	VERB_Acc 32 17.6	VERB_Dat 9 4.9	VERB_Ins 8 4.4	VERB_Loc 7 3.8	ADJ_Gen 6 3.3	ADJ_Nom 5 2.7	ADJ_Acc 2 1.1	ADJ_Ins 1 0.5	NOUN_Dat 1 0.5	NUM_Nom 1 0.5
Acc	817 9.9
Other: VERB_Nom 16 35.6	VERB_Gen 11 24.4	VERB_Acc 8 17.8	ADJ_Nom 3 6.7	VERB_Ins 3 6.7	ADJ_Ins 1 2.2	VERB_Loc 1 2.2	ADJ_Acc 1 2.2	VERB_Dat 1 2.2
Dat	694 8.4
Other: VERB_Nom 9 20.0	ADJ_Nom 9 20.0	VERB_Gen 8 17.8	ADJ_Ins 4 8.9	VERB_Ins 3 6.7	VERB_Acc 3 6.7	VERB_Dat 2 4.4	ADJ_Gen 2 4.4	ADJ_Loc 1 2.2	ADJ_Dat 1 2.2	PRON_Nom 1 2.2	ADJ_Acc 1 2.2	VERB_Loc 1 2.2
Nom	69 0.8
Other: DET_Gen 3 23.1	DET_Dat 2 15.4	ADJ_Loc 2 15.4	NOUN_Ins 1 7.7	ADJ_Nom 1 7.7	DET_Nom 1 7.7	VERB_Nom 1 7.7	DET_Acc 1 7.7	DET_Ins 1 7.7
----------------------------------------
ADV_Degree	6560 100.0	3479 83.4
Pos	5932 90.4
Other: ADJ_Pos 3463 96.8	ADJ_Cmp 98 2.7	DET_Pos 15 0.4	ADJ_Sup 2 0.1	ADV_Pos 1 0.0
Cmp	628 9.6
Other: ADJ_Pos 589 99.8	ADJ_Sup 1 0.2
----------------------------------------
PRON_Prep	6269 76.1	2 9.5
в	894 14.3
у	844 13.5
на	584 9.3
с	573 9.1
к	438 7.0
для	399 6.4
о	376 6.0
при	364 5.8
за	260 4.1
об	215 3.4
от	213 3.4
после	153 2.4
из	140 2.2
по	105 1.7
между	102 1.6
до	75 1.2
перед	57 0.9
без	48 0.8
во	41 0.7
над	37 0.6
из-за	33 0.5
вместо	31 0.5
ко	29 0.5
через	28 0.4
под	26 0.4
благодаря	22 0.4
про	20 0.3
среди	18 0.3
со	17 0.3
согласно	17 0.3
ради	15 0.2
кроме	14 0.2
против	13 0.2
вокруг	13 0.2
вследствие	8 0.1
помимо	7 0.1
возле	6 0.1
вдоль	5 0.1
ввиду	4 0.1
мимо	4 0.1
около	3 0.0
подобно	3 0.0
сквозь	2 0.0
позади	2 0.0
обо	2 0.0
из-под	2 0.0
передо	1 0.0
впереди	1 0.0
прежде	1 0.0
внутрь	1 0.0
превыше	1 0.0
напротив	1 0.0
надо	1 0.0
----------------------------------------
PRON_Number	5757 69.9	2579 59.4
Sing	4395 76.3
Other: VERB_Sing 1945 60.0	VERB_Plur 958 29.5	ADJ_Sing 231 7.1	ADJ_Plur 95 2.9	DET_Plur 7 0.2	DET_Sing 3 0.1	NOUN_Sing 2 0.1	PRON_Sing 1 0.0
Plur	1362 23.7
Other: VERB_Sing 632 57.3	VERB_Plur 372 33.7	ADJ_Sing 71 6.4	ADJ_Plur 21 1.9	DET_Plur 4 0.4	DET_Sing 2 0.2	NOUN_Sing 1 0.1
----------------------------------------
PRON_Gender	4086 49.6	388 32.0
Neut	2865 70.1
Other: VERB_Masc 321 40.4	VERB_Fem 149 18.8	VERB_Neut 139 17.5	ADJ_Neut 88 11.1	ADJ_Masc 57 7.2	ADJ_Fem 35 4.4	NOUN_Fem 2 0.3	PRON_Neut 1 0.1	NUM_Masc 1 0.1	DET_Fem 1 0.1
Masc	766 18.7
Other: VERB_Masc 121 45.1	VERB_Fem 69 25.7	VERB_Neut 58 21.6	ADJ_Neut 9 3.4	ADJ_Fem 5 1.9	ADJ_Masc 5 1.9	DET_Fem 1 0.4
Fem	455 11.1
Other: VERB_Masc 73 49.0	VERB_Neut 32 21.5	VERB_Fem 28 18.8	ADJ_Neut 5 3.4	ADJ_Masc 5 3.4	ADJ_Fem 5 3.4	DET_Fem 1 0.7
----------------------------------------
PROPN_Animacy	3467 97.8	29 61.7
Inan	2914 84.0
Other: VERB_Inan 22 59.5	VERB_Anim 10 27.0	ADJ_Inan 5 13.5
Anim	553 16.0
Other: VERB_Inan 6 60.0	ADJ_Inan 1 10.0	ADJ_Anim 1 10.0	NUM_Inan 1 10.0	VERB_Anim 1 10.0
----------------------------------------
PROPN_Case	3467 97.8	59 11.2
Loc	1692 48.8
Other: VERB_Nom 68 35.6	VERB_Gen 60 31.4	VERB_Acc 20 10.5	VERB_Loc 16 8.4	VERB_Dat 9 4.7	VERB_Ins 7 3.7	ADJ_Nom 6 3.1	ADJ_Gen 2 1.0	DET_Ins 1 0.5	NUM_Nom 1 0.5	ADJ_Acc 1 0.5
Acc	607 17.5
Other: VERB_Nom 25 43.1	VERB_Gen 14 24.1	VERB_Acc 9 15.5	VERB_Ins 4 6.9	VERB_Dat 3 5.2	VERB_Loc 2 3.4	ADJ_Nom 1 1.7
Gen	511 14.7
Other: VERB_Nom 16 24.6	VERB_Acc 12 18.5	VERB_Gen 11 16.9	ADJ_Nom 6 9.2	VERB_Ins 4 6.2	ADJ_Ins 3 4.6	ADJ_Gen 3 4.6	VERB_Loc 3 4.6	ADJ_Acc 2 3.1	DET_Gen 2 3.1	NUM_Acc 1 1.5	ADJ_Dat 1 1.5	VERB_Dat 1 1.5
Ins	466 13.4
Other: VERB_Nom 63 39.1	VERB_Gen 44 27.3	VERB_Acc 22 13.7	VERB_Dat 8 5.0	VERB_Ins 7 4.3	VERB_Loc 6 3.7	ADJ_Gen 4 2.5	ADJ_Acc 3 1.9	ADJ_Loc 3 1.9	ADJ_Nom 1 0.6
Dat	116 3.3
Other: VERB_Nom 3 21.4	ADJ_Loc 3 21.4	VERB_Acc 2 14.3	VERB_Ins 2 14.3	VERB_Loc 1 7.1	ADJ_Nom 1 7.1	VERB_Gen 1 7.1	ADJ_Gen 1 7.1
Nom	75 2.2
Other: DET_Nom 10 27.0	DET_Gen 7 18.9	DET_Acc 6 16.2	ADJ_Acc 4 10.8	DET_Loc 3 8.1	DET_Ins 1 2.7	ADJ_Ins 1 2.7	VERB_Acc 1 2.7	VERB_Gen 1 2.7	ADJ_Gen 1 2.7	DET_Dat 1 2.7	ADJ_Nom 1 2.7
----------------------------------------
PROPN_Number	3467 97.8	1751 60.9
Sing	3333 96.1
Other: VERB_Sing 1600 58.0	VERB_Plur 999 36.2	ADJ_Sing 96 3.5	ADJ_Plur 33 1.2	DET_Plur 19 0.7	DET_Sing 12 0.4
Plur	134 3.9
Other: VERB_Sing 65 57.0	VERB_Plur 42 36.8	ADJ_Sing 6 5.3	ADJ_Plur 1 0.9
----------------------------------------
PROPN_Gender	3397 95.8	564 43.0
Masc	1665 49.0
Other: VERB_Masc 361 53.9	VERB_Fem 165 24.6	VERB_Neut 90 13.4	ADJ_Masc 18 2.7	ADJ_Neut 15 2.2	ADJ_Fem 11 1.6	DET_Fem 5 0.7	DET_Masc 4 0.6	DET_Neut 1 0.1
Fem	1593 46.9
Other: VERB_Masc 263 43.7	VERB_Fem 155 25.7	VERB_Neut 125 20.8	ADJ_Neut 22 3.7	ADJ_Fem 18 3.0	ADJ_Masc 17 2.8	DET_Fem 2 0.3
Neut	139 4.1
Other: VERB_Masc 22 56.4	VERB_Fem 11 28.2	VERB_Neut 6 15.4
----------------------------------------
ADJ_Degree	3343 100.0	170 75.6
Pos	3135 93.8
Other: ADJ_Pos 123 56.9	ADV_Pos 37 17.1	ADJ_Cmp 37 17.1	ADV_Cmp 15 6.9	DET_Pos 4 1.9
Cmp	201 6.0
Other: ADJ_Cmp 4 44.4	ADJ_Pos 2 22.2	ADV_Cmp 2 22.2	ADV_Pos 1 11.1
Sup	7 0.2
Other: 
----------------------------------------
PROPN_Prep	3155 89.0	10 41.7
в	1904 60.3
на	300 9.5
с	189 6.0
из	115 3.6
у	103 3.3
к	77 2.4
от	65 2.1
для	57 1.8
за	52 1.6
по	42 1.3
во	40 1.3
о	30 1.0
до	26 0.8
при	21 0.7
через	19 0.6
перед	13 0.4
под	11 0.3
про	11 0.3
после	10 0.3
со	8 0.3
над	7 0.2
кроме	7 0.2
об	6 0.2
вокруг	6 0.2
без	5 0.2
вместо	4 0.1
против	4 0.1
близ	3 0.1
помимо	3 0.1
подобно	3 0.1
между	3 0.1
накануне	2 0.1
ко	2 0.1
мимо	1 0.0
напротив	1 0.0
ради	1 0.0
взамен	1 0.0
насчет	1 0.0
сквозь	1 0.0
возле	1 0.0
----------------------------------------
ADJ_Number	3142 94.0	2109 80.7
Sing	2228 70.9
Other: VERB_Sing 1268 68.6	NOUN_Sing 219 11.8	VERB_Plur 194 10.5	ADJ_Sing 75 4.1	NOUN_Plur 54 2.9	ADJ_Plur 13 0.7	PROPN_Sing 10 0.5	DET_Plur 9 0.5	DET_Sing 4 0.2	PRON_Plur 2 0.1	PRON_Sing 1 0.1
Plur	914 29.1
Other: VERB_Plur 476 62.2	VERB_Sing 117 15.3	NOUN_Sing 98 12.8	NOUN_Plur 33 4.3	ADJ_Plur 20 2.6	ADJ_Sing 15 2.0	PROPN_Sing 2 0.3	PRON_Plur 2 0.3	DET_Plur 1 0.1	DET_Sing 1 0.1
----------------------------------------
PRON_Person	2899 35.2	462 50.0
3	1929 66.5
Other: VERB_3 456 88.7	VERB_1 32 6.2	VERB_2 26 5.1
1	767 26.5
Other: VERB_3 265 93.0	VERB_2 15 5.3	VERB_1 5 1.8
2	203 7.0
Other: VERB_3 114 91.2	VERB_1 10 8.0	VERB_2 1 0.8
----------------------------------------
PRON_Animacy	2858 34.7	7 70.0
Inan	2808 98.3
Other: VERB_Inan 3 33.3	NOUN_Inan 2 22.2	ADJ_Anim 2 22.2	PRON_Inan 1 11.1	ADJ_Inan 1 11.1
Anim	50 1.7
Other: VERB_Inan 1 100.0
----------------------------------------
ADJ_Case	2720 81.4	102 17.6
Ins	1275 46.9
Other: VERB_Nom 15 13.6	VERB_Gen 13 11.8	NOUN_Gen 12 10.9	NOUN_Nom 10 9.1	NOUN_Loc 10 9.1	VERB_Acc 8 7.3	NOUN_Acc 8 7.3	NUM_Acc 8 7.3	VERB_Loc 6 5.5	ADJ_Nom 3 2.7	NOUN_Dat 3 2.7	DET_Acc 3 2.7	VERB_Ins 2 1.8	ADJ_Ins 2 1.8	NOUN_Ins 2 1.8	ADJ_Gen 2 1.8	NUM_Nom 1 0.9	ADJ_Loc 1 0.9	VERB_Dat 1 0.9
Gen	484 17.8
Other: NOUN_Nom 56 23.0	NOUN_Gen 48 19.8	NOUN_Loc 36 14.8	NOUN_Acc 25 10.3	NOUN_Ins 17 7.0	PRON_Gen 10 4.1	NOUN_Dat 8 3.3	ADJ_Acc 6 2.5	ADJ_Nom 5 2.1	PRON_Nom 4 1.6	VERB_Nom 4 1.6	ADJ_Ins 4 1.6	PRON_Acc 3 1.2	VERB_Gen 3 1.2	VERB_Loc 2 0.8	ADJ_Gen 2 0.8	VERB_Ins 2 0.8	PROPN_Gen 2 0.8	PROPN_Nom 2 0.8	PROPN_Loc 1 0.4	DET_Ins 1 0.4	DET_Nom 1 0.4	ADJ_Loc 1 0.4
Nom	367 13.5
Other: ADJ_Nom 5 17.2	NOUN_Nom 4 13.8	DET_Gen 4 13.8	NOUN_Gen 4 13.8	NOUN_Ins 4 13.8	DET_Loc 2 6.9	VERB_Nom 2 6.9	VERB_Gen 1 3.4	DET_Nom 1 3.4	VERB_Loc 1 3.4	NOUN_Loc 1 3.4
Loc	331 12.2
Other: NOUN_Nom 29 25.0	NOUN_Gen 22 19.0	NOUN_Acc 12 10.3	NOUN_Loc 9 7.8	NOUN_Ins 7 6.0	VERB_Gen 6 5.2	ADJ_Nom 5 4.3	PROPN_Loc 4 3.4	ADJ_Acc 4 3.4	VERB_Acc 3 2.6	ADJ_Ins 3 2.6	PRON_Gen 2 1.7	NOUN_Dat 2 1.7	DET_Gen 1 0.9	ADJ_Gen 1 0.9	PROPN_Ins 1 0.9	ADJ_Loc 1 0.9	VERB_Ins 1 0.9	VERB_Nom 1 0.9	NUM_Acc 1 0.9	DET_Nom 1 0.9
Acc	159 5.8
Other: NOUN_Gen 11 22.9	NOUN_Nom 9 18.8	ADJ_Nom 4 8.3	NOUN_Dat 4 8.3	VERB_Nom 3 6.2	NOUN_Loc 3 6.2	NOUN_Ins 3 6.2	ADJ_Ins 2 4.2	VERB_Gen 2 4.2	NOUN_Acc 2 4.2	ADJ_Acc 1 2.1	VERB_Acc 1 2.1	PROPN_Acc 1 2.1	PROPN_Loc 1 2.1	VERB_Ins 1 2.1
Dat	104 3.8
Other: NOUN_Gen 9 28.1	NOUN_Nom 7 21.9	NOUN_Acc 3 9.4	ADJ_Loc 2 6.2	ADJ_Gen 2 6.2	NOUN_Loc 2 6.2	VERB_Loc 2 6.2	ADJ_Acc 2 6.2	VERB_Nom 1 3.1	VERB_Ins 1 3.1	ADJ_Nom 1 3.1
----------------------------------------
ADJ_Gender	2228 66.6	745 70.9
Masc	972 43.6
Other: VERB_Masc 283 55.5	NOUN_Masc 80 15.7	NOUN_Fem 38 7.5	NOUN_Neut 29 5.7	VERB_Neut 27 5.3	ADJ_Masc 24 4.7	VERB_Fem 16 3.1	PROPN_Masc 4 0.8	ADJ_Neut 3 0.6	NUM_Masc 2 0.4	ADJ_Fem 2 0.4	PRON_Neut 1 0.2	DET_Masc 1 0.2
Neut	707 31.7
Other: VERB_Neut 159 50.6	VERB_Masc 37 11.8	NOUN_Masc 31 9.9	NOUN_Neut 23 7.3	NOUN_Fem 20 6.4	VERB_Fem 15 4.8	ADJ_Neut 13 4.1	ADJ_Masc 8 2.5	PROPN_Fem 2 0.6	PROPN_Masc 2 0.6	ADJ_Fem 2 0.6	NUM_Fem 1 0.3	DET_Fem 1 0.3
Fem	549 24.6
Other: VERB_Fem 120 52.9	VERB_Masc 25 11.0	NOUN_Neut 19 8.4	NOUN_Masc 18 7.9	ADJ_Fem 18 7.9	NOUN_Fem 15 6.6	ADJ_Masc 4 1.8	VERB_Neut 3 1.3	DET_Fem 2 0.9	PROPN_Masc 1 0.4	ADJ_Neut 1 0.4	PROPN_Fem 1 0.4
----------------------------------------
VERB_Aspect	1165 100.0	1 50.0
Perf	706 60.6
Other: VERB_Perf 1 100.0
Imp	459 39.4
Other: VERB_Perf 1 100.0
----------------------------------------
VERB_VerbForm	1165 100.0	2 100.0
Inf	1142 98.0
Other: 
Part	20 1.7
Other: VERB_Part 1 100.0
Fin	3 0.3
Other: VERB_Fin 1 100.0
----------------------------------------
VERB_Voice	1165 100.0	1 50.0
Act	1006 86.4
Other: VERB_Act 1 50.0	VERB_Pass 1 50.0
Mid	148 12.7
Other: 
Pass	11 0.9
Other: 
----------------------------------------
ADJ_Prep	907 27.1	3 4.3
в	341 37.6
на	122 13.5
с	108 11.9
к	64 7.1
от	47 5.2
для	35 3.9
у	26 2.9
о	22 2.4
за	22 2.4
из	20 2.2
по	19 2.1
до	12 1.3
кроме	10 1.1
среди	9 1.0
со	8 0.9
во	6 0.7
против	4 0.4
между	4 0.4
помимо	4 0.4
перед	4 0.4
после	3 0.3
под	3 0.3
без	2 0.2
над	2 0.2
про	2 0.2
вместо	2 0.2
около	1 0.1
плюс	1 0.1
вроде	1 0.1
выше	1 0.1
ради	1 0.1
ко	1 0.1
----------------------------------------
ADJ_Variant	422 12.6	16 100.0
Short	422 100.0
Other: ADJ_Short 15 93.8	VERB_Short 1 6.2
----------------------------------------
SYM_Prep	197 57.3	0 0.0
на	94 47.7
до	45 22.8
с	13 6.6
около	10 5.1
за	5 2.5
в	5 2.5
от	4 2.0
под	4 2.0
для	4 2.0
по	3 1.5
к	3 1.5
у	3 1.5
порядка	2 1.0
свыше	1 0.5
вблизи	1 0.5
----------------------------------------
ADJ_Animacy	88 2.6	18 85.7
Inan	73 83.0
Other: NOUN_Inan 16 88.9	ADJ_Inan 1 5.6	VERB_Inan 1 5.6
Anim	15 17.0
Other: NOUN_Inan 3 100.0
----------------------------------------
DET_Case	57 100.0	2 25.0
Nom	32 56.1
Other: DET_Nom 2 40.0	ADJ_Gen 1 20.0	PRON_Gen 1 20.0	NOUN_Ins 1 20.0
Gen	9 15.8
Other: NOUN_Nom 1 50.0	NOUN_Loc 1 50.0
Acc	6 10.5
Other: 
Ins	4 7.0
Other: 
Loc	3 5.3
Other: 
Dat	3 5.3
Other: NOUN_Gen 1 100.0
----------------------------------------
DET_Degree	57 100.0	3 100.0
Pos	57 100.0
Other: ADJ_Pos 3 100.0
----------------------------------------
DET_Number	57 100.0	29 58.0
Sing	51 89.5
Other: VERB_Sing 24 52.2	VERB_Plur 14 30.4	ADJ_Plur 2 4.3	ADJ_Sing 1 2.2	DET_Sing 1 2.2	PRON_Plur 1 2.2	NOUN_Plur 1 2.2	NOUN_Sing 1 2.2	DET_Plur 1 2.2
Plur	6 10.5
Other: VERB_Plur 2 50.0	NOUN_Sing 2 50.0
----------------------------------------
DET_Gender	51 89.5	15 78.9
Masc	21 41.2
Other: VERB_Masc 6 66.7	DET_Masc 1 11.1	VERB_Fem 1 11.1	NOUN_Masc 1 11.1
Fem	19 37.3
Other: VERB_Fem 6 75.0	NOUN_Fem 1 12.5	VERB_Masc 1 12.5
Neut	11 21.6
Other: VERB_Masc 1 50.0	ADJ_Masc 1 50.0
----------------------------------------
VERB_Number	23 2.0	12 57.1
Sing	13 56.5
Other: NOUN_Sing 10 83.3	VERB_Sing 1 8.3	NOUN_Plur 1 8.3
Plur	10 43.5
Other: NOUN_Sing 7 77.8	VERB_Sing 1 11.1	NOUN_Plur 1 11.1
----------------------------------------
VERB_Tense	22 1.9	0 0.0
Past	14 63.6
Other: 
Pres	8 36.4
Other: VERB_Past 1 100.0
----------------------------------------
VERB_Case	20 1.7	3 15.8
Ins	7 35.0
Other: NOUN_Loc 2 33.3	NOUN_Dat 1 16.7	NOUN_Nom 1 16.7	NOUN_Acc 1 16.7	NOUN_Gen 1 16.7
Acc	4 20.0
Other: NOUN_Acc 2 50.0	NOUN_Gen 1 25.0	NOUN_Nom 1 25.0
Loc	4 20.0
Other: NOUN_Acc 2 50.0	NOUN_Nom 1 25.0	NOUN_Gen 1 25.0
Gen	3 15.0
Other: NOUN_Dat 1 33.3	NOUN_Gen 1 33.3	NOUN_Nom 1 33.3
Dat	2 10.0
Other: NOUN_Gen 2 100.0
----------------------------------------
VERB_Prep	20 1.7	0 0.0
с	5 25.0
в	3 15.0
от	2 10.0
о	2 10.0
за	2 10.0
на	2 10.0
со	1 5.0
к	1 5.0
обо	1 5.0
по	1 5.0
----------------------------------------
DET_Prep	19 33.3	0 0.0
на	6 31.6
за	4 21.1
к	2 10.5
об	2 10.5
вокруг	1 5.3
в	1 5.3
у	1 5.3
от	1 5.3
для	1 5.3
----------------------------------------
PROPN_Foreign	12 0.3	1 100.0
Yes	12 100.0
Other: X_Yes 1 100.0
----------------------------------------
VERB_Gender	11 0.9	1 9.1
Masc	7 63.6
Other: NOUN_Neut 6 85.7	NOUN_Masc 1 14.3
Neut	4 36.4
Other: NOUN_Fem 4 100.0
----------------------------------------
NUM_Prep	10 43.5	0 0.0
у	5 50.0
во	2 20.0
для	1 10.0
со	1 10.0
в	1 10.0
----------------------------------------
X_Foreign	8 88.9	0 0.0
Yes	8 100.0
Other: 
----------------------------------------
PART_Prep	7 41.2	0 0.0
на	5 71.4
в	1 14.3
перед	1 14.3
----------------------------------------
NUM_Case	4 17.4	2 100.0
Nom	2 50.0
Other: ADJ_Nom 1 50.0	DET_Nom 1 50.0
Acc	1 25.0
Other: 
Gen	1 25.0
Other: 
----------------------------------------
X_Prep	4 44.4	0 0.0
в	2 50.0
для	1 25.0
у	1 25.0
----------------------------------------
VERB_Mood	3 0.3	1 100.0
Ind	2 66.7
Other: 
Imp	1 33.3
Other: VERB_Imp 1 100.0
----------------------------------------
DET_Animacy	3 5.3	0 0.0
Anim	2 66.7
Other: 
Inan	1 33.3
Other: 
----------------------------------------
VERB_Person	2 0.2	1 100.0
3	1 50.0
Other: 
2	1 50.0
Other: VERB_2 1 100.0
----------------------------------------
NUM_Gender	2 8.7	1 100.0
Masc	2 100.0
Other: ADJ_Masc 1 100.0
----------------------------------------
VERB_Animacy	1 0.1	1 100.0
Inan	1 100.0
Other: NOUN_Inan 1 100.0
----------------------------------------
ADV_Prep	1 0.0	0 0.0
прежде	1 100.0
----------------------------------------
