PROPN	6 66.7
VERB 4 66.7	NOUN 1 16.7	ADJ 1 16.7
----------------------------------------
NOUN	3 33.3
VERB 2 66.7	NOUN 1 33.3
----------------------------------------

PROPN_Animacy	6 100.0	1 100.0
Anim	6 100.0
Other: NOUN_Anim 1 100.0
----------------------------------------
PROPN_Case	6 100.0	0 0.0
Voc	6 100.0
Other: NOUN_Nom 1 100.0
----------------------------------------
PROPN_Gender	6 100.0	2 66.7
Masc	6 100.0
Other: NOUN_Masc 1 33.3	ADJ_Neut 1 33.3	VERB_Masc 1 33.3
----------------------------------------
PROPN_Number	6 100.0	6 100.0
Sing	6 100.0
Other: VERB_Sing 4 66.7	NOUN_Sing 1 16.7	ADJ_Sing 1 16.7
----------------------------------------
NOUN_Animacy	3 100.0	0 0.0
Anim	3 100.0
Other: NOUN_Inan 1 100.0
----------------------------------------
NOUN_Case	3 100.0	0 0.0
Voc	3 100.0
Other: NOUN_Loc 1 100.0
----------------------------------------
NOUN_Gender	3 100.0	0 0.0
Masc	3 100.0
Other: NOUN_Neut 1 100.0
----------------------------------------
NOUN_Number	3 100.0	2 66.7
Sing	3 100.0
Other: NOUN_Sing 1 33.3	VERB_Plur 1 33.3	VERB_Sing 1 33.3
----------------------------------------
